INFO - 2023-07-05 01:42:45 --> Session: Class initialized using 'CodeIgniter\Session\Handlers\FileHandler' driver.
INFO - 2023-07-05 01:42:50 --> Session: Class initialized using 'CodeIgniter\Session\Handlers\FileHandler' driver.
INFO - 2023-07-05 01:44:36 --> Session: Class initialized using 'CodeIgniter\Session\Handlers\FileHandler' driver.
INFO - 2023-07-05 01:44:40 --> Session: Class initialized using 'CodeIgniter\Session\Handlers\FileHandler' driver.
INFO - 2023-07-05 01:44:52 --> Session: Class initialized using 'CodeIgniter\Session\Handlers\FileHandler' driver.
INFO - 2023-07-05 01:44:53 --> Session: Class initialized using 'CodeIgniter\Session\Handlers\FileHandler' driver.
CRITICAL - 2023-07-05 01:44:53 --> Undefined variable $profil
in APPPATH\Views\Layout\navbar.php on line 23.
 1 APPPATH\Views\Layout\navbar.php(23): CodeIgniter\Debug\Exceptions->errorHandler(2, 'Undefined variable $profil', 'D:\\PW2\\WP\\app\\Views\\Layout\\navbar.php', 23)
 2 SYSTEMPATH\View\View.php(224): include('D:\\PW2\\WP\\app\\Views\\Layout\\navbar.php')
 3 SYSTEMPATH\View\View.php(227): CodeIgniter\View\View->CodeIgniter\View\{closure}()
 4 SYSTEMPATH\View\View.php(452): CodeIgniter\View\View->render('Layout/navbar', null, true)
 5 APPPATH\Views\Layout\template.php(15): CodeIgniter\View\View->include('Layout/navbar')
 6 SYSTEMPATH\View\View.php(224): include('D:\\PW2\\WP\\app\\Views\\Layout\\template.php')
 7 SYSTEMPATH\View\View.php(227): CodeIgniter\View\View->CodeIgniter\View\{closure}()
 8 SYSTEMPATH\View\View.php(240): CodeIgniter\View\View->render('Layout/template', [], true)
 9 SYSTEMPATH\Common.php(1180): CodeIgniter\View\View->render('dashboard', [], true)
10 APPPATH\Controllers\Barang.php(34): view('dashboard', [...])
11 SYSTEMPATH\CodeIgniter.php(932): App\Controllers\Barang->index()
12 SYSTEMPATH\CodeIgniter.php(497): CodeIgniter\CodeIgniter->runController(Object(App\Controllers\Barang))
13 SYSTEMPATH\CodeIgniter.php(366): CodeIgniter\CodeIgniter->handleRequest(null, Object(Config\Cache), false)
14 FCPATH\index.php(67): CodeIgniter\CodeIgniter->run()
15 SYSTEMPATH\Commands\Server\rewrite.php(47): require_once('D:\\PW2\\WP\\public\\index.php')
INFO - 2023-07-05 01:50:41 --> Session: Class initialized using 'CodeIgniter\Session\Handlers\FileHandler' driver.
ERROR - 2023-07-05 01:50:41 --> mysqli_sql_exception: Table 'warungpedia.user' doesn't exist in D:\PW2\WP\vendor\codeigniter4\framework\system\Database\MySQLi\Connection.php:295
Stack trace:
#0 D:\PW2\WP\vendor\codeigniter4\framework\system\Database\MySQLi\Connection.php(295): mysqli->query('SELECT `nama`\nF...', 0)
#1 D:\PW2\WP\vendor\codeigniter4\framework\system\Database\BaseConnection.php(692): CodeIgniter\Database\MySQLi\Connection->execute('SELECT `nama`\nF...')
#2 D:\PW2\WP\vendor\codeigniter4\framework\system\Database\BaseConnection.php(606): CodeIgniter\Database\BaseConnection->simpleQuery('SELECT `nama`\nF...')
#3 D:\PW2\WP\vendor\codeigniter4\framework\system\Database\BaseBuilder.php(1616): CodeIgniter\Database\BaseConnection->query('SELECT `nama`\nF...', Array, false)
#4 D:\PW2\WP\app\Models\PembeliModel.php(18): CodeIgniter\Database\BaseBuilder->get()
#5 D:\PW2\WP\app\Controllers\Barang.php(35): App\Models\PembeliModel->getProfil('211111003@mhs.s...')
#6 D:\PW2\WP\vendor\codeigniter4\framework\system\CodeIgniter.php(932): App\Controllers\Barang->index()
#7 D:\PW2\WP\vendor\codeigniter4\framework\system\CodeIgniter.php(497): CodeIgniter\CodeIgniter->runController(Object(App\Controllers\Barang))
#8 D:\PW2\WP\vendor\codeigniter4\framework\system\CodeIgniter.php(366): CodeIgniter\CodeIgniter->handleRequest(NULL, Object(Config\Cache), false)
#9 D:\PW2\WP\public\index.php(67): CodeIgniter\CodeIgniter->run()
#10 D:\PW2\WP\vendor\codeigniter4\framework\system\Commands\Server\rewrite.php(47): require_once('D:\\PW2\\WP\\publi...')
#11 {main}
CRITICAL - 2023-07-05 01:50:41 --> Table 'warungpedia.user' doesn't exist
in SYSTEMPATH\Database\MySQLi\Connection.php on line 295.
 1 SYSTEMPATH\Database\MySQLi\Connection.php(295): mysqli->query('SELECT `nama`
FROM `pembeli`
JOIN `user` ON `pembeli`.`email` = `user`.`email`
WHERE `pembeli`.`email` = \'211111003@mhs.stiki.ac.id\'', 0)
 2 SYSTEMPATH\Database\BaseConnection.php(692): CodeIgniter\Database\MySQLi\Connection->execute('SELECT `nama`
FROM `pembeli`
JOIN `user` ON `pembeli`.`email` = `user`.`email`
WHERE `pembeli`.`email` = \'211111003@mhs.stiki.ac.id\'')
 3 SYSTEMPATH\Database\BaseConnection.php(606): CodeIgniter\Database\BaseConnection->simpleQuery('SELECT `nama`
FROM `pembeli`
JOIN `user` ON `pembeli`.`email` = `user`.`email`
WHERE `pembeli`.`email` = \'211111003@mhs.stiki.ac.id\'')
 4 SYSTEMPATH\Database\BaseBuilder.php(1616): CodeIgniter\Database\BaseConnection->query('SELECT `nama`
FROM `pembeli`
JOIN `user` ON `pembeli`.`email` = `user`.`email`
WHERE `pembeli`.`email` = :pembeli.email:', [...], false)
 5 APPPATH\Models\PembeliModel.php(18): CodeIgniter\Database\BaseBuilder->get()
 6 APPPATH\Controllers\Barang.php(35): App\Models\PembeliModel->getProfil('211111003@mhs.stiki.ac.id')
 7 SYSTEMPATH\CodeIgniter.php(932): App\Controllers\Barang->index()
 8 SYSTEMPATH\CodeIgniter.php(497): CodeIgniter\CodeIgniter->runController(Object(App\Controllers\Barang))
 9 SYSTEMPATH\CodeIgniter.php(366): CodeIgniter\CodeIgniter->handleRequest(null, Object(Config\Cache), false)
10 FCPATH\index.php(67): CodeIgniter\CodeIgniter->run()
11 SYSTEMPATH\Commands\Server\rewrite.php(47): require_once('D:\\PW2\\WP\\public\\index.php')
INFO - 2023-07-05 01:53:37 --> Session: Class initialized using 'CodeIgniter\Session\Handlers\FileHandler' driver.
CRITICAL - 2023-07-05 01:53:37 --> Undefined array key "foto_pembeli"
in APPPATH\Views\Layout\navbar.php on line 23.
 1 APPPATH\Views\Layout\navbar.php(23): CodeIgniter\Debug\Exceptions->errorHandler(2, 'Undefined array key "foto_pembeli"', 'D:\\PW2\\WP\\app\\Views\\Layout\\navbar.php', 23)
 2 SYSTEMPATH\View\View.php(224): include('D:\\PW2\\WP\\app\\Views\\Layout\\navbar.php')
 3 SYSTEMPATH\View\View.php(227): CodeIgniter\View\View->CodeIgniter\View\{closure}()
 4 SYSTEMPATH\View\View.php(452): CodeIgniter\View\View->render('Layout/navbar', null, true)
 5 APPPATH\Views\Layout\template.php(15): CodeIgniter\View\View->include('Layout/navbar')
 6 SYSTEMPATH\View\View.php(224): include('D:\\PW2\\WP\\app\\Views\\Layout\\template.php')
 7 SYSTEMPATH\View\View.php(227): CodeIgniter\View\View->CodeIgniter\View\{closure}()
 8 SYSTEMPATH\View\View.php(240): CodeIgniter\View\View->render('Layout/template', [], true)
 9 SYSTEMPATH\Common.php(1180): CodeIgniter\View\View->render('dashboard', [], true)
10 APPPATH\Controllers\Barang.php(37): view('dashboard', [...])
11 SYSTEMPATH\CodeIgniter.php(932): App\Controllers\Barang->index()
12 SYSTEMPATH\CodeIgniter.php(497): CodeIgniter\CodeIgniter->runController(Object(App\Controllers\Barang))
13 SYSTEMPATH\CodeIgniter.php(366): CodeIgniter\CodeIgniter->handleRequest(null, Object(Config\Cache), false)
14 FCPATH\index.php(67): CodeIgniter\CodeIgniter->run()
15 SYSTEMPATH\Commands\Server\rewrite.php(47): require_once('D:\\PW2\\WP\\public\\index.php')
INFO - 2023-07-05 01:55:15 --> Session: Class initialized using 'CodeIgniter\Session\Handlers\FileHandler' driver.
CRITICAL - 2023-07-05 01:55:15 --> Undefined array key "foto_pembeli"
in APPPATH\Views\Layout\navbar.php on line 23.
 1 APPPATH\Views\Layout\navbar.php(23): CodeIgniter\Debug\Exceptions->errorHandler(2, 'Undefined array key "foto_pembeli"', 'D:\\PW2\\WP\\app\\Views\\Layout\\navbar.php', 23)
 2 SYSTEMPATH\View\View.php(224): include('D:\\PW2\\WP\\app\\Views\\Layout\\navbar.php')
 3 SYSTEMPATH\View\View.php(227): CodeIgniter\View\View->CodeIgniter\View\{closure}()
 4 SYSTEMPATH\View\View.php(452): CodeIgniter\View\View->render('Layout/navbar', null, true)
 5 APPPATH\Views\Layout\template.php(15): CodeIgniter\View\View->include('Layout/navbar')
 6 SYSTEMPATH\View\View.php(224): include('D:\\PW2\\WP\\app\\Views\\Layout\\template.php')
 7 SYSTEMPATH\View\View.php(227): CodeIgniter\View\View->CodeIgniter\View\{closure}()
 8 SYSTEMPATH\View\View.php(240): CodeIgniter\View\View->render('Layout/template', [], true)
 9 SYSTEMPATH\Common.php(1180): CodeIgniter\View\View->render('dashboard', [], true)
10 APPPATH\Controllers\Barang.php(37): view('dashboard', [...])
11 SYSTEMPATH\CodeIgniter.php(932): App\Controllers\Barang->index()
12 SYSTEMPATH\CodeIgniter.php(497): CodeIgniter\CodeIgniter->runController(Object(App\Controllers\Barang))
13 SYSTEMPATH\CodeIgniter.php(366): CodeIgniter\CodeIgniter->handleRequest(null, Object(Config\Cache), false)
14 FCPATH\index.php(67): CodeIgniter\CodeIgniter->run()
15 SYSTEMPATH\Commands\Server\rewrite.php(47): require_once('D:\\PW2\\WP\\public\\index.php')
INFO - 2023-07-05 01:55:16 --> Session: Class initialized using 'CodeIgniter\Session\Handlers\FileHandler' driver.
CRITICAL - 2023-07-05 01:55:16 --> Undefined array key "foto_pembeli"
in APPPATH\Views\Layout\navbar.php on line 23.
 1 APPPATH\Views\Layout\navbar.php(23): CodeIgniter\Debug\Exceptions->errorHandler(2, 'Undefined array key "foto_pembeli"', 'D:\\PW2\\WP\\app\\Views\\Layout\\navbar.php', 23)
 2 SYSTEMPATH\View\View.php(224): include('D:\\PW2\\WP\\app\\Views\\Layout\\navbar.php')
 3 SYSTEMPATH\View\View.php(227): CodeIgniter\View\View->CodeIgniter\View\{closure}()
 4 SYSTEMPATH\View\View.php(452): CodeIgniter\View\View->render('Layout/navbar', null, true)
 5 APPPATH\Views\Layout\template.php(15): CodeIgniter\View\View->include('Layout/navbar')
 6 SYSTEMPATH\View\View.php(224): include('D:\\PW2\\WP\\app\\Views\\Layout\\template.php')
 7 SYSTEMPATH\View\View.php(227): CodeIgniter\View\View->CodeIgniter\View\{closure}()
 8 SYSTEMPATH\View\View.php(240): CodeIgniter\View\View->render('Layout/template', [], true)
 9 SYSTEMPATH\Common.php(1180): CodeIgniter\View\View->render('dashboard', [], true)
10 APPPATH\Controllers\Barang.php(37): view('dashboard', [...])
11 SYSTEMPATH\CodeIgniter.php(932): App\Controllers\Barang->index()
12 SYSTEMPATH\CodeIgniter.php(497): CodeIgniter\CodeIgniter->runController(Object(App\Controllers\Barang))
13 SYSTEMPATH\CodeIgniter.php(366): CodeIgniter\CodeIgniter->handleRequest(null, Object(Config\Cache), false)
14 FCPATH\index.php(67): CodeIgniter\CodeIgniter->run()
15 SYSTEMPATH\Commands\Server\rewrite.php(47): require_once('D:\\PW2\\WP\\public\\index.php')
INFO - 2023-07-05 01:55:48 --> Session: Class initialized using 'CodeIgniter\Session\Handlers\FileHandler' driver.
CRITICAL - 2023-07-05 01:55:48 --> Undefined array key "nama"
in APPPATH\Views\Layout\navbar.php on line 23.
 1 APPPATH\Views\Layout\navbar.php(23): CodeIgniter\Debug\Exceptions->errorHandler(2, 'Undefined array key "nama"', 'D:\\PW2\\WP\\app\\Views\\Layout\\navbar.php', 23)
 2 SYSTEMPATH\View\View.php(224): include('D:\\PW2\\WP\\app\\Views\\Layout\\navbar.php')
 3 SYSTEMPATH\View\View.php(227): CodeIgniter\View\View->CodeIgniter\View\{closure}()
 4 SYSTEMPATH\View\View.php(452): CodeIgniter\View\View->render('Layout/navbar', null, true)
 5 APPPATH\Views\Layout\template.php(15): CodeIgniter\View\View->include('Layout/navbar')
 6 SYSTEMPATH\View\View.php(224): include('D:\\PW2\\WP\\app\\Views\\Layout\\template.php')
 7 SYSTEMPATH\View\View.php(227): CodeIgniter\View\View->CodeIgniter\View\{closure}()
 8 SYSTEMPATH\View\View.php(240): CodeIgniter\View\View->render('Layout/template', [], true)
 9 SYSTEMPATH\Common.php(1180): CodeIgniter\View\View->render('dashboard', [], true)
10 APPPATH\Controllers\Barang.php(37): view('dashboard', [...])
11 SYSTEMPATH\CodeIgniter.php(932): App\Controllers\Barang->index()
12 SYSTEMPATH\CodeIgniter.php(497): CodeIgniter\CodeIgniter->runController(Object(App\Controllers\Barang))
13 SYSTEMPATH\CodeIgniter.php(366): CodeIgniter\CodeIgniter->handleRequest(null, Object(Config\Cache), false)
14 FCPATH\index.php(67): CodeIgniter\CodeIgniter->run()
15 SYSTEMPATH\Commands\Server\rewrite.php(47): require_once('D:\\PW2\\WP\\public\\index.php')
INFO - 2023-07-05 01:57:29 --> Session: Class initialized using 'CodeIgniter\Session\Handlers\FileHandler' driver.
CRITICAL - 2023-07-05 01:57:29 --> Undefined array key "foto_pembeli"
in APPPATH\Views\Layout\navbar.php on line 23.
 1 APPPATH\Views\Layout\navbar.php(23): CodeIgniter\Debug\Exceptions->errorHandler(2, 'Undefined array key "foto_pembeli"', 'D:\\PW2\\WP\\app\\Views\\Layout\\navbar.php', 23)
 2 SYSTEMPATH\View\View.php(224): include('D:\\PW2\\WP\\app\\Views\\Layout\\navbar.php')
 3 SYSTEMPATH\View\View.php(227): CodeIgniter\View\View->CodeIgniter\View\{closure}()
 4 SYSTEMPATH\View\View.php(452): CodeIgniter\View\View->render('Layout/navbar', null, true)
 5 APPPATH\Views\Layout\template.php(15): CodeIgniter\View\View->include('Layout/navbar')
 6 SYSTEMPATH\View\View.php(224): include('D:\\PW2\\WP\\app\\Views\\Layout\\template.php')
 7 SYSTEMPATH\View\View.php(227): CodeIgniter\View\View->CodeIgniter\View\{closure}()
 8 SYSTEMPATH\View\View.php(240): CodeIgniter\View\View->render('Layout/template', [], true)
 9 SYSTEMPATH\Common.php(1180): CodeIgniter\View\View->render('dashboard', [], true)
10 APPPATH\Controllers\Barang.php(37): view('dashboard', [...])
11 SYSTEMPATH\CodeIgniter.php(932): App\Controllers\Barang->index()
12 SYSTEMPATH\CodeIgniter.php(497): CodeIgniter\CodeIgniter->runController(Object(App\Controllers\Barang))
13 SYSTEMPATH\CodeIgniter.php(366): CodeIgniter\CodeIgniter->handleRequest(null, Object(Config\Cache), false)
14 FCPATH\index.php(67): CodeIgniter\CodeIgniter->run()
15 SYSTEMPATH\Commands\Server\rewrite.php(47): require_once('D:\\PW2\\WP\\public\\index.php')
INFO - 2023-07-05 01:57:33 --> Session: Class initialized using 'CodeIgniter\Session\Handlers\FileHandler' driver.
CRITICAL - 2023-07-05 01:57:33 --> Undefined variable $profil
in APPPATH\Views\Layout\navbar.php on line 23.
 1 APPPATH\Views\Layout\navbar.php(23): CodeIgniter\Debug\Exceptions->errorHandler(2, 'Undefined variable $profil', 'D:\\PW2\\WP\\app\\Views\\Layout\\navbar.php', 23)
 2 SYSTEMPATH\View\View.php(224): include('D:\\PW2\\WP\\app\\Views\\Layout\\navbar.php')
 3 SYSTEMPATH\View\View.php(227): CodeIgniter\View\View->CodeIgniter\View\{closure}()
 4 SYSTEMPATH\View\View.php(452): CodeIgniter\View\View->render('Layout/navbar', null, true)
 5 APPPATH\Views\Layout\template.php(15): CodeIgniter\View\View->include('Layout/navbar')
 6 SYSTEMPATH\View\View.php(224): include('D:\\PW2\\WP\\app\\Views\\Layout\\template.php')
 7 SYSTEMPATH\View\View.php(227): CodeIgniter\View\View->CodeIgniter\View\{closure}()
 8 SYSTEMPATH\View\View.php(240): CodeIgniter\View\View->render('Layout/template', [], true)
 9 SYSTEMPATH\Common.php(1180): CodeIgniter\View\View->render('login', [], true)
10 APPPATH\Controllers\Barang.php(45): view('login', [...])
11 SYSTEMPATH\CodeIgniter.php(932): App\Controllers\Barang->login()
12 SYSTEMPATH\CodeIgniter.php(497): CodeIgniter\CodeIgniter->runController(Object(App\Controllers\Barang))
13 SYSTEMPATH\CodeIgniter.php(366): CodeIgniter\CodeIgniter->handleRequest(null, Object(Config\Cache), false)
14 FCPATH\index.php(67): CodeIgniter\CodeIgniter->run()
15 SYSTEMPATH\Commands\Server\rewrite.php(47): require_once('D:\\PW2\\WP\\public\\index.php')
INFO - 2023-07-05 01:57:34 --> Session: Class initialized using 'CodeIgniter\Session\Handlers\FileHandler' driver.
CRITICAL - 2023-07-05 01:57:34 --> Undefined array key "foto_pembeli"
in APPPATH\Views\Layout\navbar.php on line 23.
 1 APPPATH\Views\Layout\navbar.php(23): CodeIgniter\Debug\Exceptions->errorHandler(2, 'Undefined array key "foto_pembeli"', 'D:\\PW2\\WP\\app\\Views\\Layout\\navbar.php', 23)
 2 SYSTEMPATH\View\View.php(224): include('D:\\PW2\\WP\\app\\Views\\Layout\\navbar.php')
 3 SYSTEMPATH\View\View.php(227): CodeIgniter\View\View->CodeIgniter\View\{closure}()
 4 SYSTEMPATH\View\View.php(452): CodeIgniter\View\View->render('Layout/navbar', null, true)
 5 APPPATH\Views\Layout\template.php(15): CodeIgniter\View\View->include('Layout/navbar')
 6 SYSTEMPATH\View\View.php(224): include('D:\\PW2\\WP\\app\\Views\\Layout\\template.php')
 7 SYSTEMPATH\View\View.php(227): CodeIgniter\View\View->CodeIgniter\View\{closure}()
 8 SYSTEMPATH\View\View.php(240): CodeIgniter\View\View->render('Layout/template', [], true)
 9 SYSTEMPATH\Common.php(1180): CodeIgniter\View\View->render('dashboard', [], true)
10 APPPATH\Controllers\Barang.php(37): view('dashboard', [...])
11 SYSTEMPATH\CodeIgniter.php(932): App\Controllers\Barang->index()
12 SYSTEMPATH\CodeIgniter.php(497): CodeIgniter\CodeIgniter->runController(Object(App\Controllers\Barang))
13 SYSTEMPATH\CodeIgniter.php(366): CodeIgniter\CodeIgniter->handleRequest(null, Object(Config\Cache), false)
14 FCPATH\index.php(67): CodeIgniter\CodeIgniter->run()
15 SYSTEMPATH\Commands\Server\rewrite.php(47): require_once('D:\\PW2\\WP\\public\\index.php')
INFO - 2023-07-05 01:57:35 --> Session: Class initialized using 'CodeIgniter\Session\Handlers\FileHandler' driver.
CRITICAL - 2023-07-05 01:57:35 --> Undefined array key "foto_pembeli"
in APPPATH\Views\Layout\navbar.php on line 23.
 1 APPPATH\Views\Layout\navbar.php(23): CodeIgniter\Debug\Exceptions->errorHandler(2, 'Undefined array key "foto_pembeli"', 'D:\\PW2\\WP\\app\\Views\\Layout\\navbar.php', 23)
 2 SYSTEMPATH\View\View.php(224): include('D:\\PW2\\WP\\app\\Views\\Layout\\navbar.php')
 3 SYSTEMPATH\View\View.php(227): CodeIgniter\View\View->CodeIgniter\View\{closure}()
 4 SYSTEMPATH\View\View.php(452): CodeIgniter\View\View->render('Layout/navbar', null, true)
 5 APPPATH\Views\Layout\template.php(15): CodeIgniter\View\View->include('Layout/navbar')
 6 SYSTEMPATH\View\View.php(224): include('D:\\PW2\\WP\\app\\Views\\Layout\\template.php')
 7 SYSTEMPATH\View\View.php(227): CodeIgniter\View\View->CodeIgniter\View\{closure}()
 8 SYSTEMPATH\View\View.php(240): CodeIgniter\View\View->render('Layout/template', [], true)
 9 SYSTEMPATH\Common.php(1180): CodeIgniter\View\View->render('Pembeli/daftar_barang', [], true)
10 APPPATH\Controllers\Page.php(35): view('Pembeli/daftar_barang', [...])
11 SYSTEMPATH\CodeIgniter.php(932): App\Controllers\Page->daftar_barang()
12 SYSTEMPATH\CodeIgniter.php(497): CodeIgniter\CodeIgniter->runController(Object(App\Controllers\Page))
13 SYSTEMPATH\CodeIgniter.php(366): CodeIgniter\CodeIgniter->handleRequest(null, Object(Config\Cache), false)
14 FCPATH\index.php(67): CodeIgniter\CodeIgniter->run()
15 SYSTEMPATH\Commands\Server\rewrite.php(47): require_once('D:\\PW2\\WP\\public\\index.php')
INFO - 2023-07-05 01:57:41 --> Session: Class initialized using 'CodeIgniter\Session\Handlers\FileHandler' driver.
CRITICAL - 2023-07-05 01:57:41 --> Undefined variable $profil
in APPPATH\Views\Layout\navbar.php on line 23.
 1 APPPATH\Views\Layout\navbar.php(23): CodeIgniter\Debug\Exceptions->errorHandler(2, 'Undefined variable $profil', 'D:\\PW2\\WP\\app\\Views\\Layout\\navbar.php', 23)
 2 SYSTEMPATH\View\View.php(224): include('D:\\PW2\\WP\\app\\Views\\Layout\\navbar.php')
 3 SYSTEMPATH\View\View.php(227): CodeIgniter\View\View->CodeIgniter\View\{closure}()
 4 SYSTEMPATH\View\View.php(452): CodeIgniter\View\View->render('Layout/navbar', null, true)
 5 APPPATH\Views\Layout\template.php(15): CodeIgniter\View\View->include('Layout/navbar')
 6 SYSTEMPATH\View\View.php(224): include('D:\\PW2\\WP\\app\\Views\\Layout\\template.php')
 7 SYSTEMPATH\View\View.php(227): CodeIgniter\View\View->CodeIgniter\View\{closure}()
 8 SYSTEMPATH\View\View.php(240): CodeIgniter\View\View->render('Layout/template', [], true)
 9 SYSTEMPATH\Common.php(1180): CodeIgniter\View\View->render('login', [], true)
10 APPPATH\Controllers\Barang.php(45): view('login', [...])
11 SYSTEMPATH\CodeIgniter.php(932): App\Controllers\Barang->login()
12 SYSTEMPATH\CodeIgniter.php(497): CodeIgniter\CodeIgniter->runController(Object(App\Controllers\Barang))
13 SYSTEMPATH\CodeIgniter.php(366): CodeIgniter\CodeIgniter->handleRequest(null, Object(Config\Cache), false)
14 FCPATH\index.php(67): CodeIgniter\CodeIgniter->run()
15 SYSTEMPATH\Commands\Server\rewrite.php(47): require_once('D:\\PW2\\WP\\public\\index.php')
INFO - 2023-07-05 01:57:46 --> Session: Class initialized using 'CodeIgniter\Session\Handlers\FileHandler' driver.
CRITICAL - 2023-07-05 01:57:46 --> Undefined array key "foto_pembeli"
in APPPATH\Views\Layout\navbar.php on line 23.
 1 APPPATH\Views\Layout\navbar.php(23): CodeIgniter\Debug\Exceptions->errorHandler(2, 'Undefined array key "foto_pembeli"', 'D:\\PW2\\WP\\app\\Views\\Layout\\navbar.php', 23)
 2 SYSTEMPATH\View\View.php(224): include('D:\\PW2\\WP\\app\\Views\\Layout\\navbar.php')
 3 SYSTEMPATH\View\View.php(227): CodeIgniter\View\View->CodeIgniter\View\{closure}()
 4 SYSTEMPATH\View\View.php(452): CodeIgniter\View\View->render('Layout/navbar', null, true)
 5 APPPATH\Views\Layout\template.php(15): CodeIgniter\View\View->include('Layout/navbar')
 6 SYSTEMPATH\View\View.php(224): include('D:\\PW2\\WP\\app\\Views\\Layout\\template.php')
 7 SYSTEMPATH\View\View.php(227): CodeIgniter\View\View->CodeIgniter\View\{closure}()
 8 SYSTEMPATH\View\View.php(240): CodeIgniter\View\View->render('Layout/template', [], true)
 9 SYSTEMPATH\Common.php(1180): CodeIgniter\View\View->render('dashboard', [], true)
10 APPPATH\Controllers\Barang.php(37): view('dashboard', [...])
11 SYSTEMPATH\CodeIgniter.php(932): App\Controllers\Barang->index()
12 SYSTEMPATH\CodeIgniter.php(497): CodeIgniter\CodeIgniter->runController(Object(App\Controllers\Barang))
13 SYSTEMPATH\CodeIgniter.php(366): CodeIgniter\CodeIgniter->handleRequest(null, Object(Config\Cache), false)
14 FCPATH\index.php(67): CodeIgniter\CodeIgniter->run()
15 SYSTEMPATH\Commands\Server\rewrite.php(47): require_once('D:\\PW2\\WP\\public\\index.php')
INFO - 2023-07-05 01:57:54 --> Session: Class initialized using 'CodeIgniter\Session\Handlers\FileHandler' driver.
CRITICAL - 2023-07-05 01:57:54 --> Undefined variable $profil
in APPPATH\Views\Layout\navbar.php on line 23.
 1 APPPATH\Views\Layout\navbar.php(23): CodeIgniter\Debug\Exceptions->errorHandler(2, 'Undefined variable $profil', 'D:\\PW2\\WP\\app\\Views\\Layout\\navbar.php', 23)
 2 SYSTEMPATH\View\View.php(224): include('D:\\PW2\\WP\\app\\Views\\Layout\\navbar.php')
 3 SYSTEMPATH\View\View.php(227): CodeIgniter\View\View->CodeIgniter\View\{closure}()
 4 SYSTEMPATH\View\View.php(452): CodeIgniter\View\View->render('Layout/navbar', null, true)
 5 APPPATH\Views\Layout\template.php(15): CodeIgniter\View\View->include('Layout/navbar')
 6 SYSTEMPATH\View\View.php(224): include('D:\\PW2\\WP\\app\\Views\\Layout\\template.php')
 7 SYSTEMPATH\View\View.php(227): CodeIgniter\View\View->CodeIgniter\View\{closure}()
 8 SYSTEMPATH\View\View.php(240): CodeIgniter\View\View->render('Layout/template', [], true)
 9 SYSTEMPATH\Common.php(1180): CodeIgniter\View\View->render('login', [], true)
10 APPPATH\Controllers\Barang.php(45): view('login', [...])
11 SYSTEMPATH\CodeIgniter.php(932): App\Controllers\Barang->login()
12 SYSTEMPATH\CodeIgniter.php(497): CodeIgniter\CodeIgniter->runController(Object(App\Controllers\Barang))
13 SYSTEMPATH\CodeIgniter.php(366): CodeIgniter\CodeIgniter->handleRequest(null, Object(Config\Cache), false)
14 FCPATH\index.php(67): CodeIgniter\CodeIgniter->run()
15 SYSTEMPATH\Commands\Server\rewrite.php(47): require_once('D:\\PW2\\WP\\public\\index.php')
INFO - 2023-07-05 01:57:54 --> Session: Class initialized using 'CodeIgniter\Session\Handlers\FileHandler' driver.
CRITICAL - 2023-07-05 01:57:54 --> Undefined variable $profil
in APPPATH\Views\Layout\navbar.php on line 23.
 1 APPPATH\Views\Layout\navbar.php(23): CodeIgniter\Debug\Exceptions->errorHandler(2, 'Undefined variable $profil', 'D:\\PW2\\WP\\app\\Views\\Layout\\navbar.php', 23)
 2 SYSTEMPATH\View\View.php(224): include('D:\\PW2\\WP\\app\\Views\\Layout\\navbar.php')
 3 SYSTEMPATH\View\View.php(227): CodeIgniter\View\View->CodeIgniter\View\{closure}()
 4 SYSTEMPATH\View\View.php(452): CodeIgniter\View\View->render('Layout/navbar', null, true)
 5 APPPATH\Views\Layout\template.php(15): CodeIgniter\View\View->include('Layout/navbar')
 6 SYSTEMPATH\View\View.php(224): include('D:\\PW2\\WP\\app\\Views\\Layout\\template.php')
 7 SYSTEMPATH\View\View.php(227): CodeIgniter\View\View->CodeIgniter\View\{closure}()
 8 SYSTEMPATH\View\View.php(240): CodeIgniter\View\View->render('Layout/template', [], true)
 9 SYSTEMPATH\Common.php(1180): CodeIgniter\View\View->render('login', [], true)
10 APPPATH\Controllers\Barang.php(45): view('login', [...])
11 SYSTEMPATH\CodeIgniter.php(932): App\Controllers\Barang->login()
12 SYSTEMPATH\CodeIgniter.php(497): CodeIgniter\CodeIgniter->runController(Object(App\Controllers\Barang))
13 SYSTEMPATH\CodeIgniter.php(366): CodeIgniter\CodeIgniter->handleRequest(null, Object(Config\Cache), false)
14 FCPATH\index.php(67): CodeIgniter\CodeIgniter->run()
15 SYSTEMPATH\Commands\Server\rewrite.php(47): require_once('D:\\PW2\\WP\\public\\index.php')
INFO - 2023-07-05 01:58:50 --> Session: Class initialized using 'CodeIgniter\Session\Handlers\FileHandler' driver.
CRITICAL - 2023-07-05 01:58:50 --> Undefined array key "foto_pembeli"
in APPPATH\Views\Layout\navbar.php on line 23.
 1 APPPATH\Views\Layout\navbar.php(23): CodeIgniter\Debug\Exceptions->errorHandler(2, 'Undefined array key "foto_pembeli"', 'D:\\PW2\\WP\\app\\Views\\Layout\\navbar.php', 23)
 2 SYSTEMPATH\View\View.php(224): include('D:\\PW2\\WP\\app\\Views\\Layout\\navbar.php')
 3 SYSTEMPATH\View\View.php(227): CodeIgniter\View\View->CodeIgniter\View\{closure}()
 4 SYSTEMPATH\View\View.php(452): CodeIgniter\View\View->render('Layout/navbar', null, true)
 5 APPPATH\Views\Layout\template.php(15): CodeIgniter\View\View->include('Layout/navbar')
 6 SYSTEMPATH\View\View.php(224): include('D:\\PW2\\WP\\app\\Views\\Layout\\template.php')
 7 SYSTEMPATH\View\View.php(227): CodeIgniter\View\View->CodeIgniter\View\{closure}()
 8 SYSTEMPATH\View\View.php(240): CodeIgniter\View\View->render('Layout/template', [], true)
 9 SYSTEMPATH\Common.php(1180): CodeIgniter\View\View->render('dashboard', [], true)
10 APPPATH\Controllers\Barang.php(37): view('dashboard', [...])
11 SYSTEMPATH\CodeIgniter.php(932): App\Controllers\Barang->index()
12 SYSTEMPATH\CodeIgniter.php(497): CodeIgniter\CodeIgniter->runController(Object(App\Controllers\Barang))
13 SYSTEMPATH\CodeIgniter.php(366): CodeIgniter\CodeIgniter->handleRequest(null, Object(Config\Cache), false)
14 FCPATH\index.php(67): CodeIgniter\CodeIgniter->run()
15 SYSTEMPATH\Commands\Server\rewrite.php(47): require_once('D:\\PW2\\WP\\public\\index.php')
INFO - 2023-07-05 02:01:11 --> Session: Class initialized using 'CodeIgniter\Session\Handlers\FileHandler' driver.
INFO - 2023-07-05 02:02:43 --> Session: Class initialized using 'CodeIgniter\Session\Handlers\FileHandler' driver.
INFO - 2023-07-05 02:03:45 --> Session: Class initialized using 'CodeIgniter\Session\Handlers\FileHandler' driver.
INFO - 2023-07-05 02:05:19 --> Session: Class initialized using 'CodeIgniter\Session\Handlers\FileHandler' driver.
INFO - 2023-07-05 02:07:58 --> Session: Class initialized using 'CodeIgniter\Session\Handlers\FileHandler' driver.
ERROR - 2023-07-05 02:07:58 --> mysqli_sql_exception: Column 'email' in field list is ambiguous in D:\PW2\WP\vendor\codeigniter4\framework\system\Database\MySQLi\Connection.php:295
Stack trace:
#0 D:\PW2\WP\vendor\codeigniter4\framework\system\Database\MySQLi\Connection.php(295): mysqli->query('SELECT `nama`, ...', 0)
#1 D:\PW2\WP\vendor\codeigniter4\framework\system\Database\BaseConnection.php(692): CodeIgniter\Database\MySQLi\Connection->execute('SELECT `nama`, ...')
#2 D:\PW2\WP\vendor\codeigniter4\framework\system\Database\BaseConnection.php(606): CodeIgniter\Database\BaseConnection->simpleQuery('SELECT `nama`, ...')
#3 D:\PW2\WP\vendor\codeigniter4\framework\system\Database\BaseBuilder.php(1616): CodeIgniter\Database\BaseConnection->query('SELECT `nama`, ...', Array, false)
#4 D:\PW2\WP\app\Models\PembeliModel.php(18): CodeIgniter\Database\BaseBuilder->get()
#5 D:\PW2\WP\app\Controllers\Barang.php(35): App\Models\PembeliModel->getProfil('211111003@mhs.s...')
#6 D:\PW2\WP\vendor\codeigniter4\framework\system\CodeIgniter.php(932): App\Controllers\Barang->index()
#7 D:\PW2\WP\vendor\codeigniter4\framework\system\CodeIgniter.php(497): CodeIgniter\CodeIgniter->runController(Object(App\Controllers\Barang))
#8 D:\PW2\WP\vendor\codeigniter4\framework\system\CodeIgniter.php(366): CodeIgniter\CodeIgniter->handleRequest(NULL, Object(Config\Cache), false)
#9 D:\PW2\WP\public\index.php(67): CodeIgniter\CodeIgniter->run()
#10 D:\PW2\WP\vendor\codeigniter4\framework\system\Commands\Server\rewrite.php(47): require_once('D:\\PW2\\WP\\publi...')
#11 {main}
CRITICAL - 2023-07-05 02:07:58 --> Column 'email' in field list is ambiguous
in SYSTEMPATH\Database\MySQLi\Connection.php on line 295.
 1 SYSTEMPATH\Database\MySQLi\Connection.php(295): mysqli->query('SELECT `nama`, `alamat`, `email`, `foto_pembeli`, `fk_id_kecamatan`, `fk_id_desa`, `telepon`
FROM `pembeli`
JOIN `users` ON `pembeli`.`email` = `users`.`email`
WHERE `pembeli`.`email` = \'211111003@mhs.stiki.ac.id\'', 0)
 2 SYSTEMPATH\Database\BaseConnection.php(692): CodeIgniter\Database\MySQLi\Connection->execute('SELECT `nama`, `alamat`, `email`, `foto_pembeli`, `fk_id_kecamatan`, `fk_id_desa`, `telepon`
FROM `pembeli`
JOIN `users` ON `pembeli`.`email` = `users`.`email`
WHERE `pembeli`.`email` = \'211111003@mhs.stiki.ac.id\'')
 3 SYSTEMPATH\Database\BaseConnection.php(606): CodeIgniter\Database\BaseConnection->simpleQuery('SELECT `nama`, `alamat`, `email`, `foto_pembeli`, `fk_id_kecamatan`, `fk_id_desa`, `telepon`
FROM `pembeli`
JOIN `users` ON `pembeli`.`email` = `users`.`email`
WHERE `pembeli`.`email` = \'211111003@mhs.stiki.ac.id\'')
 4 SYSTEMPATH\Database\BaseBuilder.php(1616): CodeIgniter\Database\BaseConnection->query('SELECT `nama`, `alamat`, `email`, `foto_pembeli`, `fk_id_kecamatan`, `fk_id_desa`, `telepon`
FROM `pembeli`
JOIN `users` ON `pembeli`.`email` = `users`.`email`
WHERE `pembeli`.`email` = :pembeli.email:', [...], false)
 5 APPPATH\Models\PembeliModel.php(18): CodeIgniter\Database\BaseBuilder->get()
 6 APPPATH\Controllers\Barang.php(35): App\Models\PembeliModel->getProfil('211111003@mhs.stiki.ac.id')
 7 SYSTEMPATH\CodeIgniter.php(932): App\Controllers\Barang->index()
 8 SYSTEMPATH\CodeIgniter.php(497): CodeIgniter\CodeIgniter->runController(Object(App\Controllers\Barang))
 9 SYSTEMPATH\CodeIgniter.php(366): CodeIgniter\CodeIgniter->handleRequest(null, Object(Config\Cache), false)
10 FCPATH\index.php(67): CodeIgniter\CodeIgniter->run()
11 SYSTEMPATH\Commands\Server\rewrite.php(47): require_once('D:\\PW2\\WP\\public\\index.php')
INFO - 2023-07-05 02:10:00 --> Session: Class initialized using 'CodeIgniter\Session\Handlers\FileHandler' driver.
ERROR - 2023-07-05 02:10:00 --> mysqli_sql_exception: Column 'email' in field list is ambiguous in D:\PW2\WP\vendor\codeigniter4\framework\system\Database\MySQLi\Connection.php:295
Stack trace:
#0 D:\PW2\WP\vendor\codeigniter4\framework\system\Database\MySQLi\Connection.php(295): mysqli->query('SELECT `nama`, ...', 0)
#1 D:\PW2\WP\vendor\codeigniter4\framework\system\Database\BaseConnection.php(692): CodeIgniter\Database\MySQLi\Connection->execute('SELECT `nama`, ...')
#2 D:\PW2\WP\vendor\codeigniter4\framework\system\Database\BaseConnection.php(606): CodeIgniter\Database\BaseConnection->simpleQuery('SELECT `nama`, ...')
#3 D:\PW2\WP\vendor\codeigniter4\framework\system\Database\BaseBuilder.php(1616): CodeIgniter\Database\BaseConnection->query('SELECT `nama`, ...', Array, false)
#4 D:\PW2\WP\app\Models\PembeliModel.php(18): CodeIgniter\Database\BaseBuilder->get()
#5 D:\PW2\WP\app\Controllers\Barang.php(35): App\Models\PembeliModel->getProfil('211111003@mhs.s...')
#6 D:\PW2\WP\vendor\codeigniter4\framework\system\CodeIgniter.php(932): App\Controllers\Barang->index()
#7 D:\PW2\WP\vendor\codeigniter4\framework\system\CodeIgniter.php(497): CodeIgniter\CodeIgniter->runController(Object(App\Controllers\Barang))
#8 D:\PW2\WP\vendor\codeigniter4\framework\system\CodeIgniter.php(366): CodeIgniter\CodeIgniter->handleRequest(NULL, Object(Config\Cache), false)
#9 D:\PW2\WP\public\index.php(67): CodeIgniter\CodeIgniter->run()
#10 D:\PW2\WP\vendor\codeigniter4\framework\system\Commands\Server\rewrite.php(47): require_once('D:\\PW2\\WP\\publi...')
#11 {main}
CRITICAL - 2023-07-05 02:10:00 --> Column 'email' in field list is ambiguous
in SYSTEMPATH\Database\MySQLi\Connection.php on line 295.
 1 SYSTEMPATH\Database\MySQLi\Connection.php(295): mysqli->query('SELECT `nama`, `alamat`, `email`, `foto_pembeli`, `fk_id_kecamatan`, `fk_id_desa`, `telepon`
FROM `pembeli`
JOIN `users` ON `pembeli`.`email` = `users`.`email`
WHERE `pembeli`.`email` = \'211111003@mhs.stiki.ac.id\'', 0)
 2 SYSTEMPATH\Database\BaseConnection.php(692): CodeIgniter\Database\MySQLi\Connection->execute('SELECT `nama`, `alamat`, `email`, `foto_pembeli`, `fk_id_kecamatan`, `fk_id_desa`, `telepon`
FROM `pembeli`
JOIN `users` ON `pembeli`.`email` = `users`.`email`
WHERE `pembeli`.`email` = \'211111003@mhs.stiki.ac.id\'')
 3 SYSTEMPATH\Database\BaseConnection.php(606): CodeIgniter\Database\BaseConnection->simpleQuery('SELECT `nama`, `alamat`, `email`, `foto_pembeli`, `fk_id_kecamatan`, `fk_id_desa`, `telepon`
FROM `pembeli`
JOIN `users` ON `pembeli`.`email` = `users`.`email`
WHERE `pembeli`.`email` = \'211111003@mhs.stiki.ac.id\'')
 4 SYSTEMPATH\Database\BaseBuilder.php(1616): CodeIgniter\Database\BaseConnection->query('SELECT `nama`, `alamat`, `email`, `foto_pembeli`, `fk_id_kecamatan`, `fk_id_desa`, `telepon`
FROM `pembeli`
JOIN `users` ON `pembeli`.`email` = `users`.`email`
WHERE `pembeli`.`email` = :pembeli.email:', [...], false)
 5 APPPATH\Models\PembeliModel.php(18): CodeIgniter\Database\BaseBuilder->get()
 6 APPPATH\Controllers\Barang.php(35): App\Models\PembeliModel->getProfil('211111003@mhs.stiki.ac.id')
 7 SYSTEMPATH\CodeIgniter.php(932): App\Controllers\Barang->index()
 8 SYSTEMPATH\CodeIgniter.php(497): CodeIgniter\CodeIgniter->runController(Object(App\Controllers\Barang))
 9 SYSTEMPATH\CodeIgniter.php(366): CodeIgniter\CodeIgniter->handleRequest(null, Object(Config\Cache), false)
10 FCPATH\index.php(67): CodeIgniter\CodeIgniter->run()
11 SYSTEMPATH\Commands\Server\rewrite.php(47): require_once('D:\\PW2\\WP\\public\\index.php')
INFO - 2023-07-05 02:10:49 --> Session: Class initialized using 'CodeIgniter\Session\Handlers\FileHandler' driver.
INFO - 2023-07-05 02:12:49 --> Session: Class initialized using 'CodeIgniter\Session\Handlers\FileHandler' driver.
INFO - 2023-07-05 02:13:15 --> Session: Class initialized using 'CodeIgniter\Session\Handlers\FileHandler' driver.
INFO - 2023-07-05 02:13:37 --> Session: Class initialized using 'CodeIgniter\Session\Handlers\FileHandler' driver.
INFO - 2023-07-05 02:13:54 --> Session: Class initialized using 'CodeIgniter\Session\Handlers\FileHandler' driver.
INFO - 2023-07-05 02:13:59 --> Session: Class initialized using 'CodeIgniter\Session\Handlers\FileHandler' driver.
INFO - 2023-07-05 02:14:56 --> Session: Class initialized using 'CodeIgniter\Session\Handlers\FileHandler' driver.
INFO - 2023-07-05 02:15:00 --> Session: Class initialized using 'CodeIgniter\Session\Handlers\FileHandler' driver.
INFO - 2023-07-05 02:15:02 --> Session: Class initialized using 'CodeIgniter\Session\Handlers\FileHandler' driver.
INFO - 2023-07-05 02:15:07 --> Session: Class initialized using 'CodeIgniter\Session\Handlers\FileHandler' driver.
INFO - 2023-07-05 02:16:44 --> Session: Class initialized using 'CodeIgniter\Session\Handlers\FileHandler' driver.
INFO - 2023-07-05 02:16:52 --> Session: Class initialized using 'CodeIgniter\Session\Handlers\FileHandler' driver.
INFO - 2023-07-05 02:16:52 --> Session: Class initialized using 'CodeIgniter\Session\Handlers\FileHandler' driver.
CRITICAL - 2023-07-05 02:16:52 --> Attempt to read property "email" on null
in APPPATH\Controllers\Barang.php on line 31.
 1 APPPATH\Controllers\Barang.php(31): CodeIgniter\Debug\Exceptions->errorHandler(2, 'Attempt to read property "email" on null', 'D:\\PW2\\WP\\app\\Controllers\\Barang.php', 31)
 2 SYSTEMPATH\CodeIgniter.php(932): App\Controllers\Barang->index()
 3 SYSTEMPATH\CodeIgniter.php(497): CodeIgniter\CodeIgniter->runController(Object(App\Controllers\Barang))
 4 SYSTEMPATH\CodeIgniter.php(366): CodeIgniter\CodeIgniter->handleRequest(null, Object(Config\Cache), false)
 5 FCPATH\index.php(67): CodeIgniter\CodeIgniter->run()
 6 SYSTEMPATH\Commands\Server\rewrite.php(47): require_once('D:\\PW2\\WP\\public\\index.php')
INFO - 2023-07-05 02:17:11 --> Session: Class initialized using 'CodeIgniter\Session\Handlers\FileHandler' driver.
CRITICAL - 2023-07-05 02:17:11 --> Attempt to read property "email" on null
in APPPATH\Controllers\Barang.php on line 31.
 1 APPPATH\Controllers\Barang.php(31): CodeIgniter\Debug\Exceptions->errorHandler(2, 'Attempt to read property "email" on null', 'D:\\PW2\\WP\\app\\Controllers\\Barang.php', 31)
 2 SYSTEMPATH\CodeIgniter.php(932): App\Controllers\Barang->index()
 3 SYSTEMPATH\CodeIgniter.php(497): CodeIgniter\CodeIgniter->runController(Object(App\Controllers\Barang))
 4 SYSTEMPATH\CodeIgniter.php(366): CodeIgniter\CodeIgniter->handleRequest(null, Object(Config\Cache), false)
 5 FCPATH\index.php(67): CodeIgniter\CodeIgniter->run()
 6 SYSTEMPATH\Commands\Server\rewrite.php(47): require_once('D:\\PW2\\WP\\public\\index.php')
INFO - 2023-07-05 02:21:01 --> Session: Class initialized using 'CodeIgniter\Session\Handlers\FileHandler' driver.
INFO - 2023-07-05 02:21:08 --> Session: Class initialized using 'CodeIgniter\Session\Handlers\FileHandler' driver.
INFO - 2023-07-05 02:21:39 --> Session: Class initialized using 'CodeIgniter\Session\Handlers\FileHandler' driver.
INFO - 2023-07-05 02:21:43 --> Session: Class initialized using 'CodeIgniter\Session\Handlers\FileHandler' driver.
INFO - 2023-07-05 02:21:46 --> Session: Class initialized using 'CodeIgniter\Session\Handlers\FileHandler' driver.
INFO - 2023-07-05 02:22:06 --> Session: Class initialized using 'CodeIgniter\Session\Handlers\FileHandler' driver.
INFO - 2023-07-05 02:22:06 --> Session: Class initialized using 'CodeIgniter\Session\Handlers\FileHandler' driver.
INFO - 2023-07-05 02:25:54 --> Session: Class initialized using 'CodeIgniter\Session\Handlers\FileHandler' driver.
INFO - 2023-07-05 02:25:56 --> Session: Class initialized using 'CodeIgniter\Session\Handlers\FileHandler' driver.
INFO - 2023-07-05 02:25:58 --> Session: Class initialized using 'CodeIgniter\Session\Handlers\FileHandler' driver.
INFO - 2023-07-05 02:25:58 --> Session: Class initialized using 'CodeIgniter\Session\Handlers\FileHandler' driver.
INFO - 2023-07-05 05:34:01 --> Session: Class initialized using 'CodeIgniter\Session\Handlers\FileHandler' driver.
INFO - 2023-07-05 05:34:07 --> Session: Class initialized using 'CodeIgniter\Session\Handlers\FileHandler' driver.
INFO - 2023-07-05 05:36:34 --> Session: Class initialized using 'CodeIgniter\Session\Handlers\FileHandler' driver.
INFO - 2023-07-05 05:45:09 --> Session: Class initialized using 'CodeIgniter\Session\Handlers\FileHandler' driver.
INFO - 2023-07-05 05:45:15 --> Session: Class initialized using 'CodeIgniter\Session\Handlers\FileHandler' driver.
INFO - 2023-07-05 05:45:24 --> Session: Class initialized using 'CodeIgniter\Session\Handlers\FileHandler' driver.
INFO - 2023-07-05 05:45:25 --> Session: Class initialized using 'CodeIgniter\Session\Handlers\FileHandler' driver.
INFO - 2023-07-05 05:45:36 --> Session: Class initialized using 'CodeIgniter\Session\Handlers\FileHandler' driver.
INFO - 2023-07-05 05:48:08 --> Session: Class initialized using 'CodeIgniter\Session\Handlers\FileHandler' driver.
INFO - 2023-07-05 05:48:59 --> Session: Class initialized using 'CodeIgniter\Session\Handlers\FileHandler' driver.
INFO - 2023-07-05 05:50:59 --> Session: Class initialized using 'CodeIgniter\Session\Handlers\FileHandler' driver.
INFO - 2023-07-05 05:50:59 --> Session: Class initialized using 'CodeIgniter\Session\Handlers\FileHandler' driver.
INFO - 2023-07-05 05:51:21 --> Session: Class initialized using 'CodeIgniter\Session\Handlers\FileHandler' driver.
INFO - 2023-07-05 05:51:21 --> Session: Class initialized using 'CodeIgniter\Session\Handlers\FileHandler' driver.
INFO - 2023-07-05 05:51:51 --> Session: Class initialized using 'CodeIgniter\Session\Handlers\FileHandler' driver.
INFO - 2023-07-05 05:51:51 --> Session: Class initialized using 'CodeIgniter\Session\Handlers\FileHandler' driver.
INFO - 2023-07-05 06:09:16 --> Session: Class initialized using 'CodeIgniter\Session\Handlers\FileHandler' driver.
INFO - 2023-07-05 06:10:03 --> Session: Class initialized using 'CodeIgniter\Session\Handlers\FileHandler' driver.
INFO - 2023-07-05 06:10:03 --> Session: Class initialized using 'CodeIgniter\Session\Handlers\FileHandler' driver.
INFO - 2023-07-05 06:17:42 --> Session: Class initialized using 'CodeIgniter\Session\Handlers\FileHandler' driver.
INFO - 2023-07-05 06:17:44 --> Session: Class initialized using 'CodeIgniter\Session\Handlers\FileHandler' driver.
INFO - 2023-07-05 06:17:48 --> Session: Class initialized using 'CodeIgniter\Session\Handlers\FileHandler' driver.
INFO - 2023-07-05 06:21:40 --> Session: Class initialized using 'CodeIgniter\Session\Handlers\FileHandler' driver.
INFO - 2023-07-05 06:23:43 --> Session: Class initialized using 'CodeIgniter\Session\Handlers\FileHandler' driver.
INFO - 2023-07-05 06:23:46 --> Session: Class initialized using 'CodeIgniter\Session\Handlers\FileHandler' driver.
INFO - 2023-07-05 06:23:46 --> Session: Class initialized using 'CodeIgniter\Session\Handlers\FileHandler' driver.
INFO - 2023-07-05 06:23:50 --> Session: Class initialized using 'CodeIgniter\Session\Handlers\FileHandler' driver.
INFO - 2023-07-05 06:23:54 --> Session: Class initialized using 'CodeIgniter\Session\Handlers\FileHandler' driver.
INFO - 2023-07-05 06:24:08 --> Session: Class initialized using 'CodeIgniter\Session\Handlers\FileHandler' driver.
INFO - 2023-07-05 06:24:12 --> Session: Class initialized using 'CodeIgniter\Session\Handlers\FileHandler' driver.
INFO - 2023-07-05 06:25:03 --> Session: Class initialized using 'CodeIgniter\Session\Handlers\FileHandler' driver.
INFO - 2023-07-05 06:25:07 --> Session: Class initialized using 'CodeIgniter\Session\Handlers\FileHandler' driver.
INFO - 2023-07-05 06:25:40 --> Session: Class initialized using 'CodeIgniter\Session\Handlers\FileHandler' driver.
INFO - 2023-07-05 06:26:40 --> Session: Class initialized using 'CodeIgniter\Session\Handlers\FileHandler' driver.
INFO - 2023-07-05 06:27:31 --> Session: Class initialized using 'CodeIgniter\Session\Handlers\FileHandler' driver.
INFO - 2023-07-05 06:27:48 --> Session: Class initialized using 'CodeIgniter\Session\Handlers\FileHandler' driver.
INFO - 2023-07-05 06:27:49 --> Session: Class initialized using 'CodeIgniter\Session\Handlers\FileHandler' driver.
INFO - 2023-07-05 06:28:34 --> Session: Class initialized using 'CodeIgniter\Session\Handlers\FileHandler' driver.
INFO - 2023-07-05 06:28:43 --> Session: Class initialized using 'CodeIgniter\Session\Handlers\FileHandler' driver.
INFO - 2023-07-05 06:28:51 --> Session: Class initialized using 'CodeIgniter\Session\Handlers\FileHandler' driver.
CRITICAL - 2023-07-05 06:28:51 --> You do not have sufficient permissions to access that page.
in VENDORPATH\myth\auth\src\Filters\RoleFilter.php on line 45.
 1 SYSTEMPATH\Filters\Filters.php(173): Myth\Auth\Filters\RoleFilter->before(Object(CodeIgniter\HTTP\IncomingRequest), [...])
 2 SYSTEMPATH\CodeIgniter.php(471): CodeIgniter\Filters\Filters->run('penjual/tambah_barang', 'before')
 3 SYSTEMPATH\CodeIgniter.php(366): CodeIgniter\CodeIgniter->handleRequest(null, Object(Config\Cache), false)
 4 FCPATH\index.php(67): CodeIgniter\CodeIgniter->run()
 5 SYSTEMPATH\Commands\Server\rewrite.php(47): require_once('D:\\PW2\\WP\\public\\index.php')
INFO - 2023-07-05 06:28:54 --> Session: Class initialized using 'CodeIgniter\Session\Handlers\FileHandler' driver.
INFO - 2023-07-05 06:28:57 --> Session: Class initialized using 'CodeIgniter\Session\Handlers\FileHandler' driver.
INFO - 2023-07-05 06:28:57 --> Session: Class initialized using 'CodeIgniter\Session\Handlers\FileHandler' driver.
INFO - 2023-07-05 06:29:44 --> Session: Class initialized using 'CodeIgniter\Session\Handlers\FileHandler' driver.
INFO - 2023-07-05 06:29:53 --> Session: Class initialized using 'CodeIgniter\Session\Handlers\FileHandler' driver.
INFO - 2023-07-05 06:29:54 --> Session: Class initialized using 'CodeIgniter\Session\Handlers\FileHandler' driver.
INFO - 2023-07-05 06:30:18 --> Session: Class initialized using 'CodeIgniter\Session\Handlers\FileHandler' driver.
INFO - 2023-07-05 06:32:07 --> Session: Class initialized using 'CodeIgniter\Session\Handlers\FileHandler' driver.
INFO - 2023-07-05 06:39:20 --> Session: Class initialized using 'CodeIgniter\Session\Handlers\FileHandler' driver.
INFO - 2023-07-05 06:39:25 --> Session: Class initialized using 'CodeIgniter\Session\Handlers\FileHandler' driver.
INFO - 2023-07-05 06:41:20 --> Session: Class initialized using 'CodeIgniter\Session\Handlers\FileHandler' driver.
INFO - 2023-07-05 06:41:22 --> Session: Class initialized using 'CodeIgniter\Session\Handlers\FileHandler' driver.
INFO - 2023-07-05 07:12:39 --> Session: Class initialized using 'CodeIgniter\Session\Handlers\FileHandler' driver.
INFO - 2023-07-05 07:12:43 --> Session: Class initialized using 'CodeIgniter\Session\Handlers\FileHandler' driver.
INFO - 2023-07-05 07:12:50 --> Session: Class initialized using 'CodeIgniter\Session\Handlers\FileHandler' driver.
INFO - 2023-07-05 07:12:50 --> Session: Class initialized using 'CodeIgniter\Session\Handlers\FileHandler' driver.
INFO - 2023-07-05 07:12:55 --> Session: Class initialized using 'CodeIgniter\Session\Handlers\FileHandler' driver.
INFO - 2023-07-05 07:13:39 --> Session: Class initialized using 'CodeIgniter\Session\Handlers\FileHandler' driver.
INFO - 2023-07-05 07:13:39 --> Session: Class initialized using 'CodeIgniter\Session\Handlers\FileHandler' driver.
INFO - 2023-07-05 07:13:49 --> Session: Class initialized using 'CodeIgniter\Session\Handlers\FileHandler' driver.
INFO - 2023-07-05 07:13:49 --> Session: Class initialized using 'CodeIgniter\Session\Handlers\FileHandler' driver.
INFO - 2023-07-05 07:14:00 --> Session: Class initialized using 'CodeIgniter\Session\Handlers\FileHandler' driver.
INFO - 2023-07-05 07:14:01 --> Session: Class initialized using 'CodeIgniter\Session\Handlers\FileHandler' driver.
INFO - 2023-07-05 07:14:11 --> Session: Class initialized using 'CodeIgniter\Session\Handlers\FileHandler' driver.
INFO - 2023-07-05 07:14:27 --> Session: Class initialized using 'CodeIgniter\Session\Handlers\FileHandler' driver.
INFO - 2023-07-05 07:14:27 --> Session: Class initialized using 'CodeIgniter\Session\Handlers\FileHandler' driver.
INFO - 2023-07-05 07:14:30 --> Session: Class initialized using 'CodeIgniter\Session\Handlers\FileHandler' driver.
INFO - 2023-07-05 07:14:43 --> Session: Class initialized using 'CodeIgniter\Session\Handlers\FileHandler' driver.
INFO - 2023-07-05 07:14:44 --> Session: Class initialized using 'CodeIgniter\Session\Handlers\FileHandler' driver.
INFO - 2023-07-05 07:14:52 --> Session: Class initialized using 'CodeIgniter\Session\Handlers\FileHandler' driver.
INFO - 2023-07-05 07:14:53 --> Session: Class initialized using 'CodeIgniter\Session\Handlers\FileHandler' driver.
INFO - 2023-07-05 07:20:01 --> Session: Class initialized using 'CodeIgniter\Session\Handlers\FileHandler' driver.
CRITICAL - 2023-07-05 07:20:01 --> You do not have sufficient permissions to access that page.
in VENDORPATH\myth\auth\src\Filters\RoleFilter.php on line 45.
 1 SYSTEMPATH\Filters\Filters.php(173): Myth\Auth\Filters\RoleFilter->before(Object(CodeIgniter\HTTP\IncomingRequest), [...])
 2 SYSTEMPATH\CodeIgniter.php(471): CodeIgniter\Filters\Filters->run('penjual/tambah_barang', 'before')
 3 SYSTEMPATH\CodeIgniter.php(366): CodeIgniter\CodeIgniter->handleRequest(null, Object(Config\Cache), false)
 4 FCPATH\index.php(67): CodeIgniter\CodeIgniter->run()
 5 SYSTEMPATH\Commands\Server\rewrite.php(47): require_once('D:\\PW2\\WP\\public\\index.php')
INFO - 2023-07-05 07:21:40 --> Session: Class initialized using 'CodeIgniter\Session\Handlers\FileHandler' driver.
INFO - 2023-07-05 07:21:46 --> Session: Class initialized using 'CodeIgniter\Session\Handlers\FileHandler' driver.
INFO - 2023-07-05 07:21:52 --> Session: Class initialized using 'CodeIgniter\Session\Handlers\FileHandler' driver.
INFO - 2023-07-05 07:21:53 --> Session: Class initialized using 'CodeIgniter\Session\Handlers\FileHandler' driver.
INFO - 2023-07-05 07:21:56 --> Session: Class initialized using 'CodeIgniter\Session\Handlers\FileHandler' driver.
INFO - 2023-07-05 07:22:13 --> Session: Class initialized using 'CodeIgniter\Session\Handlers\FileHandler' driver.
INFO - 2023-07-05 07:22:13 --> Session: Class initialized using 'CodeIgniter\Session\Handlers\FileHandler' driver.
INFO - 2023-07-05 07:22:38 --> Session: Class initialized using 'CodeIgniter\Session\Handlers\FileHandler' driver.
INFO - 2023-07-05 07:22:56 --> Session: Class initialized using 'CodeIgniter\Session\Handlers\FileHandler' driver.
INFO - 2023-07-05 07:22:59 --> Session: Class initialized using 'CodeIgniter\Session\Handlers\FileHandler' driver.
INFO - 2023-07-05 07:23:46 --> Session: Class initialized using 'CodeIgniter\Session\Handlers\FileHandler' driver.
INFO - 2023-07-05 07:24:05 --> Session: Class initialized using 'CodeIgniter\Session\Handlers\FileHandler' driver.
INFO - 2023-07-05 07:25:20 --> Session: Class initialized using 'CodeIgniter\Session\Handlers\FileHandler' driver.
INFO - 2023-07-05 07:25:33 --> Session: Class initialized using 'CodeIgniter\Session\Handlers\FileHandler' driver.
INFO - 2023-07-05 07:25:36 --> Session: Class initialized using 'CodeIgniter\Session\Handlers\FileHandler' driver.
INFO - 2023-07-05 07:26:04 --> Session: Class initialized using 'CodeIgniter\Session\Handlers\FileHandler' driver.
INFO - 2023-07-05 07:26:06 --> Session: Class initialized using 'CodeIgniter\Session\Handlers\FileHandler' driver.
INFO - 2023-07-05 07:26:16 --> Session: Class initialized using 'CodeIgniter\Session\Handlers\FileHandler' driver.
INFO - 2023-07-05 07:28:32 --> Session: Class initialized using 'CodeIgniter\Session\Handlers\FileHandler' driver.
INFO - 2023-07-05 07:29:58 --> Session: Class initialized using 'CodeIgniter\Session\Handlers\FileHandler' driver.
INFO - 2023-07-05 07:29:58 --> Session: Class initialized using 'CodeIgniter\Session\Handlers\FileHandler' driver.
INFO - 2023-07-05 08:03:09 --> Session: Class initialized using 'CodeIgniter\Session\Handlers\FileHandler' driver.
INFO - 2023-07-05 08:03:11 --> Session: Class initialized using 'CodeIgniter\Session\Handlers\FileHandler' driver.
INFO - 2023-07-05 08:03:11 --> Session: Class initialized using 'CodeIgniter\Session\Handlers\FileHandler' driver.
INFO - 2023-07-05 08:12:38 --> Session: Class initialized using 'CodeIgniter\Session\Handlers\FileHandler' driver.
INFO - 2023-07-05 08:12:51 --> Session: Class initialized using 'CodeIgniter\Session\Handlers\FileHandler' driver.
INFO - 2023-07-05 08:12:57 --> Session: Class initialized using 'CodeIgniter\Session\Handlers\FileHandler' driver.
INFO - 2023-07-05 08:13:30 --> Session: Class initialized using 'CodeIgniter\Session\Handlers\FileHandler' driver.
INFO - 2023-07-05 10:40:59 --> Session: Class initialized using 'CodeIgniter\Session\Handlers\FileHandler' driver.
INFO - 2023-07-05 10:41:07 --> Session: Class initialized using 'CodeIgniter\Session\Handlers\FileHandler' driver.
INFO - 2023-07-05 10:41:25 --> Session: Class initialized using 'CodeIgniter\Session\Handlers\FileHandler' driver.
INFO - 2023-07-05 10:41:43 --> Session: Class initialized using 'CodeIgniter\Session\Handlers\FileHandler' driver.
INFO - 2023-07-05 10:41:45 --> Session: Class initialized using 'CodeIgniter\Session\Handlers\FileHandler' driver.
INFO - 2023-07-05 10:41:55 --> Session: Class initialized using 'CodeIgniter\Session\Handlers\FileHandler' driver.
INFO - 2023-07-05 10:42:07 --> Session: Class initialized using 'CodeIgniter\Session\Handlers\FileHandler' driver.
ERROR - 2023-07-05 12:21:53 --> Error connecting to the database: mysqli_sql_exception: No connection could be made because the target machine actively refused it in D:\PW2\WP\vendor\codeigniter4\framework\system\Database\MySQLi\Connection.php:174
Stack trace:
#0 D:\PW2\WP\vendor\codeigniter4\framework\system\Database\MySQLi\Connection.php(174): mysqli->real_connect('localhost', 'root', '', 'warungpedia', 3306, '', 0)
#1 D:\PW2\WP\vendor\codeigniter4\framework\system\Database\BaseConnection.php(391): CodeIgniter\Database\MySQLi\Connection->connect(false)
#2 D:\PW2\WP\vendor\codeigniter4\framework\system\Database\BaseConnection.php(574): CodeIgniter\Database\BaseConnection->initialize()
#3 D:\PW2\WP\vendor\codeigniter4\framework\system\Database\BaseBuilder.php(1616): CodeIgniter\Database\BaseConnection->query('SELECT *\nFROM `...', Array, false)
#4 D:\PW2\WP\vendor\codeigniter4\framework\system\Model.php(241): CodeIgniter\Database\BaseBuilder->get()
#5 D:\PW2\WP\vendor\codeigniter4\framework\system\BaseModel.php(618): CodeIgniter\Model->doFindAll(0, 0)
#6 D:\PW2\WP\app\Models\Kecamatan.php(14): CodeIgniter\BaseModel->findAll()
#7 D:\PW2\WP\app\Controllers\Barang.php(55): App\Models\Kecamatan->getKecamatan()
#8 D:\PW2\WP\vendor\codeigniter4\framework\system\CodeIgniter.php(932): App\Controllers\Barang->register()
#9 D:\PW2\WP\vendor\codeigniter4\framework\system\CodeIgniter.php(497): CodeIgniter\CodeIgniter->runController(Object(App\Controllers\Barang))
#10 D:\PW2\WP\vendor\codeigniter4\framework\system\CodeIgniter.php(366): CodeIgniter\CodeIgniter->handleRequest(NULL, Object(Config\Cache), false)
#11 D:\PW2\WP\public\index.php(67): CodeIgniter\CodeIgniter->run()
#12 D:\PW2\WP\vendor\codeigniter4\framework\system\Commands\Server\rewrite.php(47): require_once('D:\\PW2\\WP\\publi...')
#13 {main}

Next CodeIgniter\Database\Exceptions\DatabaseException: No connection could be made because the target machine actively refused it in D:\PW2\WP\vendor\codeigniter4\framework\system\Database\MySQLi\Connection.php:218
Stack trace:
#0 D:\PW2\WP\vendor\codeigniter4\framework\system\Database\BaseConnection.php(391): CodeIgniter\Database\MySQLi\Connection->connect(false)
#1 D:\PW2\WP\vendor\codeigniter4\framework\system\Database\BaseConnection.php(574): CodeIgniter\Database\BaseConnection->initialize()
#2 D:\PW2\WP\vendor\codeigniter4\framework\system\Database\BaseBuilder.php(1616): CodeIgniter\Database\BaseConnection->query('SELECT *\nFROM `...', Array, false)
#3 D:\PW2\WP\vendor\codeigniter4\framework\system\Model.php(241): CodeIgniter\Database\BaseBuilder->get()
#4 D:\PW2\WP\vendor\codeigniter4\framework\system\BaseModel.php(618): CodeIgniter\Model->doFindAll(0, 0)
#5 D:\PW2\WP\app\Models\Kecamatan.php(14): CodeIgniter\BaseModel->findAll()
#6 D:\PW2\WP\app\Controllers\Barang.php(55): App\Models\Kecamatan->getKecamatan()
#7 D:\PW2\WP\vendor\codeigniter4\framework\system\CodeIgniter.php(932): App\Controllers\Barang->register()
#8 D:\PW2\WP\vendor\codeigniter4\framework\system\CodeIgniter.php(497): CodeIgniter\CodeIgniter->runController(Object(App\Controllers\Barang))
#9 D:\PW2\WP\vendor\codeigniter4\framework\system\CodeIgniter.php(366): CodeIgniter\CodeIgniter->handleRequest(NULL, Object(Config\Cache), false)
#10 D:\PW2\WP\public\index.php(67): CodeIgniter\CodeIgniter->run()
#11 D:\PW2\WP\vendor\codeigniter4\framework\system\Commands\Server\rewrite.php(47): require_once('D:\\PW2\\WP\\publi...')
#12 {main}
CRITICAL - 2023-07-05 12:21:53 --> Unable to connect to the database.
Main connection [MySQLi]: No connection could be made because the target machine actively refused it
in SYSTEMPATH\Database\BaseConnection.php on line 427.
 1 SYSTEMPATH\Database\BaseConnection.php(574): CodeIgniter\Database\BaseConnection->initialize()
 2 SYSTEMPATH\Database\BaseBuilder.php(1616): CodeIgniter\Database\BaseConnection->query('SELECT *
FROM `kecamatan`', [], false)
 3 SYSTEMPATH\Model.php(241): CodeIgniter\Database\BaseBuilder->get()
 4 SYSTEMPATH\BaseModel.php(618): CodeIgniter\Model->doFindAll(0, 0)
 5 APPPATH\Models\Kecamatan.php(14): CodeIgniter\BaseModel->findAll()
 6 APPPATH\Controllers\Barang.php(55): App\Models\Kecamatan->getKecamatan()
 7 SYSTEMPATH\CodeIgniter.php(932): App\Controllers\Barang->register()
 8 SYSTEMPATH\CodeIgniter.php(497): CodeIgniter\CodeIgniter->runController(Object(App\Controllers\Barang))
 9 SYSTEMPATH\CodeIgniter.php(366): CodeIgniter\CodeIgniter->handleRequest(null, Object(Config\Cache), false)
10 FCPATH\index.php(67): CodeIgniter\CodeIgniter->run()
11 SYSTEMPATH\Commands\Server\rewrite.php(47): require_once('D:\\PW2\\WP\\public\\index.php')
INFO - 2023-07-05 12:21:53 --> Session: Class initialized using 'CodeIgniter\Session\Handlers\FileHandler' driver.
ERROR - 2023-07-05 12:21:57 --> Error connecting to the database: mysqli_sql_exception: No connection could be made because the target machine actively refused it in D:\PW2\WP\vendor\codeigniter4\framework\system\Database\MySQLi\Connection.php:174
Stack trace:
#0 D:\PW2\WP\vendor\codeigniter4\framework\system\Database\MySQLi\Connection.php(174): mysqli->real_connect('localhost', 'root', '', 'warungpedia', 3306, '', 0)
#1 D:\PW2\WP\vendor\codeigniter4\framework\system\Database\BaseConnection.php(391): CodeIgniter\Database\MySQLi\Connection->connect(false)
#2 D:\PW2\WP\vendor\codeigniter4\framework\system\Database\BaseConnection.php(574): CodeIgniter\Database\BaseConnection->initialize()
#3 D:\PW2\WP\vendor\codeigniter4\framework\system\Database\BaseBuilder.php(1616): CodeIgniter\Database\BaseConnection->query('SELECT `pembeli...', Array, false)
#4 D:\PW2\WP\app\Models\PembeliModel.php(18): CodeIgniter\Database\BaseBuilder->get()
#5 D:\PW2\WP\app\Controllers\Barang.php(46): App\Models\PembeliModel->getProfil(NULL)
#6 D:\PW2\WP\vendor\codeigniter4\framework\system\CodeIgniter.php(932): App\Controllers\Barang->login()
#7 D:\PW2\WP\vendor\codeigniter4\framework\system\CodeIgniter.php(497): CodeIgniter\CodeIgniter->runController(Object(App\Controllers\Barang))
#8 D:\PW2\WP\vendor\codeigniter4\framework\system\CodeIgniter.php(366): CodeIgniter\CodeIgniter->handleRequest(NULL, Object(Config\Cache), false)
#9 D:\PW2\WP\public\index.php(67): CodeIgniter\CodeIgniter->run()
#10 D:\PW2\WP\vendor\codeigniter4\framework\system\Commands\Server\rewrite.php(47): require_once('D:\\PW2\\WP\\publi...')
#11 {main}

Next CodeIgniter\Database\Exceptions\DatabaseException: No connection could be made because the target machine actively refused it in D:\PW2\WP\vendor\codeigniter4\framework\system\Database\MySQLi\Connection.php:218
Stack trace:
#0 D:\PW2\WP\vendor\codeigniter4\framework\system\Database\BaseConnection.php(391): CodeIgniter\Database\MySQLi\Connection->connect(false)
#1 D:\PW2\WP\vendor\codeigniter4\framework\system\Database\BaseConnection.php(574): CodeIgniter\Database\BaseConnection->initialize()
#2 D:\PW2\WP\vendor\codeigniter4\framework\system\Database\BaseBuilder.php(1616): CodeIgniter\Database\BaseConnection->query('SELECT `pembeli...', Array, false)
#3 D:\PW2\WP\app\Models\PembeliModel.php(18): CodeIgniter\Database\BaseBuilder->get()
#4 D:\PW2\WP\app\Controllers\Barang.php(46): App\Models\PembeliModel->getProfil(NULL)
#5 D:\PW2\WP\vendor\codeigniter4\framework\system\CodeIgniter.php(932): App\Controllers\Barang->login()
#6 D:\PW2\WP\vendor\codeigniter4\framework\system\CodeIgniter.php(497): CodeIgniter\CodeIgniter->runController(Object(App\Controllers\Barang))
#7 D:\PW2\WP\vendor\codeigniter4\framework\system\CodeIgniter.php(366): CodeIgniter\CodeIgniter->handleRequest(NULL, Object(Config\Cache), false)
#8 D:\PW2\WP\public\index.php(67): CodeIgniter\CodeIgniter->run()
#9 D:\PW2\WP\vendor\codeigniter4\framework\system\Commands\Server\rewrite.php(47): require_once('D:\\PW2\\WP\\publi...')
#10 {main}
CRITICAL - 2023-07-05 12:21:57 --> Unable to connect to the database.
Main connection [MySQLi]: No connection could be made because the target machine actively refused it
in SYSTEMPATH\Database\BaseConnection.php on line 427.
 1 SYSTEMPATH\Database\BaseConnection.php(574): CodeIgniter\Database\BaseConnection->initialize()
 2 SYSTEMPATH\Database\BaseBuilder.php(1616): CodeIgniter\Database\BaseConnection->query('SELECT `pembeli`.`nama`, `pembeli`.`alamat`, `pembeli`.`email`, `pembeli`.`foto_pembeli`, `pembeli`.`fk_id_kecamatan`, `pembeli`.`fk_id_desa`, `pembeli`.`telepon`
FROM `pembeli`
JOIN `users` ON `pembeli`.`email` = `users`.`email`
WHERE `pembeli`.`email` IS NULL', [], false)
 3 APPPATH\Models\PembeliModel.php(18): CodeIgniter\Database\BaseBuilder->get()
 4 APPPATH\Controllers\Barang.php(46): App\Models\PembeliModel->getProfil(null)
 5 SYSTEMPATH\CodeIgniter.php(932): App\Controllers\Barang->login()
 6 SYSTEMPATH\CodeIgniter.php(497): CodeIgniter\CodeIgniter->runController(Object(App\Controllers\Barang))
 7 SYSTEMPATH\CodeIgniter.php(366): CodeIgniter\CodeIgniter->handleRequest(null, Object(Config\Cache), false)
 8 FCPATH\index.php(67): CodeIgniter\CodeIgniter->run()
 9 SYSTEMPATH\Commands\Server\rewrite.php(47): require_once('D:\\PW2\\WP\\public\\index.php')
INFO - 2023-07-05 12:54:27 --> Session: Class initialized using 'CodeIgniter\Session\Handlers\FileHandler' driver.
INFO - 2023-07-05 13:01:36 --> Session: Class initialized using 'CodeIgniter\Session\Handlers\FileHandler' driver.
CRITICAL - 2023-07-05 13:15:58 --> Undefined variable $b_detail
in APPPATH\Views\Penjual\profil.php on line 14.
 1 APPPATH\Views\Penjual\profil.php(14): CodeIgniter\Debug\Exceptions->errorHandler(2, 'Undefined variable $b_detail', 'D:\\PW2\\WP\\app\\Views\\Penjual\\profil.php', 14)
 2 SYSTEMPATH\View\View.php(224): include('D:\\PW2\\WP\\app\\Views\\Penjual\\profil.php')
 3 SYSTEMPATH\View\View.php(227): CodeIgniter\View\View->CodeIgniter\View\{closure}()
 4 SYSTEMPATH\Common.php(1180): CodeIgniter\View\View->render('Penjual/profil', [], true)
 5 APPPATH\Controllers\Page.php(40): view('Penjual/profil')
 6 SYSTEMPATH\CodeIgniter.php(932): App\Controllers\Page->profil()
 7 SYSTEMPATH\CodeIgniter.php(497): CodeIgniter\CodeIgniter->runController(Object(App\Controllers\Page))
 8 SYSTEMPATH\CodeIgniter.php(366): CodeIgniter\CodeIgniter->handleRequest(null, Object(Config\Cache), false)
 9 FCPATH\index.php(67): CodeIgniter\CodeIgniter->run()
10 SYSTEMPATH\Commands\Server\rewrite.php(47): require_once('D:\\PW2\\WP\\public\\index.php')
CRITICAL - 2023-07-05 13:22:21 --> Undefined variable $pembeli
in APPPATH\Views\Penjual\profil.php on line 16.
 1 APPPATH\Views\Penjual\profil.php(16): CodeIgniter\Debug\Exceptions->errorHandler(2, 'Undefined variable $pembeli', 'D:\\PW2\\WP\\app\\Views\\Penjual\\profil.php', 16)
 2 SYSTEMPATH\View\View.php(224): include('D:\\PW2\\WP\\app\\Views\\Penjual\\profil.php')
 3 SYSTEMPATH\View\View.php(227): CodeIgniter\View\View->CodeIgniter\View\{closure}()
 4 SYSTEMPATH\Common.php(1180): CodeIgniter\View\View->render('Penjual/profil', [], true)
 5 APPPATH\Controllers\Page.php(40): view('Penjual/profil')
 6 SYSTEMPATH\CodeIgniter.php(932): App\Controllers\Page->profil()
 7 SYSTEMPATH\CodeIgniter.php(497): CodeIgniter\CodeIgniter->runController(Object(App\Controllers\Page))
 8 SYSTEMPATH\CodeIgniter.php(366): CodeIgniter\CodeIgniter->handleRequest(null, Object(Config\Cache), false)
 9 FCPATH\index.php(67): CodeIgniter\CodeIgniter->run()
10 SYSTEMPATH\Commands\Server\rewrite.php(47): require_once('D:\\PW2\\WP\\public\\index.php')
INFO - 2023-07-05 13:22:22 --> Session: Class initialized using 'CodeIgniter\Session\Handlers\FileHandler' driver.
ERROR - 2023-07-05 13:22:26 --> Error connecting to the database: mysqli_sql_exception: No connection could be made because the target machine actively refused it in D:\PW2\WP\vendor\codeigniter4\framework\system\Database\MySQLi\Connection.php:174
Stack trace:
#0 D:\PW2\WP\vendor\codeigniter4\framework\system\Database\MySQLi\Connection.php(174): mysqli->real_connect('localhost', 'root', '', 'warungpedia', 3306, '', 0)
#1 D:\PW2\WP\vendor\codeigniter4\framework\system\Database\BaseConnection.php(391): CodeIgniter\Database\MySQLi\Connection->connect(false)
#2 D:\PW2\WP\vendor\codeigniter4\framework\system\Database\BaseConnection.php(574): CodeIgniter\Database\BaseConnection->initialize()
#3 D:\PW2\WP\vendor\codeigniter4\framework\system\Database\BaseBuilder.php(1616): CodeIgniter\Database\BaseConnection->query('SELECT `pembeli...', Array, false)
#4 D:\PW2\WP\app\Models\PembeliModel.php(18): CodeIgniter\Database\BaseBuilder->get()
#5 D:\PW2\WP\app\Controllers\Barang.php(35): App\Models\PembeliModel->getProfil(NULL)
#6 D:\PW2\WP\vendor\codeigniter4\framework\system\CodeIgniter.php(932): App\Controllers\Barang->index()
#7 D:\PW2\WP\vendor\codeigniter4\framework\system\CodeIgniter.php(497): CodeIgniter\CodeIgniter->runController(Object(App\Controllers\Barang))
#8 D:\PW2\WP\vendor\codeigniter4\framework\system\CodeIgniter.php(366): CodeIgniter\CodeIgniter->handleRequest(NULL, Object(Config\Cache), false)
#9 D:\PW2\WP\public\index.php(67): CodeIgniter\CodeIgniter->run()
#10 D:\PW2\WP\vendor\codeigniter4\framework\system\Commands\Server\rewrite.php(47): require_once('D:\\PW2\\WP\\publi...')
#11 {main}

Next CodeIgniter\Database\Exceptions\DatabaseException: No connection could be made because the target machine actively refused it in D:\PW2\WP\vendor\codeigniter4\framework\system\Database\MySQLi\Connection.php:218
Stack trace:
#0 D:\PW2\WP\vendor\codeigniter4\framework\system\Database\BaseConnection.php(391): CodeIgniter\Database\MySQLi\Connection->connect(false)
#1 D:\PW2\WP\vendor\codeigniter4\framework\system\Database\BaseConnection.php(574): CodeIgniter\Database\BaseConnection->initialize()
#2 D:\PW2\WP\vendor\codeigniter4\framework\system\Database\BaseBuilder.php(1616): CodeIgniter\Database\BaseConnection->query('SELECT `pembeli...', Array, false)
#3 D:\PW2\WP\app\Models\PembeliModel.php(18): CodeIgniter\Database\BaseBuilder->get()
#4 D:\PW2\WP\app\Controllers\Barang.php(35): App\Models\PembeliModel->getProfil(NULL)
#5 D:\PW2\WP\vendor\codeigniter4\framework\system\CodeIgniter.php(932): App\Controllers\Barang->index()
#6 D:\PW2\WP\vendor\codeigniter4\framework\system\CodeIgniter.php(497): CodeIgniter\CodeIgniter->runController(Object(App\Controllers\Barang))
#7 D:\PW2\WP\vendor\codeigniter4\framework\system\CodeIgniter.php(366): CodeIgniter\CodeIgniter->handleRequest(NULL, Object(Config\Cache), false)
#8 D:\PW2\WP\public\index.php(67): CodeIgniter\CodeIgniter->run()
#9 D:\PW2\WP\vendor\codeigniter4\framework\system\Commands\Server\rewrite.php(47): require_once('D:\\PW2\\WP\\publi...')
#10 {main}
CRITICAL - 2023-07-05 13:22:26 --> Unable to connect to the database.
Main connection [MySQLi]: No connection could be made because the target machine actively refused it
in SYSTEMPATH\Database\BaseConnection.php on line 427.
 1 SYSTEMPATH\Database\BaseConnection.php(574): CodeIgniter\Database\BaseConnection->initialize()
 2 SYSTEMPATH\Database\BaseBuilder.php(1616): CodeIgniter\Database\BaseConnection->query('SELECT `pembeli`.`nama`, `pembeli`.`alamat`, `pembeli`.`email`, `pembeli`.`foto_pembeli`, `pembeli`.`fk_id_kecamatan`, `pembeli`.`fk_id_desa`, `pembeli`.`telepon`
FROM `pembeli`
JOIN `users` ON `pembeli`.`email` = `users`.`email`
WHERE `pembeli`.`email` IS NULL', [], false)
 3 APPPATH\Models\PembeliModel.php(18): CodeIgniter\Database\BaseBuilder->get()
 4 APPPATH\Controllers\Barang.php(35): App\Models\PembeliModel->getProfil(null)
 5 SYSTEMPATH\CodeIgniter.php(932): App\Controllers\Barang->index()
 6 SYSTEMPATH\CodeIgniter.php(497): CodeIgniter\CodeIgniter->runController(Object(App\Controllers\Barang))
 7 SYSTEMPATH\CodeIgniter.php(366): CodeIgniter\CodeIgniter->handleRequest(null, Object(Config\Cache), false)
 8 FCPATH\index.php(67): CodeIgniter\CodeIgniter->run()
 9 SYSTEMPATH\Commands\Server\rewrite.php(47): require_once('D:\\PW2\\WP\\public\\index.php')
ERROR - 2023-07-05 13:22:30 --> Error connecting to the database: mysqli_sql_exception: No connection could be made because the target machine actively refused it in D:\PW2\WP\vendor\codeigniter4\framework\system\Database\MySQLi\Connection.php:174
Stack trace:
#0 D:\PW2\WP\vendor\codeigniter4\framework\system\Database\MySQLi\Connection.php(174): mysqli->real_connect('localhost', 'root', '', 'warungpedia', 3306, '', 0)
#1 D:\PW2\WP\vendor\codeigniter4\framework\system\Database\BaseConnection.php(391): CodeIgniter\Database\MySQLi\Connection->connect(false)
#2 D:\PW2\WP\vendor\codeigniter4\framework\system\Database\BaseConnection.php(574): CodeIgniter\Database\BaseConnection->initialize()
#3 D:\PW2\WP\vendor\codeigniter4\framework\system\Database\BaseBuilder.php(1616): CodeIgniter\Database\BaseConnection->query('SELECT *\nFROM `...', Array, false)
#4 D:\PW2\WP\vendor\codeigniter4\framework\system\Model.php(241): CodeIgniter\Database\BaseBuilder->get()
#5 D:\PW2\WP\vendor\codeigniter4\framework\system\BaseModel.php(618): CodeIgniter\Model->doFindAll(0, 0)
#6 D:\PW2\WP\app\Models\Kecamatan.php(14): CodeIgniter\BaseModel->findAll()
#7 D:\PW2\WP\app\Controllers\Barang.php(55): App\Models\Kecamatan->getKecamatan()
#8 D:\PW2\WP\vendor\codeigniter4\framework\system\CodeIgniter.php(932): App\Controllers\Barang->register()
#9 D:\PW2\WP\vendor\codeigniter4\framework\system\CodeIgniter.php(497): CodeIgniter\CodeIgniter->runController(Object(App\Controllers\Barang))
#10 D:\PW2\WP\vendor\codeigniter4\framework\system\CodeIgniter.php(366): CodeIgniter\CodeIgniter->handleRequest(NULL, Object(Config\Cache), false)
#11 D:\PW2\WP\public\index.php(67): CodeIgniter\CodeIgniter->run()
#12 D:\PW2\WP\vendor\codeigniter4\framework\system\Commands\Server\rewrite.php(47): require_once('D:\\PW2\\WP\\publi...')
#13 {main}

Next CodeIgniter\Database\Exceptions\DatabaseException: No connection could be made because the target machine actively refused it in D:\PW2\WP\vendor\codeigniter4\framework\system\Database\MySQLi\Connection.php:218
Stack trace:
#0 D:\PW2\WP\vendor\codeigniter4\framework\system\Database\BaseConnection.php(391): CodeIgniter\Database\MySQLi\Connection->connect(false)
#1 D:\PW2\WP\vendor\codeigniter4\framework\system\Database\BaseConnection.php(574): CodeIgniter\Database\BaseConnection->initialize()
#2 D:\PW2\WP\vendor\codeigniter4\framework\system\Database\BaseBuilder.php(1616): CodeIgniter\Database\BaseConnection->query('SELECT *\nFROM `...', Array, false)
#3 D:\PW2\WP\vendor\codeigniter4\framework\system\Model.php(241): CodeIgniter\Database\BaseBuilder->get()
#4 D:\PW2\WP\vendor\codeigniter4\framework\system\BaseModel.php(618): CodeIgniter\Model->doFindAll(0, 0)
#5 D:\PW2\WP\app\Models\Kecamatan.php(14): CodeIgniter\BaseModel->findAll()
#6 D:\PW2\WP\app\Controllers\Barang.php(55): App\Models\Kecamatan->getKecamatan()
#7 D:\PW2\WP\vendor\codeigniter4\framework\system\CodeIgniter.php(932): App\Controllers\Barang->register()
#8 D:\PW2\WP\vendor\codeigniter4\framework\system\CodeIgniter.php(497): CodeIgniter\CodeIgniter->runController(Object(App\Controllers\Barang))
#9 D:\PW2\WP\vendor\codeigniter4\framework\system\CodeIgniter.php(366): CodeIgniter\CodeIgniter->handleRequest(NULL, Object(Config\Cache), false)
#10 D:\PW2\WP\public\index.php(67): CodeIgniter\CodeIgniter->run()
#11 D:\PW2\WP\vendor\codeigniter4\framework\system\Commands\Server\rewrite.php(47): require_once('D:\\PW2\\WP\\publi...')
#12 {main}
CRITICAL - 2023-07-05 13:22:30 --> Unable to connect to the database.
Main connection [MySQLi]: No connection could be made because the target machine actively refused it
in SYSTEMPATH\Database\BaseConnection.php on line 427.
 1 SYSTEMPATH\Database\BaseConnection.php(574): CodeIgniter\Database\BaseConnection->initialize()
 2 SYSTEMPATH\Database\BaseBuilder.php(1616): CodeIgniter\Database\BaseConnection->query('SELECT *
FROM `kecamatan`', [], false)
 3 SYSTEMPATH\Model.php(241): CodeIgniter\Database\BaseBuilder->get()
 4 SYSTEMPATH\BaseModel.php(618): CodeIgniter\Model->doFindAll(0, 0)
 5 APPPATH\Models\Kecamatan.php(14): CodeIgniter\BaseModel->findAll()
 6 APPPATH\Controllers\Barang.php(55): App\Models\Kecamatan->getKecamatan()
 7 SYSTEMPATH\CodeIgniter.php(932): App\Controllers\Barang->register()
 8 SYSTEMPATH\CodeIgniter.php(497): CodeIgniter\CodeIgniter->runController(Object(App\Controllers\Barang))
 9 SYSTEMPATH\CodeIgniter.php(366): CodeIgniter\CodeIgniter->handleRequest(null, Object(Config\Cache), false)
10 FCPATH\index.php(67): CodeIgniter\CodeIgniter->run()
11 SYSTEMPATH\Commands\Server\rewrite.php(47): require_once('D:\\PW2\\WP\\public\\index.php')
INFO - 2023-07-05 13:22:30 --> Session: Class initialized using 'CodeIgniter\Session\Handlers\FileHandler' driver.
ERROR - 2023-07-05 13:22:34 --> Error connecting to the database: mysqli_sql_exception: No connection could be made because the target machine actively refused it in D:\PW2\WP\vendor\codeigniter4\framework\system\Database\MySQLi\Connection.php:174
Stack trace:
#0 D:\PW2\WP\vendor\codeigniter4\framework\system\Database\MySQLi\Connection.php(174): mysqli->real_connect('localhost', 'root', '', 'warungpedia', 3306, '', 0)
#1 D:\PW2\WP\vendor\codeigniter4\framework\system\Database\BaseConnection.php(391): CodeIgniter\Database\MySQLi\Connection->connect(false)
#2 D:\PW2\WP\vendor\codeigniter4\framework\system\Database\BaseConnection.php(574): CodeIgniter\Database\BaseConnection->initialize()
#3 D:\PW2\WP\vendor\codeigniter4\framework\system\Database\BaseBuilder.php(1616): CodeIgniter\Database\BaseConnection->query('SELECT `pembeli...', Array, false)
#4 D:\PW2\WP\app\Models\PembeliModel.php(18): CodeIgniter\Database\BaseBuilder->get()
#5 D:\PW2\WP\app\Controllers\Barang.php(46): App\Models\PembeliModel->getProfil(NULL)
#6 D:\PW2\WP\vendor\codeigniter4\framework\system\CodeIgniter.php(932): App\Controllers\Barang->login()
#7 D:\PW2\WP\vendor\codeigniter4\framework\system\CodeIgniter.php(497): CodeIgniter\CodeIgniter->runController(Object(App\Controllers\Barang))
#8 D:\PW2\WP\vendor\codeigniter4\framework\system\CodeIgniter.php(366): CodeIgniter\CodeIgniter->handleRequest(NULL, Object(Config\Cache), false)
#9 D:\PW2\WP\public\index.php(67): CodeIgniter\CodeIgniter->run()
#10 D:\PW2\WP\vendor\codeigniter4\framework\system\Commands\Server\rewrite.php(47): require_once('D:\\PW2\\WP\\publi...')
#11 {main}

Next CodeIgniter\Database\Exceptions\DatabaseException: No connection could be made because the target machine actively refused it in D:\PW2\WP\vendor\codeigniter4\framework\system\Database\MySQLi\Connection.php:218
Stack trace:
#0 D:\PW2\WP\vendor\codeigniter4\framework\system\Database\BaseConnection.php(391): CodeIgniter\Database\MySQLi\Connection->connect(false)
#1 D:\PW2\WP\vendor\codeigniter4\framework\system\Database\BaseConnection.php(574): CodeIgniter\Database\BaseConnection->initialize()
#2 D:\PW2\WP\vendor\codeigniter4\framework\system\Database\BaseBuilder.php(1616): CodeIgniter\Database\BaseConnection->query('SELECT `pembeli...', Array, false)
#3 D:\PW2\WP\app\Models\PembeliModel.php(18): CodeIgniter\Database\BaseBuilder->get()
#4 D:\PW2\WP\app\Controllers\Barang.php(46): App\Models\PembeliModel->getProfil(NULL)
#5 D:\PW2\WP\vendor\codeigniter4\framework\system\CodeIgniter.php(932): App\Controllers\Barang->login()
#6 D:\PW2\WP\vendor\codeigniter4\framework\system\CodeIgniter.php(497): CodeIgniter\CodeIgniter->runController(Object(App\Controllers\Barang))
#7 D:\PW2\WP\vendor\codeigniter4\framework\system\CodeIgniter.php(366): CodeIgniter\CodeIgniter->handleRequest(NULL, Object(Config\Cache), false)
#8 D:\PW2\WP\public\index.php(67): CodeIgniter\CodeIgniter->run()
#9 D:\PW2\WP\vendor\codeigniter4\framework\system\Commands\Server\rewrite.php(47): require_once('D:\\PW2\\WP\\publi...')
#10 {main}
CRITICAL - 2023-07-05 13:22:34 --> Unable to connect to the database.
Main connection [MySQLi]: No connection could be made because the target machine actively refused it
in SYSTEMPATH\Database\BaseConnection.php on line 427.
 1 SYSTEMPATH\Database\BaseConnection.php(574): CodeIgniter\Database\BaseConnection->initialize()
 2 SYSTEMPATH\Database\BaseBuilder.php(1616): CodeIgniter\Database\BaseConnection->query('SELECT `pembeli`.`nama`, `pembeli`.`alamat`, `pembeli`.`email`, `pembeli`.`foto_pembeli`, `pembeli`.`fk_id_kecamatan`, `pembeli`.`fk_id_desa`, `pembeli`.`telepon`
FROM `pembeli`
JOIN `users` ON `pembeli`.`email` = `users`.`email`
WHERE `pembeli`.`email` IS NULL', [], false)
 3 APPPATH\Models\PembeliModel.php(18): CodeIgniter\Database\BaseBuilder->get()
 4 APPPATH\Controllers\Barang.php(46): App\Models\PembeliModel->getProfil(null)
 5 SYSTEMPATH\CodeIgniter.php(932): App\Controllers\Barang->login()
 6 SYSTEMPATH\CodeIgniter.php(497): CodeIgniter\CodeIgniter->runController(Object(App\Controllers\Barang))
 7 SYSTEMPATH\CodeIgniter.php(366): CodeIgniter\CodeIgniter->handleRequest(null, Object(Config\Cache), false)
 8 FCPATH\index.php(67): CodeIgniter\CodeIgniter->run()
 9 SYSTEMPATH\Commands\Server\rewrite.php(47): require_once('D:\\PW2\\WP\\public\\index.php')
ERROR - 2023-07-05 13:22:39 --> Error connecting to the database: mysqli_sql_exception: No connection could be made because the target machine actively refused it in D:\PW2\WP\vendor\codeigniter4\framework\system\Database\MySQLi\Connection.php:174
Stack trace:
#0 D:\PW2\WP\vendor\codeigniter4\framework\system\Database\MySQLi\Connection.php(174): mysqli->real_connect('localhost', 'root', '', 'warungpedia', 3306, '', 0)
#1 D:\PW2\WP\vendor\codeigniter4\framework\system\Database\BaseConnection.php(391): CodeIgniter\Database\MySQLi\Connection->connect(false)
#2 D:\PW2\WP\vendor\codeigniter4\framework\system\Database\BaseConnection.php(574): CodeIgniter\Database\BaseConnection->initialize()
#3 D:\PW2\WP\vendor\codeigniter4\framework\system\Database\BaseBuilder.php(1616): CodeIgniter\Database\BaseConnection->query('SELECT *\nFROM `...', Array, false)
#4 D:\PW2\WP\vendor\codeigniter4\framework\system\Model.php(241): CodeIgniter\Database\BaseBuilder->get()
#5 D:\PW2\WP\vendor\codeigniter4\framework\system\BaseModel.php(618): CodeIgniter\Model->doFindAll(0, 0)
#6 D:\PW2\WP\app\Models\Kecamatan.php(14): CodeIgniter\BaseModel->findAll()
#7 D:\PW2\WP\app\Controllers\Barang.php(55): App\Models\Kecamatan->getKecamatan()
#8 D:\PW2\WP\vendor\codeigniter4\framework\system\CodeIgniter.php(932): App\Controllers\Barang->register()
#9 D:\PW2\WP\vendor\codeigniter4\framework\system\CodeIgniter.php(497): CodeIgniter\CodeIgniter->runController(Object(App\Controllers\Barang))
#10 D:\PW2\WP\vendor\codeigniter4\framework\system\CodeIgniter.php(366): CodeIgniter\CodeIgniter->handleRequest(NULL, Object(Config\Cache), false)
#11 D:\PW2\WP\public\index.php(67): CodeIgniter\CodeIgniter->run()
#12 D:\PW2\WP\vendor\codeigniter4\framework\system\Commands\Server\rewrite.php(47): require_once('D:\\PW2\\WP\\publi...')
#13 {main}

Next CodeIgniter\Database\Exceptions\DatabaseException: No connection could be made because the target machine actively refused it in D:\PW2\WP\vendor\codeigniter4\framework\system\Database\MySQLi\Connection.php:218
Stack trace:
#0 D:\PW2\WP\vendor\codeigniter4\framework\system\Database\BaseConnection.php(391): CodeIgniter\Database\MySQLi\Connection->connect(false)
#1 D:\PW2\WP\vendor\codeigniter4\framework\system\Database\BaseConnection.php(574): CodeIgniter\Database\BaseConnection->initialize()
#2 D:\PW2\WP\vendor\codeigniter4\framework\system\Database\BaseBuilder.php(1616): CodeIgniter\Database\BaseConnection->query('SELECT *\nFROM `...', Array, false)
#3 D:\PW2\WP\vendor\codeigniter4\framework\system\Model.php(241): CodeIgniter\Database\BaseBuilder->get()
#4 D:\PW2\WP\vendor\codeigniter4\framework\system\BaseModel.php(618): CodeIgniter\Model->doFindAll(0, 0)
#5 D:\PW2\WP\app\Models\Kecamatan.php(14): CodeIgniter\BaseModel->findAll()
#6 D:\PW2\WP\app\Controllers\Barang.php(55): App\Models\Kecamatan->getKecamatan()
#7 D:\PW2\WP\vendor\codeigniter4\framework\system\CodeIgniter.php(932): App\Controllers\Barang->register()
#8 D:\PW2\WP\vendor\codeigniter4\framework\system\CodeIgniter.php(497): CodeIgniter\CodeIgniter->runController(Object(App\Controllers\Barang))
#9 D:\PW2\WP\vendor\codeigniter4\framework\system\CodeIgniter.php(366): CodeIgniter\CodeIgniter->handleRequest(NULL, Object(Config\Cache), false)
#10 D:\PW2\WP\public\index.php(67): CodeIgniter\CodeIgniter->run()
#11 D:\PW2\WP\vendor\codeigniter4\framework\system\Commands\Server\rewrite.php(47): require_once('D:\\PW2\\WP\\publi...')
#12 {main}
CRITICAL - 2023-07-05 13:22:39 --> Unable to connect to the database.
Main connection [MySQLi]: No connection could be made because the target machine actively refused it
in SYSTEMPATH\Database\BaseConnection.php on line 427.
 1 SYSTEMPATH\Database\BaseConnection.php(574): CodeIgniter\Database\BaseConnection->initialize()
 2 SYSTEMPATH\Database\BaseBuilder.php(1616): CodeIgniter\Database\BaseConnection->query('SELECT *
FROM `kecamatan`', [], false)
 3 SYSTEMPATH\Model.php(241): CodeIgniter\Database\BaseBuilder->get()
 4 SYSTEMPATH\BaseModel.php(618): CodeIgniter\Model->doFindAll(0, 0)
 5 APPPATH\Models\Kecamatan.php(14): CodeIgniter\BaseModel->findAll()
 6 APPPATH\Controllers\Barang.php(55): App\Models\Kecamatan->getKecamatan()
 7 SYSTEMPATH\CodeIgniter.php(932): App\Controllers\Barang->register()
 8 SYSTEMPATH\CodeIgniter.php(497): CodeIgniter\CodeIgniter->runController(Object(App\Controllers\Barang))
 9 SYSTEMPATH\CodeIgniter.php(366): CodeIgniter\CodeIgniter->handleRequest(null, Object(Config\Cache), false)
10 FCPATH\index.php(67): CodeIgniter\CodeIgniter->run()
11 SYSTEMPATH\Commands\Server\rewrite.php(47): require_once('D:\\PW2\\WP\\public\\index.php')
CRITICAL - 2023-07-05 13:22:39 --> Undefined variable $pembeli
in APPPATH\Views\Penjual\profil.php on line 16.
 1 APPPATH\Views\Penjual\profil.php(16): CodeIgniter\Debug\Exceptions->errorHandler(2, 'Undefined variable $pembeli', 'D:\\PW2\\WP\\app\\Views\\Penjual\\profil.php', 16)
 2 SYSTEMPATH\View\View.php(224): include('D:\\PW2\\WP\\app\\Views\\Penjual\\profil.php')
 3 SYSTEMPATH\View\View.php(227): CodeIgniter\View\View->CodeIgniter\View\{closure}()
 4 SYSTEMPATH\Common.php(1180): CodeIgniter\View\View->render('Penjual/profil', [], true)
 5 APPPATH\Controllers\Page.php(40): view('Penjual/profil')
 6 SYSTEMPATH\CodeIgniter.php(932): App\Controllers\Page->profil()
 7 SYSTEMPATH\CodeIgniter.php(497): CodeIgniter\CodeIgniter->runController(Object(App\Controllers\Page))
 8 SYSTEMPATH\CodeIgniter.php(366): CodeIgniter\CodeIgniter->handleRequest(null, Object(Config\Cache), false)
 9 FCPATH\index.php(67): CodeIgniter\CodeIgniter->run()
10 SYSTEMPATH\Commands\Server\rewrite.php(47): require_once('D:\\PW2\\WP\\public\\index.php')
INFO - 2023-07-05 13:22:40 --> Session: Class initialized using 'CodeIgniter\Session\Handlers\FileHandler' driver.
ERROR - 2023-07-05 13:22:44 --> Error connecting to the database: mysqli_sql_exception: No connection could be made because the target machine actively refused it in D:\PW2\WP\vendor\codeigniter4\framework\system\Database\MySQLi\Connection.php:174
Stack trace:
#0 D:\PW2\WP\vendor\codeigniter4\framework\system\Database\MySQLi\Connection.php(174): mysqli->real_connect('localhost', 'root', '', 'warungpedia', 3306, '', 0)
#1 D:\PW2\WP\vendor\codeigniter4\framework\system\Database\BaseConnection.php(391): CodeIgniter\Database\MySQLi\Connection->connect(false)
#2 D:\PW2\WP\vendor\codeigniter4\framework\system\Database\BaseConnection.php(574): CodeIgniter\Database\BaseConnection->initialize()
#3 D:\PW2\WP\vendor\codeigniter4\framework\system\Database\BaseBuilder.php(1616): CodeIgniter\Database\BaseConnection->query('SELECT `pembeli...', Array, false)
#4 D:\PW2\WP\app\Models\PembeliModel.php(18): CodeIgniter\Database\BaseBuilder->get()
#5 D:\PW2\WP\app\Controllers\Barang.php(35): App\Models\PembeliModel->getProfil(NULL)
#6 D:\PW2\WP\vendor\codeigniter4\framework\system\CodeIgniter.php(932): App\Controllers\Barang->index()
#7 D:\PW2\WP\vendor\codeigniter4\framework\system\CodeIgniter.php(497): CodeIgniter\CodeIgniter->runController(Object(App\Controllers\Barang))
#8 D:\PW2\WP\vendor\codeigniter4\framework\system\CodeIgniter.php(366): CodeIgniter\CodeIgniter->handleRequest(NULL, Object(Config\Cache), false)
#9 D:\PW2\WP\public\index.php(67): CodeIgniter\CodeIgniter->run()
#10 D:\PW2\WP\vendor\codeigniter4\framework\system\Commands\Server\rewrite.php(47): require_once('D:\\PW2\\WP\\publi...')
#11 {main}

Next CodeIgniter\Database\Exceptions\DatabaseException: No connection could be made because the target machine actively refused it in D:\PW2\WP\vendor\codeigniter4\framework\system\Database\MySQLi\Connection.php:218
Stack trace:
#0 D:\PW2\WP\vendor\codeigniter4\framework\system\Database\BaseConnection.php(391): CodeIgniter\Database\MySQLi\Connection->connect(false)
#1 D:\PW2\WP\vendor\codeigniter4\framework\system\Database\BaseConnection.php(574): CodeIgniter\Database\BaseConnection->initialize()
#2 D:\PW2\WP\vendor\codeigniter4\framework\system\Database\BaseBuilder.php(1616): CodeIgniter\Database\BaseConnection->query('SELECT `pembeli...', Array, false)
#3 D:\PW2\WP\app\Models\PembeliModel.php(18): CodeIgniter\Database\BaseBuilder->get()
#4 D:\PW2\WP\app\Controllers\Barang.php(35): App\Models\PembeliModel->getProfil(NULL)
#5 D:\PW2\WP\vendor\codeigniter4\framework\system\CodeIgniter.php(932): App\Controllers\Barang->index()
#6 D:\PW2\WP\vendor\codeigniter4\framework\system\CodeIgniter.php(497): CodeIgniter\CodeIgniter->runController(Object(App\Controllers\Barang))
#7 D:\PW2\WP\vendor\codeigniter4\framework\system\CodeIgniter.php(366): CodeIgniter\CodeIgniter->handleRequest(NULL, Object(Config\Cache), false)
#8 D:\PW2\WP\public\index.php(67): CodeIgniter\CodeIgniter->run()
#9 D:\PW2\WP\vendor\codeigniter4\framework\system\Commands\Server\rewrite.php(47): require_once('D:\\PW2\\WP\\publi...')
#10 {main}
CRITICAL - 2023-07-05 13:22:44 --> Unable to connect to the database.
Main connection [MySQLi]: No connection could be made because the target machine actively refused it
in SYSTEMPATH\Database\BaseConnection.php on line 427.
 1 SYSTEMPATH\Database\BaseConnection.php(574): CodeIgniter\Database\BaseConnection->initialize()
 2 SYSTEMPATH\Database\BaseBuilder.php(1616): CodeIgniter\Database\BaseConnection->query('SELECT `pembeli`.`nama`, `pembeli`.`alamat`, `pembeli`.`email`, `pembeli`.`foto_pembeli`, `pembeli`.`fk_id_kecamatan`, `pembeli`.`fk_id_desa`, `pembeli`.`telepon`
FROM `pembeli`
JOIN `users` ON `pembeli`.`email` = `users`.`email`
WHERE `pembeli`.`email` IS NULL', [], false)
 3 APPPATH\Models\PembeliModel.php(18): CodeIgniter\Database\BaseBuilder->get()
 4 APPPATH\Controllers\Barang.php(35): App\Models\PembeliModel->getProfil(null)
 5 SYSTEMPATH\CodeIgniter.php(932): App\Controllers\Barang->index()
 6 SYSTEMPATH\CodeIgniter.php(497): CodeIgniter\CodeIgniter->runController(Object(App\Controllers\Barang))
 7 SYSTEMPATH\CodeIgniter.php(366): CodeIgniter\CodeIgniter->handleRequest(null, Object(Config\Cache), false)
 8 FCPATH\index.php(67): CodeIgniter\CodeIgniter->run()
 9 SYSTEMPATH\Commands\Server\rewrite.php(47): require_once('D:\\PW2\\WP\\public\\index.php')
INFO - 2023-07-05 13:22:58 --> Session: Class initialized using 'CodeIgniter\Session\Handlers\FileHandler' driver.
INFO - 2023-07-05 16:51:32 --> Session: Class initialized using 'CodeIgniter\Session\Handlers\FileHandler' driver.
INFO - 2023-07-05 16:51:52 --> Session: Class initialized using 'CodeIgniter\Session\Handlers\FileHandler' driver.
CRITICAL - 2023-07-05 16:51:52 --> The route for "dashboard" cannot be found.
in SYSTEMPATH\Helpers\url_helper.php on line 599.
 1 SYSTEMPATH\Helpers\url_helper.php(599): CodeIgniter\Router\Exceptions\RouterException::forInvalidRoute('dashboard')
 2 VENDORPATH\myth\auth\src\Views\_navbar.php(10): url_to('dashboard')
 3 SYSTEMPATH\View\View.php(224): include('D:\\PW2\\WP\\vendor\\myth\\auth\\src\\Views\\_navbar.php')
 4 SYSTEMPATH\View\View.php(227): CodeIgniter\View\View->CodeIgniter\View\{closure}()
 5 SYSTEMPATH\Common.php(1180): CodeIgniter\View\View->render('Myth\\Auth\\Views\\_navbar', [], true)
 6 VENDORPATH\myth\auth\src\Views\layout.php(25): view('Myth\\Auth\\Views\\_navbar')
 7 SYSTEMPATH\View\View.php(224): include('D:\\PW2\\WP\\vendor\\myth\\auth\\src\\Views\\layout.php')
 8 SYSTEMPATH\View\View.php(227): CodeIgniter\View\View->CodeIgniter\View\{closure}()
 9 SYSTEMPATH\View\View.php(240): CodeIgniter\View\View->render('Myth\\Auth\\Views\\layout', [], true)
10 SYSTEMPATH\Common.php(1180): CodeIgniter\View\View->render('Myth\\Auth\\Views\\forgot', [], true)
11 VENDORPATH\myth\auth\src\Controllers\AuthController.php(439): view('Myth\\Auth\\Views\\forgot', [...])
12 VENDORPATH\myth\auth\src\Controllers\AuthController.php(239): Myth\Auth\Controllers\AuthController->_render('Myth\\Auth\\Views\\forgot', [...])
13 SYSTEMPATH\CodeIgniter.php(932): Myth\Auth\Controllers\AuthController->forgotPassword()
14 SYSTEMPATH\CodeIgniter.php(497): CodeIgniter\CodeIgniter->runController(Object(Myth\Auth\Controllers\AuthController))
15 SYSTEMPATH\CodeIgniter.php(366): CodeIgniter\CodeIgniter->handleRequest(null, Object(Config\Cache), false)
16 FCPATH\index.php(67): CodeIgniter\CodeIgniter->run()
17 SYSTEMPATH\Commands\Server\rewrite.php(47): require_once('D:\\PW2\\WP\\public\\index.php')
INFO - 2023-07-05 16:53:53 --> Session: Class initialized using 'CodeIgniter\Session\Handlers\FileHandler' driver.
INFO - 2023-07-05 16:53:55 --> Session: Class initialized using 'CodeIgniter\Session\Handlers\FileHandler' driver.
INFO - 2023-07-05 16:53:56 --> Session: Class initialized using 'CodeIgniter\Session\Handlers\FileHandler' driver.
CRITICAL - 2023-07-05 16:53:56 --> The route for "dashboard" cannot be found.
in SYSTEMPATH\Helpers\url_helper.php on line 599.
 1 SYSTEMPATH\Helpers\url_helper.php(599): CodeIgniter\Router\Exceptions\RouterException::forInvalidRoute('dashboard')
 2 VENDORPATH\myth\auth\src\Views\_navbar.php(10): url_to('dashboard')
 3 SYSTEMPATH\View\View.php(224): include('D:\\PW2\\WP\\vendor\\myth\\auth\\src\\Views\\_navbar.php')
 4 SYSTEMPATH\View\View.php(227): CodeIgniter\View\View->CodeIgniter\View\{closure}()
 5 SYSTEMPATH\Common.php(1180): CodeIgniter\View\View->render('Myth\\Auth\\Views\\_navbar', [], true)
 6 VENDORPATH\myth\auth\src\Views\layout.php(25): view('Myth\\Auth\\Views\\_navbar')
 7 SYSTEMPATH\View\View.php(224): include('D:\\PW2\\WP\\vendor\\myth\\auth\\src\\Views\\layout.php')
 8 SYSTEMPATH\View\View.php(227): CodeIgniter\View\View->CodeIgniter\View\{closure}()
 9 SYSTEMPATH\View\View.php(240): CodeIgniter\View\View->render('Myth\\Auth\\Views\\layout', [], true)
10 SYSTEMPATH\Common.php(1180): CodeIgniter\View\View->render('Myth\\Auth\\Views\\forgot', [], true)
11 VENDORPATH\myth\auth\src\Controllers\AuthController.php(439): view('Myth\\Auth\\Views\\forgot', [...])
12 VENDORPATH\myth\auth\src\Controllers\AuthController.php(239): Myth\Auth\Controllers\AuthController->_render('Myth\\Auth\\Views\\forgot', [...])
13 SYSTEMPATH\CodeIgniter.php(932): Myth\Auth\Controllers\AuthController->forgotPassword()
14 SYSTEMPATH\CodeIgniter.php(497): CodeIgniter\CodeIgniter->runController(Object(Myth\Auth\Controllers\AuthController))
15 SYSTEMPATH\CodeIgniter.php(366): CodeIgniter\CodeIgniter->handleRequest(null, Object(Config\Cache), false)
16 FCPATH\index.php(67): CodeIgniter\CodeIgniter->run()
17 SYSTEMPATH\Commands\Server\rewrite.php(47): require_once('D:\\PW2\\WP\\public\\index.php')
INFO - 2023-07-05 17:03:24 --> Session: Class initialized using 'CodeIgniter\Session\Handlers\FileHandler' driver.
INFO - 2023-07-05 17:03:29 --> Session: Class initialized using 'CodeIgniter\Session\Handlers\FileHandler' driver.
INFO - 2023-07-05 17:03:32 --> Session: Class initialized using 'CodeIgniter\Session\Handlers\FileHandler' driver.
INFO - 2023-07-05 17:03:35 --> Session: Class initialized using 'CodeIgniter\Session\Handlers\FileHandler' driver.
CRITICAL - 2023-07-05 17:03:35 --> The route for "dashboard" cannot be found.
in SYSTEMPATH\Helpers\url_helper.php on line 599.
 1 SYSTEMPATH\Helpers\url_helper.php(599): CodeIgniter\Router\Exceptions\RouterException::forInvalidRoute('dashboard')
 2 VENDORPATH\myth\auth\src\Views\_navbar.php(10): url_to('dashboard')
 3 SYSTEMPATH\View\View.php(224): include('D:\\PW2\\WP\\vendor\\myth\\auth\\src\\Views\\_navbar.php')
 4 SYSTEMPATH\View\View.php(227): CodeIgniter\View\View->CodeIgniter\View\{closure}()
 5 SYSTEMPATH\Common.php(1180): CodeIgniter\View\View->render('Myth\\Auth\\Views\\_navbar', [], true)
 6 VENDORPATH\myth\auth\src\Views\layout.php(25): view('Myth\\Auth\\Views\\_navbar')
 7 SYSTEMPATH\View\View.php(224): include('D:\\PW2\\WP\\vendor\\myth\\auth\\src\\Views\\layout.php')
 8 SYSTEMPATH\View\View.php(227): CodeIgniter\View\View->CodeIgniter\View\{closure}()
 9 SYSTEMPATH\View\View.php(240): CodeIgniter\View\View->render('Myth\\Auth\\Views\\layout', [], true)
10 SYSTEMPATH\Common.php(1180): CodeIgniter\View\View->render('Myth\\Auth\\Views\\forgot', [], true)
11 VENDORPATH\myth\auth\src\Controllers\AuthController.php(439): view('Myth\\Auth\\Views\\forgot', [...])
12 VENDORPATH\myth\auth\src\Controllers\AuthController.php(239): Myth\Auth\Controllers\AuthController->_render('Myth\\Auth\\Views\\forgot', [...])
13 SYSTEMPATH\CodeIgniter.php(932): Myth\Auth\Controllers\AuthController->forgotPassword()
14 SYSTEMPATH\CodeIgniter.php(497): CodeIgniter\CodeIgniter->runController(Object(Myth\Auth\Controllers\AuthController))
15 SYSTEMPATH\CodeIgniter.php(366): CodeIgniter\CodeIgniter->handleRequest(null, Object(Config\Cache), false)
16 FCPATH\index.php(67): CodeIgniter\CodeIgniter->run()
17 SYSTEMPATH\Commands\Server\rewrite.php(47): require_once('D:\\PW2\\WP\\public\\index.php')
