INFO - 2023-07-13 02:44:17 --> Session: Class initialized using 'CodeIgniter\Session\Handlers\FileHandler' driver.
INFO - 2023-07-13 02:45:55 --> Session: Class initialized using 'CodeIgniter\Session\Handlers\FileHandler' driver.
INFO - 2023-07-13 02:46:47 --> Session: Class initialized using 'CodeIgniter\Session\Handlers\FileHandler' driver.
INFO - 2023-07-13 02:46:49 --> Session: Class initialized using 'CodeIgniter\Session\Handlers\FileHandler' driver.
INFO - 2023-07-13 02:47:08 --> Session: Class initialized using 'CodeIgniter\Session\Handlers\FileHandler' driver.
INFO - 2023-07-13 02:47:09 --> Session: Class initialized using 'CodeIgniter\Session\Handlers\FileHandler' driver.
INFO - 2023-07-13 02:47:32 --> Session: Class initialized using 'CodeIgniter\Session\Handlers\FileHandler' driver.
INFO - 2023-07-13 03:19:20 --> Session: Class initialized using 'CodeIgniter\Session\Handlers\FileHandler' driver.
INFO - 2023-07-13 03:19:21 --> Session: Class initialized using 'CodeIgniter\Session\Handlers\FileHandler' driver.
CRITICAL - 2023-07-13 03:19:21 --> Undefined variable $b_detail
in APPPATH\Views\Pembeli\daftar_barang.php on line 49.
 1 APPPATH\Views\Pembeli\daftar_barang.php(49): CodeIgniter\Debug\Exceptions->errorHandler(2, 'Undefined variable $b_detail', 'D:\\PW2\\WP\\app\\Views\\Pembeli\\daftar_barang.php', 49)
 2 SYSTEMPATH\View\View.php(224): include('D:\\PW2\\WP\\app\\Views\\Pembeli\\daftar_barang.php')
 3 SYSTEMPATH\View\View.php(227): CodeIgniter\View\View->CodeIgniter\View\{closure}()
 4 SYSTEMPATH\Common.php(1180): CodeIgniter\View\View->render('Pembeli/daftar_barang', [], true)
 5 APPPATH\Controllers\Page.php(47): view('Pembeli/daftar_barang', [...])
 6 SYSTEMPATH\CodeIgniter.php(932): App\Controllers\Page->daftar_barang()
 7 SYSTEMPATH\CodeIgniter.php(497): CodeIgniter\CodeIgniter->runController(Object(App\Controllers\Page))
 8 SYSTEMPATH\CodeIgniter.php(366): CodeIgniter\CodeIgniter->handleRequest(null, Object(Config\Cache), false)
 9 FCPATH\index.php(67): CodeIgniter\CodeIgniter->run()
10 SYSTEMPATH\Commands\Server\rewrite.php(47): require_once('D:\\PW2\\WP\\public\\index.php')
INFO - 2023-07-13 03:19:43 --> Session: Class initialized using 'CodeIgniter\Session\Handlers\FileHandler' driver.
INFO - 2023-07-13 03:19:45 --> Session: Class initialized using 'CodeIgniter\Session\Handlers\FileHandler' driver.
CRITICAL - 2023-07-13 03:19:45 --> Undefined variable $barang
in APPPATH\Views\Penjual\toko.php on line 47.
 1 APPPATH\Views\Penjual\toko.php(47): CodeIgniter\Debug\Exceptions->errorHandler(2, 'Undefined variable $barang', 'D:\\PW2\\WP\\app\\Views\\Penjual\\toko.php', 47)
 2 SYSTEMPATH\View\View.php(224): include('D:\\PW2\\WP\\app\\Views\\Penjual\\toko.php')
 3 SYSTEMPATH\View\View.php(227): CodeIgniter\View\View->CodeIgniter\View\{closure}()
 4 SYSTEMPATH\Common.php(1180): CodeIgniter\View\View->render('penjual/toko', [], true)
 5 APPPATH\Controllers\Barang.php(417): view('penjual/toko', [...])
 6 SYSTEMPATH\CodeIgniter.php(932): App\Controllers\Barang->toko('6')
 7 SYSTEMPATH\CodeIgniter.php(497): CodeIgniter\CodeIgniter->runController(Object(App\Controllers\Barang))
 8 SYSTEMPATH\CodeIgniter.php(366): CodeIgniter\CodeIgniter->handleRequest(null, Object(Config\Cache), false)
 9 FCPATH\index.php(67): CodeIgniter\CodeIgniter->run()
10 SYSTEMPATH\Commands\Server\rewrite.php(47): require_once('D:\\PW2\\WP\\public\\index.php')
INFO - 2023-07-13 03:21:25 --> Session: Class initialized using 'CodeIgniter\Session\Handlers\FileHandler' driver.
CRITICAL - 2023-07-13 03:21:25 --> Cannot access offset of type string on string
in APPPATH\Views\Penjual\toko.php on line 52.
 1 SYSTEMPATH\View\View.php(224): include()
 2 SYSTEMPATH\View\View.php(227): CodeIgniter\View\View->CodeIgniter\View\{closure}()
 3 SYSTEMPATH\Common.php(1180): CodeIgniter\View\View->render('penjual/toko', [], true)
 4 APPPATH\Controllers\Barang.php(418): view('penjual/toko', [...])
 5 SYSTEMPATH\CodeIgniter.php(932): App\Controllers\Barang->toko('6')
 6 SYSTEMPATH\CodeIgniter.php(497): CodeIgniter\CodeIgniter->runController(Object(App\Controllers\Barang))
 7 SYSTEMPATH\CodeIgniter.php(366): CodeIgniter\CodeIgniter->handleRequest(null, Object(Config\Cache), false)
 8 FCPATH\index.php(67): CodeIgniter\CodeIgniter->run()
 9 SYSTEMPATH\Commands\Server\rewrite.php(47): require_once('D:\\PW2\\WP\\public\\index.php')
INFO - 2023-07-13 03:24:23 --> Session: Class initialized using 'CodeIgniter\Session\Handlers\FileHandler' driver.
CRITICAL - 2023-07-13 03:24:23 --> Cannot access offset of type string on string
in APPPATH\Views\Penjual\toko.php on line 52.
 1 SYSTEMPATH\View\View.php(224): include()
 2 SYSTEMPATH\View\View.php(227): CodeIgniter\View\View->CodeIgniter\View\{closure}()
 3 SYSTEMPATH\Common.php(1180): CodeIgniter\View\View->render('penjual/toko', [], true)
 4 APPPATH\Controllers\Barang.php(418): view('penjual/toko', [...])
 5 SYSTEMPATH\CodeIgniter.php(932): App\Controllers\Barang->toko('6')
 6 SYSTEMPATH\CodeIgniter.php(497): CodeIgniter\CodeIgniter->runController(Object(App\Controllers\Barang))
 7 SYSTEMPATH\CodeIgniter.php(366): CodeIgniter\CodeIgniter->handleRequest(null, Object(Config\Cache), false)
 8 FCPATH\index.php(67): CodeIgniter\CodeIgniter->run()
 9 SYSTEMPATH\Commands\Server\rewrite.php(47): require_once('D:\\PW2\\WP\\public\\index.php')
INFO - 2023-07-13 03:24:24 --> Session: Class initialized using 'CodeIgniter\Session\Handlers\FileHandler' driver.
CRITICAL - 2023-07-13 03:24:24 --> Cannot access offset of type string on string
in APPPATH\Views\Penjual\toko.php on line 52.
 1 SYSTEMPATH\View\View.php(224): include()
 2 SYSTEMPATH\View\View.php(227): CodeIgniter\View\View->CodeIgniter\View\{closure}()
 3 SYSTEMPATH\Common.php(1180): CodeIgniter\View\View->render('penjual/toko', [], true)
 4 APPPATH\Controllers\Barang.php(418): view('penjual/toko', [...])
 5 SYSTEMPATH\CodeIgniter.php(932): App\Controllers\Barang->toko('6')
 6 SYSTEMPATH\CodeIgniter.php(497): CodeIgniter\CodeIgniter->runController(Object(App\Controllers\Barang))
 7 SYSTEMPATH\CodeIgniter.php(366): CodeIgniter\CodeIgniter->handleRequest(null, Object(Config\Cache), false)
 8 FCPATH\index.php(67): CodeIgniter\CodeIgniter->run()
 9 SYSTEMPATH\Commands\Server\rewrite.php(47): require_once('D:\\PW2\\WP\\public\\index.php')
INFO - 2023-07-13 03:26:47 --> Session: Class initialized using 'CodeIgniter\Session\Handlers\FileHandler' driver.
CRITICAL - 2023-07-13 03:26:47 --> Cannot access offset of type string on string
in APPPATH\Views\Penjual\toko.php on line 52.
 1 SYSTEMPATH\View\View.php(224): include()
 2 SYSTEMPATH\View\View.php(227): CodeIgniter\View\View->CodeIgniter\View\{closure}()
 3 SYSTEMPATH\Common.php(1180): CodeIgniter\View\View->render('penjual/toko', [], true)
 4 APPPATH\Controllers\Barang.php(418): view('penjual/toko', [...])
 5 SYSTEMPATH\CodeIgniter.php(932): App\Controllers\Barang->toko('6')
 6 SYSTEMPATH\CodeIgniter.php(497): CodeIgniter\CodeIgniter->runController(Object(App\Controllers\Barang))
 7 SYSTEMPATH\CodeIgniter.php(366): CodeIgniter\CodeIgniter->handleRequest(null, Object(Config\Cache), false)
 8 FCPATH\index.php(67): CodeIgniter\CodeIgniter->run()
 9 SYSTEMPATH\Commands\Server\rewrite.php(47): require_once('D:\\PW2\\WP\\public\\index.php')
INFO - 2023-07-13 03:37:56 --> Session: Class initialized using 'CodeIgniter\Session\Handlers\FileHandler' driver.
CRITICAL - 2023-07-13 03:37:56 --> Cannot access offset of type string on string
in APPPATH\Views\Penjual\toko.php on line 26.
 1 SYSTEMPATH\View\View.php(224): include()
 2 SYSTEMPATH\View\View.php(227): CodeIgniter\View\View->CodeIgniter\View\{closure}()
 3 SYSTEMPATH\Common.php(1180): CodeIgniter\View\View->render('penjual/toko', [], true)
 4 APPPATH\Controllers\Barang.php(418): view('penjual/toko', [...])
 5 SYSTEMPATH\CodeIgniter.php(932): App\Controllers\Barang->toko('6')
 6 SYSTEMPATH\CodeIgniter.php(497): CodeIgniter\CodeIgniter->runController(Object(App\Controllers\Barang))
 7 SYSTEMPATH\CodeIgniter.php(366): CodeIgniter\CodeIgniter->handleRequest(null, Object(Config\Cache), false)
 8 FCPATH\index.php(67): CodeIgniter\CodeIgniter->run()
 9 SYSTEMPATH\Commands\Server\rewrite.php(47): require_once('D:\\PW2\\WP\\public\\index.php')
INFO - 2023-07-13 03:44:30 --> Session: Class initialized using 'CodeIgniter\Session\Handlers\FileHandler' driver.
CRITICAL - 2023-07-13 03:44:30 --> Undefined array key "nama_toko"
in APPPATH\Views\Penjual\toko.php on line 11.
 1 APPPATH\Views\Penjual\toko.php(11): CodeIgniter\Debug\Exceptions->errorHandler(2, 'Undefined array key "nama_toko"', 'D:\\PW2\\WP\\app\\Views\\Penjual\\toko.php', 11)
 2 SYSTEMPATH\View\View.php(224): include('D:\\PW2\\WP\\app\\Views\\Penjual\\toko.php')
 3 SYSTEMPATH\View\View.php(227): CodeIgniter\View\View->CodeIgniter\View\{closure}()
 4 SYSTEMPATH\Common.php(1180): CodeIgniter\View\View->render('penjual/toko', [], true)
 5 APPPATH\Controllers\Barang.php(418): view('penjual/toko', [...])
 6 SYSTEMPATH\CodeIgniter.php(932): App\Controllers\Barang->toko('6')
 7 SYSTEMPATH\CodeIgniter.php(497): CodeIgniter\CodeIgniter->runController(Object(App\Controllers\Barang))
 8 SYSTEMPATH\CodeIgniter.php(366): CodeIgniter\CodeIgniter->handleRequest(null, Object(Config\Cache), false)
 9 FCPATH\index.php(67): CodeIgniter\CodeIgniter->run()
10 SYSTEMPATH\Commands\Server\rewrite.php(47): require_once('D:\\PW2\\WP\\public\\index.php')
INFO - 2023-07-13 03:50:35 --> Session: Class initialized using 'CodeIgniter\Session\Handlers\FileHandler' driver.
INFO - 2023-07-13 03:59:36 --> Session: Class initialized using 'CodeIgniter\Session\Handlers\FileHandler' driver.
CRITICAL - 2023-07-13 03:59:36 --> Undefined array key "barangs"
in APPPATH\Views\Penjual\toko.php on line 25.
 1 APPPATH\Views\Penjual\toko.php(25): CodeIgniter\Debug\Exceptions->errorHandler(2, 'Undefined array key "barangs"', 'D:\\PW2\\WP\\app\\Views\\Penjual\\toko.php', 25)
 2 SYSTEMPATH\View\View.php(224): include('D:\\PW2\\WP\\app\\Views\\Penjual\\toko.php')
 3 SYSTEMPATH\View\View.php(227): CodeIgniter\View\View->CodeIgniter\View\{closure}()
 4 SYSTEMPATH\Common.php(1180): CodeIgniter\View\View->render('penjual/toko', [], true)
 5 APPPATH\Controllers\Barang.php(418): view('penjual/toko', [...])
 6 SYSTEMPATH\CodeIgniter.php(932): App\Controllers\Barang->toko('6')
 7 SYSTEMPATH\CodeIgniter.php(497): CodeIgniter\CodeIgniter->runController(Object(App\Controllers\Barang))
 8 SYSTEMPATH\CodeIgniter.php(366): CodeIgniter\CodeIgniter->handleRequest(null, Object(Config\Cache), false)
 9 FCPATH\index.php(67): CodeIgniter\CodeIgniter->run()
10 SYSTEMPATH\Commands\Server\rewrite.php(47): require_once('D:\\PW2\\WP\\public\\index.php')
INFO - 2023-07-13 04:01:28 --> Session: Class initialized using 'CodeIgniter\Session\Handlers\FileHandler' driver.
INFO - 2023-07-13 04:04:36 --> Session: Class initialized using 'CodeIgniter\Session\Handlers\FileHandler' driver.
INFO - 2023-07-13 04:10:50 --> Session: Class initialized using 'CodeIgniter\Session\Handlers\FileHandler' driver.
CRITICAL - 2023-07-13 04:10:50 --> Undefined array key "kecamatan"
in APPPATH\Views\Penjual\toko.php on line 16.
 1 APPPATH\Views\Penjual\toko.php(16): CodeIgniter\Debug\Exceptions->errorHandler(2, 'Undefined array key "kecamatan"', 'D:\\PW2\\WP\\app\\Views\\Penjual\\toko.php', 16)
 2 SYSTEMPATH\View\View.php(224): include('D:\\PW2\\WP\\app\\Views\\Penjual\\toko.php')
 3 SYSTEMPATH\View\View.php(227): CodeIgniter\View\View->CodeIgniter\View\{closure}()
 4 SYSTEMPATH\Common.php(1180): CodeIgniter\View\View->render('penjual/toko', [], true)
 5 APPPATH\Controllers\Barang.php(418): view('penjual/toko', [...])
 6 SYSTEMPATH\CodeIgniter.php(932): App\Controllers\Barang->toko('6')
 7 SYSTEMPATH\CodeIgniter.php(497): CodeIgniter\CodeIgniter->runController(Object(App\Controllers\Barang))
 8 SYSTEMPATH\CodeIgniter.php(366): CodeIgniter\CodeIgniter->handleRequest(null, Object(Config\Cache), false)
 9 FCPATH\index.php(67): CodeIgniter\CodeIgniter->run()
10 SYSTEMPATH\Commands\Server\rewrite.php(47): require_once('D:\\PW2\\WP\\public\\index.php')
INFO - 2023-07-13 04:13:43 --> Session: Class initialized using 'CodeIgniter\Session\Handlers\FileHandler' driver.
CRITICAL - 2023-07-13 04:13:43 --> Array to string conversion
in APPPATH\Views\Penjual\toko.php on line 16.
 1 APPPATH\Views\Penjual\toko.php(16): CodeIgniter\Debug\Exceptions->errorHandler(2, 'Array to string conversion', 'D:\\PW2\\WP\\app\\Views\\Penjual\\toko.php', 16)
 2 SYSTEMPATH\View\View.php(224): include('D:\\PW2\\WP\\app\\Views\\Penjual\\toko.php')
 3 SYSTEMPATH\View\View.php(227): CodeIgniter\View\View->CodeIgniter\View\{closure}()
 4 SYSTEMPATH\Common.php(1180): CodeIgniter\View\View->render('penjual/toko', [], true)
 5 APPPATH\Controllers\Barang.php(418): view('penjual/toko', [...])
 6 SYSTEMPATH\CodeIgniter.php(932): App\Controllers\Barang->toko('6')
 7 SYSTEMPATH\CodeIgniter.php(497): CodeIgniter\CodeIgniter->runController(Object(App\Controllers\Barang))
 8 SYSTEMPATH\CodeIgniter.php(366): CodeIgniter\CodeIgniter->handleRequest(null, Object(Config\Cache), false)
 9 FCPATH\index.php(67): CodeIgniter\CodeIgniter->run()
10 SYSTEMPATH\Commands\Server\rewrite.php(47): require_once('D:\\PW2\\WP\\public\\index.php')
INFO - 2023-07-13 04:13:58 --> Session: Class initialized using 'CodeIgniter\Session\Handlers\FileHandler' driver.
INFO - 2023-07-13 04:14:14 --> Session: Class initialized using 'CodeIgniter\Session\Handlers\FileHandler' driver.
INFO - 2023-07-13 04:14:18 --> Session: Class initialized using 'CodeIgniter\Session\Handlers\FileHandler' driver.
INFO - 2023-07-13 04:16:01 --> Session: Class initialized using 'CodeIgniter\Session\Handlers\FileHandler' driver.
INFO - 2023-07-13 04:16:04 --> Session: Class initialized using 'CodeIgniter\Session\Handlers\FileHandler' driver.
INFO - 2023-07-13 04:26:22 --> Session: Class initialized using 'CodeIgniter\Session\Handlers\FileHandler' driver.
INFO - 2023-07-13 04:26:27 --> Session: Class initialized using 'CodeIgniter\Session\Handlers\FileHandler' driver.
INFO - 2023-07-13 04:34:38 --> Session: Class initialized using 'CodeIgniter\Session\Handlers\FileHandler' driver.
INFO - 2023-07-13 04:37:01 --> Session: Class initialized using 'CodeIgniter\Session\Handlers\FileHandler' driver.
INFO - 2023-07-13 09:05:18 --> Session: Class initialized using 'CodeIgniter\Session\Handlers\FileHandler' driver.
INFO - 2023-07-13 09:08:48 --> Session: Class initialized using 'CodeIgniter\Session\Handlers\FileHandler' driver.
INFO - 2023-07-13 09:08:54 --> Session: Class initialized using 'CodeIgniter\Session\Handlers\FileHandler' driver.
INFO - 2023-07-13 09:09:03 --> Session: Class initialized using 'CodeIgniter\Session\Handlers\FileHandler' driver.
INFO - 2023-07-13 09:09:03 --> Session: Class initialized using 'CodeIgniter\Session\Handlers\FileHandler' driver.
INFO - 2023-07-13 09:09:06 --> Session: Class initialized using 'CodeIgniter\Session\Handlers\FileHandler' driver.
CRITICAL - 2023-07-13 09:09:12 --> Undefined array key "id_toko"
in APPPATH\Views\Pembeli\daftar_barang.php on line 49.
 1 APPPATH\Views\Pembeli\daftar_barang.php(49): CodeIgniter\Debug\Exceptions->errorHandler(2, 'Undefined array key "id_toko"', 'D:\\PW2\\WP\\app\\Views\\Pembeli\\daftar_barang.php', 49)
 2 SYSTEMPATH\View\View.php(224): include('D:\\PW2\\WP\\app\\Views\\Pembeli\\daftar_barang.php')
 3 SYSTEMPATH\View\View.php(227): CodeIgniter\View\View->CodeIgniter\View\{closure}()
 4 SYSTEMPATH\Common.php(1180): CodeIgniter\View\View->render('pembeli/daftar_barang', [], true)
 5 APPPATH\Controllers\Barang.php(404): view('pembeli/daftar_barang', [...])
 6 SYSTEMPATH\CodeIgniter.php(932): App\Controllers\Barang->search()
 7 SYSTEMPATH\CodeIgniter.php(497): CodeIgniter\CodeIgniter->runController(Object(App\Controllers\Barang))
 8 SYSTEMPATH\CodeIgniter.php(366): CodeIgniter\CodeIgniter->handleRequest(null, Object(Config\Cache), false)
 9 FCPATH\index.php(67): CodeIgniter\CodeIgniter->run()
10 SYSTEMPATH\Commands\Server\rewrite.php(47): require_once('D:\\PW2\\WP\\public\\index.php')
INFO - 2023-07-13 09:09:19 --> Session: Class initialized using 'CodeIgniter\Session\Handlers\FileHandler' driver.
INFO - 2023-07-13 09:09:26 --> Session: Class initialized using 'CodeIgniter\Session\Handlers\FileHandler' driver.
CRITICAL - 2023-07-13 09:09:32 --> Undefined array key "id_toko"
in APPPATH\Views\Pembeli\daftar_barang.php on line 49.
 1 APPPATH\Views\Pembeli\daftar_barang.php(49): CodeIgniter\Debug\Exceptions->errorHandler(2, 'Undefined array key "id_toko"', 'D:\\PW2\\WP\\app\\Views\\Pembeli\\daftar_barang.php', 49)
 2 SYSTEMPATH\View\View.php(224): include('D:\\PW2\\WP\\app\\Views\\Pembeli\\daftar_barang.php')
 3 SYSTEMPATH\View\View.php(227): CodeIgniter\View\View->CodeIgniter\View\{closure}()
 4 SYSTEMPATH\Common.php(1180): CodeIgniter\View\View->render('pembeli/daftar_barang', [], true)
 5 APPPATH\Controllers\Barang.php(404): view('pembeli/daftar_barang', [...])
 6 SYSTEMPATH\CodeIgniter.php(932): App\Controllers\Barang->search()
 7 SYSTEMPATH\CodeIgniter.php(497): CodeIgniter\CodeIgniter->runController(Object(App\Controllers\Barang))
 8 SYSTEMPATH\CodeIgniter.php(366): CodeIgniter\CodeIgniter->handleRequest(null, Object(Config\Cache), false)
 9 FCPATH\index.php(67): CodeIgniter\CodeIgniter->run()
10 SYSTEMPATH\Commands\Server\rewrite.php(47): require_once('D:\\PW2\\WP\\public\\index.php')
INFO - 2023-07-13 09:09:34 --> Session: Class initialized using 'CodeIgniter\Session\Handlers\FileHandler' driver.
INFO - 2023-07-13 09:09:37 --> Session: Class initialized using 'CodeIgniter\Session\Handlers\FileHandler' driver.
INFO - 2023-07-13 09:09:50 --> Session: Class initialized using 'CodeIgniter\Session\Handlers\FileHandler' driver.
INFO - 2023-07-13 09:09:53 --> Session: Class initialized using 'CodeIgniter\Session\Handlers\FileHandler' driver.
INFO - 2023-07-13 09:11:07 --> Session: Class initialized using 'CodeIgniter\Session\Handlers\FileHandler' driver.
INFO - 2023-07-13 09:11:15 --> Session: Class initialized using 'CodeIgniter\Session\Handlers\FileHandler' driver.
INFO - 2023-07-13 09:11:20 --> Session: Class initialized using 'CodeIgniter\Session\Handlers\FileHandler' driver.
CRITICAL - 2023-07-13 09:11:33 --> Undefined array key "id_toko"
in APPPATH\Views\Pembeli\daftar_barang.php on line 49.
 1 APPPATH\Views\Pembeli\daftar_barang.php(49): CodeIgniter\Debug\Exceptions->errorHandler(2, 'Undefined array key "id_toko"', 'D:\\PW2\\WP\\app\\Views\\Pembeli\\daftar_barang.php', 49)
 2 SYSTEMPATH\View\View.php(224): include('D:\\PW2\\WP\\app\\Views\\Pembeli\\daftar_barang.php')
 3 SYSTEMPATH\View\View.php(227): CodeIgniter\View\View->CodeIgniter\View\{closure}()
 4 SYSTEMPATH\Common.php(1180): CodeIgniter\View\View->render('pembeli/daftar_barang', [], true)
 5 APPPATH\Controllers\Barang.php(404): view('pembeli/daftar_barang', [...])
 6 SYSTEMPATH\CodeIgniter.php(932): App\Controllers\Barang->search()
 7 SYSTEMPATH\CodeIgniter.php(497): CodeIgniter\CodeIgniter->runController(Object(App\Controllers\Barang))
 8 SYSTEMPATH\CodeIgniter.php(366): CodeIgniter\CodeIgniter->handleRequest(null, Object(Config\Cache), false)
 9 FCPATH\index.php(67): CodeIgniter\CodeIgniter->run()
10 SYSTEMPATH\Commands\Server\rewrite.php(47): require_once('D:\\PW2\\WP\\public\\index.php')
INFO - 2023-07-13 09:11:38 --> Session: Class initialized using 'CodeIgniter\Session\Handlers\FileHandler' driver.
INFO - 2023-07-13 09:12:13 --> Session: Class initialized using 'CodeIgniter\Session\Handlers\FileHandler' driver.
INFO - 2023-07-13 09:12:16 --> Session: Class initialized using 'CodeIgniter\Session\Handlers\FileHandler' driver.
INFO - 2023-07-13 09:13:49 --> Session: Class initialized using 'CodeIgniter\Session\Handlers\FileHandler' driver.
CRITICAL - 2023-07-13 09:13:58 --> Undefined array key "id_toko"
in APPPATH\Views\Pembeli\daftar_barang.php on line 49.
 1 APPPATH\Views\Pembeli\daftar_barang.php(49): CodeIgniter\Debug\Exceptions->errorHandler(2, 'Undefined array key "id_toko"', 'D:\\PW2\\WP\\app\\Views\\Pembeli\\daftar_barang.php', 49)
 2 SYSTEMPATH\View\View.php(224): include('D:\\PW2\\WP\\app\\Views\\Pembeli\\daftar_barang.php')
 3 SYSTEMPATH\View\View.php(227): CodeIgniter\View\View->CodeIgniter\View\{closure}()
 4 SYSTEMPATH\Common.php(1180): CodeIgniter\View\View->render('pembeli/daftar_barang', [], true)
 5 APPPATH\Controllers\Barang.php(404): view('pembeli/daftar_barang', [...])
 6 SYSTEMPATH\CodeIgniter.php(932): App\Controllers\Barang->search()
 7 SYSTEMPATH\CodeIgniter.php(497): CodeIgniter\CodeIgniter->runController(Object(App\Controllers\Barang))
 8 SYSTEMPATH\CodeIgniter.php(366): CodeIgniter\CodeIgniter->handleRequest(null, Object(Config\Cache), false)
 9 FCPATH\index.php(67): CodeIgniter\CodeIgniter->run()
10 SYSTEMPATH\Commands\Server\rewrite.php(47): require_once('D:\\PW2\\WP\\public\\index.php')
CRITICAL - 2023-07-13 09:15:23 --> Undefined array key "id_toko"
in APPPATH\Views\Pembeli\daftar_barang.php on line 49.
 1 APPPATH\Views\Pembeli\daftar_barang.php(49): CodeIgniter\Debug\Exceptions->errorHandler(2, 'Undefined array key "id_toko"', 'D:\\PW2\\WP\\app\\Views\\Pembeli\\daftar_barang.php', 49)
 2 SYSTEMPATH\View\View.php(224): include('D:\\PW2\\WP\\app\\Views\\Pembeli\\daftar_barang.php')
 3 SYSTEMPATH\View\View.php(227): CodeIgniter\View\View->CodeIgniter\View\{closure}()
 4 SYSTEMPATH\Common.php(1180): CodeIgniter\View\View->render('pembeli/daftar_barang', [], true)
 5 APPPATH\Controllers\Barang.php(404): view('pembeli/daftar_barang', [...])
 6 SYSTEMPATH\CodeIgniter.php(932): App\Controllers\Barang->search()
 7 SYSTEMPATH\CodeIgniter.php(497): CodeIgniter\CodeIgniter->runController(Object(App\Controllers\Barang))
 8 SYSTEMPATH\CodeIgniter.php(366): CodeIgniter\CodeIgniter->handleRequest(null, Object(Config\Cache), false)
 9 FCPATH\index.php(67): CodeIgniter\CodeIgniter->run()
10 SYSTEMPATH\Commands\Server\rewrite.php(47): require_once('D:\\PW2\\WP\\public\\index.php')
INFO - 2023-07-13 09:15:26 --> Session: Class initialized using 'CodeIgniter\Session\Handlers\FileHandler' driver.
CRITICAL - 2023-07-13 09:15:29 --> Undefined array key "id_toko"
in APPPATH\Views\Pembeli\daftar_barang.php on line 49.
 1 APPPATH\Views\Pembeli\daftar_barang.php(49): CodeIgniter\Debug\Exceptions->errorHandler(2, 'Undefined array key "id_toko"', 'D:\\PW2\\WP\\app\\Views\\Pembeli\\daftar_barang.php', 49)
 2 SYSTEMPATH\View\View.php(224): include('D:\\PW2\\WP\\app\\Views\\Pembeli\\daftar_barang.php')
 3 SYSTEMPATH\View\View.php(227): CodeIgniter\View\View->CodeIgniter\View\{closure}()
 4 SYSTEMPATH\Common.php(1180): CodeIgniter\View\View->render('pembeli/daftar_barang', [], true)
 5 APPPATH\Controllers\Barang.php(404): view('pembeli/daftar_barang', [...])
 6 SYSTEMPATH\CodeIgniter.php(932): App\Controllers\Barang->search()
 7 SYSTEMPATH\CodeIgniter.php(497): CodeIgniter\CodeIgniter->runController(Object(App\Controllers\Barang))
 8 SYSTEMPATH\CodeIgniter.php(366): CodeIgniter\CodeIgniter->handleRequest(null, Object(Config\Cache), false)
 9 FCPATH\index.php(67): CodeIgniter\CodeIgniter->run()
10 SYSTEMPATH\Commands\Server\rewrite.php(47): require_once('D:\\PW2\\WP\\public\\index.php')
INFO - 2023-07-13 09:16:06 --> Session: Class initialized using 'CodeIgniter\Session\Handlers\FileHandler' driver.
INFO - 2023-07-13 09:16:10 --> Session: Class initialized using 'CodeIgniter\Session\Handlers\FileHandler' driver.
INFO - 2023-07-13 09:16:23 --> Session: Class initialized using 'CodeIgniter\Session\Handlers\FileHandler' driver.
INFO - 2023-07-13 09:16:29 --> Session: Class initialized using 'CodeIgniter\Session\Handlers\FileHandler' driver.
INFO - 2023-07-13 09:17:33 --> Session: Class initialized using 'CodeIgniter\Session\Handlers\FileHandler' driver.
INFO - 2023-07-13 09:17:36 --> Session: Class initialized using 'CodeIgniter\Session\Handlers\FileHandler' driver.
INFO - 2023-07-13 09:17:53 --> Session: Class initialized using 'CodeIgniter\Session\Handlers\FileHandler' driver.
INFO - 2023-07-13 09:18:02 --> Session: Class initialized using 'CodeIgniter\Session\Handlers\FileHandler' driver.
INFO - 2023-07-13 09:20:56 --> Session: Class initialized using 'CodeIgniter\Session\Handlers\FileHandler' driver.
INFO - 2023-07-13 09:21:04 --> Session: Class initialized using 'CodeIgniter\Session\Handlers\FileHandler' driver.
INFO - 2023-07-13 09:21:10 --> Session: Class initialized using 'CodeIgniter\Session\Handlers\FileHandler' driver.
INFO - 2023-07-13 09:21:13 --> Session: Class initialized using 'CodeIgniter\Session\Handlers\FileHandler' driver.
CRITICAL - 2023-07-13 10:15:12 --> syntax error, unexpected token "}", expecting "("
in APPPATH\Models\BarangModel.php on line 82.
 1 SYSTEMPATH\Autoloader\Autoloader.php(289): CodeIgniter\Autoloader\Autoloader->includeFile('D:\\PW2\\WP\\app\\Models\\BarangModel.php')
 2 SYSTEMPATH\Autoloader\Autoloader.php(267): CodeIgniter\Autoloader\Autoloader->loadInNamespace('App\\Models\\BarangModel')
 3 APPPATH\Controllers\Page.php(26): CodeIgniter\Autoloader\Autoloader->loadClass('App\\Models\\BarangModel')
 4 SYSTEMPATH\CodeIgniter.php(904): App\Controllers\Page->__construct()
 5 SYSTEMPATH\CodeIgniter.php(488): CodeIgniter\CodeIgniter->createController()
 6 SYSTEMPATH\CodeIgniter.php(366): CodeIgniter\CodeIgniter->handleRequest(null, Object(Config\Cache), false)
 7 FCPATH\index.php(67): CodeIgniter\CodeIgniter->run()
 8 SYSTEMPATH\Commands\Server\rewrite.php(47): require_once('D:\\PW2\\WP\\public\\index.php')
CRITICAL - 2023-07-13 10:15:18 --> syntax error, unexpected token "}", expecting "("
in APPPATH\Models\BarangModel.php on line 82.
 1 SYSTEMPATH\Autoloader\Autoloader.php(289): CodeIgniter\Autoloader\Autoloader->includeFile('D:\\PW2\\WP\\app\\Models\\BarangModel.php')
 2 SYSTEMPATH\Autoloader\Autoloader.php(267): CodeIgniter\Autoloader\Autoloader->loadInNamespace('App\\Models\\BarangModel')
 3 APPPATH\Controllers\Page.php(26): CodeIgniter\Autoloader\Autoloader->loadClass('App\\Models\\BarangModel')
 4 SYSTEMPATH\CodeIgniter.php(904): App\Controllers\Page->__construct()
 5 SYSTEMPATH\CodeIgniter.php(488): CodeIgniter\CodeIgniter->createController()
 6 SYSTEMPATH\CodeIgniter.php(366): CodeIgniter\CodeIgniter->handleRequest(null, Object(Config\Cache), false)
 7 FCPATH\index.php(67): CodeIgniter\CodeIgniter->run()
 8 SYSTEMPATH\Commands\Server\rewrite.php(47): require_once('D:\\PW2\\WP\\public\\index.php')
INFO - 2023-07-13 10:15:52 --> Session: Class initialized using 'CodeIgniter\Session\Handlers\FileHandler' driver.
INFO - 2023-07-13 10:16:08 --> Session: Class initialized using 'CodeIgniter\Session\Handlers\FileHandler' driver.
INFO - 2023-07-13 10:16:10 --> Session: Class initialized using 'CodeIgniter\Session\Handlers\FileHandler' driver.
INFO - 2023-07-13 10:17:22 --> Session: Class initialized using 'CodeIgniter\Session\Handlers\FileHandler' driver.
INFO - 2023-07-13 10:33:57 --> Session: Class initialized using 'CodeIgniter\Session\Handlers\FileHandler' driver.
CRITICAL - 2023-07-13 10:33:57 --> Undefined array key "id_barang"
in APPPATH\Views\Pembeli\daftar_barang.php on line 74.
 1 APPPATH\Views\Pembeli\daftar_barang.php(74): CodeIgniter\Debug\Exceptions->errorHandler(2, 'Undefined array key "id_barang"', 'D:\\PW2\\WP\\app\\Views\\Pembeli\\daftar_barang.php', 74)
 2 SYSTEMPATH\View\View.php(224): include('D:\\PW2\\WP\\app\\Views\\Pembeli\\daftar_barang.php')
 3 SYSTEMPATH\View\View.php(227): CodeIgniter\View\View->CodeIgniter\View\{closure}()
 4 SYSTEMPATH\Common.php(1180): CodeIgniter\View\View->render('Pembeli/daftar_barang', [], true)
 5 APPPATH\Controllers\Page.php(47): view('Pembeli/daftar_barang', [...])
 6 SYSTEMPATH\CodeIgniter.php(932): App\Controllers\Page->daftar_barang()
 7 SYSTEMPATH\CodeIgniter.php(497): CodeIgniter\CodeIgniter->runController(Object(App\Controllers\Page))
 8 SYSTEMPATH\CodeIgniter.php(366): CodeIgniter\CodeIgniter->handleRequest(null, Object(Config\Cache), false)
 9 FCPATH\index.php(67): CodeIgniter\CodeIgniter->run()
10 SYSTEMPATH\Commands\Server\rewrite.php(47): require_once('D:\\PW2\\WP\\public\\index.php')
INFO - 2023-07-13 10:34:20 --> Session: Class initialized using 'CodeIgniter\Session\Handlers\FileHandler' driver.
CRITICAL - 2023-07-13 10:34:20 --> Undefined array key "$slug"
in APPPATH\Views\Pembeli\daftar_barang.php on line 74.
 1 APPPATH\Views\Pembeli\daftar_barang.php(74): CodeIgniter\Debug\Exceptions->errorHandler(2, 'Undefined array key "$slug"', 'D:\\PW2\\WP\\app\\Views\\Pembeli\\daftar_barang.php', 74)
 2 SYSTEMPATH\View\View.php(224): include('D:\\PW2\\WP\\app\\Views\\Pembeli\\daftar_barang.php')
 3 SYSTEMPATH\View\View.php(227): CodeIgniter\View\View->CodeIgniter\View\{closure}()
 4 SYSTEMPATH\Common.php(1180): CodeIgniter\View\View->render('Pembeli/daftar_barang', [], true)
 5 APPPATH\Controllers\Page.php(47): view('Pembeli/daftar_barang', [...])
 6 SYSTEMPATH\CodeIgniter.php(932): App\Controllers\Page->daftar_barang()
 7 SYSTEMPATH\CodeIgniter.php(497): CodeIgniter\CodeIgniter->runController(Object(App\Controllers\Page))
 8 SYSTEMPATH\CodeIgniter.php(366): CodeIgniter\CodeIgniter->handleRequest(null, Object(Config\Cache), false)
 9 FCPATH\index.php(67): CodeIgniter\CodeIgniter->run()
10 SYSTEMPATH\Commands\Server\rewrite.php(47): require_once('D:\\PW2\\WP\\public\\index.php')
INFO - 2023-07-13 10:35:06 --> Session: Class initialized using 'CodeIgniter\Session\Handlers\FileHandler' driver.
CRITICAL - 2023-07-13 10:35:06 --> Undefined array key "id_barang"
in APPPATH\Views\Pembeli\daftar_barang.php on line 51.
 1 APPPATH\Views\Pembeli\daftar_barang.php(51): CodeIgniter\Debug\Exceptions->errorHandler(2, 'Undefined array key "id_barang"', 'D:\\PW2\\WP\\app\\Views\\Pembeli\\daftar_barang.php', 51)
 2 SYSTEMPATH\View\View.php(224): include('D:\\PW2\\WP\\app\\Views\\Pembeli\\daftar_barang.php')
 3 SYSTEMPATH\View\View.php(227): CodeIgniter\View\View->CodeIgniter\View\{closure}()
 4 SYSTEMPATH\Common.php(1180): CodeIgniter\View\View->render('Pembeli/daftar_barang', [], true)
 5 APPPATH\Controllers\Page.php(47): view('Pembeli/daftar_barang', [...])
 6 SYSTEMPATH\CodeIgniter.php(932): App\Controllers\Page->daftar_barang()
 7 SYSTEMPATH\CodeIgniter.php(497): CodeIgniter\CodeIgniter->runController(Object(App\Controllers\Page))
 8 SYSTEMPATH\CodeIgniter.php(366): CodeIgniter\CodeIgniter->handleRequest(null, Object(Config\Cache), false)
 9 FCPATH\index.php(67): CodeIgniter\CodeIgniter->run()
10 SYSTEMPATH\Commands\Server\rewrite.php(47): require_once('D:\\PW2\\WP\\public\\index.php')
INFO - 2023-07-13 10:35:19 --> Session: Class initialized using 'CodeIgniter\Session\Handlers\FileHandler' driver.
INFO - 2023-07-13 10:35:34 --> Session: Class initialized using 'CodeIgniter\Session\Handlers\FileHandler' driver.
INFO - 2023-07-13 10:38:00 --> Session: Class initialized using 'CodeIgniter\Session\Handlers\FileHandler' driver.
INFO - 2023-07-13 10:39:01 --> Session: Class initialized using 'CodeIgniter\Session\Handlers\FileHandler' driver.
INFO - 2023-07-13 10:39:56 --> Session: Class initialized using 'CodeIgniter\Session\Handlers\FileHandler' driver.
INFO - 2023-07-13 10:41:28 --> Session: Class initialized using 'CodeIgniter\Session\Handlers\FileHandler' driver.
CRITICAL - 2023-07-13 10:41:28 --> syntax error, unexpected end of file
in APPPATH\Views\Pembeli\daftar_barang.php on line 113.
 1 SYSTEMPATH\View\View.php(227): CodeIgniter\View\View->CodeIgniter\View\{closure}()
 2 SYSTEMPATH\Common.php(1180): CodeIgniter\View\View->render('Pembeli/daftar_barang', [], true)
 3 APPPATH\Controllers\Page.php(47): view('Pembeli/daftar_barang', [...])
 4 SYSTEMPATH\CodeIgniter.php(932): App\Controllers\Page->daftar_barang()
 5 SYSTEMPATH\CodeIgniter.php(497): CodeIgniter\CodeIgniter->runController(Object(App\Controllers\Page))
 6 SYSTEMPATH\CodeIgniter.php(366): CodeIgniter\CodeIgniter->handleRequest(null, Object(Config\Cache), false)
 7 FCPATH\index.php(67): CodeIgniter\CodeIgniter->run()
 8 SYSTEMPATH\Commands\Server\rewrite.php(47): require_once('D:\\PW2\\WP\\public\\index.php')
INFO - 2023-07-13 10:42:12 --> Session: Class initialized using 'CodeIgniter\Session\Handlers\FileHandler' driver.
INFO - 2023-07-13 10:42:49 --> Session: Class initialized using 'CodeIgniter\Session\Handlers\FileHandler' driver.
INFO - 2023-07-13 10:58:34 --> Session: Class initialized using 'CodeIgniter\Session\Handlers\FileHandler' driver.
INFO - 2023-07-13 11:15:27 --> Session: Class initialized using 'CodeIgniter\Session\Handlers\FileHandler' driver.
INFO - 2023-07-13 11:18:49 --> Session: Class initialized using 'CodeIgniter\Session\Handlers\FileHandler' driver.
INFO - 2023-07-13 11:19:36 --> Session: Class initialized using 'CodeIgniter\Session\Handlers\FileHandler' driver.
INFO - 2023-07-13 11:29:14 --> Session: Class initialized using 'CodeIgniter\Session\Handlers\FileHandler' driver.
INFO - 2023-07-13 11:29:34 --> Session: Class initialized using 'CodeIgniter\Session\Handlers\FileHandler' driver.
INFO - 2023-07-13 11:29:56 --> Session: Class initialized using 'CodeIgniter\Session\Handlers\FileHandler' driver.
INFO - 2023-07-13 11:30:24 --> Session: Class initialized using 'CodeIgniter\Session\Handlers\FileHandler' driver.
INFO - 2023-07-13 11:31:08 --> Session: Class initialized using 'CodeIgniter\Session\Handlers\FileHandler' driver.
INFO - 2023-07-13 11:31:21 --> Session: Class initialized using 'CodeIgniter\Session\Handlers\FileHandler' driver.
INFO - 2023-07-13 11:32:45 --> Session: Class initialized using 'CodeIgniter\Session\Handlers\FileHandler' driver.
INFO - 2023-07-13 11:34:51 --> Session: Class initialized using 'CodeIgniter\Session\Handlers\FileHandler' driver.
INFO - 2023-07-13 12:02:35 --> Session: Class initialized using 'CodeIgniter\Session\Handlers\FileHandler' driver.
INFO - 2023-07-13 12:04:31 --> Session: Class initialized using 'CodeIgniter\Session\Handlers\FileHandler' driver.
ERROR - 2023-07-13 12:04:31 --> mysqli_sql_exception: Unknown column 'kategori.nama_kategori' in 'field list' in D:\PW2\WP\vendor\codeigniter4\framework\system\Database\MySQLi\Connection.php:295
Stack trace:
#0 D:\PW2\WP\vendor\codeigniter4\framework\system\Database\MySQLi\Connection.php(295): mysqli->query('SELECT `barang`...', 0)
#1 D:\PW2\WP\vendor\codeigniter4\framework\system\Database\BaseConnection.php(692): CodeIgniter\Database\MySQLi\Connection->execute('SELECT `barang`...')
#2 D:\PW2\WP\vendor\codeigniter4\framework\system\Database\BaseConnection.php(606): CodeIgniter\Database\BaseConnection->simpleQuery('SELECT `barang`...')
#3 D:\PW2\WP\vendor\codeigniter4\framework\system\Database\BaseBuilder.php(1616): CodeIgniter\Database\BaseConnection->query('SELECT `barang`...', Array, false)
#4 D:\PW2\WP\app\Models\BarangModel.php(56): CodeIgniter\Database\BaseBuilder->get()
#5 D:\PW2\WP\app\Controllers\Page.php(46): App\Models\BarangModel->getBarangRekomendasi()
#6 D:\PW2\WP\vendor\codeigniter4\framework\system\CodeIgniter.php(932): App\Controllers\Page->daftar_barang()
#7 D:\PW2\WP\vendor\codeigniter4\framework\system\CodeIgniter.php(497): CodeIgniter\CodeIgniter->runController(Object(App\Controllers\Page))
#8 D:\PW2\WP\vendor\codeigniter4\framework\system\CodeIgniter.php(366): CodeIgniter\CodeIgniter->handleRequest(NULL, Object(Config\Cache), false)
#9 D:\PW2\WP\public\index.php(67): CodeIgniter\CodeIgniter->run()
#10 D:\PW2\WP\vendor\codeigniter4\framework\system\Commands\Server\rewrite.php(47): require_once('D:\\PW2\\WP\\publi...')
#11 {main}
CRITICAL - 2023-07-13 12:04:31 --> Unknown column 'kategori.nama_kategori' in 'field list'
in SYSTEMPATH\Database\MySQLi\Connection.php on line 295.
 1 SYSTEMPATH\Database\MySQLi\Connection.php(295): mysqli->query('SELECT `barang`.`nama_barang`, `barang`.`id_barang`, `barang`.`harga`, `barang`.`stock`, `barang`.`deskripsi`, `barang`.`foto_barang`, `barang`.`id_kategori`, `barang`.`updated_at`, `toko`.`nama_toko`, `toko`.`foto_toko`, `toko`.`detail_alamat`, `kecamatan`.`nama_kecamatan`, `desa`.`nama_desa`, `kategori`.`nama_kategori`
FROM `barang`
JOIN `toko` ON `barang`.`id_toko` = `toko`.`id_toko`
JOIN `kecamatan` ON `toko`.`id_kecamatan` = `kecamatan`.`id_kecamatan`
JOIN `desa` ON `toko`.`id_desa` = `desa`.`id_desa`
JOIN `kategori` ON `barang`.`id_kategori` = `kategori`.`id_kategori`
ORDER BY `barang`.`harga`', 0)
 2 SYSTEMPATH\Database\BaseConnection.php(692): CodeIgniter\Database\MySQLi\Connection->execute('SELECT `barang`.`nama_barang`, `barang`.`id_barang`, `barang`.`harga`, `barang`.`stock`, `barang`.`deskripsi`, `barang`.`foto_barang`, `barang`.`id_kategori`, `barang`.`updated_at`, `toko`.`nama_toko`, `toko`.`foto_toko`, `toko`.`detail_alamat`, `kecamatan`.`nama_kecamatan`, `desa`.`nama_desa`, `kategori`.`nama_kategori`
FROM `barang`
JOIN `toko` ON `barang`.`id_toko` = `toko`.`id_toko`
JOIN `kecamatan` ON `toko`.`id_kecamatan` = `kecamatan`.`id_kecamatan`
JOIN `desa` ON `toko`.`id_desa` = `desa`.`id_desa`
JOIN `kategori` ON `barang`.`id_kategori` = `kategori`.`id_kategori`
ORDER BY `barang`.`harga`')
 3 SYSTEMPATH\Database\BaseConnection.php(606): CodeIgniter\Database\BaseConnection->simpleQuery('SELECT `barang`.`nama_barang`, `barang`.`id_barang`, `barang`.`harga`, `barang`.`stock`, `barang`.`deskripsi`, `barang`.`foto_barang`, `barang`.`id_kategori`, `barang`.`updated_at`, `toko`.`nama_toko`, `toko`.`foto_toko`, `toko`.`detail_alamat`, `kecamatan`.`nama_kecamatan`, `desa`.`nama_desa`, `kategori`.`nama_kategori`
FROM `barang`
JOIN `toko` ON `barang`.`id_toko` = `toko`.`id_toko`
JOIN `kecamatan` ON `toko`.`id_kecamatan` = `kecamatan`.`id_kecamatan`
JOIN `desa` ON `toko`.`id_desa` = `desa`.`id_desa`
JOIN `kategori` ON `barang`.`id_kategori` = `kategori`.`id_kategori`
ORDER BY `barang`.`harga`')
 4 SYSTEMPATH\Database\BaseBuilder.php(1616): CodeIgniter\Database\BaseConnection->query('SELECT `barang`.`nama_barang`, `barang`.`id_barang`, `barang`.`harga`, `barang`.`stock`, `barang`.`deskripsi`, `barang`.`foto_barang`, `barang`.`id_kategori`, `barang`.`updated_at`, `toko`.`nama_toko`, `toko`.`foto_toko`, `toko`.`detail_alamat`, `kecamatan`.`nama_kecamatan`, `desa`.`nama_desa`, `kategori`.`nama_kategori`
FROM `barang`
JOIN `toko` ON `barang`.`id_toko` = `toko`.`id_toko`
JOIN `kecamatan` ON `toko`.`id_kecamatan` = `kecamatan`.`id_kecamatan`
JOIN `desa` ON `toko`.`id_desa` = `desa`.`id_desa`
JOIN `kategori` ON `barang`.`id_kategori` = `kategori`.`id_kategori`
ORDER BY `barang`.`harga`', [], false)
 5 APPPATH\Models\BarangModel.php(56): CodeIgniter\Database\BaseBuilder->get()
 6 APPPATH\Controllers\Page.php(46): App\Models\BarangModel->getBarangRekomendasi()
 7 SYSTEMPATH\CodeIgniter.php(932): App\Controllers\Page->daftar_barang()
 8 SYSTEMPATH\CodeIgniter.php(497): CodeIgniter\CodeIgniter->runController(Object(App\Controllers\Page))
 9 SYSTEMPATH\CodeIgniter.php(366): CodeIgniter\CodeIgniter->handleRequest(null, Object(Config\Cache), false)
10 FCPATH\index.php(67): CodeIgniter\CodeIgniter->run()
11 SYSTEMPATH\Commands\Server\rewrite.php(47): require_once('D:\\PW2\\WP\\public\\index.php')
INFO - 2023-07-13 12:05:56 --> Session: Class initialized using 'CodeIgniter\Session\Handlers\FileHandler' driver.
CRITICAL - 2023-07-13 12:05:56 --> Undefined variable $rekomedasi
in APPPATH\Views\Pembeli\daftar_barang.php on line 19.
 1 APPPATH\Views\Pembeli\daftar_barang.php(19): CodeIgniter\Debug\Exceptions->errorHandler(2, 'Undefined variable $rekomedasi', 'D:\\PW2\\WP\\app\\Views\\Pembeli\\daftar_barang.php', 19)
 2 SYSTEMPATH\View\View.php(224): include('D:\\PW2\\WP\\app\\Views\\Pembeli\\daftar_barang.php')
 3 SYSTEMPATH\View\View.php(227): CodeIgniter\View\View->CodeIgniter\View\{closure}()
 4 SYSTEMPATH\Common.php(1180): CodeIgniter\View\View->render('Pembeli/daftar_barang', [], true)
 5 APPPATH\Controllers\Page.php(48): view('Pembeli/daftar_barang', [...])
 6 SYSTEMPATH\CodeIgniter.php(932): App\Controllers\Page->daftar_barang()
 7 SYSTEMPATH\CodeIgniter.php(497): CodeIgniter\CodeIgniter->runController(Object(App\Controllers\Page))
 8 SYSTEMPATH\CodeIgniter.php(366): CodeIgniter\CodeIgniter->handleRequest(null, Object(Config\Cache), false)
 9 FCPATH\index.php(67): CodeIgniter\CodeIgniter->run()
10 SYSTEMPATH\Commands\Server\rewrite.php(47): require_once('D:\\PW2\\WP\\public\\index.php')
INFO - 2023-07-13 12:08:34 --> Session: Class initialized using 'CodeIgniter\Session\Handlers\FileHandler' driver.
CRITICAL - 2023-07-13 12:08:34 --> Undefined array key "id_toko"
in APPPATH\Views\Pembeli\daftar_barang.php on line 36.
 1 APPPATH\Views\Pembeli\daftar_barang.php(36): CodeIgniter\Debug\Exceptions->errorHandler(2, 'Undefined array key "id_toko"', 'D:\\PW2\\WP\\app\\Views\\Pembeli\\daftar_barang.php', 36)
 2 SYSTEMPATH\View\View.php(224): include('D:\\PW2\\WP\\app\\Views\\Pembeli\\daftar_barang.php')
 3 SYSTEMPATH\View\View.php(227): CodeIgniter\View\View->CodeIgniter\View\{closure}()
 4 SYSTEMPATH\Common.php(1180): CodeIgniter\View\View->render('Pembeli/daftar_barang', [], true)
 5 APPPATH\Controllers\Page.php(48): view('Pembeli/daftar_barang', [...])
 6 SYSTEMPATH\CodeIgniter.php(932): App\Controllers\Page->daftar_barang()
 7 SYSTEMPATH\CodeIgniter.php(497): CodeIgniter\CodeIgniter->runController(Object(App\Controllers\Page))
 8 SYSTEMPATH\CodeIgniter.php(366): CodeIgniter\CodeIgniter->handleRequest(null, Object(Config\Cache), false)
 9 FCPATH\index.php(67): CodeIgniter\CodeIgniter->run()
10 SYSTEMPATH\Commands\Server\rewrite.php(47): require_once('D:\\PW2\\WP\\public\\index.php')
INFO - 2023-07-13 12:09:19 --> Session: Class initialized using 'CodeIgniter\Session\Handlers\FileHandler' driver.
CRITICAL - 2023-07-13 12:09:19 --> Undefined array key "slug"
in APPPATH\Views\Pembeli\daftar_barang.php on line 38.
 1 APPPATH\Views\Pembeli\daftar_barang.php(38): CodeIgniter\Debug\Exceptions->errorHandler(2, 'Undefined array key "slug"', 'D:\\PW2\\WP\\app\\Views\\Pembeli\\daftar_barang.php', 38)
 2 SYSTEMPATH\View\View.php(224): include('D:\\PW2\\WP\\app\\Views\\Pembeli\\daftar_barang.php')
 3 SYSTEMPATH\View\View.php(227): CodeIgniter\View\View->CodeIgniter\View\{closure}()
 4 SYSTEMPATH\Common.php(1180): CodeIgniter\View\View->render('Pembeli/daftar_barang', [], true)
 5 APPPATH\Controllers\Page.php(48): view('Pembeli/daftar_barang', [...])
 6 SYSTEMPATH\CodeIgniter.php(932): App\Controllers\Page->daftar_barang()
 7 SYSTEMPATH\CodeIgniter.php(497): CodeIgniter\CodeIgniter->runController(Object(App\Controllers\Page))
 8 SYSTEMPATH\CodeIgniter.php(366): CodeIgniter\CodeIgniter->handleRequest(null, Object(Config\Cache), false)
 9 FCPATH\index.php(67): CodeIgniter\CodeIgniter->run()
10 SYSTEMPATH\Commands\Server\rewrite.php(47): require_once('D:\\PW2\\WP\\public\\index.php')
INFO - 2023-07-13 12:10:45 --> Session: Class initialized using 'CodeIgniter\Session\Handlers\FileHandler' driver.
INFO - 2023-07-13 12:12:47 --> Session: Class initialized using 'CodeIgniter\Session\Handlers\FileHandler' driver.
CRITICAL - 2023-07-13 14:40:20 --> Undefined variable $rekomendasi
in APPPATH\Views\Pembeli\daftar_barang.php on line 19.
 1 APPPATH\Views\Pembeli\daftar_barang.php(19): CodeIgniter\Debug\Exceptions->errorHandler(2, 'Undefined variable $rekomendasi', 'D:\\PW2\\WP\\app\\Views\\Pembeli\\daftar_barang.php', 19)
 2 SYSTEMPATH\View\View.php(224): include('D:\\PW2\\WP\\app\\Views\\Pembeli\\daftar_barang.php')
 3 SYSTEMPATH\View\View.php(227): CodeIgniter\View\View->CodeIgniter\View\{closure}()
 4 SYSTEMPATH\Common.php(1180): CodeIgniter\View\View->render('pembeli/daftar_barang', [], true)
 5 APPPATH\Controllers\Barang.php(404): view('pembeli/daftar_barang', [...])
 6 SYSTEMPATH\CodeIgniter.php(932): App\Controllers\Barang->search()
 7 SYSTEMPATH\CodeIgniter.php(497): CodeIgniter\CodeIgniter->runController(Object(App\Controllers\Barang))
 8 SYSTEMPATH\CodeIgniter.php(366): CodeIgniter\CodeIgniter->handleRequest(null, Object(Config\Cache), false)
 9 FCPATH\index.php(67): CodeIgniter\CodeIgniter->run()
10 SYSTEMPATH\Commands\Server\rewrite.php(47): require_once('D:\\PW2\\WP\\public\\index.php')
INFO - 2023-07-13 14:40:26 --> Session: Class initialized using 'CodeIgniter\Session\Handlers\FileHandler' driver.
INFO - 2023-07-13 14:41:23 --> Session: Class initialized using 'CodeIgniter\Session\Handlers\FileHandler' driver.
CRITICAL - 2023-07-13 14:41:26 --> Undefined variable $rekomendasi
in APPPATH\Views\Pembeli\daftar_barang.php on line 19.
 1 APPPATH\Views\Pembeli\daftar_barang.php(19): CodeIgniter\Debug\Exceptions->errorHandler(2, 'Undefined variable $rekomendasi', 'D:\\PW2\\WP\\app\\Views\\Pembeli\\daftar_barang.php', 19)
 2 SYSTEMPATH\View\View.php(224): include('D:\\PW2\\WP\\app\\Views\\Pembeli\\daftar_barang.php')
 3 SYSTEMPATH\View\View.php(227): CodeIgniter\View\View->CodeIgniter\View\{closure}()
 4 SYSTEMPATH\Common.php(1180): CodeIgniter\View\View->render('pembeli/daftar_barang', [], true)
 5 APPPATH\Controllers\Barang.php(404): view('pembeli/daftar_barang', [...])
 6 SYSTEMPATH\CodeIgniter.php(932): App\Controllers\Barang->search()
 7 SYSTEMPATH\CodeIgniter.php(497): CodeIgniter\CodeIgniter->runController(Object(App\Controllers\Barang))
 8 SYSTEMPATH\CodeIgniter.php(366): CodeIgniter\CodeIgniter->handleRequest(null, Object(Config\Cache), false)
 9 FCPATH\index.php(67): CodeIgniter\CodeIgniter->run()
10 SYSTEMPATH\Commands\Server\rewrite.php(47): require_once('D:\\PW2\\WP\\public\\index.php')
INFO - 2023-07-13 14:41:41 --> Session: Class initialized using 'CodeIgniter\Session\Handlers\FileHandler' driver.
CRITICAL - 2023-07-13 14:42:00 --> Undefined variable $rekomendasi
in APPPATH\Views\Pembeli\daftar_barang.php on line 19.
 1 APPPATH\Views\Pembeli\daftar_barang.php(19): CodeIgniter\Debug\Exceptions->errorHandler(2, 'Undefined variable $rekomendasi', 'D:\\PW2\\WP\\app\\Views\\Pembeli\\daftar_barang.php', 19)
 2 SYSTEMPATH\View\View.php(224): include('D:\\PW2\\WP\\app\\Views\\Pembeli\\daftar_barang.php')
 3 SYSTEMPATH\View\View.php(227): CodeIgniter\View\View->CodeIgniter\View\{closure}()
 4 SYSTEMPATH\Common.php(1180): CodeIgniter\View\View->render('pembeli/daftar_barang', [], true)
 5 APPPATH\Controllers\Barang.php(404): view('pembeli/daftar_barang', [...])
 6 SYSTEMPATH\CodeIgniter.php(932): App\Controllers\Barang->search()
 7 SYSTEMPATH\CodeIgniter.php(497): CodeIgniter\CodeIgniter->runController(Object(App\Controllers\Barang))
 8 SYSTEMPATH\CodeIgniter.php(366): CodeIgniter\CodeIgniter->handleRequest(null, Object(Config\Cache), false)
 9 FCPATH\index.php(67): CodeIgniter\CodeIgniter->run()
10 SYSTEMPATH\Commands\Server\rewrite.php(47): require_once('D:\\PW2\\WP\\public\\index.php')
INFO - 2023-07-13 14:42:03 --> Session: Class initialized using 'CodeIgniter\Session\Handlers\FileHandler' driver.
INFO - 2023-07-13 14:43:01 --> Session: Class initialized using 'CodeIgniter\Session\Handlers\FileHandler' driver.
INFO - 2023-07-13 14:43:03 --> Session: Class initialized using 'CodeIgniter\Session\Handlers\FileHandler' driver.
CRITICAL - 2023-07-13 14:43:10 --> Undefined array key "id_barang"
in APPPATH\Views\Pembeli\daftar_barang.php on line 99.
 1 APPPATH\Views\Pembeli\daftar_barang.php(99): CodeIgniter\Debug\Exceptions->errorHandler(2, 'Undefined array key "id_barang"', 'D:\\PW2\\WP\\app\\Views\\Pembeli\\daftar_barang.php', 99)
 2 SYSTEMPATH\View\View.php(224): include('D:\\PW2\\WP\\app\\Views\\Pembeli\\daftar_barang.php')
 3 SYSTEMPATH\View\View.php(227): CodeIgniter\View\View->CodeIgniter\View\{closure}()
 4 SYSTEMPATH\Common.php(1180): CodeIgniter\View\View->render('pembeli/daftar_barang', [], true)
 5 APPPATH\Controllers\Barang.php(405): view('pembeli/daftar_barang', [...])
 6 SYSTEMPATH\CodeIgniter.php(932): App\Controllers\Barang->search()
 7 SYSTEMPATH\CodeIgniter.php(497): CodeIgniter\CodeIgniter->runController(Object(App\Controllers\Barang))
 8 SYSTEMPATH\CodeIgniter.php(366): CodeIgniter\CodeIgniter->handleRequest(null, Object(Config\Cache), false)
 9 FCPATH\index.php(67): CodeIgniter\CodeIgniter->run()
10 SYSTEMPATH\Commands\Server\rewrite.php(47): require_once('D:\\PW2\\WP\\public\\index.php')
INFO - 2023-07-13 14:44:10 --> Session: Class initialized using 'CodeIgniter\Session\Handlers\FileHandler' driver.
INFO - 2023-07-13 14:44:12 --> Session: Class initialized using 'CodeIgniter\Session\Handlers\FileHandler' driver.
CRITICAL - 2023-07-13 14:44:19 --> Undefined array key "id_barang"
in APPPATH\Views\Pembeli\daftar_barang.php on line 99.
 1 APPPATH\Views\Pembeli\daftar_barang.php(99): CodeIgniter\Debug\Exceptions->errorHandler(2, 'Undefined array key "id_barang"', 'D:\\PW2\\WP\\app\\Views\\Pembeli\\daftar_barang.php', 99)
 2 SYSTEMPATH\View\View.php(224): include('D:\\PW2\\WP\\app\\Views\\Pembeli\\daftar_barang.php')
 3 SYSTEMPATH\View\View.php(227): CodeIgniter\View\View->CodeIgniter\View\{closure}()
 4 SYSTEMPATH\Common.php(1180): CodeIgniter\View\View->render('pembeli/daftar_barang', [], true)
 5 APPPATH\Controllers\Barang.php(405): view('pembeli/daftar_barang', [...])
 6 SYSTEMPATH\CodeIgniter.php(932): App\Controllers\Barang->search()
 7 SYSTEMPATH\CodeIgniter.php(497): CodeIgniter\CodeIgniter->runController(Object(App\Controllers\Barang))
 8 SYSTEMPATH\CodeIgniter.php(366): CodeIgniter\CodeIgniter->handleRequest(null, Object(Config\Cache), false)
 9 FCPATH\index.php(67): CodeIgniter\CodeIgniter->run()
10 SYSTEMPATH\Commands\Server\rewrite.php(47): require_once('D:\\PW2\\WP\\public\\index.php')
INFO - 2023-07-13 14:48:53 --> Session: Class initialized using 'CodeIgniter\Session\Handlers\FileHandler' driver.
CRITICAL - 2023-07-13 14:48:55 --> Undefined array key "id_barang"
in APPPATH\Views\Pembeli\daftar_barang.php on line 99.
 1 APPPATH\Views\Pembeli\daftar_barang.php(99): CodeIgniter\Debug\Exceptions->errorHandler(2, 'Undefined array key "id_barang"', 'D:\\PW2\\WP\\app\\Views\\Pembeli\\daftar_barang.php', 99)
 2 SYSTEMPATH\View\View.php(224): include('D:\\PW2\\WP\\app\\Views\\Pembeli\\daftar_barang.php')
 3 SYSTEMPATH\View\View.php(227): CodeIgniter\View\View->CodeIgniter\View\{closure}()
 4 SYSTEMPATH\Common.php(1180): CodeIgniter\View\View->render('pembeli/daftar_barang', [], true)
 5 APPPATH\Controllers\Barang.php(405): view('pembeli/daftar_barang', [...])
 6 SYSTEMPATH\CodeIgniter.php(932): App\Controllers\Barang->search()
 7 SYSTEMPATH\CodeIgniter.php(497): CodeIgniter\CodeIgniter->runController(Object(App\Controllers\Barang))
 8 SYSTEMPATH\CodeIgniter.php(366): CodeIgniter\CodeIgniter->handleRequest(null, Object(Config\Cache), false)
 9 FCPATH\index.php(67): CodeIgniter\CodeIgniter->run()
10 SYSTEMPATH\Commands\Server\rewrite.php(47): require_once('D:\\PW2\\WP\\public\\index.php')
INFO - 2023-07-13 14:48:57 --> Session: Class initialized using 'CodeIgniter\Session\Handlers\FileHandler' driver.
INFO - 2023-07-13 14:49:00 --> Session: Class initialized using 'CodeIgniter\Session\Handlers\FileHandler' driver.
INFO - 2023-07-13 14:50:25 --> Session: Class initialized using 'CodeIgniter\Session\Handlers\FileHandler' driver.
INFO - 2023-07-13 14:50:29 --> Session: Class initialized using 'CodeIgniter\Session\Handlers\FileHandler' driver.
INFO - 2023-07-13 14:50:36 --> Session: Class initialized using 'CodeIgniter\Session\Handlers\FileHandler' driver.
INFO - 2023-07-13 14:52:19 --> Session: Class initialized using 'CodeIgniter\Session\Handlers\FileHandler' driver.
INFO - 2023-07-13 14:52:31 --> Session: Class initialized using 'CodeIgniter\Session\Handlers\FileHandler' driver.
INFO - 2023-07-13 14:52:32 --> Session: Class initialized using 'CodeIgniter\Session\Handlers\FileHandler' driver.
INFO - 2023-07-13 14:52:40 --> Session: Class initialized using 'CodeIgniter\Session\Handlers\FileHandler' driver.
INFO - 2023-07-13 16:00:37 --> Session: Class initialized using 'CodeIgniter\Session\Handlers\FileHandler' driver.
INFO - 2023-07-13 16:00:37 --> Session: Class initialized using 'CodeIgniter\Session\Handlers\FileHandler' driver.
INFO - 2023-07-13 16:00:42 --> Session: Class initialized using 'CodeIgniter\Session\Handlers\FileHandler' driver.
INFO - 2023-07-13 16:00:46 --> Session: Class initialized using 'CodeIgniter\Session\Handlers\FileHandler' driver.
INFO - 2023-07-13 16:02:56 --> Session: Class initialized using 'CodeIgniter\Session\Handlers\FileHandler' driver.
INFO - 2023-07-13 16:02:56 --> Session: Class initialized using 'CodeIgniter\Session\Handlers\FileHandler' driver.
INFO - 2023-07-13 16:03:43 --> Session: Class initialized using 'CodeIgniter\Session\Handlers\FileHandler' driver.
INFO - 2023-07-13 16:03:44 --> Session: Class initialized using 'CodeIgniter\Session\Handlers\FileHandler' driver.
INFO - 2023-07-13 16:04:33 --> Session: Class initialized using 'CodeIgniter\Session\Handlers\FileHandler' driver.
INFO - 2023-07-13 16:04:38 --> Session: Class initialized using 'CodeIgniter\Session\Handlers\FileHandler' driver.
INFO - 2023-07-13 16:04:54 --> Session: Class initialized using 'CodeIgniter\Session\Handlers\FileHandler' driver.
INFO - 2023-07-13 16:04:54 --> Session: Class initialized using 'CodeIgniter\Session\Handlers\FileHandler' driver.
INFO - 2023-07-13 16:05:20 --> Session: Class initialized using 'CodeIgniter\Session\Handlers\FileHandler' driver.
INFO - 2023-07-13 16:05:20 --> Session: Class initialized using 'CodeIgniter\Session\Handlers\FileHandler' driver.
INFO - 2023-07-13 16:05:28 --> Session: Class initialized using 'CodeIgniter\Session\Handlers\FileHandler' driver.
INFO - 2023-07-13 16:05:28 --> Session: Class initialized using 'CodeIgniter\Session\Handlers\FileHandler' driver.
INFO - 2023-07-13 16:05:31 --> Session: Class initialized using 'CodeIgniter\Session\Handlers\FileHandler' driver.
INFO - 2023-07-13 16:05:35 --> Session: Class initialized using 'CodeIgniter\Session\Handlers\FileHandler' driver.
INFO - 2023-07-13 16:07:03 --> Session: Class initialized using 'CodeIgniter\Session\Handlers\FileHandler' driver.
INFO - 2023-07-13 16:38:51 --> Session: Class initialized using 'CodeIgniter\Session\Handlers\FileHandler' driver.
INFO - 2023-07-13 16:38:51 --> Session: Class initialized using 'CodeIgniter\Session\Handlers\FileHandler' driver.
INFO - 2023-07-13 16:38:54 --> Session: Class initialized using 'CodeIgniter\Session\Handlers\FileHandler' driver.
INFO - 2023-07-13 16:39:03 --> Session: Class initialized using 'CodeIgniter\Session\Handlers\FileHandler' driver.
INFO - 2023-07-13 16:39:03 --> Session: Class initialized using 'CodeIgniter\Session\Handlers\FileHandler' driver.
INFO - 2023-07-13 16:39:13 --> Session: Class initialized using 'CodeIgniter\Session\Handlers\FileHandler' driver.
INFO - 2023-07-13 16:39:14 --> Session: Class initialized using 'CodeIgniter\Session\Handlers\FileHandler' driver.
INFO - 2023-07-13 16:39:16 --> Session: Class initialized using 'CodeIgniter\Session\Handlers\FileHandler' driver.
INFO - 2023-07-13 16:39:20 --> Session: Class initialized using 'CodeIgniter\Session\Handlers\FileHandler' driver.
INFO - 2023-07-13 17:08:59 --> Session: Class initialized using 'CodeIgniter\Session\Handlers\FileHandler' driver.
INFO - 2023-07-13 17:09:05 --> Session: Class initialized using 'CodeIgniter\Session\Handlers\FileHandler' driver.
INFO - 2023-07-13 17:09:08 --> Session: Class initialized using 'CodeIgniter\Session\Handlers\FileHandler' driver.
INFO - 2023-07-13 17:14:25 --> Session: Class initialized using 'CodeIgniter\Session\Handlers\FileHandler' driver.
INFO - 2023-07-13 17:15:25 --> Session: Class initialized using 'CodeIgniter\Session\Handlers\FileHandler' driver.
INFO - 2023-07-13 17:15:29 --> Session: Class initialized using 'CodeIgniter\Session\Handlers\FileHandler' driver.
INFO - 2023-07-13 17:15:40 --> Session: Class initialized using 'CodeIgniter\Session\Handlers\FileHandler' driver.
INFO - 2023-07-13 17:15:43 --> Session: Class initialized using 'CodeIgniter\Session\Handlers\FileHandler' driver.
INFO - 2023-07-13 17:15:45 --> Session: Class initialized using 'CodeIgniter\Session\Handlers\FileHandler' driver.
INFO - 2023-07-13 17:15:47 --> Session: Class initialized using 'CodeIgniter\Session\Handlers\FileHandler' driver.
INFO - 2023-07-13 17:15:49 --> Session: Class initialized using 'CodeIgniter\Session\Handlers\FileHandler' driver.
INFO - 2023-07-13 17:15:51 --> Session: Class initialized using 'CodeIgniter\Session\Handlers\FileHandler' driver.
INFO - 2023-07-13 17:17:53 --> Session: Class initialized using 'CodeIgniter\Session\Handlers\FileHandler' driver.
INFO - 2023-07-13 17:18:17 --> Session: Class initialized using 'CodeIgniter\Session\Handlers\FileHandler' driver.
INFO - 2023-07-13 17:18:19 --> Session: Class initialized using 'CodeIgniter\Session\Handlers\FileHandler' driver.
INFO - 2023-07-13 17:21:09 --> Session: Class initialized using 'CodeIgniter\Session\Handlers\FileHandler' driver.
INFO - 2023-07-13 17:21:24 --> Session: Class initialized using 'CodeIgniter\Session\Handlers\FileHandler' driver.
INFO - 2023-07-13 17:21:27 --> Session: Class initialized using 'CodeIgniter\Session\Handlers\FileHandler' driver.
INFO - 2023-07-13 17:43:10 --> Session: Class initialized using 'CodeIgniter\Session\Handlers\FileHandler' driver.
INFO - 2023-07-13 17:43:12 --> Session: Class initialized using 'CodeIgniter\Session\Handlers\FileHandler' driver.
INFO - 2023-07-13 17:43:15 --> Session: Class initialized using 'CodeIgniter\Session\Handlers\FileHandler' driver.
INFO - 2023-07-13 17:43:22 --> Session: Class initialized using 'CodeIgniter\Session\Handlers\FileHandler' driver.
INFO - 2023-07-13 18:51:22 --> Session: Class initialized using 'CodeIgniter\Session\Handlers\FileHandler' driver.
INFO - 2023-07-13 19:13:40 --> Session: Class initialized using 'CodeIgniter\Session\Handlers\FileHandler' driver.
INFO - 2023-07-13 19:17:02 --> Session: Class initialized using 'CodeIgniter\Session\Handlers\FileHandler' driver.
INFO - 2023-07-13 19:17:38 --> Session: Class initialized using 'CodeIgniter\Session\Handlers\FileHandler' driver.
INFO - 2023-07-13 19:36:36 --> Session: Class initialized using 'CodeIgniter\Session\Handlers\FileHandler' driver.
INFO - 2023-07-13 19:36:37 --> Session: Class initialized using 'CodeIgniter\Session\Handlers\FileHandler' driver.
ERROR - 2023-07-13 19:36:37 --> mysqli_sql_exception: Unknown column 'barang.upadetd_at' in 'field list' in D:\PW2\WP\vendor\codeigniter4\framework\system\Database\MySQLi\Connection.php:295
Stack trace:
#0 D:\PW2\WP\vendor\codeigniter4\framework\system\Database\MySQLi\Connection.php(295): mysqli->query('SELECT `barang`...', 0)
#1 D:\PW2\WP\vendor\codeigniter4\framework\system\Database\BaseConnection.php(692): CodeIgniter\Database\MySQLi\Connection->execute('SELECT `barang`...')
#2 D:\PW2\WP\vendor\codeigniter4\framework\system\Database\BaseConnection.php(606): CodeIgniter\Database\BaseConnection->simpleQuery('SELECT `barang`...')
#3 D:\PW2\WP\vendor\codeigniter4\framework\system\Database\BaseBuilder.php(1616): CodeIgniter\Database\BaseConnection->query('SELECT `barang`...', Array, false)
#4 D:\PW2\WP\app\Models\BarangModel.php(99): CodeIgniter\Database\BaseBuilder->get()
#5 D:\PW2\WP\app\Controllers\Barang.php(428): App\Models\BarangModel->getDetailBarang('13')
#6 D:\PW2\WP\vendor\codeigniter4\framework\system\CodeIgniter.php(932): App\Controllers\Barang->pembeli_detail_barang('13')
#7 D:\PW2\WP\vendor\codeigniter4\framework\system\CodeIgniter.php(497): CodeIgniter\CodeIgniter->runController(Object(App\Controllers\Barang))
#8 D:\PW2\WP\vendor\codeigniter4\framework\system\CodeIgniter.php(366): CodeIgniter\CodeIgniter->handleRequest(NULL, Object(Config\Cache), false)
#9 D:\PW2\WP\public\index.php(67): CodeIgniter\CodeIgniter->run()
#10 D:\PW2\WP\vendor\codeigniter4\framework\system\Commands\Server\rewrite.php(47): require_once('D:\\PW2\\WP\\publi...')
#11 {main}
CRITICAL - 2023-07-13 19:36:37 --> Unknown column 'barang.upadetd_at' in 'field list'
in SYSTEMPATH\Database\MySQLi\Connection.php on line 295.
 1 SYSTEMPATH\Database\MySQLi\Connection.php(295): mysqli->query('SELECT `barang`.`nama_barang`, `barang`.`id_barang`, `barang`.`harga`, `barang`.`stock`, `barang`.`deskripsi`, `barang`.`foto_barang`, `barang`.`id_kategori`, `barang`.`upadetd_at`, `toko`.`nama_toko`, `toko`.`foto_toko`
FROM `barang`
JOIN `toko` ON `barang`.`id_toko` = `toko`.`id_toko`
WHERE `barang`.`id_barang` = \'13\'', 0)
 2 SYSTEMPATH\Database\BaseConnection.php(692): CodeIgniter\Database\MySQLi\Connection->execute('SELECT `barang`.`nama_barang`, `barang`.`id_barang`, `barang`.`harga`, `barang`.`stock`, `barang`.`deskripsi`, `barang`.`foto_barang`, `barang`.`id_kategori`, `barang`.`upadetd_at`, `toko`.`nama_toko`, `toko`.`foto_toko`
FROM `barang`
JOIN `toko` ON `barang`.`id_toko` = `toko`.`id_toko`
WHERE `barang`.`id_barang` = \'13\'')
 3 SYSTEMPATH\Database\BaseConnection.php(606): CodeIgniter\Database\BaseConnection->simpleQuery('SELECT `barang`.`nama_barang`, `barang`.`id_barang`, `barang`.`harga`, `barang`.`stock`, `barang`.`deskripsi`, `barang`.`foto_barang`, `barang`.`id_kategori`, `barang`.`upadetd_at`, `toko`.`nama_toko`, `toko`.`foto_toko`
FROM `barang`
JOIN `toko` ON `barang`.`id_toko` = `toko`.`id_toko`
WHERE `barang`.`id_barang` = \'13\'')
 4 SYSTEMPATH\Database\BaseBuilder.php(1616): CodeIgniter\Database\BaseConnection->query('SELECT `barang`.`nama_barang`, `barang`.`id_barang`, `barang`.`harga`, `barang`.`stock`, `barang`.`deskripsi`, `barang`.`foto_barang`, `barang`.`id_kategori`, `barang`.`upadetd_at`, `toko`.`nama_toko`, `toko`.`foto_toko`
FROM `barang`
JOIN `toko` ON `barang`.`id_toko` = `toko`.`id_toko`
WHERE `barang`.`id_barang` = :barang.id_barang:', [...], false)
 5 APPPATH\Models\BarangModel.php(99): CodeIgniter\Database\BaseBuilder->get()
 6 APPPATH\Controllers\Barang.php(428): App\Models\BarangModel->getDetailBarang('13')
 7 SYSTEMPATH\CodeIgniter.php(932): App\Controllers\Barang->pembeli_detail_barang('13')
 8 SYSTEMPATH\CodeIgniter.php(497): CodeIgniter\CodeIgniter->runController(Object(App\Controllers\Barang))
 9 SYSTEMPATH\CodeIgniter.php(366): CodeIgniter\CodeIgniter->handleRequest(null, Object(Config\Cache), false)
10 FCPATH\index.php(67): CodeIgniter\CodeIgniter->run()
11 SYSTEMPATH\Commands\Server\rewrite.php(47): require_once('D:\\PW2\\WP\\public\\index.php')
INFO - 2023-07-13 19:36:55 --> Session: Class initialized using 'CodeIgniter\Session\Handlers\FileHandler' driver.
ERROR - 2023-07-13 19:36:55 --> mysqli_sql_exception: Unknown column 'barang.upadeted_at' in 'field list' in D:\PW2\WP\vendor\codeigniter4\framework\system\Database\MySQLi\Connection.php:295
Stack trace:
#0 D:\PW2\WP\vendor\codeigniter4\framework\system\Database\MySQLi\Connection.php(295): mysqli->query('SELECT `barang`...', 0)
#1 D:\PW2\WP\vendor\codeigniter4\framework\system\Database\BaseConnection.php(692): CodeIgniter\Database\MySQLi\Connection->execute('SELECT `barang`...')
#2 D:\PW2\WP\vendor\codeigniter4\framework\system\Database\BaseConnection.php(606): CodeIgniter\Database\BaseConnection->simpleQuery('SELECT `barang`...')
#3 D:\PW2\WP\vendor\codeigniter4\framework\system\Database\BaseBuilder.php(1616): CodeIgniter\Database\BaseConnection->query('SELECT `barang`...', Array, false)
#4 D:\PW2\WP\app\Models\BarangModel.php(99): CodeIgniter\Database\BaseBuilder->get()
#5 D:\PW2\WP\app\Controllers\Barang.php(428): App\Models\BarangModel->getDetailBarang('13')
#6 D:\PW2\WP\vendor\codeigniter4\framework\system\CodeIgniter.php(932): App\Controllers\Barang->pembeli_detail_barang('13')
#7 D:\PW2\WP\vendor\codeigniter4\framework\system\CodeIgniter.php(497): CodeIgniter\CodeIgniter->runController(Object(App\Controllers\Barang))
#8 D:\PW2\WP\vendor\codeigniter4\framework\system\CodeIgniter.php(366): CodeIgniter\CodeIgniter->handleRequest(NULL, Object(Config\Cache), false)
#9 D:\PW2\WP\public\index.php(67): CodeIgniter\CodeIgniter->run()
#10 D:\PW2\WP\vendor\codeigniter4\framework\system\Commands\Server\rewrite.php(47): require_once('D:\\PW2\\WP\\publi...')
#11 {main}
CRITICAL - 2023-07-13 19:36:55 --> Unknown column 'barang.upadeted_at' in 'field list'
in SYSTEMPATH\Database\MySQLi\Connection.php on line 295.
 1 SYSTEMPATH\Database\MySQLi\Connection.php(295): mysqli->query('SELECT `barang`.`nama_barang`, `barang`.`id_barang`, `barang`.`harga`, `barang`.`stock`, `barang`.`deskripsi`, `barang`.`foto_barang`, `barang`.`id_kategori`, `barang`.`upadeted_at`, `toko`.`nama_toko`, `toko`.`foto_toko`
FROM `barang`
JOIN `toko` ON `barang`.`id_toko` = `toko`.`id_toko`
WHERE `barang`.`id_barang` = \'13\'', 0)
 2 SYSTEMPATH\Database\BaseConnection.php(692): CodeIgniter\Database\MySQLi\Connection->execute('SELECT `barang`.`nama_barang`, `barang`.`id_barang`, `barang`.`harga`, `barang`.`stock`, `barang`.`deskripsi`, `barang`.`foto_barang`, `barang`.`id_kategori`, `barang`.`upadeted_at`, `toko`.`nama_toko`, `toko`.`foto_toko`
FROM `barang`
JOIN `toko` ON `barang`.`id_toko` = `toko`.`id_toko`
WHERE `barang`.`id_barang` = \'13\'')
 3 SYSTEMPATH\Database\BaseConnection.php(606): CodeIgniter\Database\BaseConnection->simpleQuery('SELECT `barang`.`nama_barang`, `barang`.`id_barang`, `barang`.`harga`, `barang`.`stock`, `barang`.`deskripsi`, `barang`.`foto_barang`, `barang`.`id_kategori`, `barang`.`upadeted_at`, `toko`.`nama_toko`, `toko`.`foto_toko`
FROM `barang`
JOIN `toko` ON `barang`.`id_toko` = `toko`.`id_toko`
WHERE `barang`.`id_barang` = \'13\'')
 4 SYSTEMPATH\Database\BaseBuilder.php(1616): CodeIgniter\Database\BaseConnection->query('SELECT `barang`.`nama_barang`, `barang`.`id_barang`, `barang`.`harga`, `barang`.`stock`, `barang`.`deskripsi`, `barang`.`foto_barang`, `barang`.`id_kategori`, `barang`.`upadeted_at`, `toko`.`nama_toko`, `toko`.`foto_toko`
FROM `barang`
JOIN `toko` ON `barang`.`id_toko` = `toko`.`id_toko`
WHERE `barang`.`id_barang` = :barang.id_barang:', [...], false)
 5 APPPATH\Models\BarangModel.php(99): CodeIgniter\Database\BaseBuilder->get()
 6 APPPATH\Controllers\Barang.php(428): App\Models\BarangModel->getDetailBarang('13')
 7 SYSTEMPATH\CodeIgniter.php(932): App\Controllers\Barang->pembeli_detail_barang('13')
 8 SYSTEMPATH\CodeIgniter.php(497): CodeIgniter\CodeIgniter->runController(Object(App\Controllers\Barang))
 9 SYSTEMPATH\CodeIgniter.php(366): CodeIgniter\CodeIgniter->handleRequest(null, Object(Config\Cache), false)
10 FCPATH\index.php(67): CodeIgniter\CodeIgniter->run()
11 SYSTEMPATH\Commands\Server\rewrite.php(47): require_once('D:\\PW2\\WP\\public\\index.php')
INFO - 2023-07-13 19:36:57 --> Session: Class initialized using 'CodeIgniter\Session\Handlers\FileHandler' driver.
ERROR - 2023-07-13 19:36:57 --> mysqli_sql_exception: Unknown column 'barang.upadeted_at' in 'field list' in D:\PW2\WP\vendor\codeigniter4\framework\system\Database\MySQLi\Connection.php:295
Stack trace:
#0 D:\PW2\WP\vendor\codeigniter4\framework\system\Database\MySQLi\Connection.php(295): mysqli->query('SELECT `barang`...', 0)
#1 D:\PW2\WP\vendor\codeigniter4\framework\system\Database\BaseConnection.php(692): CodeIgniter\Database\MySQLi\Connection->execute('SELECT `barang`...')
#2 D:\PW2\WP\vendor\codeigniter4\framework\system\Database\BaseConnection.php(606): CodeIgniter\Database\BaseConnection->simpleQuery('SELECT `barang`...')
#3 D:\PW2\WP\vendor\codeigniter4\framework\system\Database\BaseBuilder.php(1616): CodeIgniter\Database\BaseConnection->query('SELECT `barang`...', Array, false)
#4 D:\PW2\WP\app\Models\BarangModel.php(99): CodeIgniter\Database\BaseBuilder->get()
#5 D:\PW2\WP\app\Controllers\Barang.php(428): App\Models\BarangModel->getDetailBarang('13')
#6 D:\PW2\WP\vendor\codeigniter4\framework\system\CodeIgniter.php(932): App\Controllers\Barang->pembeli_detail_barang('13')
#7 D:\PW2\WP\vendor\codeigniter4\framework\system\CodeIgniter.php(497): CodeIgniter\CodeIgniter->runController(Object(App\Controllers\Barang))
#8 D:\PW2\WP\vendor\codeigniter4\framework\system\CodeIgniter.php(366): CodeIgniter\CodeIgniter->handleRequest(NULL, Object(Config\Cache), false)
#9 D:\PW2\WP\public\index.php(67): CodeIgniter\CodeIgniter->run()
#10 D:\PW2\WP\vendor\codeigniter4\framework\system\Commands\Server\rewrite.php(47): require_once('D:\\PW2\\WP\\publi...')
#11 {main}
CRITICAL - 2023-07-13 19:36:57 --> Unknown column 'barang.upadeted_at' in 'field list'
in SYSTEMPATH\Database\MySQLi\Connection.php on line 295.
 1 SYSTEMPATH\Database\MySQLi\Connection.php(295): mysqli->query('SELECT `barang`.`nama_barang`, `barang`.`id_barang`, `barang`.`harga`, `barang`.`stock`, `barang`.`deskripsi`, `barang`.`foto_barang`, `barang`.`id_kategori`, `barang`.`upadeted_at`, `toko`.`nama_toko`, `toko`.`foto_toko`
FROM `barang`
JOIN `toko` ON `barang`.`id_toko` = `toko`.`id_toko`
WHERE `barang`.`id_barang` = \'13\'', 0)
 2 SYSTEMPATH\Database\BaseConnection.php(692): CodeIgniter\Database\MySQLi\Connection->execute('SELECT `barang`.`nama_barang`, `barang`.`id_barang`, `barang`.`harga`, `barang`.`stock`, `barang`.`deskripsi`, `barang`.`foto_barang`, `barang`.`id_kategori`, `barang`.`upadeted_at`, `toko`.`nama_toko`, `toko`.`foto_toko`
FROM `barang`
JOIN `toko` ON `barang`.`id_toko` = `toko`.`id_toko`
WHERE `barang`.`id_barang` = \'13\'')
 3 SYSTEMPATH\Database\BaseConnection.php(606): CodeIgniter\Database\BaseConnection->simpleQuery('SELECT `barang`.`nama_barang`, `barang`.`id_barang`, `barang`.`harga`, `barang`.`stock`, `barang`.`deskripsi`, `barang`.`foto_barang`, `barang`.`id_kategori`, `barang`.`upadeted_at`, `toko`.`nama_toko`, `toko`.`foto_toko`
FROM `barang`
JOIN `toko` ON `barang`.`id_toko` = `toko`.`id_toko`
WHERE `barang`.`id_barang` = \'13\'')
 4 SYSTEMPATH\Database\BaseBuilder.php(1616): CodeIgniter\Database\BaseConnection->query('SELECT `barang`.`nama_barang`, `barang`.`id_barang`, `barang`.`harga`, `barang`.`stock`, `barang`.`deskripsi`, `barang`.`foto_barang`, `barang`.`id_kategori`, `barang`.`upadeted_at`, `toko`.`nama_toko`, `toko`.`foto_toko`
FROM `barang`
JOIN `toko` ON `barang`.`id_toko` = `toko`.`id_toko`
WHERE `barang`.`id_barang` = :barang.id_barang:', [...], false)
 5 APPPATH\Models\BarangModel.php(99): CodeIgniter\Database\BaseBuilder->get()
 6 APPPATH\Controllers\Barang.php(428): App\Models\BarangModel->getDetailBarang('13')
 7 SYSTEMPATH\CodeIgniter.php(932): App\Controllers\Barang->pembeli_detail_barang('13')
 8 SYSTEMPATH\CodeIgniter.php(497): CodeIgniter\CodeIgniter->runController(Object(App\Controllers\Barang))
 9 SYSTEMPATH\CodeIgniter.php(366): CodeIgniter\CodeIgniter->handleRequest(null, Object(Config\Cache), false)
10 FCPATH\index.php(67): CodeIgniter\CodeIgniter->run()
11 SYSTEMPATH\Commands\Server\rewrite.php(47): require_once('D:\\PW2\\WP\\public\\index.php')
INFO - 2023-07-13 19:36:58 --> Session: Class initialized using 'CodeIgniter\Session\Handlers\FileHandler' driver.
ERROR - 2023-07-13 19:36:58 --> mysqli_sql_exception: Unknown column 'barang.upadeted_at' in 'field list' in D:\PW2\WP\vendor\codeigniter4\framework\system\Database\MySQLi\Connection.php:295
Stack trace:
#0 D:\PW2\WP\vendor\codeigniter4\framework\system\Database\MySQLi\Connection.php(295): mysqli->query('SELECT `barang`...', 0)
#1 D:\PW2\WP\vendor\codeigniter4\framework\system\Database\BaseConnection.php(692): CodeIgniter\Database\MySQLi\Connection->execute('SELECT `barang`...')
#2 D:\PW2\WP\vendor\codeigniter4\framework\system\Database\BaseConnection.php(606): CodeIgniter\Database\BaseConnection->simpleQuery('SELECT `barang`...')
#3 D:\PW2\WP\vendor\codeigniter4\framework\system\Database\BaseBuilder.php(1616): CodeIgniter\Database\BaseConnection->query('SELECT `barang`...', Array, false)
#4 D:\PW2\WP\app\Models\BarangModel.php(99): CodeIgniter\Database\BaseBuilder->get()
#5 D:\PW2\WP\app\Controllers\Barang.php(428): App\Models\BarangModel->getDetailBarang('13')
#6 D:\PW2\WP\vendor\codeigniter4\framework\system\CodeIgniter.php(932): App\Controllers\Barang->pembeli_detail_barang('13')
#7 D:\PW2\WP\vendor\codeigniter4\framework\system\CodeIgniter.php(497): CodeIgniter\CodeIgniter->runController(Object(App\Controllers\Barang))
#8 D:\PW2\WP\vendor\codeigniter4\framework\system\CodeIgniter.php(366): CodeIgniter\CodeIgniter->handleRequest(NULL, Object(Config\Cache), false)
#9 D:\PW2\WP\public\index.php(67): CodeIgniter\CodeIgniter->run()
#10 D:\PW2\WP\vendor\codeigniter4\framework\system\Commands\Server\rewrite.php(47): require_once('D:\\PW2\\WP\\publi...')
#11 {main}
CRITICAL - 2023-07-13 19:36:58 --> Unknown column 'barang.upadeted_at' in 'field list'
in SYSTEMPATH\Database\MySQLi\Connection.php on line 295.
 1 SYSTEMPATH\Database\MySQLi\Connection.php(295): mysqli->query('SELECT `barang`.`nama_barang`, `barang`.`id_barang`, `barang`.`harga`, `barang`.`stock`, `barang`.`deskripsi`, `barang`.`foto_barang`, `barang`.`id_kategori`, `barang`.`upadeted_at`, `toko`.`nama_toko`, `toko`.`foto_toko`
FROM `barang`
JOIN `toko` ON `barang`.`id_toko` = `toko`.`id_toko`
WHERE `barang`.`id_barang` = \'13\'', 0)
 2 SYSTEMPATH\Database\BaseConnection.php(692): CodeIgniter\Database\MySQLi\Connection->execute('SELECT `barang`.`nama_barang`, `barang`.`id_barang`, `barang`.`harga`, `barang`.`stock`, `barang`.`deskripsi`, `barang`.`foto_barang`, `barang`.`id_kategori`, `barang`.`upadeted_at`, `toko`.`nama_toko`, `toko`.`foto_toko`
FROM `barang`
JOIN `toko` ON `barang`.`id_toko` = `toko`.`id_toko`
WHERE `barang`.`id_barang` = \'13\'')
 3 SYSTEMPATH\Database\BaseConnection.php(606): CodeIgniter\Database\BaseConnection->simpleQuery('SELECT `barang`.`nama_barang`, `barang`.`id_barang`, `barang`.`harga`, `barang`.`stock`, `barang`.`deskripsi`, `barang`.`foto_barang`, `barang`.`id_kategori`, `barang`.`upadeted_at`, `toko`.`nama_toko`, `toko`.`foto_toko`
FROM `barang`
JOIN `toko` ON `barang`.`id_toko` = `toko`.`id_toko`
WHERE `barang`.`id_barang` = \'13\'')
 4 SYSTEMPATH\Database\BaseBuilder.php(1616): CodeIgniter\Database\BaseConnection->query('SELECT `barang`.`nama_barang`, `barang`.`id_barang`, `barang`.`harga`, `barang`.`stock`, `barang`.`deskripsi`, `barang`.`foto_barang`, `barang`.`id_kategori`, `barang`.`upadeted_at`, `toko`.`nama_toko`, `toko`.`foto_toko`
FROM `barang`
JOIN `toko` ON `barang`.`id_toko` = `toko`.`id_toko`
WHERE `barang`.`id_barang` = :barang.id_barang:', [...], false)
 5 APPPATH\Models\BarangModel.php(99): CodeIgniter\Database\BaseBuilder->get()
 6 APPPATH\Controllers\Barang.php(428): App\Models\BarangModel->getDetailBarang('13')
 7 SYSTEMPATH\CodeIgniter.php(932): App\Controllers\Barang->pembeli_detail_barang('13')
 8 SYSTEMPATH\CodeIgniter.php(497): CodeIgniter\CodeIgniter->runController(Object(App\Controllers\Barang))
 9 SYSTEMPATH\CodeIgniter.php(366): CodeIgniter\CodeIgniter->handleRequest(null, Object(Config\Cache), false)
10 FCPATH\index.php(67): CodeIgniter\CodeIgniter->run()
11 SYSTEMPATH\Commands\Server\rewrite.php(47): require_once('D:\\PW2\\WP\\public\\index.php')
INFO - 2023-07-13 19:36:59 --> Session: Class initialized using 'CodeIgniter\Session\Handlers\FileHandler' driver.
ERROR - 2023-07-13 19:36:59 --> mysqli_sql_exception: Unknown column 'barang.upadeted_at' in 'field list' in D:\PW2\WP\vendor\codeigniter4\framework\system\Database\MySQLi\Connection.php:295
Stack trace:
#0 D:\PW2\WP\vendor\codeigniter4\framework\system\Database\MySQLi\Connection.php(295): mysqli->query('SELECT `barang`...', 0)
#1 D:\PW2\WP\vendor\codeigniter4\framework\system\Database\BaseConnection.php(692): CodeIgniter\Database\MySQLi\Connection->execute('SELECT `barang`...')
#2 D:\PW2\WP\vendor\codeigniter4\framework\system\Database\BaseConnection.php(606): CodeIgniter\Database\BaseConnection->simpleQuery('SELECT `barang`...')
#3 D:\PW2\WP\vendor\codeigniter4\framework\system\Database\BaseBuilder.php(1616): CodeIgniter\Database\BaseConnection->query('SELECT `barang`...', Array, false)
#4 D:\PW2\WP\app\Models\BarangModel.php(99): CodeIgniter\Database\BaseBuilder->get()
#5 D:\PW2\WP\app\Controllers\Barang.php(428): App\Models\BarangModel->getDetailBarang('13')
#6 D:\PW2\WP\vendor\codeigniter4\framework\system\CodeIgniter.php(932): App\Controllers\Barang->pembeli_detail_barang('13')
#7 D:\PW2\WP\vendor\codeigniter4\framework\system\CodeIgniter.php(497): CodeIgniter\CodeIgniter->runController(Object(App\Controllers\Barang))
#8 D:\PW2\WP\vendor\codeigniter4\framework\system\CodeIgniter.php(366): CodeIgniter\CodeIgniter->handleRequest(NULL, Object(Config\Cache), false)
#9 D:\PW2\WP\public\index.php(67): CodeIgniter\CodeIgniter->run()
#10 D:\PW2\WP\vendor\codeigniter4\framework\system\Commands\Server\rewrite.php(47): require_once('D:\\PW2\\WP\\publi...')
#11 {main}
CRITICAL - 2023-07-13 19:36:59 --> Unknown column 'barang.upadeted_at' in 'field list'
in SYSTEMPATH\Database\MySQLi\Connection.php on line 295.
 1 SYSTEMPATH\Database\MySQLi\Connection.php(295): mysqli->query('SELECT `barang`.`nama_barang`, `barang`.`id_barang`, `barang`.`harga`, `barang`.`stock`, `barang`.`deskripsi`, `barang`.`foto_barang`, `barang`.`id_kategori`, `barang`.`upadeted_at`, `toko`.`nama_toko`, `toko`.`foto_toko`
FROM `barang`
JOIN `toko` ON `barang`.`id_toko` = `toko`.`id_toko`
WHERE `barang`.`id_barang` = \'13\'', 0)
 2 SYSTEMPATH\Database\BaseConnection.php(692): CodeIgniter\Database\MySQLi\Connection->execute('SELECT `barang`.`nama_barang`, `barang`.`id_barang`, `barang`.`harga`, `barang`.`stock`, `barang`.`deskripsi`, `barang`.`foto_barang`, `barang`.`id_kategori`, `barang`.`upadeted_at`, `toko`.`nama_toko`, `toko`.`foto_toko`
FROM `barang`
JOIN `toko` ON `barang`.`id_toko` = `toko`.`id_toko`
WHERE `barang`.`id_barang` = \'13\'')
 3 SYSTEMPATH\Database\BaseConnection.php(606): CodeIgniter\Database\BaseConnection->simpleQuery('SELECT `barang`.`nama_barang`, `barang`.`id_barang`, `barang`.`harga`, `barang`.`stock`, `barang`.`deskripsi`, `barang`.`foto_barang`, `barang`.`id_kategori`, `barang`.`upadeted_at`, `toko`.`nama_toko`, `toko`.`foto_toko`
FROM `barang`
JOIN `toko` ON `barang`.`id_toko` = `toko`.`id_toko`
WHERE `barang`.`id_barang` = \'13\'')
 4 SYSTEMPATH\Database\BaseBuilder.php(1616): CodeIgniter\Database\BaseConnection->query('SELECT `barang`.`nama_barang`, `barang`.`id_barang`, `barang`.`harga`, `barang`.`stock`, `barang`.`deskripsi`, `barang`.`foto_barang`, `barang`.`id_kategori`, `barang`.`upadeted_at`, `toko`.`nama_toko`, `toko`.`foto_toko`
FROM `barang`
JOIN `toko` ON `barang`.`id_toko` = `toko`.`id_toko`
WHERE `barang`.`id_barang` = :barang.id_barang:', [...], false)
 5 APPPATH\Models\BarangModel.php(99): CodeIgniter\Database\BaseBuilder->get()
 6 APPPATH\Controllers\Barang.php(428): App\Models\BarangModel->getDetailBarang('13')
 7 SYSTEMPATH\CodeIgniter.php(932): App\Controllers\Barang->pembeli_detail_barang('13')
 8 SYSTEMPATH\CodeIgniter.php(497): CodeIgniter\CodeIgniter->runController(Object(App\Controllers\Barang))
 9 SYSTEMPATH\CodeIgniter.php(366): CodeIgniter\CodeIgniter->handleRequest(null, Object(Config\Cache), false)
10 FCPATH\index.php(67): CodeIgniter\CodeIgniter->run()
11 SYSTEMPATH\Commands\Server\rewrite.php(47): require_once('D:\\PW2\\WP\\public\\index.php')
INFO - 2023-07-13 19:39:10 --> Session: Class initialized using 'CodeIgniter\Session\Handlers\FileHandler' driver.
CRITICAL - 2023-07-13 19:39:10 --> Undefined array key "foto_barang"
in APPPATH\Views\Pembeli\detail_barang.php on line 12.
 1 APPPATH\Views\Pembeli\detail_barang.php(12): CodeIgniter\Debug\Exceptions->errorHandler(2, 'Undefined array key "foto_barang"', 'D:\\PW2\\WP\\app\\Views\\Pembeli\\detail_barang.php', 12)
 2 SYSTEMPATH\View\View.php(224): include('D:\\PW2\\WP\\app\\Views\\Pembeli\\detail_barang.php')
 3 SYSTEMPATH\View\View.php(227): CodeIgniter\View\View->CodeIgniter\View\{closure}()
 4 SYSTEMPATH\Common.php(1180): CodeIgniter\View\View->render('Pembeli/detail_barang', [], true)
 5 APPPATH\Controllers\Barang.php(432): view('Pembeli/detail_barang', [...])
 6 SYSTEMPATH\CodeIgniter.php(932): App\Controllers\Barang->pembeli_detail_barang('13')
 7 SYSTEMPATH\CodeIgniter.php(497): CodeIgniter\CodeIgniter->runController(Object(App\Controllers\Barang))
 8 SYSTEMPATH\CodeIgniter.php(366): CodeIgniter\CodeIgniter->handleRequest(null, Object(Config\Cache), false)
 9 FCPATH\index.php(67): CodeIgniter\CodeIgniter->run()
10 SYSTEMPATH\Commands\Server\rewrite.php(47): require_once('D:\\PW2\\WP\\public\\index.php')
INFO - 2023-07-13 19:45:50 --> Session: Class initialized using 'CodeIgniter\Session\Handlers\FileHandler' driver.
CRITICAL - 2023-07-13 19:45:50 --> Undefined array key "slug"
in APPPATH\Views\Pembeli\detail_barang.php on line 20.
 1 APPPATH\Views\Pembeli\detail_barang.php(20): CodeIgniter\Debug\Exceptions->errorHandler(2, 'Undefined array key "slug"', 'D:\\PW2\\WP\\app\\Views\\Pembeli\\detail_barang.php', 20)
 2 SYSTEMPATH\View\View.php(224): include('D:\\PW2\\WP\\app\\Views\\Pembeli\\detail_barang.php')
 3 SYSTEMPATH\View\View.php(227): CodeIgniter\View\View->CodeIgniter\View\{closure}()
 4 SYSTEMPATH\Common.php(1180): CodeIgniter\View\View->render('Pembeli/detail_barang', [], true)
 5 APPPATH\Controllers\Barang.php(432): view('Pembeli/detail_barang', [...])
 6 SYSTEMPATH\CodeIgniter.php(932): App\Controllers\Barang->pembeli_detail_barang('13')
 7 SYSTEMPATH\CodeIgniter.php(497): CodeIgniter\CodeIgniter->runController(Object(App\Controllers\Barang))
 8 SYSTEMPATH\CodeIgniter.php(366): CodeIgniter\CodeIgniter->handleRequest(null, Object(Config\Cache), false)
 9 FCPATH\index.php(67): CodeIgniter\CodeIgniter->run()
10 SYSTEMPATH\Commands\Server\rewrite.php(47): require_once('D:\\PW2\\WP\\public\\index.php')
INFO - 2023-07-13 19:48:13 --> Session: Class initialized using 'CodeIgniter\Session\Handlers\FileHandler' driver.
INFO - 2023-07-13 20:02:53 --> Session: Class initialized using 'CodeIgniter\Session\Handlers\FileHandler' driver.
INFO - 2023-07-13 20:03:21 --> Session: Class initialized using 'CodeIgniter\Session\Handlers\FileHandler' driver.
INFO - 2023-07-13 20:04:20 --> Session: Class initialized using 'CodeIgniter\Session\Handlers\FileHandler' driver.
INFO - 2023-07-13 20:05:45 --> Session: Class initialized using 'CodeIgniter\Session\Handlers\FileHandler' driver.
INFO - 2023-07-13 20:06:42 --> Session: Class initialized using 'CodeIgniter\Session\Handlers\FileHandler' driver.
INFO - 2023-07-13 20:13:26 --> Session: Class initialized using 'CodeIgniter\Session\Handlers\FileHandler' driver.
CRITICAL - 2023-07-13 20:13:26 --> Undefined array key "id_toko"
in APPPATH\Views\Pembeli\detail_barang.php on line 20.
 1 APPPATH\Views\Pembeli\detail_barang.php(20): CodeIgniter\Debug\Exceptions->errorHandler(2, 'Undefined array key "id_toko"', 'D:\\PW2\\WP\\app\\Views\\Pembeli\\detail_barang.php', 20)
 2 SYSTEMPATH\View\View.php(224): include('D:\\PW2\\WP\\app\\Views\\Pembeli\\detail_barang.php')
 3 SYSTEMPATH\View\View.php(227): CodeIgniter\View\View->CodeIgniter\View\{closure}()
 4 SYSTEMPATH\Common.php(1180): CodeIgniter\View\View->render('Pembeli/detail_barang', [], true)
 5 APPPATH\Controllers\Barang.php(432): view('Pembeli/detail_barang', [...])
 6 SYSTEMPATH\CodeIgniter.php(932): App\Controllers\Barang->pembeli_detail_barang('13')
 7 SYSTEMPATH\CodeIgniter.php(497): CodeIgniter\CodeIgniter->runController(Object(App\Controllers\Barang))
 8 SYSTEMPATH\CodeIgniter.php(366): CodeIgniter\CodeIgniter->handleRequest(null, Object(Config\Cache), false)
 9 FCPATH\index.php(67): CodeIgniter\CodeIgniter->run()
10 SYSTEMPATH\Commands\Server\rewrite.php(47): require_once('D:\\PW2\\WP\\public\\index.php')
INFO - 2023-07-13 20:16:58 --> Session: Class initialized using 'CodeIgniter\Session\Handlers\FileHandler' driver.
INFO - 2023-07-13 20:29:07 --> Session: Class initialized using 'CodeIgniter\Session\Handlers\FileHandler' driver.
INFO - 2023-07-13 21:03:05 --> Session: Class initialized using 'CodeIgniter\Session\Handlers\FileHandler' driver.
CRITICAL - 2023-07-13 21:03:05 --> Call to a member function tabel() on null
in APPPATH\Models\BarangModel.php on line 105.
 1 APPPATH\Controllers\Barang.php(433): App\Models\BarangModel->getBarangRekomendasiSejenis('1')
 2 SYSTEMPATH\CodeIgniter.php(932): App\Controllers\Barang->pembeli_detail_barang('13')
 3 SYSTEMPATH\CodeIgniter.php(497): CodeIgniter\CodeIgniter->runController(Object(App\Controllers\Barang))
 4 SYSTEMPATH\CodeIgniter.php(366): CodeIgniter\CodeIgniter->handleRequest(null, Object(Config\Cache), false)
 5 FCPATH\index.php(67): CodeIgniter\CodeIgniter->run()
 6 SYSTEMPATH\Commands\Server\rewrite.php(47): require_once('D:\\PW2\\WP\\public\\index.php')
INFO - 2023-07-13 21:03:37 --> Session: Class initialized using 'CodeIgniter\Session\Handlers\FileHandler' driver.
CRITICAL - 2023-07-13 21:03:37 --> Call to a member function table() on null
in APPPATH\Models\BarangModel.php on line 105.
 1 APPPATH\Controllers\Barang.php(433): App\Models\BarangModel->getBarangRekomendasiSejenis('1')
 2 SYSTEMPATH\CodeIgniter.php(932): App\Controllers\Barang->pembeli_detail_barang('13')
 3 SYSTEMPATH\CodeIgniter.php(497): CodeIgniter\CodeIgniter->runController(Object(App\Controllers\Barang))
 4 SYSTEMPATH\CodeIgniter.php(366): CodeIgniter\CodeIgniter->handleRequest(null, Object(Config\Cache), false)
 5 FCPATH\index.php(67): CodeIgniter\CodeIgniter->run()
 6 SYSTEMPATH\Commands\Server\rewrite.php(47): require_once('D:\\PW2\\WP\\public\\index.php')
INFO - 2023-07-13 21:03:39 --> Session: Class initialized using 'CodeIgniter\Session\Handlers\FileHandler' driver.
CRITICAL - 2023-07-13 21:03:39 --> Call to a member function table() on null
in APPPATH\Models\BarangModel.php on line 105.
 1 APPPATH\Controllers\Barang.php(433): App\Models\BarangModel->getBarangRekomendasiSejenis('1')
 2 SYSTEMPATH\CodeIgniter.php(932): App\Controllers\Barang->pembeli_detail_barang('13')
 3 SYSTEMPATH\CodeIgniter.php(497): CodeIgniter\CodeIgniter->runController(Object(App\Controllers\Barang))
 4 SYSTEMPATH\CodeIgniter.php(366): CodeIgniter\CodeIgniter->handleRequest(null, Object(Config\Cache), false)
 5 FCPATH\index.php(67): CodeIgniter\CodeIgniter->run()
 6 SYSTEMPATH\Commands\Server\rewrite.php(47): require_once('D:\\PW2\\WP\\public\\index.php')
INFO - 2023-07-13 21:03:40 --> Session: Class initialized using 'CodeIgniter\Session\Handlers\FileHandler' driver.
CRITICAL - 2023-07-13 21:03:40 --> Call to a member function table() on null
in APPPATH\Models\BarangModel.php on line 105.
 1 APPPATH\Controllers\Barang.php(433): App\Models\BarangModel->getBarangRekomendasiSejenis('1')
 2 SYSTEMPATH\CodeIgniter.php(932): App\Controllers\Barang->pembeli_detail_barang('13')
 3 SYSTEMPATH\CodeIgniter.php(497): CodeIgniter\CodeIgniter->runController(Object(App\Controllers\Barang))
 4 SYSTEMPATH\CodeIgniter.php(366): CodeIgniter\CodeIgniter->handleRequest(null, Object(Config\Cache), false)
 5 FCPATH\index.php(67): CodeIgniter\CodeIgniter->run()
 6 SYSTEMPATH\Commands\Server\rewrite.php(47): require_once('D:\\PW2\\WP\\public\\index.php')
INFO - 2023-07-13 21:05:22 --> Session: Class initialized using 'CodeIgniter\Session\Handlers\FileHandler' driver.
INFO - 2023-07-13 21:08:35 --> Session: Class initialized using 'CodeIgniter\Session\Handlers\FileHandler' driver.
INFO - 2023-07-13 21:09:28 --> Session: Class initialized using 'CodeIgniter\Session\Handlers\FileHandler' driver.
INFO - 2023-07-13 21:13:45 --> Session: Class initialized using 'CodeIgniter\Session\Handlers\FileHandler' driver.
INFO - 2023-07-13 21:15:22 --> Session: Class initialized using 'CodeIgniter\Session\Handlers\FileHandler' driver.
INFO - 2023-07-13 21:40:27 --> Session: Class initialized using 'CodeIgniter\Session\Handlers\FileHandler' driver.
INFO - 2023-07-13 21:40:32 --> Session: Class initialized using 'CodeIgniter\Session\Handlers\FileHandler' driver.
INFO - 2023-07-13 21:42:21 --> Session: Class initialized using 'CodeIgniter\Session\Handlers\FileHandler' driver.
INFO - 2023-07-13 21:49:00 --> Session: Class initialized using 'CodeIgniter\Session\Handlers\FileHandler' driver.
INFO - 2023-07-13 21:49:18 --> Session: Class initialized using 'CodeIgniter\Session\Handlers\FileHandler' driver.
INFO - 2023-07-13 21:49:56 --> Session: Class initialized using 'CodeIgniter\Session\Handlers\FileHandler' driver.
INFO - 2023-07-13 21:50:05 --> Session: Class initialized using 'CodeIgniter\Session\Handlers\FileHandler' driver.
INFO - 2023-07-13 21:50:09 --> Session: Class initialized using 'CodeIgniter\Session\Handlers\FileHandler' driver.
INFO - 2023-07-13 21:50:29 --> Session: Class initialized using 'CodeIgniter\Session\Handlers\FileHandler' driver.
INFO - 2023-07-13 21:50:29 --> Session: Class initialized using 'CodeIgniter\Session\Handlers\FileHandler' driver.
INFO - 2023-07-13 21:50:44 --> Session: Class initialized using 'CodeIgniter\Session\Handlers\FileHandler' driver.
INFO - 2023-07-13 22:04:41 --> Session: Class initialized using 'CodeIgniter\Session\Handlers\FileHandler' driver.
INFO - 2023-07-13 22:06:04 --> Session: Class initialized using 'CodeIgniter\Session\Handlers\FileHandler' driver.
INFO - 2023-07-13 22:12:59 --> Session: Class initialized using 'CodeIgniter\Session\Handlers\FileHandler' driver.
INFO - 2023-07-13 22:20:15 --> Session: Class initialized using 'CodeIgniter\Session\Handlers\FileHandler' driver.
INFO - 2023-07-13 22:20:56 --> Session: Class initialized using 'CodeIgniter\Session\Handlers\FileHandler' driver.
INFO - 2023-07-13 22:21:11 --> Session: Class initialized using 'CodeIgniter\Session\Handlers\FileHandler' driver.
INFO - 2023-07-13 22:22:29 --> Session: Class initialized using 'CodeIgniter\Session\Handlers\FileHandler' driver.
INFO - 2023-07-13 22:22:39 --> Session: Class initialized using 'CodeIgniter\Session\Handlers\FileHandler' driver.
INFO - 2023-07-13 22:24:03 --> Session: Class initialized using 'CodeIgniter\Session\Handlers\FileHandler' driver.
INFO - 2023-07-13 22:34:15 --> Session: Class initialized using 'CodeIgniter\Session\Handlers\FileHandler' driver.
INFO - 2023-07-13 22:34:19 --> Session: Class initialized using 'CodeIgniter\Session\Handlers\FileHandler' driver.
CRITICAL - 2023-07-13 22:34:19 --> Undefined array key "id_kecamatan"
in APPPATH\Controllers\Barang.php on line 407.
 1 APPPATH\Controllers\Barang.php(407): CodeIgniter\Debug\Exceptions->errorHandler(2, 'Undefined array key "id_kecamatan"', 'D:\\PW2\\WP\\app\\Controllers\\Barang.php', 407)
 2 SYSTEMPATH\CodeIgniter.php(932): App\Controllers\Barang->search()
 3 SYSTEMPATH\CodeIgniter.php(497): CodeIgniter\CodeIgniter->runController(Object(App\Controllers\Barang))
 4 SYSTEMPATH\CodeIgniter.php(366): CodeIgniter\CodeIgniter->handleRequest(null, Object(Config\Cache), false)
 5 FCPATH\index.php(67): CodeIgniter\CodeIgniter->run()
 6 SYSTEMPATH\Commands\Server\rewrite.php(47): require_once('D:\\PW2\\WP\\public\\index.php')
INFO - 2023-07-13 22:34:56 --> Session: Class initialized using 'CodeIgniter\Session\Handlers\FileHandler' driver.
INFO - 2023-07-13 22:34:57 --> Session: Class initialized using 'CodeIgniter\Session\Handlers\FileHandler' driver.
INFO - 2023-07-13 22:34:59 --> Session: Class initialized using 'CodeIgniter\Session\Handlers\FileHandler' driver.
INFO - 2023-07-13 22:35:54 --> Session: Class initialized using 'CodeIgniter\Session\Handlers\FileHandler' driver.
INFO - 2023-07-13 22:36:02 --> Session: Class initialized using 'CodeIgniter\Session\Handlers\FileHandler' driver.
INFO - 2023-07-13 22:36:07 --> Session: Class initialized using 'CodeIgniter\Session\Handlers\FileHandler' driver.
INFO - 2023-07-13 22:36:54 --> Session: Class initialized using 'CodeIgniter\Session\Handlers\FileHandler' driver.
INFO - 2023-07-13 22:37:20 --> Session: Class initialized using 'CodeIgniter\Session\Handlers\FileHandler' driver.
INFO - 2023-07-13 22:37:43 --> Session: Class initialized using 'CodeIgniter\Session\Handlers\FileHandler' driver.
INFO - 2023-07-13 22:37:46 --> Session: Class initialized using 'CodeIgniter\Session\Handlers\FileHandler' driver.
INFO - 2023-07-13 22:38:18 --> Session: Class initialized using 'CodeIgniter\Session\Handlers\FileHandler' driver.
