INFO - 2023-06-23 05:53:04 --> Session: Class initialized using 'CodeIgniter\Session\Handlers\FileHandler' driver.
CRITICAL - 2023-06-23 05:53:04 --> Undefined variable $barang
in APPPATH\Views\Pembeli\mybarang.php on line 26.
 1 APPPATH\Views\Pembeli\mybarang.php(26): CodeIgniter\Debug\Exceptions->errorHandler(2, 'Undefined variable $barang', 'D:\\PW2\\WP\\app\\Views\\Pembeli\\mybarang.php', 26)
 2 SYSTEMPATH\View\View.php(224): include('D:\\PW2\\WP\\app\\Views\\Pembeli\\mybarang.php')
 3 SYSTEMPATH\View\View.php(227): CodeIgniter\View\View->CodeIgniter\View\{closure}()
 4 SYSTEMPATH\Common.php(1180): CodeIgniter\View\View->render('Pembeli/mybarang', [], true)
 5 APPPATH\Controllers\Barang.php(28): view('Pembeli/mybarang')
 6 SYSTEMPATH\CodeIgniter.php(932): App\Controllers\Barang->barang()
 7 SYSTEMPATH\CodeIgniter.php(497): CodeIgniter\CodeIgniter->runController(Object(App\Controllers\Barang))
 8 SYSTEMPATH\CodeIgniter.php(366): CodeIgniter\CodeIgniter->handleRequest(null, Object(Config\Cache), false)
 9 FCPATH\index.php(67): CodeIgniter\CodeIgniter->run()
10 SYSTEMPATH\Commands\Server\rewrite.php(47): require_once('D:\\PW2\\WP\\public\\index.php')
CRITICAL - 2023-06-23 06:06:31 --> Class "App\Models\BarangModel" not found
in APPPATH\Controllers\Barang.php on line 14.
 1 SYSTEMPATH\CodeIgniter.php(904): App\Controllers\Barang->__construct()
 2 SYSTEMPATH\CodeIgniter.php(488): CodeIgniter\CodeIgniter->createController()
 3 SYSTEMPATH\CodeIgniter.php(366): CodeIgniter\CodeIgniter->handleRequest(null, Object(Config\Cache), false)
 4 FCPATH\index.php(67): CodeIgniter\CodeIgniter->run()
 5 SYSTEMPATH\Commands\Server\rewrite.php(47): require_once('D:\\PW2\\WP\\public\\index.php')
INFO - 2023-06-23 06:13:34 --> Session: Class initialized using 'CodeIgniter\Session\Handlers\FileHandler' driver.
CRITICAL - 2023-06-23 06:13:34 --> Undefined array key "sampul"
in APPPATH\Views\Pembeli\mybarang.php on line 29.
 1 APPPATH\Views\Pembeli\mybarang.php(29): CodeIgniter\Debug\Exceptions->errorHandler(2, 'Undefined array key "sampul"', 'D:\\PW2\\WP\\app\\Views\\Pembeli\\mybarang.php', 29)
 2 SYSTEMPATH\View\View.php(224): include('D:\\PW2\\WP\\app\\Views\\Pembeli\\mybarang.php')
 3 SYSTEMPATH\View\View.php(227): CodeIgniter\View\View->CodeIgniter\View\{closure}()
 4 SYSTEMPATH\Common.php(1180): CodeIgniter\View\View->render('Pembeli/mybarang', [], true)
 5 APPPATH\Controllers\Barang.php(42): view('Pembeli/mybarang', [...])
 6 SYSTEMPATH\CodeIgniter.php(932): App\Controllers\Barang->barang()
 7 SYSTEMPATH\CodeIgniter.php(497): CodeIgniter\CodeIgniter->runController(Object(App\Controllers\Barang))
 8 SYSTEMPATH\CodeIgniter.php(366): CodeIgniter\CodeIgniter->handleRequest(null, Object(Config\Cache), false)
 9 FCPATH\index.php(67): CodeIgniter\CodeIgniter->run()
10 SYSTEMPATH\Commands\Server\rewrite.php(47): require_once('D:\\PW2\\WP\\public\\index.php')
INFO - 2023-06-23 06:14:34 --> Session: Class initialized using 'CodeIgniter\Session\Handlers\FileHandler' driver.
CRITICAL - 2023-06-23 06:14:34 --> Undefined array key "sampul"
in APPPATH\Views\Pembeli\mybarang.php on line 29.
 1 APPPATH\Views\Pembeli\mybarang.php(29): CodeIgniter\Debug\Exceptions->errorHandler(2, 'Undefined array key "sampul"', 'D:\\PW2\\WP\\app\\Views\\Pembeli\\mybarang.php', 29)
 2 SYSTEMPATH\View\View.php(224): include('D:\\PW2\\WP\\app\\Views\\Pembeli\\mybarang.php')
 3 SYSTEMPATH\View\View.php(227): CodeIgniter\View\View->CodeIgniter\View\{closure}()
 4 SYSTEMPATH\Common.php(1180): CodeIgniter\View\View->render('Pembeli/mybarang', [], true)
 5 APPPATH\Controllers\Barang.php(42): view('Pembeli/mybarang', [...])
 6 SYSTEMPATH\CodeIgniter.php(932): App\Controllers\Barang->barang()
 7 SYSTEMPATH\CodeIgniter.php(497): CodeIgniter\CodeIgniter->runController(Object(App\Controllers\Barang))
 8 SYSTEMPATH\CodeIgniter.php(366): CodeIgniter\CodeIgniter->handleRequest(null, Object(Config\Cache), false)
 9 FCPATH\index.php(67): CodeIgniter\CodeIgniter->run()
10 SYSTEMPATH\Commands\Server\rewrite.php(47): require_once('D:\\PW2\\WP\\public\\index.php')
INFO - 2023-06-23 06:17:55 --> Session: Class initialized using 'CodeIgniter\Session\Handlers\FileHandler' driver.
CRITICAL - 2023-06-23 06:17:55 --> Undefined array key "barang"
in APPPATH\Views\Pembeli\mybarang.php on line 32.
 1 APPPATH\Views\Pembeli\mybarang.php(32): CodeIgniter\Debug\Exceptions->errorHandler(2, 'Undefined array key "barang"', 'D:\\PW2\\WP\\app\\Views\\Pembeli\\mybarang.php', 32)
 2 SYSTEMPATH\View\View.php(224): include('D:\\PW2\\WP\\app\\Views\\Pembeli\\mybarang.php')
 3 SYSTEMPATH\View\View.php(227): CodeIgniter\View\View->CodeIgniter\View\{closure}()
 4 SYSTEMPATH\Common.php(1180): CodeIgniter\View\View->render('Pembeli/mybarang', [], true)
 5 APPPATH\Controllers\Barang.php(42): view('Pembeli/mybarang', [...])
 6 SYSTEMPATH\CodeIgniter.php(932): App\Controllers\Barang->barang()
 7 SYSTEMPATH\CodeIgniter.php(497): CodeIgniter\CodeIgniter->runController(Object(App\Controllers\Barang))
 8 SYSTEMPATH\CodeIgniter.php(366): CodeIgniter\CodeIgniter->handleRequest(null, Object(Config\Cache), false)
 9 FCPATH\index.php(67): CodeIgniter\CodeIgniter->run()
10 SYSTEMPATH\Commands\Server\rewrite.php(47): require_once('D:\\PW2\\WP\\public\\index.php')
INFO - 2023-06-23 06:18:18 --> Session: Class initialized using 'CodeIgniter\Session\Handlers\FileHandler' driver.
INFO - 2023-06-23 06:21:23 --> Session: Class initialized using 'CodeIgniter\Session\Handlers\FileHandler' driver.
INFO - 2023-06-23 06:21:45 --> Session: Class initialized using 'CodeIgniter\Session\Handlers\FileHandler' driver.
INFO - 2023-06-23 06:22:01 --> Session: Class initialized using 'CodeIgniter\Session\Handlers\FileHandler' driver.
INFO - 2023-06-23 06:22:55 --> Session: Class initialized using 'CodeIgniter\Session\Handlers\FileHandler' driver.
INFO - 2023-06-23 06:23:21 --> Session: Class initialized using 'CodeIgniter\Session\Handlers\FileHandler' driver.
INFO - 2023-06-23 06:25:26 --> Session: Class initialized using 'CodeIgniter\Session\Handlers\FileHandler' driver.
INFO - 2023-06-23 06:26:30 --> Session: Class initialized using 'CodeIgniter\Session\Handlers\FileHandler' driver.
INFO - 2023-06-23 06:26:41 --> Session: Class initialized using 'CodeIgniter\Session\Handlers\FileHandler' driver.
INFO - 2023-06-23 06:26:42 --> Session: Class initialized using 'CodeIgniter\Session\Handlers\FileHandler' driver.
INFO - 2023-06-23 06:26:43 --> Session: Class initialized using 'CodeIgniter\Session\Handlers\FileHandler' driver.
INFO - 2023-06-23 06:26:52 --> Session: Class initialized using 'CodeIgniter\Session\Handlers\FileHandler' driver.
INFO - 2023-06-23 06:28:12 --> Session: Class initialized using 'CodeIgniter\Session\Handlers\FileHandler' driver.
INFO - 2023-06-23 06:29:03 --> Session: Class initialized using 'CodeIgniter\Session\Handlers\FileHandler' driver.
INFO - 2023-06-23 06:30:14 --> Session: Class initialized using 'CodeIgniter\Session\Handlers\FileHandler' driver.
INFO - 2023-06-23 06:30:15 --> Session: Class initialized using 'CodeIgniter\Session\Handlers\FileHandler' driver.
INFO - 2023-06-23 06:30:47 --> Session: Class initialized using 'CodeIgniter\Session\Handlers\FileHandler' driver.
INFO - 2023-06-23 06:31:09 --> Session: Class initialized using 'CodeIgniter\Session\Handlers\FileHandler' driver.
INFO - 2023-06-23 06:31:26 --> Session: Class initialized using 'CodeIgniter\Session\Handlers\FileHandler' driver.
INFO - 2023-06-23 06:31:26 --> Session: Class initialized using 'CodeIgniter\Session\Handlers\FileHandler' driver.
INFO - 2023-06-23 06:33:02 --> Session: Class initialized using 'CodeIgniter\Session\Handlers\FileHandler' driver.
INFO - 2023-06-23 06:33:03 --> Session: Class initialized using 'CodeIgniter\Session\Handlers\FileHandler' driver.
INFO - 2023-06-23 06:35:20 --> Session: Class initialized using 'CodeIgniter\Session\Handlers\FileHandler' driver.
INFO - 2023-06-23 06:35:35 --> Session: Class initialized using 'CodeIgniter\Session\Handlers\FileHandler' driver.
INFO - 2023-06-23 06:35:51 --> Session: Class initialized using 'CodeIgniter\Session\Handlers\FileHandler' driver.
INFO - 2023-06-23 06:36:04 --> Session: Class initialized using 'CodeIgniter\Session\Handlers\FileHandler' driver.
INFO - 2023-06-23 06:36:05 --> Session: Class initialized using 'CodeIgniter\Session\Handlers\FileHandler' driver.
INFO - 2023-06-23 06:36:22 --> Session: Class initialized using 'CodeIgniter\Session\Handlers\FileHandler' driver.
INFO - 2023-06-23 06:36:25 --> Session: Class initialized using 'CodeIgniter\Session\Handlers\FileHandler' driver.
INFO - 2023-06-23 06:36:32 --> Session: Class initialized using 'CodeIgniter\Session\Handlers\FileHandler' driver.
INFO - 2023-06-23 06:36:38 --> Session: Class initialized using 'CodeIgniter\Session\Handlers\FileHandler' driver.
INFO - 2023-06-23 06:36:47 --> Session: Class initialized using 'CodeIgniter\Session\Handlers\FileHandler' driver.
INFO - 2023-06-23 06:36:56 --> Session: Class initialized using 'CodeIgniter\Session\Handlers\FileHandler' driver.
CRITICAL - 2023-06-23 10:48:13 --> Undefined variable $title
in APPPATH\Views\Layout\template.php on line 10.
 1 APPPATH\Views\Layout\template.php(10): CodeIgniter\Debug\Exceptions->errorHandler(2, 'Undefined variable $title', 'D:\\PW2\\WP\\app\\Views\\Layout\\template.php', 10)
 2 SYSTEMPATH\View\View.php(224): include('D:\\PW2\\WP\\app\\Views\\Layout\\template.php')
 3 SYSTEMPATH\View\View.php(227): CodeIgniter\View\View->CodeIgniter\View\{closure}()
 4 SYSTEMPATH\View\View.php(240): CodeIgniter\View\View->render('Layout/template', [], true)
 5 SYSTEMPATH\Common.php(1180): CodeIgniter\View\View->render('Pembeli/daftar_barang', [], true)
 6 APPPATH\Controllers\Page.php(14): view('Pembeli/daftar_barang')
 7 SYSTEMPATH\CodeIgniter.php(932): App\Controllers\Page->daftar_barang()
 8 SYSTEMPATH\CodeIgniter.php(497): CodeIgniter\CodeIgniter->runController(Object(App\Controllers\Page))
 9 SYSTEMPATH\CodeIgniter.php(366): CodeIgniter\CodeIgniter->handleRequest(null, Object(Config\Cache), false)
10 FCPATH\index.php(67): CodeIgniter\CodeIgniter->run()
11 SYSTEMPATH\Commands\Server\rewrite.php(47): require_once('D:\\PW2\\WP\\public\\index.php')
CRITICAL - 2023-06-23 11:16:04 --> Undefined variable $b_detail
in APPPATH\Views\Pembeli\daftar_barang.php on line 13.
 1 APPPATH\Views\Pembeli\daftar_barang.php(13): CodeIgniter\Debug\Exceptions->errorHandler(2, 'Undefined variable $b_detail', 'D:\\PW2\\WP\\app\\Views\\Pembeli\\daftar_barang.php', 13)
 2 SYSTEMPATH\View\View.php(224): include('D:\\PW2\\WP\\app\\Views\\Pembeli\\daftar_barang.php')
 3 SYSTEMPATH\View\View.php(227): CodeIgniter\View\View->CodeIgniter\View\{closure}()
 4 SYSTEMPATH\Common.php(1180): CodeIgniter\View\View->render('Pembeli/daftar_barang', [], true)
 5 APPPATH\Controllers\Page.php(27): view('Pembeli/daftar_barang', [...])
 6 SYSTEMPATH\CodeIgniter.php(932): App\Controllers\Page->daftar_barang()
 7 SYSTEMPATH\CodeIgniter.php(497): CodeIgniter\CodeIgniter->runController(Object(App\Controllers\Page))
 8 SYSTEMPATH\CodeIgniter.php(366): CodeIgniter\CodeIgniter->handleRequest(null, Object(Config\Cache), false)
 9 FCPATH\index.php(67): CodeIgniter\CodeIgniter->run()
10 SYSTEMPATH\Commands\Server\rewrite.php(47): require_once('D:\\PW2\\WP\\public\\index.php')
CRITICAL - 2023-06-23 11:20:22 --> Undefined variable $b_
in APPPATH\Views\Pembeli\daftar_barang.php on line 15.
 1 APPPATH\Views\Pembeli\daftar_barang.php(15): CodeIgniter\Debug\Exceptions->errorHandler(2, 'Undefined variable $b_', 'D:\\PW2\\WP\\app\\Views\\Pembeli\\daftar_barang.php', 15)
 2 SYSTEMPATH\View\View.php(224): include('D:\\PW2\\WP\\app\\Views\\Pembeli\\daftar_barang.php')
 3 SYSTEMPATH\View\View.php(227): CodeIgniter\View\View->CodeIgniter\View\{closure}()
 4 SYSTEMPATH\Common.php(1180): CodeIgniter\View\View->render('Pembeli/daftar_barang', [], true)
 5 APPPATH\Controllers\Page.php(27): view('Pembeli/daftar_barang', [...])
 6 SYSTEMPATH\CodeIgniter.php(932): App\Controllers\Page->daftar_barang()
 7 SYSTEMPATH\CodeIgniter.php(497): CodeIgniter\CodeIgniter->runController(Object(App\Controllers\Page))
 8 SYSTEMPATH\CodeIgniter.php(366): CodeIgniter\CodeIgniter->handleRequest(null, Object(Config\Cache), false)
 9 FCPATH\index.php(67): CodeIgniter\CodeIgniter->run()
10 SYSTEMPATH\Commands\Server\rewrite.php(47): require_once('D:\\PW2\\WP\\public\\index.php')
CRITICAL - 2023-06-23 11:20:31 --> Undefined array key "toko"
in APPPATH\Views\Pembeli\daftar_barang.php on line 16.
 1 APPPATH\Views\Pembeli\daftar_barang.php(16): CodeIgniter\Debug\Exceptions->errorHandler(2, 'Undefined array key "toko"', 'D:\\PW2\\WP\\app\\Views\\Pembeli\\daftar_barang.php', 16)
 2 SYSTEMPATH\View\View.php(224): include('D:\\PW2\\WP\\app\\Views\\Pembeli\\daftar_barang.php')
 3 SYSTEMPATH\View\View.php(227): CodeIgniter\View\View->CodeIgniter\View\{closure}()
 4 SYSTEMPATH\Common.php(1180): CodeIgniter\View\View->render('Pembeli/daftar_barang', [], true)
 5 APPPATH\Controllers\Page.php(27): view('Pembeli/daftar_barang', [...])
 6 SYSTEMPATH\CodeIgniter.php(932): App\Controllers\Page->daftar_barang()
 7 SYSTEMPATH\CodeIgniter.php(497): CodeIgniter\CodeIgniter->runController(Object(App\Controllers\Page))
 8 SYSTEMPATH\CodeIgniter.php(366): CodeIgniter\CodeIgniter->handleRequest(null, Object(Config\Cache), false)
 9 FCPATH\index.php(67): CodeIgniter\CodeIgniter->run()
10 SYSTEMPATH\Commands\Server\rewrite.php(47): require_once('D:\\PW2\\WP\\public\\index.php')
CRITICAL - 2023-06-23 11:24:20 --> Undefined variable $b_detail
in APPPATH\Views\Pembeli\daftar_barang.php on line 15.
 1 APPPATH\Views\Pembeli\daftar_barang.php(15): CodeIgniter\Debug\Exceptions->errorHandler(2, 'Undefined variable $b_detail', 'D:\\PW2\\WP\\app\\Views\\Pembeli\\daftar_barang.php', 15)
 2 SYSTEMPATH\View\View.php(224): include('D:\\PW2\\WP\\app\\Views\\Pembeli\\daftar_barang.php')
 3 SYSTEMPATH\View\View.php(227): CodeIgniter\View\View->CodeIgniter\View\{closure}()
 4 SYSTEMPATH\Common.php(1180): CodeIgniter\View\View->render('Pembeli/daftar_barang', [], true)
 5 APPPATH\Controllers\Page.php(27): view('Pembeli/daftar_barang', [...])
 6 SYSTEMPATH\CodeIgniter.php(932): App\Controllers\Page->daftar_barang()
 7 SYSTEMPATH\CodeIgniter.php(497): CodeIgniter\CodeIgniter->runController(Object(App\Controllers\Page))
 8 SYSTEMPATH\CodeIgniter.php(366): CodeIgniter\CodeIgniter->handleRequest(null, Object(Config\Cache), false)
 9 FCPATH\index.php(67): CodeIgniter\CodeIgniter->run()
10 SYSTEMPATH\Commands\Server\rewrite.php(47): require_once('D:\\PW2\\WP\\public\\index.php')
CRITICAL - 2023-06-23 11:24:36 --> Undefined array key "sampul"
in APPPATH\Views\Pembeli\daftar_barang.php on line 15.
 1 APPPATH\Views\Pembeli\daftar_barang.php(15): CodeIgniter\Debug\Exceptions->errorHandler(2, 'Undefined array key "sampul"', 'D:\\PW2\\WP\\app\\Views\\Pembeli\\daftar_barang.php', 15)
 2 SYSTEMPATH\View\View.php(224): include('D:\\PW2\\WP\\app\\Views\\Pembeli\\daftar_barang.php')
 3 SYSTEMPATH\View\View.php(227): CodeIgniter\View\View->CodeIgniter\View\{closure}()
 4 SYSTEMPATH\Common.php(1180): CodeIgniter\View\View->render('Pembeli/daftar_barang', [], true)
 5 APPPATH\Controllers\Page.php(27): view('Pembeli/daftar_barang', [...])
 6 SYSTEMPATH\CodeIgniter.php(932): App\Controllers\Page->daftar_barang()
 7 SYSTEMPATH\CodeIgniter.php(497): CodeIgniter\CodeIgniter->runController(Object(App\Controllers\Page))
 8 SYSTEMPATH\CodeIgniter.php(366): CodeIgniter\CodeIgniter->handleRequest(null, Object(Config\Cache), false)
 9 FCPATH\index.php(67): CodeIgniter\CodeIgniter->run()
10 SYSTEMPATH\Commands\Server\rewrite.php(47): require_once('D:\\PW2\\WP\\public\\index.php')
INFO - 2023-06-23 11:50:23 --> Session: Class initialized using 'CodeIgniter\Session\Handlers\FileHandler' driver.
INFO - 2023-06-23 13:42:43 --> Session: Class initialized using 'CodeIgniter\Session\Handlers\FileHandler' driver.
