INFO - 2023-07-03 05:43:31 --> Session: Class initialized using 'CodeIgniter\Session\Handlers\FileHandler' driver.
INFO - 2023-07-03 05:43:34 --> Session: Class initialized using 'CodeIgniter\Session\Handlers\FileHandler' driver.
INFO - 2023-07-03 05:43:38 --> Session: Class initialized using 'CodeIgniter\Session\Handlers\FileHandler' driver.
INFO - 2023-07-03 05:54:06 --> Session: Class initialized using 'CodeIgniter\Session\Handlers\FileHandler' driver.
INFO - 2023-07-03 05:54:10 --> Session: Class initialized using 'CodeIgniter\Session\Handlers\FileHandler' driver.
INFO - 2023-07-03 05:54:10 --> Session: Class initialized using 'CodeIgniter\Session\Handlers\FileHandler' driver.
INFO - 2023-07-03 05:55:56 --> Session: Class initialized using 'CodeIgniter\Session\Handlers\FileHandler' driver.
INFO - 2023-07-03 05:55:59 --> Session: Class initialized using 'CodeIgniter\Session\Handlers\FileHandler' driver.
INFO - 2023-07-03 05:58:31 --> Session: Class initialized using 'CodeIgniter\Session\Handlers\FileHandler' driver.
INFO - 2023-07-03 05:58:31 --> Session: Class initialized using 'CodeIgniter\Session\Handlers\FileHandler' driver.
INFO - 2023-07-03 05:59:47 --> Session: Class initialized using 'CodeIgniter\Session\Handlers\FileHandler' driver.
INFO - 2023-07-03 05:59:47 --> Session: Class initialized using 'CodeIgniter\Session\Handlers\FileHandler' driver.
INFO - 2023-07-03 05:59:49 --> Session: Class initialized using 'CodeIgniter\Session\Handlers\FileHandler' driver.
INFO - 2023-07-03 05:59:53 --> Session: Class initialized using 'CodeIgniter\Session\Handlers\FileHandler' driver.
INFO - 2023-07-03 06:00:03 --> Session: Class initialized using 'CodeIgniter\Session\Handlers\FileHandler' driver.
INFO - 2023-07-03 06:00:04 --> Session: Class initialized using 'CodeIgniter\Session\Handlers\FileHandler' driver.
INFO - 2023-07-03 06:00:16 --> Session: Class initialized using 'CodeIgniter\Session\Handlers\FileHandler' driver.
INFO - 2023-07-03 06:00:36 --> Session: Class initialized using 'CodeIgniter\Session\Handlers\FileHandler' driver.
INFO - 2023-07-03 06:00:36 --> Session: Class initialized using 'CodeIgniter\Session\Handlers\FileHandler' driver.
INFO - 2023-07-03 06:00:46 --> Session: Class initialized using 'CodeIgniter\Session\Handlers\FileHandler' driver.
INFO - 2023-07-03 06:00:46 --> Session: Class initialized using 'CodeIgniter\Session\Handlers\FileHandler' driver.
INFO - 2023-07-03 06:00:55 --> Session: Class initialized using 'CodeIgniter\Session\Handlers\FileHandler' driver.
INFO - 2023-07-03 06:01:12 --> Session: Class initialized using 'CodeIgniter\Session\Handlers\FileHandler' driver.
CRITICAL - 2023-07-03 06:01:12 --> You do not have sufficient permissions to access that page.
in VENDORPATH\myth\auth\src\Filters\RoleFilter.php on line 45.
 1 SYSTEMPATH\Filters\Filters.php(173): Myth\Auth\Filters\RoleFilter->before(Object(CodeIgniter\HTTP\IncomingRequest), [...])
 2 SYSTEMPATH\CodeIgniter.php(471): CodeIgniter\Filters\Filters->run('penjual/tambah_barang', 'before')
 3 SYSTEMPATH\CodeIgniter.php(366): CodeIgniter\CodeIgniter->handleRequest(null, Object(Config\Cache), false)
 4 FCPATH\index.php(67): CodeIgniter\CodeIgniter->run()
 5 SYSTEMPATH\Commands\Server\rewrite.php(47): require_once('D:\\PW2\\WP\\public\\index.php')
INFO - 2023-07-03 06:01:36 --> Session: Class initialized using 'CodeIgniter\Session\Handlers\FileHandler' driver.
CRITICAL - 2023-07-03 06:01:37 --> You do not have sufficient permissions to access that page.
in VENDORPATH\myth\auth\src\Filters\RoleFilter.php on line 45.
 1 SYSTEMPATH\Filters\Filters.php(173): Myth\Auth\Filters\RoleFilter->before(Object(CodeIgniter\HTTP\IncomingRequest), [...])
 2 SYSTEMPATH\CodeIgniter.php(471): CodeIgniter\Filters\Filters->run('penjual/barang', 'before')
 3 SYSTEMPATH\CodeIgniter.php(366): CodeIgniter\CodeIgniter->handleRequest(null, Object(Config\Cache), false)
 4 FCPATH\index.php(67): CodeIgniter\CodeIgniter->run()
 5 SYSTEMPATH\Commands\Server\rewrite.php(47): require_once('D:\\PW2\\WP\\public\\index.php')
INFO - 2023-07-03 07:22:56 --> Session: Class initialized using 'CodeIgniter\Session\Handlers\FileHandler' driver.
CRITICAL - 2023-07-03 07:24:16 --> Maximum execution time of 60 seconds exceeded
in SYSTEMPATH\Debug\Exceptions.php on line 170.
 1 [internal function]: CodeIgniter\Debug\Exceptions->shutdownHandler()
INFO - 2023-07-03 07:24:16 --> Session: Class initialized using 'CodeIgniter\Session\Handlers\FileHandler' driver.
ERROR - 2023-07-03 07:24:20 --> Error connecting to the database: mysqli_sql_exception: No connection could be made because the target machine actively refused it in D:\PW2\WP\vendor\codeigniter4\framework\system\Database\MySQLi\Connection.php:174
Stack trace:
#0 D:\PW2\WP\vendor\codeigniter4\framework\system\Database\MySQLi\Connection.php(174): mysqli->real_connect('localhost', 'root', '', 'warungpedia', 3306, '', 0)
#1 D:\PW2\WP\vendor\codeigniter4\framework\system\Database\BaseConnection.php(391): CodeIgniter\Database\MySQLi\Connection->connect(false)
#2 D:\PW2\WP\vendor\codeigniter4\framework\system\Database\BaseConnection.php(574): CodeIgniter\Database\BaseConnection->initialize()
#3 D:\PW2\WP\vendor\codeigniter4\framework\system\Database\BaseBuilder.php(1616): CodeIgniter\Database\BaseConnection->query('SELECT *\nFROM `...', Array, false)
#4 D:\PW2\WP\vendor\codeigniter4\framework\system\Model.php(200): CodeIgniter\Database\BaseBuilder->get()
#5 D:\PW2\WP\vendor\codeigniter4\framework\system\BaseModel.php(557): CodeIgniter\Model->doFind(true, '7')
#6 D:\PW2\WP\vendor\myth\auth\src\Authentication\AuthenticationBase.php(130): CodeIgniter\BaseModel->find('7')
#7 D:\PW2\WP\vendor\myth\auth\src\Authentication\LocalAuthenticator.php(67): Myth\Auth\Authentication\AuthenticationBase->isLoggedIn()
#8 D:\PW2\WP\vendor\myth\auth\src\Helpers\auth_helper.php(66): Myth\Auth\Authentication\LocalAuthenticator->check()
#9 D:\PW2\WP\app\Views\Layout\navbar.php(12): in_groups('pembeli')
#10 D:\PW2\WP\vendor\codeigniter4\framework\system\View\View.php(224): include('D:\\PW2\\WP\\app\\V...')
#11 D:\PW2\WP\vendor\codeigniter4\framework\system\View\View.php(227): CodeIgniter\View\View->CodeIgniter\View\{closure}()
#12 D:\PW2\WP\vendor\codeigniter4\framework\system\View\View.php(452): CodeIgniter\View\View->render('Layout/navbar', NULL, true)
#13 D:\PW2\WP\app\Views\Layout\template.php(15): CodeIgniter\View\View->include('Layout/navbar')
#14 D:\PW2\WP\vendor\codeigniter4\framework\system\View\View.php(224): include('D:\\PW2\\WP\\app\\V...')
#15 D:\PW2\WP\vendor\codeigniter4\framework\system\View\View.php(227): CodeIgniter\View\View->CodeIgniter\View\{closure}()
#16 D:\PW2\WP\vendor\codeigniter4\framework\system\View\View.php(240): CodeIgniter\View\View->render('Layout/template', Array, true)
#17 D:\PW2\WP\vendor\codeigniter4\framework\system\Common.php(1180): CodeIgniter\View\View->render('dashboard', Array, true)
#18 D:\PW2\WP\app\Controllers\Barang.php(31): view('dashboard', Array)
#19 D:\PW2\WP\vendor\codeigniter4\framework\system\CodeIgniter.php(932): App\Controllers\Barang->index()
#20 D:\PW2\WP\vendor\codeigniter4\framework\system\CodeIgniter.php(497): CodeIgniter\CodeIgniter->runController(Object(App\Controllers\Barang))
#21 D:\PW2\WP\vendor\codeigniter4\framework\system\CodeIgniter.php(366): CodeIgniter\CodeIgniter->handleRequest(NULL, Object(Config\Cache), false)
#22 D:\PW2\WP\public\index.php(67): CodeIgniter\CodeIgniter->run()
#23 D:\PW2\WP\vendor\codeigniter4\framework\system\Commands\Server\rewrite.php(47): require_once('D:\\PW2\\WP\\publi...')
#24 {main}

Next CodeIgniter\Database\Exceptions\DatabaseException: No connection could be made because the target machine actively refused it in D:\PW2\WP\vendor\codeigniter4\framework\system\Database\MySQLi\Connection.php:218
Stack trace:
#0 D:\PW2\WP\vendor\codeigniter4\framework\system\Database\BaseConnection.php(391): CodeIgniter\Database\MySQLi\Connection->connect(false)
#1 D:\PW2\WP\vendor\codeigniter4\framework\system\Database\BaseConnection.php(574): CodeIgniter\Database\BaseConnection->initialize()
#2 D:\PW2\WP\vendor\codeigniter4\framework\system\Database\BaseBuilder.php(1616): CodeIgniter\Database\BaseConnection->query('SELECT *\nFROM `...', Array, false)
#3 D:\PW2\WP\vendor\codeigniter4\framework\system\Model.php(200): CodeIgniter\Database\BaseBuilder->get()
#4 D:\PW2\WP\vendor\codeigniter4\framework\system\BaseModel.php(557): CodeIgniter\Model->doFind(true, '7')
#5 D:\PW2\WP\vendor\myth\auth\src\Authentication\AuthenticationBase.php(130): CodeIgniter\BaseModel->find('7')
#6 D:\PW2\WP\vendor\myth\auth\src\Authentication\LocalAuthenticator.php(67): Myth\Auth\Authentication\AuthenticationBase->isLoggedIn()
#7 D:\PW2\WP\vendor\myth\auth\src\Helpers\auth_helper.php(66): Myth\Auth\Authentication\LocalAuthenticator->check()
#8 D:\PW2\WP\app\Views\Layout\navbar.php(12): in_groups('pembeli')
#9 D:\PW2\WP\vendor\codeigniter4\framework\system\View\View.php(224): include('D:\\PW2\\WP\\app\\V...')
#10 D:\PW2\WP\vendor\codeigniter4\framework\system\View\View.php(227): CodeIgniter\View\View->CodeIgniter\View\{closure}()
#11 D:\PW2\WP\vendor\codeigniter4\framework\system\View\View.php(452): CodeIgniter\View\View->render('Layout/navbar', NULL, true)
#12 D:\PW2\WP\app\Views\Layout\template.php(15): CodeIgniter\View\View->include('Layout/navbar')
#13 D:\PW2\WP\vendor\codeigniter4\framework\system\View\View.php(224): include('D:\\PW2\\WP\\app\\V...')
#14 D:\PW2\WP\vendor\codeigniter4\framework\system\View\View.php(227): CodeIgniter\View\View->CodeIgniter\View\{closure}()
#15 D:\PW2\WP\vendor\codeigniter4\framework\system\View\View.php(240): CodeIgniter\View\View->render('Layout/template', Array, true)
#16 D:\PW2\WP\vendor\codeigniter4\framework\system\Common.php(1180): CodeIgniter\View\View->render('dashboard', Array, true)
#17 D:\PW2\WP\app\Controllers\Barang.php(31): view('dashboard', Array)
#18 D:\PW2\WP\vendor\codeigniter4\framework\system\CodeIgniter.php(932): App\Controllers\Barang->index()
#19 D:\PW2\WP\vendor\codeigniter4\framework\system\CodeIgniter.php(497): CodeIgniter\CodeIgniter->runController(Object(App\Controllers\Barang))
#20 D:\PW2\WP\vendor\codeigniter4\framework\system\CodeIgniter.php(366): CodeIgniter\CodeIgniter->handleRequest(NULL, Object(Config\Cache), false)
#21 D:\PW2\WP\public\index.php(67): CodeIgniter\CodeIgniter->run()
#22 D:\PW2\WP\vendor\codeigniter4\framework\system\Commands\Server\rewrite.php(47): require_once('D:\\PW2\\WP\\publi...')
#23 {main}
CRITICAL - 2023-07-03 07:24:20 --> Unable to connect to the database.
Main connection [MySQLi]: No connection could be made because the target machine actively refused it
in SYSTEMPATH\Database\BaseConnection.php on line 427.
 1 SYSTEMPATH\Database\BaseConnection.php(574): CodeIgniter\Database\BaseConnection->initialize()
 2 SYSTEMPATH\Database\BaseBuilder.php(1616): CodeIgniter\Database\BaseConnection->query('SELECT *
FROM `users`
WHERE `users`.`deleted_at` IS NULL
AND `users`.`id` = :users.id:', [...], false)
 3 SYSTEMPATH\Model.php(200): CodeIgniter\Database\BaseBuilder->get()
 4 SYSTEMPATH\BaseModel.php(557): CodeIgniter\Model->doFind(true, '7')
 5 VENDORPATH\myth\auth\src\Authentication\AuthenticationBase.php(130): CodeIgniter\BaseModel->find('7')
 6 VENDORPATH\myth\auth\src\Authentication\LocalAuthenticator.php(67): Myth\Auth\Authentication\AuthenticationBase->isLoggedIn()
 7 VENDORPATH\myth\auth\src\Helpers\auth_helper.php(66): Myth\Auth\Authentication\LocalAuthenticator->check()
 8 APPPATH\Views\Layout\navbar.php(12): in_groups('pembeli')
 9 SYSTEMPATH\View\View.php(224): include('D:\\PW2\\WP\\app\\Views\\Layout\\navbar.php')
10 SYSTEMPATH\View\View.php(227): CodeIgniter\View\View->CodeIgniter\View\{closure}()
11 SYSTEMPATH\View\View.php(452): CodeIgniter\View\View->render('Layout/navbar', null, true)
12 APPPATH\Views\Layout\template.php(15): CodeIgniter\View\View->include('Layout/navbar')
13 SYSTEMPATH\View\View.php(224): include('D:\\PW2\\WP\\app\\Views\\Layout\\template.php')
14 SYSTEMPATH\View\View.php(227): CodeIgniter\View\View->CodeIgniter\View\{closure}()
15 SYSTEMPATH\View\View.php(240): CodeIgniter\View\View->render('Layout/template', [], true)
16 SYSTEMPATH\Common.php(1180): CodeIgniter\View\View->render('dashboard', [], true)
17 APPPATH\Controllers\Barang.php(31): view('dashboard', [...])
18 SYSTEMPATH\CodeIgniter.php(932): App\Controllers\Barang->index()
19 SYSTEMPATH\CodeIgniter.php(497): CodeIgniter\CodeIgniter->runController(Object(App\Controllers\Barang))
20 SYSTEMPATH\CodeIgniter.php(366): CodeIgniter\CodeIgniter->handleRequest(null, Object(Config\Cache), false)
21 FCPATH\index.php(67): CodeIgniter\CodeIgniter->run()
22 SYSTEMPATH\Commands\Server\rewrite.php(47): require_once('D:\\PW2\\WP\\public\\index.php')
INFO - 2023-07-03 07:24:21 --> Session: Class initialized using 'CodeIgniter\Session\Handlers\FileHandler' driver.
ERROR - 2023-07-03 07:24:22 --> Error connecting to the database: ErrorException: mysqli::real_connect(): Error while reading greeting packet. PID=8664 in D:\PW2\WP\vendor\codeigniter4\framework\system\Database\MySQLi\Connection.php:174
Stack trace:
#0 [internal function]: CodeIgniter\Debug\Exceptions->errorHandler(2, 'mysqli::real_co...', 'D:\\PW2\\WP\\vendo...', 174)
#1 D:\PW2\WP\vendor\codeigniter4\framework\system\Database\MySQLi\Connection.php(174): mysqli->real_connect('localhost', 'root', '', 'warungpedia', 3306, '', 0)
#2 D:\PW2\WP\vendor\codeigniter4\framework\system\Database\BaseConnection.php(391): CodeIgniter\Database\MySQLi\Connection->connect(false)
#3 D:\PW2\WP\vendor\codeigniter4\framework\system\Database\BaseConnection.php(574): CodeIgniter\Database\BaseConnection->initialize()
#4 D:\PW2\WP\vendor\codeigniter4\framework\system\Database\BaseBuilder.php(1616): CodeIgniter\Database\BaseConnection->query('SELECT *\nFROM `...', Array, false)
#5 D:\PW2\WP\vendor\codeigniter4\framework\system\Model.php(200): CodeIgniter\Database\BaseBuilder->get()
#6 D:\PW2\WP\vendor\codeigniter4\framework\system\BaseModel.php(557): CodeIgniter\Model->doFind(true, '7')
#7 D:\PW2\WP\vendor\myth\auth\src\Authentication\AuthenticationBase.php(130): CodeIgniter\BaseModel->find('7')
#8 D:\PW2\WP\vendor\myth\auth\src\Authentication\LocalAuthenticator.php(67): Myth\Auth\Authentication\AuthenticationBase->isLoggedIn()
#9 D:\PW2\WP\vendor\myth\auth\src\Helpers\auth_helper.php(66): Myth\Auth\Authentication\LocalAuthenticator->check()
#10 D:\PW2\WP\app\Views\Layout\navbar.php(12): in_groups('pembeli')
#11 D:\PW2\WP\vendor\codeigniter4\framework\system\View\View.php(224): include('D:\\PW2\\WP\\app\\V...')
#12 D:\PW2\WP\vendor\codeigniter4\framework\system\View\View.php(227): CodeIgniter\View\View->CodeIgniter\View\{closure}()
#13 D:\PW2\WP\vendor\codeigniter4\framework\system\View\View.php(452): CodeIgniter\View\View->render('Layout/navbar', NULL, true)
#14 D:\PW2\WP\app\Views\Layout\template.php(15): CodeIgniter\View\View->include('Layout/navbar')
#15 D:\PW2\WP\vendor\codeigniter4\framework\system\View\View.php(224): include('D:\\PW2\\WP\\app\\V...')
#16 D:\PW2\WP\vendor\codeigniter4\framework\system\View\View.php(227): CodeIgniter\View\View->CodeIgniter\View\{closure}()
#17 D:\PW2\WP\vendor\codeigniter4\framework\system\View\View.php(240): CodeIgniter\View\View->render('Layout/template', Array, true)
#18 D:\PW2\WP\vendor\codeigniter4\framework\system\Common.php(1180): CodeIgniter\View\View->render('login', Array, true)
#19 D:\PW2\WP\app\Controllers\Barang.php(39): view('login', Array)
#20 D:\PW2\WP\vendor\codeigniter4\framework\system\CodeIgniter.php(932): App\Controllers\Barang->login()
#21 D:\PW2\WP\vendor\codeigniter4\framework\system\CodeIgniter.php(497): CodeIgniter\CodeIgniter->runController(Object(App\Controllers\Barang))
#22 D:\PW2\WP\vendor\codeigniter4\framework\system\CodeIgniter.php(366): CodeIgniter\CodeIgniter->handleRequest(NULL, Object(Config\Cache), false)
#23 D:\PW2\WP\public\index.php(67): CodeIgniter\CodeIgniter->run()
#24 D:\PW2\WP\vendor\codeigniter4\framework\system\Commands\Server\rewrite.php(47): require_once('D:\\PW2\\WP\\publi...')
#25 {main}

Next mysqli_sql_exception: MySQL server has gone away in D:\PW2\WP\vendor\codeigniter4\framework\system\Database\MySQLi\Connection.php:174
Stack trace:
#0 D:\PW2\WP\vendor\codeigniter4\framework\system\Database\MySQLi\Connection.php(174): mysqli->real_connect('localhost', 'root', '', 'warungpedia', 3306, '', 0)
#1 D:\PW2\WP\vendor\codeigniter4\framework\system\Database\BaseConnection.php(391): CodeIgniter\Database\MySQLi\Connection->connect(false)
#2 D:\PW2\WP\vendor\codeigniter4\framework\system\Database\BaseConnection.php(574): CodeIgniter\Database\BaseConnection->initialize()
#3 D:\PW2\WP\vendor\codeigniter4\framework\system\Database\BaseBuilder.php(1616): CodeIgniter\Database\BaseConnection->query('SELECT *\nFROM `...', Array, false)
#4 D:\PW2\WP\vendor\codeigniter4\framework\system\Model.php(200): CodeIgniter\Database\BaseBuilder->get()
#5 D:\PW2\WP\vendor\codeigniter4\framework\system\BaseModel.php(557): CodeIgniter\Model->doFind(true, '7')
#6 D:\PW2\WP\vendor\myth\auth\src\Authentication\AuthenticationBase.php(130): CodeIgniter\BaseModel->find('7')
#7 D:\PW2\WP\vendor\myth\auth\src\Authentication\LocalAuthenticator.php(67): Myth\Auth\Authentication\AuthenticationBase->isLoggedIn()
#8 D:\PW2\WP\vendor\myth\auth\src\Helpers\auth_helper.php(66): Myth\Auth\Authentication\LocalAuthenticator->check()
#9 D:\PW2\WP\app\Views\Layout\navbar.php(12): in_groups('pembeli')
#10 D:\PW2\WP\vendor\codeigniter4\framework\system\View\View.php(224): include('D:\\PW2\\WP\\app\\V...')
#11 D:\PW2\WP\vendor\codeigniter4\framework\system\View\View.php(227): CodeIgniter\View\View->CodeIgniter\View\{closure}()
#12 D:\PW2\WP\vendor\codeigniter4\framework\system\View\View.php(452): CodeIgniter\View\View->render('Layout/navbar', NULL, true)
#13 D:\PW2\WP\app\Views\Layout\template.php(15): CodeIgniter\View\View->include('Layout/navbar')
#14 D:\PW2\WP\vendor\codeigniter4\framework\system\View\View.php(224): include('D:\\PW2\\WP\\app\\V...')
#15 D:\PW2\WP\vendor\codeigniter4\framework\system\View\View.php(227): CodeIgniter\View\View->CodeIgniter\View\{closure}()
#16 D:\PW2\WP\vendor\codeigniter4\framework\system\View\View.php(240): CodeIgniter\View\View->render('Layout/template', Array, true)
#17 D:\PW2\WP\vendor\codeigniter4\framework\system\Common.php(1180): CodeIgniter\View\View->render('login', Array, true)
#18 D:\PW2\WP\app\Controllers\Barang.php(39): view('login', Array)
#19 D:\PW2\WP\vendor\codeigniter4\framework\system\CodeIgniter.php(932): App\Controllers\Barang->login()
#20 D:\PW2\WP\vendor\codeigniter4\framework\system\CodeIgniter.php(497): CodeIgniter\CodeIgniter->runController(Object(App\Controllers\Barang))
#21 D:\PW2\WP\vendor\codeigniter4\framework\system\CodeIgniter.php(366): CodeIgniter\CodeIgniter->handleRequest(NULL, Object(Config\Cache), false)
#22 D:\PW2\WP\public\index.php(67): CodeIgniter\CodeIgniter->run()
#23 D:\PW2\WP\vendor\codeigniter4\framework\system\Commands\Server\rewrite.php(47): require_once('D:\\PW2\\WP\\publi...')
#24 {main}

Next CodeIgniter\Database\Exceptions\DatabaseException: MySQL server has gone away in D:\PW2\WP\vendor\codeigniter4\framework\system\Database\MySQLi\Connection.php:218
Stack trace:
#0 D:\PW2\WP\vendor\codeigniter4\framework\system\Database\BaseConnection.php(391): CodeIgniter\Database\MySQLi\Connection->connect(false)
#1 D:\PW2\WP\vendor\codeigniter4\framework\system\Database\BaseConnection.php(574): CodeIgniter\Database\BaseConnection->initialize()
#2 D:\PW2\WP\vendor\codeigniter4\framework\system\Database\BaseBuilder.php(1616): CodeIgniter\Database\BaseConnection->query('SELECT *\nFROM `...', Array, false)
#3 D:\PW2\WP\vendor\codeigniter4\framework\system\Model.php(200): CodeIgniter\Database\BaseBuilder->get()
#4 D:\PW2\WP\vendor\codeigniter4\framework\system\BaseModel.php(557): CodeIgniter\Model->doFind(true, '7')
#5 D:\PW2\WP\vendor\myth\auth\src\Authentication\AuthenticationBase.php(130): CodeIgniter\BaseModel->find('7')
#6 D:\PW2\WP\vendor\myth\auth\src\Authentication\LocalAuthenticator.php(67): Myth\Auth\Authentication\AuthenticationBase->isLoggedIn()
#7 D:\PW2\WP\vendor\myth\auth\src\Helpers\auth_helper.php(66): Myth\Auth\Authentication\LocalAuthenticator->check()
#8 D:\PW2\WP\app\Views\Layout\navbar.php(12): in_groups('pembeli')
#9 D:\PW2\WP\vendor\codeigniter4\framework\system\View\View.php(224): include('D:\\PW2\\WP\\app\\V...')
#10 D:\PW2\WP\vendor\codeigniter4\framework\system\View\View.php(227): CodeIgniter\View\View->CodeIgniter\View\{closure}()
#11 D:\PW2\WP\vendor\codeigniter4\framework\system\View\View.php(452): CodeIgniter\View\View->render('Layout/navbar', NULL, true)
#12 D:\PW2\WP\app\Views\Layout\template.php(15): CodeIgniter\View\View->include('Layout/navbar')
#13 D:\PW2\WP\vendor\codeigniter4\framework\system\View\View.php(224): include('D:\\PW2\\WP\\app\\V...')
#14 D:\PW2\WP\vendor\codeigniter4\framework\system\View\View.php(227): CodeIgniter\View\View->CodeIgniter\View\{closure}()
#15 D:\PW2\WP\vendor\codeigniter4\framework\system\View\View.php(240): CodeIgniter\View\View->render('Layout/template', Array, true)
#16 D:\PW2\WP\vendor\codeigniter4\framework\system\Common.php(1180): CodeIgniter\View\View->render('login', Array, true)
#17 D:\PW2\WP\app\Controllers\Barang.php(39): view('login', Array)
#18 D:\PW2\WP\vendor\codeigniter4\framework\system\CodeIgniter.php(932): App\Controllers\Barang->login()
#19 D:\PW2\WP\vendor\codeigniter4\framework\system\CodeIgniter.php(497): CodeIgniter\CodeIgniter->runController(Object(App\Controllers\Barang))
#20 D:\PW2\WP\vendor\codeigniter4\framework\system\CodeIgniter.php(366): CodeIgniter\CodeIgniter->handleRequest(NULL, Object(Config\Cache), false)
#21 D:\PW2\WP\public\index.php(67): CodeIgniter\CodeIgniter->run()
#22 D:\PW2\WP\vendor\codeigniter4\framework\system\Commands\Server\rewrite.php(47): require_once('D:\\PW2\\WP\\publi...')
#23 {main}
CRITICAL - 2023-07-03 07:24:22 --> Unable to connect to the database.
Main connection [MySQLi]: MySQL server has gone away
in SYSTEMPATH\Database\BaseConnection.php on line 427.
 1 SYSTEMPATH\Database\BaseConnection.php(574): CodeIgniter\Database\BaseConnection->initialize()
 2 SYSTEMPATH\Database\BaseBuilder.php(1616): CodeIgniter\Database\BaseConnection->query('SELECT *
FROM `users`
WHERE `users`.`deleted_at` IS NULL
AND `users`.`id` = :users.id:', [...], false)
 3 SYSTEMPATH\Model.php(200): CodeIgniter\Database\BaseBuilder->get()
 4 SYSTEMPATH\BaseModel.php(557): CodeIgniter\Model->doFind(true, '7')
 5 VENDORPATH\myth\auth\src\Authentication\AuthenticationBase.php(130): CodeIgniter\BaseModel->find('7')
 6 VENDORPATH\myth\auth\src\Authentication\LocalAuthenticator.php(67): Myth\Auth\Authentication\AuthenticationBase->isLoggedIn()
 7 VENDORPATH\myth\auth\src\Helpers\auth_helper.php(66): Myth\Auth\Authentication\LocalAuthenticator->check()
 8 APPPATH\Views\Layout\navbar.php(12): in_groups('pembeli')
 9 SYSTEMPATH\View\View.php(224): include('D:\\PW2\\WP\\app\\Views\\Layout\\navbar.php')
10 SYSTEMPATH\View\View.php(227): CodeIgniter\View\View->CodeIgniter\View\{closure}()
11 SYSTEMPATH\View\View.php(452): CodeIgniter\View\View->render('Layout/navbar', null, true)
12 APPPATH\Views\Layout\template.php(15): CodeIgniter\View\View->include('Layout/navbar')
13 SYSTEMPATH\View\View.php(224): include('D:\\PW2\\WP\\app\\Views\\Layout\\template.php')
14 SYSTEMPATH\View\View.php(227): CodeIgniter\View\View->CodeIgniter\View\{closure}()
15 SYSTEMPATH\View\View.php(240): CodeIgniter\View\View->render('Layout/template', [], true)
16 SYSTEMPATH\Common.php(1180): CodeIgniter\View\View->render('login', [], true)
17 APPPATH\Controllers\Barang.php(39): view('login', [...])
18 SYSTEMPATH\CodeIgniter.php(932): App\Controllers\Barang->login()
19 SYSTEMPATH\CodeIgniter.php(497): CodeIgniter\CodeIgniter->runController(Object(App\Controllers\Barang))
20 SYSTEMPATH\CodeIgniter.php(366): CodeIgniter\CodeIgniter->handleRequest(null, Object(Config\Cache), false)
21 FCPATH\index.php(67): CodeIgniter\CodeIgniter->run()
22 SYSTEMPATH\Commands\Server\rewrite.php(47): require_once('D:\\PW2\\WP\\public\\index.php')
INFO - 2023-07-03 07:25:44 --> Session: Class initialized using 'CodeIgniter\Session\Handlers\FileHandler' driver.
INFO - 2023-07-03 08:18:51 --> Session: Class initialized using 'CodeIgniter\Session\Handlers\FileHandler' driver.
INFO - 2023-07-03 08:19:08 --> Session: Class initialized using 'CodeIgniter\Session\Handlers\FileHandler' driver.
INFO - 2023-07-03 08:19:08 --> Session: Class initialized using 'CodeIgniter\Session\Handlers\FileHandler' driver.
INFO - 2023-07-03 08:20:47 --> Session: Class initialized using 'CodeIgniter\Session\Handlers\FileHandler' driver.
INFO - 2023-07-03 08:20:57 --> Session: Class initialized using 'CodeIgniter\Session\Handlers\FileHandler' driver.
INFO - 2023-07-03 08:20:58 --> Session: Class initialized using 'CodeIgniter\Session\Handlers\FileHandler' driver.
INFO - 2023-07-03 12:09:01 --> Session: Class initialized using 'CodeIgniter\Session\Handlers\FileHandler' driver.
INFO - 2023-07-03 12:09:03 --> Session: Class initialized using 'CodeIgniter\Session\Handlers\FileHandler' driver.
INFO - 2023-07-03 12:09:09 --> Session: Class initialized using 'CodeIgniter\Session\Handlers\FileHandler' driver.
INFO - 2023-07-03 12:10:27 --> Session: Class initialized using 'CodeIgniter\Session\Handlers\FileHandler' driver.
INFO - 2023-07-03 12:10:31 --> Session: Class initialized using 'CodeIgniter\Session\Handlers\FileHandler' driver.
INFO - 2023-07-03 12:10:57 --> Session: Class initialized using 'CodeIgniter\Session\Handlers\FileHandler' driver.
INFO - 2023-07-03 12:10:58 --> Session: Class initialized using 'CodeIgniter\Session\Handlers\FileHandler' driver.
INFO - 2023-07-03 12:11:10 --> Session: Class initialized using 'CodeIgniter\Session\Handlers\FileHandler' driver.
INFO - 2023-07-03 12:11:10 --> Session: Class initialized using 'CodeIgniter\Session\Handlers\FileHandler' driver.
INFO - 2023-07-03 12:12:16 --> Session: Class initialized using 'CodeIgniter\Session\Handlers\FileHandler' driver.
INFO - 2023-07-03 12:12:16 --> Session: Class initialized using 'CodeIgniter\Session\Handlers\FileHandler' driver.
INFO - 2023-07-03 12:12:20 --> Session: Class initialized using 'CodeIgniter\Session\Handlers\FileHandler' driver.
INFO - 2023-07-03 12:12:24 --> Session: Class initialized using 'CodeIgniter\Session\Handlers\FileHandler' driver.
INFO - 2023-07-03 12:12:30 --> Session: Class initialized using 'CodeIgniter\Session\Handlers\FileHandler' driver.
CRITICAL - 2023-07-03 12:12:30 --> The route for "dashboard" cannot be found.
in SYSTEMPATH\Helpers\url_helper.php on line 599.
 1 SYSTEMPATH\Helpers\url_helper.php(599): CodeIgniter\Router\Exceptions\RouterException::forInvalidRoute('dashboard')
 2 VENDORPATH\myth\auth\src\Views\_navbar.php(10): url_to('dashboard')
 3 SYSTEMPATH\View\View.php(224): include('D:\\PW2\\WP\\vendor\\myth\\auth\\src\\Views\\_navbar.php')
 4 SYSTEMPATH\View\View.php(227): CodeIgniter\View\View->CodeIgniter\View\{closure}()
 5 SYSTEMPATH\Common.php(1180): CodeIgniter\View\View->render('Myth\\Auth\\Views\\_navbar', [], true)
 6 VENDORPATH\myth\auth\src\Views\layout.php(25): view('Myth\\Auth\\Views\\_navbar')
 7 SYSTEMPATH\View\View.php(224): include('D:\\PW2\\WP\\vendor\\myth\\auth\\src\\Views\\layout.php')
 8 SYSTEMPATH\View\View.php(227): CodeIgniter\View\View->CodeIgniter\View\{closure}()
 9 SYSTEMPATH\View\View.php(240): CodeIgniter\View\View->render('Myth\\Auth\\Views\\layout', [], true)
10 SYSTEMPATH\Common.php(1180): CodeIgniter\View\View->render('Myth\\Auth\\Views\\forgot', [], true)
11 VENDORPATH\myth\auth\src\Controllers\AuthController.php(439): view('Myth\\Auth\\Views\\forgot', [...])
12 VENDORPATH\myth\auth\src\Controllers\AuthController.php(239): Myth\Auth\Controllers\AuthController->_render('Myth\\Auth\\Views\\forgot', [...])
13 SYSTEMPATH\CodeIgniter.php(932): Myth\Auth\Controllers\AuthController->forgotPassword()
14 SYSTEMPATH\CodeIgniter.php(497): CodeIgniter\CodeIgniter->runController(Object(Myth\Auth\Controllers\AuthController))
15 SYSTEMPATH\CodeIgniter.php(366): CodeIgniter\CodeIgniter->handleRequest(null, Object(Config\Cache), false)
16 FCPATH\index.php(67): CodeIgniter\CodeIgniter->run()
17 SYSTEMPATH\Commands\Server\rewrite.php(47): require_once('D:\\PW2\\WP\\public\\index.php')
INFO - 2023-07-03 12:20:19 --> Session: Class initialized using 'CodeIgniter\Session\Handlers\FileHandler' driver.
CRITICAL - 2023-07-03 12:20:19 --> The route for "dashboard" cannot be found.
in SYSTEMPATH\Helpers\url_helper.php on line 599.
 1 SYSTEMPATH\Helpers\url_helper.php(599): CodeIgniter\Router\Exceptions\RouterException::forInvalidRoute('dashboard')
 2 VENDORPATH\myth\auth\src\Views\_navbar.php(10): url_to('dashboard')
 3 SYSTEMPATH\View\View.php(224): include('D:\\PW2\\WP\\vendor\\myth\\auth\\src\\Views\\_navbar.php')
 4 SYSTEMPATH\View\View.php(227): CodeIgniter\View\View->CodeIgniter\View\{closure}()
 5 SYSTEMPATH\Common.php(1180): CodeIgniter\View\View->render('Myth\\Auth\\Views\\_navbar', [], true)
 6 VENDORPATH\myth\auth\src\Views\layout.php(25): view('Myth\\Auth\\Views\\_navbar')
 7 SYSTEMPATH\View\View.php(224): include('D:\\PW2\\WP\\vendor\\myth\\auth\\src\\Views\\layout.php')
 8 SYSTEMPATH\View\View.php(227): CodeIgniter\View\View->CodeIgniter\View\{closure}()
 9 SYSTEMPATH\View\View.php(240): CodeIgniter\View\View->render('Myth\\Auth\\Views\\layout', [], true)
10 SYSTEMPATH\Common.php(1180): CodeIgniter\View\View->render('Myth\\Auth\\Views\\forgot', [], true)
11 VENDORPATH\myth\auth\src\Controllers\AuthController.php(439): view('Myth\\Auth\\Views\\forgot', [...])
12 VENDORPATH\myth\auth\src\Controllers\AuthController.php(239): Myth\Auth\Controllers\AuthController->_render('Myth\\Auth\\Views\\forgot', [...])
13 SYSTEMPATH\CodeIgniter.php(932): Myth\Auth\Controllers\AuthController->forgotPassword()
14 SYSTEMPATH\CodeIgniter.php(497): CodeIgniter\CodeIgniter->runController(Object(Myth\Auth\Controllers\AuthController))
15 SYSTEMPATH\CodeIgniter.php(366): CodeIgniter\CodeIgniter->handleRequest(null, Object(Config\Cache), false)
16 FCPATH\index.php(67): CodeIgniter\CodeIgniter->run()
17 SYSTEMPATH\Commands\Server\rewrite.php(47): require_once('D:\\PW2\\WP\\public\\index.php')
INFO - 2023-07-03 12:24:30 --> Session: Class initialized using 'CodeIgniter\Session\Handlers\FileHandler' driver.
CRITICAL - 2023-07-03 12:24:30 --> The route for "dashboard" cannot be found.
in SYSTEMPATH\Helpers\url_helper.php on line 599.
 1 SYSTEMPATH\Helpers\url_helper.php(599): CodeIgniter\Router\Exceptions\RouterException::forInvalidRoute('dashboard')
 2 VENDORPATH\myth\auth\src\Views\_navbar.php(10): url_to('dashboard')
 3 SYSTEMPATH\View\View.php(224): include('D:\\PW2\\WP\\vendor\\myth\\auth\\src\\Views\\_navbar.php')
 4 SYSTEMPATH\View\View.php(227): CodeIgniter\View\View->CodeIgniter\View\{closure}()
 5 SYSTEMPATH\Common.php(1180): CodeIgniter\View\View->render('Myth\\Auth\\Views\\_navbar', [], true)
 6 VENDORPATH\myth\auth\src\Views\layout.php(25): view('Myth\\Auth\\Views\\_navbar')
 7 SYSTEMPATH\View\View.php(224): include('D:\\PW2\\WP\\vendor\\myth\\auth\\src\\Views\\layout.php')
 8 SYSTEMPATH\View\View.php(227): CodeIgniter\View\View->CodeIgniter\View\{closure}()
 9 SYSTEMPATH\View\View.php(240): CodeIgniter\View\View->render('Myth\\Auth\\Views\\layout', [], true)
10 SYSTEMPATH\Common.php(1180): CodeIgniter\View\View->render('Myth\\Auth\\Views\\forgot', [], true)
11 VENDORPATH\myth\auth\src\Controllers\AuthController.php(439): view('Myth\\Auth\\Views\\forgot', [...])
12 VENDORPATH\myth\auth\src\Controllers\AuthController.php(239): Myth\Auth\Controllers\AuthController->_render('Myth\\Auth\\Views\\forgot', [...])
13 SYSTEMPATH\CodeIgniter.php(932): Myth\Auth\Controllers\AuthController->forgotPassword()
14 SYSTEMPATH\CodeIgniter.php(497): CodeIgniter\CodeIgniter->runController(Object(Myth\Auth\Controllers\AuthController))
15 SYSTEMPATH\CodeIgniter.php(366): CodeIgniter\CodeIgniter->handleRequest(null, Object(Config\Cache), false)
16 FCPATH\index.php(67): CodeIgniter\CodeIgniter->run()
17 SYSTEMPATH\Commands\Server\rewrite.php(47): require_once('D:\\PW2\\WP\\public\\index.php')
INFO - 2023-07-03 12:24:33 --> Session: Class initialized using 'CodeIgniter\Session\Handlers\FileHandler' driver.
INFO - 2023-07-03 12:24:34 --> Session: Class initialized using 'CodeIgniter\Session\Handlers\FileHandler' driver.
INFO - 2023-07-03 12:24:37 --> Session: Class initialized using 'CodeIgniter\Session\Handlers\FileHandler' driver.
CRITICAL - 2023-07-03 12:24:38 --> The route for "dashboard" cannot be found.
in SYSTEMPATH\Helpers\url_helper.php on line 599.
 1 SYSTEMPATH\Helpers\url_helper.php(599): CodeIgniter\Router\Exceptions\RouterException::forInvalidRoute('dashboard')
 2 VENDORPATH\myth\auth\src\Views\_navbar.php(10): url_to('dashboard')
 3 SYSTEMPATH\View\View.php(224): include('D:\\PW2\\WP\\vendor\\myth\\auth\\src\\Views\\_navbar.php')
 4 SYSTEMPATH\View\View.php(227): CodeIgniter\View\View->CodeIgniter\View\{closure}()
 5 SYSTEMPATH\Common.php(1180): CodeIgniter\View\View->render('Myth\\Auth\\Views\\_navbar', [], true)
 6 VENDORPATH\myth\auth\src\Views\layout.php(25): view('Myth\\Auth\\Views\\_navbar')
 7 SYSTEMPATH\View\View.php(224): include('D:\\PW2\\WP\\vendor\\myth\\auth\\src\\Views\\layout.php')
 8 SYSTEMPATH\View\View.php(227): CodeIgniter\View\View->CodeIgniter\View\{closure}()
 9 SYSTEMPATH\View\View.php(240): CodeIgniter\View\View->render('Myth\\Auth\\Views\\layout', [], true)
10 SYSTEMPATH\Common.php(1180): CodeIgniter\View\View->render('Myth\\Auth\\Views\\forgot', [], true)
11 VENDORPATH\myth\auth\src\Controllers\AuthController.php(439): view('Myth\\Auth\\Views\\forgot', [...])
12 VENDORPATH\myth\auth\src\Controllers\AuthController.php(239): Myth\Auth\Controllers\AuthController->_render('Myth\\Auth\\Views\\forgot', [...])
13 SYSTEMPATH\CodeIgniter.php(932): Myth\Auth\Controllers\AuthController->forgotPassword()
14 SYSTEMPATH\CodeIgniter.php(497): CodeIgniter\CodeIgniter->runController(Object(Myth\Auth\Controllers\AuthController))
15 SYSTEMPATH\CodeIgniter.php(366): CodeIgniter\CodeIgniter->handleRequest(null, Object(Config\Cache), false)
16 FCPATH\index.php(67): CodeIgniter\CodeIgniter->run()
17 SYSTEMPATH\Commands\Server\rewrite.php(47): require_once('D:\\PW2\\WP\\public\\index.php')
INFO - 2023-07-03 13:12:49 --> Session: Class initialized using 'CodeIgniter\Session\Handlers\FileHandler' driver.
INFO - 2023-07-03 13:12:53 --> Session: Class initialized using 'CodeIgniter\Session\Handlers\FileHandler' driver.
INFO - 2023-07-03 13:12:55 --> Session: Class initialized using 'CodeIgniter\Session\Handlers\FileHandler' driver.
CRITICAL - 2023-07-03 13:12:55 --> The route for "dashboard" cannot be found.
in SYSTEMPATH\Helpers\url_helper.php on line 599.
 1 SYSTEMPATH\Helpers\url_helper.php(599): CodeIgniter\Router\Exceptions\RouterException::forInvalidRoute('dashboard')
 2 VENDORPATH\myth\auth\src\Views\_navbar.php(10): url_to('dashboard')
 3 SYSTEMPATH\View\View.php(224): include('D:\\PW2\\WP\\vendor\\myth\\auth\\src\\Views\\_navbar.php')
 4 SYSTEMPATH\View\View.php(227): CodeIgniter\View\View->CodeIgniter\View\{closure}()
 5 SYSTEMPATH\Common.php(1180): CodeIgniter\View\View->render('Myth\\Auth\\Views\\_navbar', [], true)
 6 VENDORPATH\myth\auth\src\Views\layout.php(25): view('Myth\\Auth\\Views\\_navbar')
 7 SYSTEMPATH\View\View.php(224): include('D:\\PW2\\WP\\vendor\\myth\\auth\\src\\Views\\layout.php')
 8 SYSTEMPATH\View\View.php(227): CodeIgniter\View\View->CodeIgniter\View\{closure}()
 9 SYSTEMPATH\View\View.php(240): CodeIgniter\View\View->render('Myth\\Auth\\Views\\layout', [], true)
10 SYSTEMPATH\Common.php(1180): CodeIgniter\View\View->render('Myth\\Auth\\Views\\forgot', [], true)
11 VENDORPATH\myth\auth\src\Controllers\AuthController.php(439): view('Myth\\Auth\\Views\\forgot', [...])
12 VENDORPATH\myth\auth\src\Controllers\AuthController.php(239): Myth\Auth\Controllers\AuthController->_render('Myth\\Auth\\Views\\forgot', [...])
13 SYSTEMPATH\CodeIgniter.php(932): Myth\Auth\Controllers\AuthController->forgotPassword()
14 SYSTEMPATH\CodeIgniter.php(497): CodeIgniter\CodeIgniter->runController(Object(Myth\Auth\Controllers\AuthController))
15 SYSTEMPATH\CodeIgniter.php(366): CodeIgniter\CodeIgniter->handleRequest(null, Object(Config\Cache), false)
16 FCPATH\index.php(67): CodeIgniter\CodeIgniter->run()
17 SYSTEMPATH\Commands\Server\rewrite.php(47): require_once('D:\\PW2\\WP\\public\\index.php')
INFO - 2023-07-03 14:03:50 --> Session: Class initialized using 'CodeIgniter\Session\Handlers\FileHandler' driver.
INFO - 2023-07-03 14:03:52 --> Session: Class initialized using 'CodeIgniter\Session\Handlers\FileHandler' driver.
INFO - 2023-07-03 14:03:56 --> Session: Class initialized using 'CodeIgniter\Session\Handlers\FileHandler' driver.
CRITICAL - 2023-07-03 14:03:56 --> The route for "dashboard" cannot be found.
in SYSTEMPATH\Helpers\url_helper.php on line 599.
 1 SYSTEMPATH\Helpers\url_helper.php(599): CodeIgniter\Router\Exceptions\RouterException::forInvalidRoute('dashboard')
 2 VENDORPATH\myth\auth\src\Views\_navbar.php(10): url_to('dashboard')
 3 SYSTEMPATH\View\View.php(224): include('D:\\PW2\\WP\\vendor\\myth\\auth\\src\\Views\\_navbar.php')
 4 SYSTEMPATH\View\View.php(227): CodeIgniter\View\View->CodeIgniter\View\{closure}()
 5 SYSTEMPATH\Common.php(1180): CodeIgniter\View\View->render('Myth\\Auth\\Views\\_navbar', [], true)
 6 VENDORPATH\myth\auth\src\Views\layout.php(25): view('Myth\\Auth\\Views\\_navbar')
 7 SYSTEMPATH\View\View.php(224): include('D:\\PW2\\WP\\vendor\\myth\\auth\\src\\Views\\layout.php')
 8 SYSTEMPATH\View\View.php(227): CodeIgniter\View\View->CodeIgniter\View\{closure}()
 9 SYSTEMPATH\View\View.php(240): CodeIgniter\View\View->render('Myth\\Auth\\Views\\layout', [], true)
10 SYSTEMPATH\Common.php(1180): CodeIgniter\View\View->render('Myth\\Auth\\Views\\forgot', [], true)
11 VENDORPATH\myth\auth\src\Controllers\AuthController.php(439): view('Myth\\Auth\\Views\\forgot', [...])
12 VENDORPATH\myth\auth\src\Controllers\AuthController.php(239): Myth\Auth\Controllers\AuthController->_render('Myth\\Auth\\Views\\forgot', [...])
13 SYSTEMPATH\CodeIgniter.php(932): Myth\Auth\Controllers\AuthController->forgotPassword()
14 SYSTEMPATH\CodeIgniter.php(497): CodeIgniter\CodeIgniter->runController(Object(Myth\Auth\Controllers\AuthController))
15 SYSTEMPATH\CodeIgniter.php(366): CodeIgniter\CodeIgniter->handleRequest(null, Object(Config\Cache), false)
16 FCPATH\index.php(67): CodeIgniter\CodeIgniter->run()
17 SYSTEMPATH\Commands\Server\rewrite.php(47): require_once('D:\\PW2\\WP\\public\\index.php')
INFO - 2023-07-03 14:05:31 --> Session: Class initialized using 'CodeIgniter\Session\Handlers\FileHandler' driver.
CRITICAL - 2023-07-03 14:05:31 --> The route for "dashboard" cannot be found.
in SYSTEMPATH\Helpers\url_helper.php on line 599.
 1 SYSTEMPATH\Helpers\url_helper.php(599): CodeIgniter\Router\Exceptions\RouterException::forInvalidRoute('dashboard')
 2 VENDORPATH\myth\auth\src\Views\_navbar.php(10): url_to('dashboard')
 3 SYSTEMPATH\View\View.php(224): include('D:\\PW2\\WP\\vendor\\myth\\auth\\src\\Views\\_navbar.php')
 4 SYSTEMPATH\View\View.php(227): CodeIgniter\View\View->CodeIgniter\View\{closure}()
 5 SYSTEMPATH\Common.php(1180): CodeIgniter\View\View->render('Myth\\Auth\\Views\\_navbar', [], true)
 6 VENDORPATH\myth\auth\src\Views\layout.php(25): view('Myth\\Auth\\Views\\_navbar')
 7 SYSTEMPATH\View\View.php(224): include('D:\\PW2\\WP\\vendor\\myth\\auth\\src\\Views\\layout.php')
 8 SYSTEMPATH\View\View.php(227): CodeIgniter\View\View->CodeIgniter\View\{closure}()
 9 SYSTEMPATH\View\View.php(240): CodeIgniter\View\View->render('Myth\\Auth\\Views\\layout', [], true)
10 SYSTEMPATH\Common.php(1180): CodeIgniter\View\View->render('Myth\\Auth\\Views\\forgot', [], true)
11 VENDORPATH\myth\auth\src\Controllers\AuthController.php(439): view('Myth\\Auth\\Views\\forgot', [...])
12 VENDORPATH\myth\auth\src\Controllers\AuthController.php(239): Myth\Auth\Controllers\AuthController->_render('Myth\\Auth\\Views\\forgot', [...])
13 SYSTEMPATH\CodeIgniter.php(932): Myth\Auth\Controllers\AuthController->forgotPassword()
14 SYSTEMPATH\CodeIgniter.php(497): CodeIgniter\CodeIgniter->runController(Object(Myth\Auth\Controllers\AuthController))
15 SYSTEMPATH\CodeIgniter.php(366): CodeIgniter\CodeIgniter->handleRequest(null, Object(Config\Cache), false)
16 FCPATH\index.php(67): CodeIgniter\CodeIgniter->run()
17 SYSTEMPATH\Commands\Server\rewrite.php(47): require_once('D:\\PW2\\WP\\public\\index.php')
INFO - 2023-07-03 14:05:32 --> Session: Class initialized using 'CodeIgniter\Session\Handlers\FileHandler' driver.
CRITICAL - 2023-07-03 14:05:32 --> The route for "dashboard" cannot be found.
in SYSTEMPATH\Helpers\url_helper.php on line 599.
 1 SYSTEMPATH\Helpers\url_helper.php(599): CodeIgniter\Router\Exceptions\RouterException::forInvalidRoute('dashboard')
 2 VENDORPATH\myth\auth\src\Views\_navbar.php(10): url_to('dashboard')
 3 SYSTEMPATH\View\View.php(224): include('D:\\PW2\\WP\\vendor\\myth\\auth\\src\\Views\\_navbar.php')
 4 SYSTEMPATH\View\View.php(227): CodeIgniter\View\View->CodeIgniter\View\{closure}()
 5 SYSTEMPATH\Common.php(1180): CodeIgniter\View\View->render('Myth\\Auth\\Views\\_navbar', [], true)
 6 VENDORPATH\myth\auth\src\Views\layout.php(25): view('Myth\\Auth\\Views\\_navbar')
 7 SYSTEMPATH\View\View.php(224): include('D:\\PW2\\WP\\vendor\\myth\\auth\\src\\Views\\layout.php')
 8 SYSTEMPATH\View\View.php(227): CodeIgniter\View\View->CodeIgniter\View\{closure}()
 9 SYSTEMPATH\View\View.php(240): CodeIgniter\View\View->render('Myth\\Auth\\Views\\layout', [], true)
10 SYSTEMPATH\Common.php(1180): CodeIgniter\View\View->render('Myth\\Auth\\Views\\forgot', [], true)
11 VENDORPATH\myth\auth\src\Controllers\AuthController.php(439): view('Myth\\Auth\\Views\\forgot', [...])
12 VENDORPATH\myth\auth\src\Controllers\AuthController.php(239): Myth\Auth\Controllers\AuthController->_render('Myth\\Auth\\Views\\forgot', [...])
13 SYSTEMPATH\CodeIgniter.php(932): Myth\Auth\Controllers\AuthController->forgotPassword()
14 SYSTEMPATH\CodeIgniter.php(497): CodeIgniter\CodeIgniter->runController(Object(Myth\Auth\Controllers\AuthController))
15 SYSTEMPATH\CodeIgniter.php(366): CodeIgniter\CodeIgniter->handleRequest(null, Object(Config\Cache), false)
16 FCPATH\index.php(67): CodeIgniter\CodeIgniter->run()
17 SYSTEMPATH\Commands\Server\rewrite.php(47): require_once('D:\\PW2\\WP\\public\\index.php')
INFO - 2023-07-03 14:05:32 --> Session: Class initialized using 'CodeIgniter\Session\Handlers\FileHandler' driver.
CRITICAL - 2023-07-03 14:05:32 --> The route for "dashboard" cannot be found.
in SYSTEMPATH\Helpers\url_helper.php on line 599.
 1 SYSTEMPATH\Helpers\url_helper.php(599): CodeIgniter\Router\Exceptions\RouterException::forInvalidRoute('dashboard')
 2 VENDORPATH\myth\auth\src\Views\_navbar.php(10): url_to('dashboard')
 3 SYSTEMPATH\View\View.php(224): include('D:\\PW2\\WP\\vendor\\myth\\auth\\src\\Views\\_navbar.php')
 4 SYSTEMPATH\View\View.php(227): CodeIgniter\View\View->CodeIgniter\View\{closure}()
 5 SYSTEMPATH\Common.php(1180): CodeIgniter\View\View->render('Myth\\Auth\\Views\\_navbar', [], true)
 6 VENDORPATH\myth\auth\src\Views\layout.php(25): view('Myth\\Auth\\Views\\_navbar')
 7 SYSTEMPATH\View\View.php(224): include('D:\\PW2\\WP\\vendor\\myth\\auth\\src\\Views\\layout.php')
 8 SYSTEMPATH\View\View.php(227): CodeIgniter\View\View->CodeIgniter\View\{closure}()
 9 SYSTEMPATH\View\View.php(240): CodeIgniter\View\View->render('Myth\\Auth\\Views\\layout', [], true)
10 SYSTEMPATH\Common.php(1180): CodeIgniter\View\View->render('Myth\\Auth\\Views\\forgot', [], true)
11 VENDORPATH\myth\auth\src\Controllers\AuthController.php(439): view('Myth\\Auth\\Views\\forgot', [...])
12 VENDORPATH\myth\auth\src\Controllers\AuthController.php(239): Myth\Auth\Controllers\AuthController->_render('Myth\\Auth\\Views\\forgot', [...])
13 SYSTEMPATH\CodeIgniter.php(932): Myth\Auth\Controllers\AuthController->forgotPassword()
14 SYSTEMPATH\CodeIgniter.php(497): CodeIgniter\CodeIgniter->runController(Object(Myth\Auth\Controllers\AuthController))
15 SYSTEMPATH\CodeIgniter.php(366): CodeIgniter\CodeIgniter->handleRequest(null, Object(Config\Cache), false)
16 FCPATH\index.php(67): CodeIgniter\CodeIgniter->run()
17 SYSTEMPATH\Commands\Server\rewrite.php(47): require_once('D:\\PW2\\WP\\public\\index.php')
INFO - 2023-07-03 14:05:32 --> Session: Class initialized using 'CodeIgniter\Session\Handlers\FileHandler' driver.
CRITICAL - 2023-07-03 14:05:32 --> The route for "dashboard" cannot be found.
in SYSTEMPATH\Helpers\url_helper.php on line 599.
 1 SYSTEMPATH\Helpers\url_helper.php(599): CodeIgniter\Router\Exceptions\RouterException::forInvalidRoute('dashboard')
 2 VENDORPATH\myth\auth\src\Views\_navbar.php(10): url_to('dashboard')
 3 SYSTEMPATH\View\View.php(224): include('D:\\PW2\\WP\\vendor\\myth\\auth\\src\\Views\\_navbar.php')
 4 SYSTEMPATH\View\View.php(227): CodeIgniter\View\View->CodeIgniter\View\{closure}()
 5 SYSTEMPATH\Common.php(1180): CodeIgniter\View\View->render('Myth\\Auth\\Views\\_navbar', [], true)
 6 VENDORPATH\myth\auth\src\Views\layout.php(25): view('Myth\\Auth\\Views\\_navbar')
 7 SYSTEMPATH\View\View.php(224): include('D:\\PW2\\WP\\vendor\\myth\\auth\\src\\Views\\layout.php')
 8 SYSTEMPATH\View\View.php(227): CodeIgniter\View\View->CodeIgniter\View\{closure}()
 9 SYSTEMPATH\View\View.php(240): CodeIgniter\View\View->render('Myth\\Auth\\Views\\layout', [], true)
10 SYSTEMPATH\Common.php(1180): CodeIgniter\View\View->render('Myth\\Auth\\Views\\forgot', [], true)
11 VENDORPATH\myth\auth\src\Controllers\AuthController.php(439): view('Myth\\Auth\\Views\\forgot', [...])
12 VENDORPATH\myth\auth\src\Controllers\AuthController.php(239): Myth\Auth\Controllers\AuthController->_render('Myth\\Auth\\Views\\forgot', [...])
13 SYSTEMPATH\CodeIgniter.php(932): Myth\Auth\Controllers\AuthController->forgotPassword()
14 SYSTEMPATH\CodeIgniter.php(497): CodeIgniter\CodeIgniter->runController(Object(Myth\Auth\Controllers\AuthController))
15 SYSTEMPATH\CodeIgniter.php(366): CodeIgniter\CodeIgniter->handleRequest(null, Object(Config\Cache), false)
16 FCPATH\index.php(67): CodeIgniter\CodeIgniter->run()
17 SYSTEMPATH\Commands\Server\rewrite.php(47): require_once('D:\\PW2\\WP\\public\\index.php')
INFO - 2023-07-03 14:05:32 --> Session: Class initialized using 'CodeIgniter\Session\Handlers\FileHandler' driver.
CRITICAL - 2023-07-03 14:05:32 --> The route for "dashboard" cannot be found.
in SYSTEMPATH\Helpers\url_helper.php on line 599.
 1 SYSTEMPATH\Helpers\url_helper.php(599): CodeIgniter\Router\Exceptions\RouterException::forInvalidRoute('dashboard')
 2 VENDORPATH\myth\auth\src\Views\_navbar.php(10): url_to('dashboard')
 3 SYSTEMPATH\View\View.php(224): include('D:\\PW2\\WP\\vendor\\myth\\auth\\src\\Views\\_navbar.php')
 4 SYSTEMPATH\View\View.php(227): CodeIgniter\View\View->CodeIgniter\View\{closure}()
 5 SYSTEMPATH\Common.php(1180): CodeIgniter\View\View->render('Myth\\Auth\\Views\\_navbar', [], true)
 6 VENDORPATH\myth\auth\src\Views\layout.php(25): view('Myth\\Auth\\Views\\_navbar')
 7 SYSTEMPATH\View\View.php(224): include('D:\\PW2\\WP\\vendor\\myth\\auth\\src\\Views\\layout.php')
 8 SYSTEMPATH\View\View.php(227): CodeIgniter\View\View->CodeIgniter\View\{closure}()
 9 SYSTEMPATH\View\View.php(240): CodeIgniter\View\View->render('Myth\\Auth\\Views\\layout', [], true)
10 SYSTEMPATH\Common.php(1180): CodeIgniter\View\View->render('Myth\\Auth\\Views\\forgot', [], true)
11 VENDORPATH\myth\auth\src\Controllers\AuthController.php(439): view('Myth\\Auth\\Views\\forgot', [...])
12 VENDORPATH\myth\auth\src\Controllers\AuthController.php(239): Myth\Auth\Controllers\AuthController->_render('Myth\\Auth\\Views\\forgot', [...])
13 SYSTEMPATH\CodeIgniter.php(932): Myth\Auth\Controllers\AuthController->forgotPassword()
14 SYSTEMPATH\CodeIgniter.php(497): CodeIgniter\CodeIgniter->runController(Object(Myth\Auth\Controllers\AuthController))
15 SYSTEMPATH\CodeIgniter.php(366): CodeIgniter\CodeIgniter->handleRequest(null, Object(Config\Cache), false)
16 FCPATH\index.php(67): CodeIgniter\CodeIgniter->run()
17 SYSTEMPATH\Commands\Server\rewrite.php(47): require_once('D:\\PW2\\WP\\public\\index.php')
INFO - 2023-07-03 14:05:33 --> Session: Class initialized using 'CodeIgniter\Session\Handlers\FileHandler' driver.
CRITICAL - 2023-07-03 14:05:33 --> The route for "dashboard" cannot be found.
in SYSTEMPATH\Helpers\url_helper.php on line 599.
 1 SYSTEMPATH\Helpers\url_helper.php(599): CodeIgniter\Router\Exceptions\RouterException::forInvalidRoute('dashboard')
 2 VENDORPATH\myth\auth\src\Views\_navbar.php(10): url_to('dashboard')
 3 SYSTEMPATH\View\View.php(224): include('D:\\PW2\\WP\\vendor\\myth\\auth\\src\\Views\\_navbar.php')
 4 SYSTEMPATH\View\View.php(227): CodeIgniter\View\View->CodeIgniter\View\{closure}()
 5 SYSTEMPATH\Common.php(1180): CodeIgniter\View\View->render('Myth\\Auth\\Views\\_navbar', [], true)
 6 VENDORPATH\myth\auth\src\Views\layout.php(25): view('Myth\\Auth\\Views\\_navbar')
 7 SYSTEMPATH\View\View.php(224): include('D:\\PW2\\WP\\vendor\\myth\\auth\\src\\Views\\layout.php')
 8 SYSTEMPATH\View\View.php(227): CodeIgniter\View\View->CodeIgniter\View\{closure}()
 9 SYSTEMPATH\View\View.php(240): CodeIgniter\View\View->render('Myth\\Auth\\Views\\layout', [], true)
10 SYSTEMPATH\Common.php(1180): CodeIgniter\View\View->render('Myth\\Auth\\Views\\forgot', [], true)
11 VENDORPATH\myth\auth\src\Controllers\AuthController.php(439): view('Myth\\Auth\\Views\\forgot', [...])
12 VENDORPATH\myth\auth\src\Controllers\AuthController.php(239): Myth\Auth\Controllers\AuthController->_render('Myth\\Auth\\Views\\forgot', [...])
13 SYSTEMPATH\CodeIgniter.php(932): Myth\Auth\Controllers\AuthController->forgotPassword()
14 SYSTEMPATH\CodeIgniter.php(497): CodeIgniter\CodeIgniter->runController(Object(Myth\Auth\Controllers\AuthController))
15 SYSTEMPATH\CodeIgniter.php(366): CodeIgniter\CodeIgniter->handleRequest(null, Object(Config\Cache), false)
16 FCPATH\index.php(67): CodeIgniter\CodeIgniter->run()
17 SYSTEMPATH\Commands\Server\rewrite.php(47): require_once('D:\\PW2\\WP\\public\\index.php')
INFO - 2023-07-03 14:05:33 --> Session: Class initialized using 'CodeIgniter\Session\Handlers\FileHandler' driver.
CRITICAL - 2023-07-03 14:05:33 --> The route for "dashboard" cannot be found.
in SYSTEMPATH\Helpers\url_helper.php on line 599.
 1 SYSTEMPATH\Helpers\url_helper.php(599): CodeIgniter\Router\Exceptions\RouterException::forInvalidRoute('dashboard')
 2 VENDORPATH\myth\auth\src\Views\_navbar.php(10): url_to('dashboard')
 3 SYSTEMPATH\View\View.php(224): include('D:\\PW2\\WP\\vendor\\myth\\auth\\src\\Views\\_navbar.php')
 4 SYSTEMPATH\View\View.php(227): CodeIgniter\View\View->CodeIgniter\View\{closure}()
 5 SYSTEMPATH\Common.php(1180): CodeIgniter\View\View->render('Myth\\Auth\\Views\\_navbar', [], true)
 6 VENDORPATH\myth\auth\src\Views\layout.php(25): view('Myth\\Auth\\Views\\_navbar')
 7 SYSTEMPATH\View\View.php(224): include('D:\\PW2\\WP\\vendor\\myth\\auth\\src\\Views\\layout.php')
 8 SYSTEMPATH\View\View.php(227): CodeIgniter\View\View->CodeIgniter\View\{closure}()
 9 SYSTEMPATH\View\View.php(240): CodeIgniter\View\View->render('Myth\\Auth\\Views\\layout', [], true)
10 SYSTEMPATH\Common.php(1180): CodeIgniter\View\View->render('Myth\\Auth\\Views\\forgot', [], true)
11 VENDORPATH\myth\auth\src\Controllers\AuthController.php(439): view('Myth\\Auth\\Views\\forgot', [...])
12 VENDORPATH\myth\auth\src\Controllers\AuthController.php(239): Myth\Auth\Controllers\AuthController->_render('Myth\\Auth\\Views\\forgot', [...])
13 SYSTEMPATH\CodeIgniter.php(932): Myth\Auth\Controllers\AuthController->forgotPassword()
14 SYSTEMPATH\CodeIgniter.php(497): CodeIgniter\CodeIgniter->runController(Object(Myth\Auth\Controllers\AuthController))
15 SYSTEMPATH\CodeIgniter.php(366): CodeIgniter\CodeIgniter->handleRequest(null, Object(Config\Cache), false)
16 FCPATH\index.php(67): CodeIgniter\CodeIgniter->run()
17 SYSTEMPATH\Commands\Server\rewrite.php(47): require_once('D:\\PW2\\WP\\public\\index.php')
INFO - 2023-07-03 14:05:34 --> Session: Class initialized using 'CodeIgniter\Session\Handlers\FileHandler' driver.
CRITICAL - 2023-07-03 14:05:34 --> The route for "dashboard" cannot be found.
in SYSTEMPATH\Helpers\url_helper.php on line 599.
 1 SYSTEMPATH\Helpers\url_helper.php(599): CodeIgniter\Router\Exceptions\RouterException::forInvalidRoute('dashboard')
 2 VENDORPATH\myth\auth\src\Views\_navbar.php(10): url_to('dashboard')
 3 SYSTEMPATH\View\View.php(224): include('D:\\PW2\\WP\\vendor\\myth\\auth\\src\\Views\\_navbar.php')
 4 SYSTEMPATH\View\View.php(227): CodeIgniter\View\View->CodeIgniter\View\{closure}()
 5 SYSTEMPATH\Common.php(1180): CodeIgniter\View\View->render('Myth\\Auth\\Views\\_navbar', [], true)
 6 VENDORPATH\myth\auth\src\Views\layout.php(25): view('Myth\\Auth\\Views\\_navbar')
 7 SYSTEMPATH\View\View.php(224): include('D:\\PW2\\WP\\vendor\\myth\\auth\\src\\Views\\layout.php')
 8 SYSTEMPATH\View\View.php(227): CodeIgniter\View\View->CodeIgniter\View\{closure}()
 9 SYSTEMPATH\View\View.php(240): CodeIgniter\View\View->render('Myth\\Auth\\Views\\layout', [], true)
10 SYSTEMPATH\Common.php(1180): CodeIgniter\View\View->render('Myth\\Auth\\Views\\forgot', [], true)
11 VENDORPATH\myth\auth\src\Controllers\AuthController.php(439): view('Myth\\Auth\\Views\\forgot', [...])
12 VENDORPATH\myth\auth\src\Controllers\AuthController.php(239): Myth\Auth\Controllers\AuthController->_render('Myth\\Auth\\Views\\forgot', [...])
13 SYSTEMPATH\CodeIgniter.php(932): Myth\Auth\Controllers\AuthController->forgotPassword()
14 SYSTEMPATH\CodeIgniter.php(497): CodeIgniter\CodeIgniter->runController(Object(Myth\Auth\Controllers\AuthController))
15 SYSTEMPATH\CodeIgniter.php(366): CodeIgniter\CodeIgniter->handleRequest(null, Object(Config\Cache), false)
16 FCPATH\index.php(67): CodeIgniter\CodeIgniter->run()
17 SYSTEMPATH\Commands\Server\rewrite.php(47): require_once('D:\\PW2\\WP\\public\\index.php')
INFO - 2023-07-03 14:05:34 --> Session: Class initialized using 'CodeIgniter\Session\Handlers\FileHandler' driver.
CRITICAL - 2023-07-03 14:05:34 --> The route for "dashboard" cannot be found.
in SYSTEMPATH\Helpers\url_helper.php on line 599.
 1 SYSTEMPATH\Helpers\url_helper.php(599): CodeIgniter\Router\Exceptions\RouterException::forInvalidRoute('dashboard')
 2 VENDORPATH\myth\auth\src\Views\_navbar.php(10): url_to('dashboard')
 3 SYSTEMPATH\View\View.php(224): include('D:\\PW2\\WP\\vendor\\myth\\auth\\src\\Views\\_navbar.php')
 4 SYSTEMPATH\View\View.php(227): CodeIgniter\View\View->CodeIgniter\View\{closure}()
 5 SYSTEMPATH\Common.php(1180): CodeIgniter\View\View->render('Myth\\Auth\\Views\\_navbar', [], true)
 6 VENDORPATH\myth\auth\src\Views\layout.php(25): view('Myth\\Auth\\Views\\_navbar')
 7 SYSTEMPATH\View\View.php(224): include('D:\\PW2\\WP\\vendor\\myth\\auth\\src\\Views\\layout.php')
 8 SYSTEMPATH\View\View.php(227): CodeIgniter\View\View->CodeIgniter\View\{closure}()
 9 SYSTEMPATH\View\View.php(240): CodeIgniter\View\View->render('Myth\\Auth\\Views\\layout', [], true)
10 SYSTEMPATH\Common.php(1180): CodeIgniter\View\View->render('Myth\\Auth\\Views\\forgot', [], true)
11 VENDORPATH\myth\auth\src\Controllers\AuthController.php(439): view('Myth\\Auth\\Views\\forgot', [...])
12 VENDORPATH\myth\auth\src\Controllers\AuthController.php(239): Myth\Auth\Controllers\AuthController->_render('Myth\\Auth\\Views\\forgot', [...])
13 SYSTEMPATH\CodeIgniter.php(932): Myth\Auth\Controllers\AuthController->forgotPassword()
14 SYSTEMPATH\CodeIgniter.php(497): CodeIgniter\CodeIgniter->runController(Object(Myth\Auth\Controllers\AuthController))
15 SYSTEMPATH\CodeIgniter.php(366): CodeIgniter\CodeIgniter->handleRequest(null, Object(Config\Cache), false)
16 FCPATH\index.php(67): CodeIgniter\CodeIgniter->run()
17 SYSTEMPATH\Commands\Server\rewrite.php(47): require_once('D:\\PW2\\WP\\public\\index.php')
INFO - 2023-07-03 14:05:34 --> Session: Class initialized using 'CodeIgniter\Session\Handlers\FileHandler' driver.
CRITICAL - 2023-07-03 14:05:34 --> The route for "dashboard" cannot be found.
in SYSTEMPATH\Helpers\url_helper.php on line 599.
 1 SYSTEMPATH\Helpers\url_helper.php(599): CodeIgniter\Router\Exceptions\RouterException::forInvalidRoute('dashboard')
 2 VENDORPATH\myth\auth\src\Views\_navbar.php(10): url_to('dashboard')
 3 SYSTEMPATH\View\View.php(224): include('D:\\PW2\\WP\\vendor\\myth\\auth\\src\\Views\\_navbar.php')
 4 SYSTEMPATH\View\View.php(227): CodeIgniter\View\View->CodeIgniter\View\{closure}()
 5 SYSTEMPATH\Common.php(1180): CodeIgniter\View\View->render('Myth\\Auth\\Views\\_navbar', [], true)
 6 VENDORPATH\myth\auth\src\Views\layout.php(25): view('Myth\\Auth\\Views\\_navbar')
 7 SYSTEMPATH\View\View.php(224): include('D:\\PW2\\WP\\vendor\\myth\\auth\\src\\Views\\layout.php')
 8 SYSTEMPATH\View\View.php(227): CodeIgniter\View\View->CodeIgniter\View\{closure}()
 9 SYSTEMPATH\View\View.php(240): CodeIgniter\View\View->render('Myth\\Auth\\Views\\layout', [], true)
10 SYSTEMPATH\Common.php(1180): CodeIgniter\View\View->render('Myth\\Auth\\Views\\forgot', [], true)
11 VENDORPATH\myth\auth\src\Controllers\AuthController.php(439): view('Myth\\Auth\\Views\\forgot', [...])
12 VENDORPATH\myth\auth\src\Controllers\AuthController.php(239): Myth\Auth\Controllers\AuthController->_render('Myth\\Auth\\Views\\forgot', [...])
13 SYSTEMPATH\CodeIgniter.php(932): Myth\Auth\Controllers\AuthController->forgotPassword()
14 SYSTEMPATH\CodeIgniter.php(497): CodeIgniter\CodeIgniter->runController(Object(Myth\Auth\Controllers\AuthController))
15 SYSTEMPATH\CodeIgniter.php(366): CodeIgniter\CodeIgniter->handleRequest(null, Object(Config\Cache), false)
16 FCPATH\index.php(67): CodeIgniter\CodeIgniter->run()
17 SYSTEMPATH\Commands\Server\rewrite.php(47): require_once('D:\\PW2\\WP\\public\\index.php')
INFO - 2023-07-03 14:07:37 --> Session: Class initialized using 'CodeIgniter\Session\Handlers\FileHandler' driver.
INFO - 2023-07-03 14:07:38 --> Session: Class initialized using 'CodeIgniter\Session\Handlers\FileHandler' driver.
INFO - 2023-07-03 14:07:49 --> Session: Class initialized using 'CodeIgniter\Session\Handlers\FileHandler' driver.
INFO - 2023-07-03 14:07:49 --> Session: Class initialized using 'CodeIgniter\Session\Handlers\FileHandler' driver.
INFO - 2023-07-03 14:07:52 --> Session: Class initialized using 'CodeIgniter\Session\Handlers\FileHandler' driver.
INFO - 2023-07-03 14:07:52 --> Session: Class initialized using 'CodeIgniter\Session\Handlers\FileHandler' driver.
INFO - 2023-07-03 14:07:56 --> Session: Class initialized using 'CodeIgniter\Session\Handlers\FileHandler' driver.
INFO - 2023-07-03 14:08:00 --> Session: Class initialized using 'CodeIgniter\Session\Handlers\FileHandler' driver.
CRITICAL - 2023-07-03 14:08:00 --> The route for "dashboard" cannot be found.
in SYSTEMPATH\Helpers\url_helper.php on line 599.
 1 SYSTEMPATH\Helpers\url_helper.php(599): CodeIgniter\Router\Exceptions\RouterException::forInvalidRoute('dashboard')
 2 VENDORPATH\myth\auth\src\Views\_navbar.php(10): url_to('dashboard')
 3 SYSTEMPATH\View\View.php(224): include('D:\\PW2\\WP\\vendor\\myth\\auth\\src\\Views\\_navbar.php')
 4 SYSTEMPATH\View\View.php(227): CodeIgniter\View\View->CodeIgniter\View\{closure}()
 5 SYSTEMPATH\Common.php(1180): CodeIgniter\View\View->render('Myth\\Auth\\Views\\_navbar', [], true)
 6 VENDORPATH\myth\auth\src\Views\layout.php(25): view('Myth\\Auth\\Views\\_navbar')
 7 SYSTEMPATH\View\View.php(224): include('D:\\PW2\\WP\\vendor\\myth\\auth\\src\\Views\\layout.php')
 8 SYSTEMPATH\View\View.php(227): CodeIgniter\View\View->CodeIgniter\View\{closure}()
 9 SYSTEMPATH\View\View.php(240): CodeIgniter\View\View->render('Myth\\Auth\\Views\\layout', [], true)
10 SYSTEMPATH\Common.php(1180): CodeIgniter\View\View->render('Myth\\Auth\\Views\\forgot', [], true)
11 VENDORPATH\myth\auth\src\Controllers\AuthController.php(439): view('Myth\\Auth\\Views\\forgot', [...])
12 VENDORPATH\myth\auth\src\Controllers\AuthController.php(239): Myth\Auth\Controllers\AuthController->_render('Myth\\Auth\\Views\\forgot', [...])
13 SYSTEMPATH\CodeIgniter.php(932): Myth\Auth\Controllers\AuthController->forgotPassword()
14 SYSTEMPATH\CodeIgniter.php(497): CodeIgniter\CodeIgniter->runController(Object(Myth\Auth\Controllers\AuthController))
15 SYSTEMPATH\CodeIgniter.php(366): CodeIgniter\CodeIgniter->handleRequest(null, Object(Config\Cache), false)
16 FCPATH\index.php(67): CodeIgniter\CodeIgniter->run()
17 SYSTEMPATH\Commands\Server\rewrite.php(47): require_once('D:\\PW2\\WP\\public\\index.php')
INFO - 2023-07-03 14:24:26 --> Session: Class initialized using 'CodeIgniter\Session\Handlers\FileHandler' driver.
INFO - 2023-07-03 14:34:30 --> Session: Class initialized using 'CodeIgniter\Session\Handlers\FileHandler' driver.
INFO - 2023-07-03 14:34:30 --> Session: Class initialized using 'CodeIgniter\Session\Handlers\FileHandler' driver.
INFO - 2023-07-03 14:34:36 --> Session: Class initialized using 'CodeIgniter\Session\Handlers\FileHandler' driver.
INFO - 2023-07-03 14:34:39 --> Session: Class initialized using 'CodeIgniter\Session\Handlers\FileHandler' driver.
