INFO - 2023-06-25 05:12:54 --> Session: Class initialized using 'CodeIgniter\Session\Handlers\FileHandler' driver.
INFO - 2023-06-25 05:12:56 --> Session: Class initialized using 'CodeIgniter\Session\Handlers\FileHandler' driver.
INFO - 2023-06-25 06:06:06 --> Session: Class initialized using 'CodeIgniter\Session\Handlers\FileHandler' driver.
INFO - 2023-06-25 06:06:08 --> Session: Class initialized using 'CodeIgniter\Session\Handlers\FileHandler' driver.
INFO - 2023-06-25 06:06:30 --> Session: Class initialized using 'CodeIgniter\Session\Handlers\FileHandler' driver.
INFO - 2023-06-25 06:06:31 --> Session: Class initialized using 'CodeIgniter\Session\Handlers\FileHandler' driver.
INFO - 2023-06-25 06:08:18 --> Session: Class initialized using 'CodeIgniter\Session\Handlers\FileHandler' driver.
CRITICAL - 2023-06-25 06:08:18 --> Undefined variable $title
in APPPATH\Views\Layout\template.php on line 10.
 1 APPPATH\Views\Layout\template.php(10): CodeIgniter\Debug\Exceptions->errorHandler(2, 'Undefined variable $title', 'D:\\PW2\\WP\\app\\Views\\Layout\\template.php', 10)
 2 SYSTEMPATH\View\View.php(224): include('D:\\PW2\\WP\\app\\Views\\Layout\\template.php')
 3 SYSTEMPATH\View\View.php(227): CodeIgniter\View\View->CodeIgniter\View\{closure}()
 4 SYSTEMPATH\View\View.php(240): CodeIgniter\View\View->render('Layout/template', [], true)
 5 SYSTEMPATH\Common.php(1180): CodeIgniter\View\View->render('login', [], true)
 6 APPPATH\Controllers\Barang.php(28): view('login', [...])
 7 SYSTEMPATH\CodeIgniter.php(932): App\Controllers\Barang->login()
 8 SYSTEMPATH\CodeIgniter.php(497): CodeIgniter\CodeIgniter->runController(Object(App\Controllers\Barang))
 9 SYSTEMPATH\CodeIgniter.php(366): CodeIgniter\CodeIgniter->handleRequest(null, Object(Config\Cache), false)
10 FCPATH\index.php(67): CodeIgniter\CodeIgniter->run()
11 SYSTEMPATH\Commands\Server\rewrite.php(47): require_once('D:\\PW2\\WP\\public\\index.php')
INFO - 2023-06-25 06:11:23 --> Session: Class initialized using 'CodeIgniter\Session\Handlers\FileHandler' driver.
CRITICAL - 2023-06-25 06:11:23 --> Undefined variable $config
in APPPATH\Views\login.php on line 20.
 1 APPPATH\Views\login.php(20): CodeIgniter\Debug\Exceptions->errorHandler(2, 'Undefined variable $config', 'D:\\PW2\\WP\\app\\Views\\login.php', 20)
 2 SYSTEMPATH\View\View.php(224): include('D:\\PW2\\WP\\app\\Views\\login.php')
 3 SYSTEMPATH\View\View.php(227): CodeIgniter\View\View->CodeIgniter\View\{closure}()
 4 SYSTEMPATH\Common.php(1180): CodeIgniter\View\View->render('login', [], true)
 5 APPPATH\Controllers\Barang.php(31): view('login', [...])
 6 SYSTEMPATH\CodeIgniter.php(932): App\Controllers\Barang->login()
 7 SYSTEMPATH\CodeIgniter.php(497): CodeIgniter\CodeIgniter->runController(Object(App\Controllers\Barang))
 8 SYSTEMPATH\CodeIgniter.php(366): CodeIgniter\CodeIgniter->handleRequest(null, Object(Config\Cache), false)
 9 FCPATH\index.php(67): CodeIgniter\CodeIgniter->run()
10 SYSTEMPATH\Commands\Server\rewrite.php(47): require_once('D:\\PW2\\WP\\public\\index.php')
INFO - 2023-06-25 06:15:07 --> Session: Class initialized using 'CodeIgniter\Session\Handlers\FileHandler' driver.
CRITICAL - 2023-06-25 06:15:07 --> Undefined variable $title
in APPPATH\Views\Layout\template.php on line 10.
 1 APPPATH\Views\Layout\template.php(10): CodeIgniter\Debug\Exceptions->errorHandler(2, 'Undefined variable $title', 'D:\\PW2\\WP\\app\\Views\\Layout\\template.php', 10)
 2 SYSTEMPATH\View\View.php(224): include('D:\\PW2\\WP\\app\\Views\\Layout\\template.php')
 3 SYSTEMPATH\View\View.php(227): CodeIgniter\View\View->CodeIgniter\View\{closure}()
 4 SYSTEMPATH\View\View.php(240): CodeIgniter\View\View->render('Layout/template', [...], true)
 5 SYSTEMPATH\Common.php(1180): CodeIgniter\View\View->render('login', [...], true)
 6 APPPATH\Controllers\Barang.php(31): view('login', [...], [...])
 7 SYSTEMPATH\CodeIgniter.php(932): App\Controllers\Barang->login()
 8 SYSTEMPATH\CodeIgniter.php(497): CodeIgniter\CodeIgniter->runController(Object(App\Controllers\Barang))
 9 SYSTEMPATH\CodeIgniter.php(366): CodeIgniter\CodeIgniter->handleRequest(null, Object(Config\Cache), false)
10 FCPATH\index.php(67): CodeIgniter\CodeIgniter->run()
11 SYSTEMPATH\Commands\Server\rewrite.php(47): require_once('D:\\PW2\\WP\\public\\index.php')
INFO - 2023-06-25 06:19:13 --> Session: Class initialized using 'CodeIgniter\Session\Handlers\FileHandler' driver.
INFO - 2023-06-25 06:19:39 --> Session: Class initialized using 'CodeIgniter\Session\Handlers\FileHandler' driver.
INFO - 2023-06-25 06:19:58 --> Session: Class initialized using 'CodeIgniter\Session\Handlers\FileHandler' driver.
INFO - 2023-06-25 06:23:29 --> Session: Class initialized using 'CodeIgniter\Session\Handlers\FileHandler' driver.
INFO - 2023-06-25 06:23:30 --> Session: Class initialized using 'CodeIgniter\Session\Handlers\FileHandler' driver.
INFO - 2023-06-25 06:24:03 --> Session: Class initialized using 'CodeIgniter\Session\Handlers\FileHandler' driver.
INFO - 2023-06-25 06:24:04 --> Session: Class initialized using 'CodeIgniter\Session\Handlers\FileHandler' driver.
INFO - 2023-06-25 06:24:07 --> Session: Class initialized using 'CodeIgniter\Session\Handlers\FileHandler' driver.
INFO - 2023-06-25 06:24:08 --> Session: Class initialized using 'CodeIgniter\Session\Handlers\FileHandler' driver.
INFO - 2023-06-25 06:24:41 --> Session: Class initialized using 'CodeIgniter\Session\Handlers\FileHandler' driver.
INFO - 2023-06-25 06:24:42 --> Session: Class initialized using 'CodeIgniter\Session\Handlers\FileHandler' driver.
INFO - 2023-06-25 06:26:32 --> Session: Class initialized using 'CodeIgniter\Session\Handlers\FileHandler' driver.
CRITICAL - 2023-06-25 06:26:32 --> Undefined variable $title
in APPPATH\Views\Layout\template.php on line 10.
 1 APPPATH\Views\Layout\template.php(10): CodeIgniter\Debug\Exceptions->errorHandler(2, 'Undefined variable $title', 'D:\\PW2\\WP\\app\\Views\\Layout\\template.php', 10)
 2 SYSTEMPATH\View\View.php(224): include('D:\\PW2\\WP\\app\\Views\\Layout\\template.php')
 3 SYSTEMPATH\View\View.php(227): CodeIgniter\View\View->CodeIgniter\View\{closure}()
 4 SYSTEMPATH\View\View.php(240): CodeIgniter\View\View->render('Layout/template', [], true)
 5 SYSTEMPATH\Common.php(1180): CodeIgniter\View\View->render('daftar_pembeli', [], true)
 6 APPPATH\Controllers\Barang.php(35): view('daftar_pembeli')
 7 SYSTEMPATH\CodeIgniter.php(932): App\Controllers\Barang->register()
 8 SYSTEMPATH\CodeIgniter.php(497): CodeIgniter\CodeIgniter->runController(Object(App\Controllers\Barang))
 9 SYSTEMPATH\CodeIgniter.php(366): CodeIgniter\CodeIgniter->handleRequest(null, Object(Config\Cache), false)
10 FCPATH\index.php(67): CodeIgniter\CodeIgniter->run()
11 SYSTEMPATH\Commands\Server\rewrite.php(47): require_once('D:\\PW2\\WP\\public\\index.php')
INFO - 2023-06-25 06:27:10 --> Session: Class initialized using 'CodeIgniter\Session\Handlers\FileHandler' driver.
INFO - 2023-06-25 06:28:11 --> Session: Class initialized using 'CodeIgniter\Session\Handlers\FileHandler' driver.
INFO - 2023-06-25 06:28:27 --> Session: Class initialized using 'CodeIgniter\Session\Handlers\FileHandler' driver.
INFO - 2023-06-25 06:34:48 --> Session: Class initialized using 'CodeIgniter\Session\Handlers\FileHandler' driver.
INFO - 2023-06-25 06:35:38 --> Session: Class initialized using 'CodeIgniter\Session\Handlers\FileHandler' driver.
INFO - 2023-06-25 06:37:01 --> Session: Class initialized using 'CodeIgniter\Session\Handlers\FileHandler' driver.
INFO - 2023-06-25 06:42:02 --> Session: Class initialized using 'CodeIgniter\Session\Handlers\FileHandler' driver.
INFO - 2023-06-25 06:42:03 --> Session: Class initialized using 'CodeIgniter\Session\Handlers\FileHandler' driver.
INFO - 2023-06-25 06:43:41 --> Session: Class initialized using 'CodeIgniter\Session\Handlers\FileHandler' driver.
INFO - 2023-06-25 06:43:56 --> Session: Class initialized using 'CodeIgniter\Session\Handlers\FileHandler' driver.
INFO - 2023-06-25 06:46:22 --> Session: Class initialized using 'CodeIgniter\Session\Handlers\FileHandler' driver.
INFO - 2023-06-25 06:51:45 --> Session: Class initialized using 'CodeIgniter\Session\Handlers\FileHandler' driver.
INFO - 2023-06-25 09:48:18 --> Session: Class initialized using 'CodeIgniter\Session\Handlers\FileHandler' driver.
INFO - 2023-06-25 09:48:19 --> Session: Class initialized using 'CodeIgniter\Session\Handlers\FileHandler' driver.
INFO - 2023-06-25 09:53:45 --> Session: Class initialized using 'CodeIgniter\Session\Handlers\FileHandler' driver.
INFO - 2023-06-25 09:54:09 --> Session: Class initialized using 'CodeIgniter\Session\Handlers\FileHandler' driver.
INFO - 2023-06-25 09:55:41 --> Session: Class initialized using 'CodeIgniter\Session\Handlers\FileHandler' driver.
INFO - 2023-06-25 09:55:43 --> Session: Class initialized using 'CodeIgniter\Session\Handlers\FileHandler' driver.
INFO - 2023-06-25 09:58:44 --> Session: Class initialized using 'CodeIgniter\Session\Handlers\FileHandler' driver.
INFO - 2023-06-25 09:58:46 --> Session: Class initialized using 'CodeIgniter\Session\Handlers\FileHandler' driver.
INFO - 2023-06-25 09:58:48 --> Session: Class initialized using 'CodeIgniter\Session\Handlers\FileHandler' driver.
INFO - 2023-06-25 09:59:15 --> Session: Class initialized using 'CodeIgniter\Session\Handlers\FileHandler' driver.
INFO - 2023-06-25 10:02:27 --> Session: Class initialized using 'CodeIgniter\Session\Handlers\FileHandler' driver.
INFO - 2023-06-25 10:02:34 --> Session: Class initialized using 'CodeIgniter\Session\Handlers\FileHandler' driver.
INFO - 2023-06-25 10:03:09 --> Session: Class initialized using 'CodeIgniter\Session\Handlers\FileHandler' driver.
INFO - 2023-06-25 10:04:29 --> Session: Class initialized using 'CodeIgniter\Session\Handlers\FileHandler' driver.
INFO - 2023-06-25 10:04:29 --> Session: Class initialized using 'CodeIgniter\Session\Handlers\FileHandler' driver.
INFO - 2023-06-25 10:05:28 --> Session: Class initialized using 'CodeIgniter\Session\Handlers\FileHandler' driver.
INFO - 2023-06-25 10:05:28 --> Session: Class initialized using 'CodeIgniter\Session\Handlers\FileHandler' driver.
INFO - 2023-06-25 10:07:18 --> Session: Class initialized using 'CodeIgniter\Session\Handlers\FileHandler' driver.
INFO - 2023-06-25 10:07:19 --> Session: Class initialized using 'CodeIgniter\Session\Handlers\FileHandler' driver.
INFO - 2023-06-25 10:07:49 --> Session: Class initialized using 'CodeIgniter\Session\Handlers\FileHandler' driver.
INFO - 2023-06-25 10:07:49 --> Session: Class initialized using 'CodeIgniter\Session\Handlers\FileHandler' driver.
INFO - 2023-06-25 10:09:35 --> Session: Class initialized using 'CodeIgniter\Session\Handlers\FileHandler' driver.
INFO - 2023-06-25 10:10:21 --> Session: Class initialized using 'CodeIgniter\Session\Handlers\FileHandler' driver.
INFO - 2023-06-25 10:10:21 --> Session: Class initialized using 'CodeIgniter\Session\Handlers\FileHandler' driver.
INFO - 2023-06-25 10:14:57 --> Session: Class initialized using 'CodeIgniter\Session\Handlers\FileHandler' driver.
INFO - 2023-06-25 10:14:57 --> Session: Class initialized using 'CodeIgniter\Session\Handlers\FileHandler' driver.
INFO - 2023-06-25 10:17:26 --> Session: Class initialized using 'CodeIgniter\Session\Handlers\FileHandler' driver.
INFO - 2023-06-25 10:17:27 --> Session: Class initialized using 'CodeIgniter\Session\Handlers\FileHandler' driver.
INFO - 2023-06-25 10:17:32 --> Session: Class initialized using 'CodeIgniter\Session\Handlers\FileHandler' driver.
INFO - 2023-06-25 10:17:50 --> Session: Class initialized using 'CodeIgniter\Session\Handlers\FileHandler' driver.
INFO - 2023-06-25 10:17:50 --> Session: Class initialized using 'CodeIgniter\Session\Handlers\FileHandler' driver.
INFO - 2023-06-25 10:17:55 --> Session: Class initialized using 'CodeIgniter\Session\Handlers\FileHandler' driver.
INFO - 2023-06-25 10:17:57 --> Session: Class initialized using 'CodeIgniter\Session\Handlers\FileHandler' driver.
INFO - 2023-06-25 10:17:57 --> Session: Class initialized using 'CodeIgniter\Session\Handlers\FileHandler' driver.
INFO - 2023-06-25 10:18:22 --> Session: Class initialized using 'CodeIgniter\Session\Handlers\FileHandler' driver.
INFO - 2023-06-25 10:18:22 --> Session: Class initialized using 'CodeIgniter\Session\Handlers\FileHandler' driver.
INFO - 2023-06-25 10:18:56 --> Session: Class initialized using 'CodeIgniter\Session\Handlers\FileHandler' driver.
INFO - 2023-06-25 10:18:56 --> Session: Class initialized using 'CodeIgniter\Session\Handlers\FileHandler' driver.
INFO - 2023-06-25 10:20:31 --> Session: Class initialized using 'CodeIgniter\Session\Handlers\FileHandler' driver.
INFO - 2023-06-25 10:20:33 --> Session: Class initialized using 'CodeIgniter\Session\Handlers\FileHandler' driver.
INFO - 2023-06-25 10:20:33 --> Session: Class initialized using 'CodeIgniter\Session\Handlers\FileHandler' driver.
INFO - 2023-06-25 10:20:56 --> Session: Class initialized using 'CodeIgniter\Session\Handlers\FileHandler' driver.
INFO - 2023-06-25 10:20:56 --> Session: Class initialized using 'CodeIgniter\Session\Handlers\FileHandler' driver.
INFO - 2023-06-25 10:24:51 --> Session: Class initialized using 'CodeIgniter\Session\Handlers\FileHandler' driver.
INFO - 2023-06-25 10:25:34 --> Session: Class initialized using 'CodeIgniter\Session\Handlers\FileHandler' driver.
INFO - 2023-06-25 10:25:35 --> Session: Class initialized using 'CodeIgniter\Session\Handlers\FileHandler' driver.
INFO - 2023-06-25 10:31:04 --> Session: Class initialized using 'CodeIgniter\Session\Handlers\FileHandler' driver.
INFO - 2023-06-25 10:31:14 --> Session: Class initialized using 'CodeIgniter\Session\Handlers\FileHandler' driver.
INFO - 2023-06-25 10:31:16 --> Session: Class initialized using 'CodeIgniter\Session\Handlers\FileHandler' driver.
INFO - 2023-06-25 10:31:56 --> Session: Class initialized using 'CodeIgniter\Session\Handlers\FileHandler' driver.
INFO - 2023-06-25 10:31:57 --> Session: Class initialized using 'CodeIgniter\Session\Handlers\FileHandler' driver.
INFO - 2023-06-25 10:37:26 --> Session: Class initialized using 'CodeIgniter\Session\Handlers\FileHandler' driver.
INFO - 2023-06-25 10:37:45 --> Session: Class initialized using 'CodeIgniter\Session\Handlers\FileHandler' driver.
INFO - 2023-06-25 10:37:45 --> Session: Class initialized using 'CodeIgniter\Session\Handlers\FileHandler' driver.
CRITICAL - 2023-06-25 11:10:21 --> Undefined constant "App\Controllers\Auth"
in SYSTEMPATH\CodeIgniter.php on line 904.
 1 SYSTEMPATH\CodeIgniter.php(488): CodeIgniter\CodeIgniter->createController()
 2 SYSTEMPATH\CodeIgniter.php(366): CodeIgniter\CodeIgniter->handleRequest(null, Object(Config\Cache), false)
 3 FCPATH\index.php(67): CodeIgniter\CodeIgniter->run()
 4 SYSTEMPATH\Commands\Server\rewrite.php(47): require_once('D:\\PW2\\WP\\public\\index.php')
CRITICAL - 2023-06-25 11:12:27 --> Undefined constant "App\Controllers\Auth"
in SYSTEMPATH\CodeIgniter.php on line 904.
 1 SYSTEMPATH\CodeIgniter.php(488): CodeIgniter\CodeIgniter->createController()
 2 SYSTEMPATH\CodeIgniter.php(366): CodeIgniter\CodeIgniter->handleRequest(null, Object(Config\Cache), false)
 3 FCPATH\index.php(67): CodeIgniter\CodeIgniter->run()
 4 SYSTEMPATH\Commands\Server\rewrite.php(47): require_once('D:\\PW2\\WP\\public\\index.php')
CRITICAL - 2023-06-25 11:12:28 --> Undefined constant "App\Controllers\Auth"
in SYSTEMPATH\CodeIgniter.php on line 904.
 1 SYSTEMPATH\CodeIgniter.php(488): CodeIgniter\CodeIgniter->createController()
 2 SYSTEMPATH\CodeIgniter.php(366): CodeIgniter\CodeIgniter->handleRequest(null, Object(Config\Cache), false)
 3 FCPATH\index.php(67): CodeIgniter\CodeIgniter->run()
 4 SYSTEMPATH\Commands\Server\rewrite.php(47): require_once('D:\\PW2\\WP\\public\\index.php')
INFO - 2023-06-25 11:12:38 --> Session: Class initialized using 'CodeIgniter\Session\Handlers\FileHandler' driver.
INFO - 2023-06-25 11:13:06 --> Session: Class initialized using 'CodeIgniter\Session\Handlers\FileHandler' driver.
INFO - 2023-06-25 11:13:06 --> Session: Class initialized using 'CodeIgniter\Session\Handlers\FileHandler' driver.
INFO - 2023-06-25 13:27:39 --> Session: Class initialized using 'CodeIgniter\Session\Handlers\FileHandler' driver.
CRITICAL - 2023-06-25 13:28:29 --> syntax error, unexpected token "if"
in APPPATH\Config\Routes.php on line 54.
 1 SYSTEMPATH\CodeIgniter.php(800): CodeIgniter\Router\RouteCollection->loadRoutes()
 2 SYSTEMPATH\CodeIgniter.php(447): CodeIgniter\CodeIgniter->tryToRouteIt(null)
 3 SYSTEMPATH\CodeIgniter.php(366): CodeIgniter\CodeIgniter->handleRequest(null, Object(Config\Cache), false)
 4 FCPATH\index.php(67): CodeIgniter\CodeIgniter->run()
 5 SYSTEMPATH\Commands\Server\rewrite.php(47): require_once('D:\\PW2\\WP\\public\\index.php')
CRITICAL - 2023-06-25 13:29:09 --> Undefined variable $validation
in APPPATH\Views\Penjual\tambah_barang.php on line 13.
 1 APPPATH\Views\Penjual\tambah_barang.php(13): CodeIgniter\Debug\Exceptions->errorHandler(2, 'Undefined variable $validation', 'D:\\PW2\\WP\\app\\Views\\Penjual\\tambah_barang.php', 13)
 2 SYSTEMPATH\View\View.php(224): include('D:\\PW2\\WP\\app\\Views\\Penjual\\tambah_barang.php')
 3 SYSTEMPATH\View\View.php(227): CodeIgniter\View\View->CodeIgniter\View\{closure}()
 4 SYSTEMPATH\Common.php(1180): CodeIgniter\View\View->render('Penjual/tambah_barang', [], true)
 5 APPPATH\Controllers\Barang.php(70): view('Penjual/tambah_barang')
 6 SYSTEMPATH\CodeIgniter.php(932): App\Controllers\Barang->tambah_barang()
 7 SYSTEMPATH\CodeIgniter.php(497): CodeIgniter\CodeIgniter->runController(Object(App\Controllers\Barang))
 8 SYSTEMPATH\CodeIgniter.php(366): CodeIgniter\CodeIgniter->handleRequest(null, Object(Config\Cache), false)
 9 FCPATH\index.php(67): CodeIgniter\CodeIgniter->run()
10 SYSTEMPATH\Commands\Server\rewrite.php(47): require_once('D:\\PW2\\WP\\public\\index.php')
CRITICAL - 2023-06-25 13:30:53 --> Undefined variable $validation
in APPPATH\Views\Penjual\tambah_barang.php on line 13.
 1 APPPATH\Views\Penjual\tambah_barang.php(13): CodeIgniter\Debug\Exceptions->errorHandler(2, 'Undefined variable $validation', 'D:\\PW2\\WP\\app\\Views\\Penjual\\tambah_barang.php', 13)
 2 SYSTEMPATH\View\View.php(224): include('D:\\PW2\\WP\\app\\Views\\Penjual\\tambah_barang.php')
 3 SYSTEMPATH\View\View.php(227): CodeIgniter\View\View->CodeIgniter\View\{closure}()
 4 SYSTEMPATH\Common.php(1180): CodeIgniter\View\View->render('Penjual/tambah_barang', [], true)
 5 APPPATH\Controllers\Barang.php(70): view('Penjual/tambah_barang')
 6 SYSTEMPATH\CodeIgniter.php(932): App\Controllers\Barang->tambah_barang()
 7 SYSTEMPATH\CodeIgniter.php(497): CodeIgniter\CodeIgniter->runController(Object(App\Controllers\Barang))
 8 SYSTEMPATH\CodeIgniter.php(366): CodeIgniter\CodeIgniter->handleRequest(null, Object(Config\Cache), false)
 9 FCPATH\index.php(67): CodeIgniter\CodeIgniter->run()
10 SYSTEMPATH\Commands\Server\rewrite.php(47): require_once('D:\\PW2\\WP\\public\\index.php')
CRITICAL - 2023-06-25 13:34:50 --> Undefined variable $validation
in APPPATH\Views\Penjual\tambah_barang.php on line 13.
 1 APPPATH\Views\Penjual\tambah_barang.php(13): CodeIgniter\Debug\Exceptions->errorHandler(2, 'Undefined variable $validation', 'D:\\PW2\\WP\\app\\Views\\Penjual\\tambah_barang.php', 13)
 2 SYSTEMPATH\View\View.php(224): include('D:\\PW2\\WP\\app\\Views\\Penjual\\tambah_barang.php')
 3 SYSTEMPATH\View\View.php(227): CodeIgniter\View\View->CodeIgniter\View\{closure}()
 4 SYSTEMPATH\Common.php(1180): CodeIgniter\View\View->render('Penjual/tambah_barang', [], true)
 5 APPPATH\Controllers\Barang.php(70): view('Penjual/tambah_barang')
 6 SYSTEMPATH\CodeIgniter.php(932): App\Controllers\Barang->tambah_barang()
 7 SYSTEMPATH\CodeIgniter.php(497): CodeIgniter\CodeIgniter->runController(Object(App\Controllers\Barang))
 8 SYSTEMPATH\CodeIgniter.php(366): CodeIgniter\CodeIgniter->handleRequest(null, Object(Config\Cache), false)
 9 FCPATH\index.php(67): CodeIgniter\CodeIgniter->run()
10 SYSTEMPATH\Commands\Server\rewrite.php(47): require_once('D:\\PW2\\WP\\public\\index.php')
CRITICAL - 2023-06-25 13:34:52 --> Undefined variable $validation
in APPPATH\Views\Penjual\tambah_barang.php on line 13.
 1 APPPATH\Views\Penjual\tambah_barang.php(13): CodeIgniter\Debug\Exceptions->errorHandler(2, 'Undefined variable $validation', 'D:\\PW2\\WP\\app\\Views\\Penjual\\tambah_barang.php', 13)
 2 SYSTEMPATH\View\View.php(224): include('D:\\PW2\\WP\\app\\Views\\Penjual\\tambah_barang.php')
 3 SYSTEMPATH\View\View.php(227): CodeIgniter\View\View->CodeIgniter\View\{closure}()
 4 SYSTEMPATH\Common.php(1180): CodeIgniter\View\View->render('Penjual/tambah_barang', [], true)
 5 APPPATH\Controllers\Barang.php(70): view('Penjual/tambah_barang')
 6 SYSTEMPATH\CodeIgniter.php(932): App\Controllers\Barang->tambah_barang()
 7 SYSTEMPATH\CodeIgniter.php(497): CodeIgniter\CodeIgniter->runController(Object(App\Controllers\Barang))
 8 SYSTEMPATH\CodeIgniter.php(366): CodeIgniter\CodeIgniter->handleRequest(null, Object(Config\Cache), false)
 9 FCPATH\index.php(67): CodeIgniter\CodeIgniter->run()
10 SYSTEMPATH\Commands\Server\rewrite.php(47): require_once('D:\\PW2\\WP\\public\\index.php')
CRITICAL - 2023-06-25 13:34:52 --> Undefined variable $validation
in APPPATH\Views\Penjual\tambah_barang.php on line 13.
 1 APPPATH\Views\Penjual\tambah_barang.php(13): CodeIgniter\Debug\Exceptions->errorHandler(2, 'Undefined variable $validation', 'D:\\PW2\\WP\\app\\Views\\Penjual\\tambah_barang.php', 13)
 2 SYSTEMPATH\View\View.php(224): include('D:\\PW2\\WP\\app\\Views\\Penjual\\tambah_barang.php')
 3 SYSTEMPATH\View\View.php(227): CodeIgniter\View\View->CodeIgniter\View\{closure}()
 4 SYSTEMPATH\Common.php(1180): CodeIgniter\View\View->render('Penjual/tambah_barang', [], true)
 5 APPPATH\Controllers\Barang.php(70): view('Penjual/tambah_barang')
 6 SYSTEMPATH\CodeIgniter.php(932): App\Controllers\Barang->tambah_barang()
 7 SYSTEMPATH\CodeIgniter.php(497): CodeIgniter\CodeIgniter->runController(Object(App\Controllers\Barang))
 8 SYSTEMPATH\CodeIgniter.php(366): CodeIgniter\CodeIgniter->handleRequest(null, Object(Config\Cache), false)
 9 FCPATH\index.php(67): CodeIgniter\CodeIgniter->run()
10 SYSTEMPATH\Commands\Server\rewrite.php(47): require_once('D:\\PW2\\WP\\public\\index.php')
CRITICAL - 2023-06-25 13:34:52 --> Undefined variable $validation
in APPPATH\Views\Penjual\tambah_barang.php on line 13.
 1 APPPATH\Views\Penjual\tambah_barang.php(13): CodeIgniter\Debug\Exceptions->errorHandler(2, 'Undefined variable $validation', 'D:\\PW2\\WP\\app\\Views\\Penjual\\tambah_barang.php', 13)
 2 SYSTEMPATH\View\View.php(224): include('D:\\PW2\\WP\\app\\Views\\Penjual\\tambah_barang.php')
 3 SYSTEMPATH\View\View.php(227): CodeIgniter\View\View->CodeIgniter\View\{closure}()
 4 SYSTEMPATH\Common.php(1180): CodeIgniter\View\View->render('Penjual/tambah_barang', [], true)
 5 APPPATH\Controllers\Barang.php(70): view('Penjual/tambah_barang')
 6 SYSTEMPATH\CodeIgniter.php(932): App\Controllers\Barang->tambah_barang()
 7 SYSTEMPATH\CodeIgniter.php(497): CodeIgniter\CodeIgniter->runController(Object(App\Controllers\Barang))
 8 SYSTEMPATH\CodeIgniter.php(366): CodeIgniter\CodeIgniter->handleRequest(null, Object(Config\Cache), false)
 9 FCPATH\index.php(67): CodeIgniter\CodeIgniter->run()
10 SYSTEMPATH\Commands\Server\rewrite.php(47): require_once('D:\\PW2\\WP\\public\\index.php')
CRITICAL - 2023-06-25 13:34:52 --> Undefined variable $validation
in APPPATH\Views\Penjual\tambah_barang.php on line 13.
 1 APPPATH\Views\Penjual\tambah_barang.php(13): CodeIgniter\Debug\Exceptions->errorHandler(2, 'Undefined variable $validation', 'D:\\PW2\\WP\\app\\Views\\Penjual\\tambah_barang.php', 13)
 2 SYSTEMPATH\View\View.php(224): include('D:\\PW2\\WP\\app\\Views\\Penjual\\tambah_barang.php')
 3 SYSTEMPATH\View\View.php(227): CodeIgniter\View\View->CodeIgniter\View\{closure}()
 4 SYSTEMPATH\Common.php(1180): CodeIgniter\View\View->render('Penjual/tambah_barang', [], true)
 5 APPPATH\Controllers\Barang.php(70): view('Penjual/tambah_barang')
 6 SYSTEMPATH\CodeIgniter.php(932): App\Controllers\Barang->tambah_barang()
 7 SYSTEMPATH\CodeIgniter.php(497): CodeIgniter\CodeIgniter->runController(Object(App\Controllers\Barang))
 8 SYSTEMPATH\CodeIgniter.php(366): CodeIgniter\CodeIgniter->handleRequest(null, Object(Config\Cache), false)
 9 FCPATH\index.php(67): CodeIgniter\CodeIgniter->run()
10 SYSTEMPATH\Commands\Server\rewrite.php(47): require_once('D:\\PW2\\WP\\public\\index.php')
CRITICAL - 2023-06-25 13:34:52 --> Undefined variable $validation
in APPPATH\Views\Penjual\tambah_barang.php on line 13.
 1 APPPATH\Views\Penjual\tambah_barang.php(13): CodeIgniter\Debug\Exceptions->errorHandler(2, 'Undefined variable $validation', 'D:\\PW2\\WP\\app\\Views\\Penjual\\tambah_barang.php', 13)
 2 SYSTEMPATH\View\View.php(224): include('D:\\PW2\\WP\\app\\Views\\Penjual\\tambah_barang.php')
 3 SYSTEMPATH\View\View.php(227): CodeIgniter\View\View->CodeIgniter\View\{closure}()
 4 SYSTEMPATH\Common.php(1180): CodeIgniter\View\View->render('Penjual/tambah_barang', [], true)
 5 APPPATH\Controllers\Barang.php(70): view('Penjual/tambah_barang')
 6 SYSTEMPATH\CodeIgniter.php(932): App\Controllers\Barang->tambah_barang()
 7 SYSTEMPATH\CodeIgniter.php(497): CodeIgniter\CodeIgniter->runController(Object(App\Controllers\Barang))
 8 SYSTEMPATH\CodeIgniter.php(366): CodeIgniter\CodeIgniter->handleRequest(null, Object(Config\Cache), false)
 9 FCPATH\index.php(67): CodeIgniter\CodeIgniter->run()
10 SYSTEMPATH\Commands\Server\rewrite.php(47): require_once('D:\\PW2\\WP\\public\\index.php')
CRITICAL - 2023-06-25 13:34:53 --> Undefined variable $validation
in APPPATH\Views\Penjual\tambah_barang.php on line 13.
 1 APPPATH\Views\Penjual\tambah_barang.php(13): CodeIgniter\Debug\Exceptions->errorHandler(2, 'Undefined variable $validation', 'D:\\PW2\\WP\\app\\Views\\Penjual\\tambah_barang.php', 13)
 2 SYSTEMPATH\View\View.php(224): include('D:\\PW2\\WP\\app\\Views\\Penjual\\tambah_barang.php')
 3 SYSTEMPATH\View\View.php(227): CodeIgniter\View\View->CodeIgniter\View\{closure}()
 4 SYSTEMPATH\Common.php(1180): CodeIgniter\View\View->render('Penjual/tambah_barang', [], true)
 5 APPPATH\Controllers\Barang.php(70): view('Penjual/tambah_barang')
 6 SYSTEMPATH\CodeIgniter.php(932): App\Controllers\Barang->tambah_barang()
 7 SYSTEMPATH\CodeIgniter.php(497): CodeIgniter\CodeIgniter->runController(Object(App\Controllers\Barang))
 8 SYSTEMPATH\CodeIgniter.php(366): CodeIgniter\CodeIgniter->handleRequest(null, Object(Config\Cache), false)
 9 FCPATH\index.php(67): CodeIgniter\CodeIgniter->run()
10 SYSTEMPATH\Commands\Server\rewrite.php(47): require_once('D:\\PW2\\WP\\public\\index.php')
CRITICAL - 2023-06-25 13:34:53 --> Undefined variable $validation
in APPPATH\Views\Penjual\tambah_barang.php on line 13.
 1 APPPATH\Views\Penjual\tambah_barang.php(13): CodeIgniter\Debug\Exceptions->errorHandler(2, 'Undefined variable $validation', 'D:\\PW2\\WP\\app\\Views\\Penjual\\tambah_barang.php', 13)
 2 SYSTEMPATH\View\View.php(224): include('D:\\PW2\\WP\\app\\Views\\Penjual\\tambah_barang.php')
 3 SYSTEMPATH\View\View.php(227): CodeIgniter\View\View->CodeIgniter\View\{closure}()
 4 SYSTEMPATH\Common.php(1180): CodeIgniter\View\View->render('Penjual/tambah_barang', [], true)
 5 APPPATH\Controllers\Barang.php(70): view('Penjual/tambah_barang')
 6 SYSTEMPATH\CodeIgniter.php(932): App\Controllers\Barang->tambah_barang()
 7 SYSTEMPATH\CodeIgniter.php(497): CodeIgniter\CodeIgniter->runController(Object(App\Controllers\Barang))
 8 SYSTEMPATH\CodeIgniter.php(366): CodeIgniter\CodeIgniter->handleRequest(null, Object(Config\Cache), false)
 9 FCPATH\index.php(67): CodeIgniter\CodeIgniter->run()
10 SYSTEMPATH\Commands\Server\rewrite.php(47): require_once('D:\\PW2\\WP\\public\\index.php')
CRITICAL - 2023-06-25 13:34:53 --> Undefined variable $validation
in APPPATH\Views\Penjual\tambah_barang.php on line 13.
 1 APPPATH\Views\Penjual\tambah_barang.php(13): CodeIgniter\Debug\Exceptions->errorHandler(2, 'Undefined variable $validation', 'D:\\PW2\\WP\\app\\Views\\Penjual\\tambah_barang.php', 13)
 2 SYSTEMPATH\View\View.php(224): include('D:\\PW2\\WP\\app\\Views\\Penjual\\tambah_barang.php')
 3 SYSTEMPATH\View\View.php(227): CodeIgniter\View\View->CodeIgniter\View\{closure}()
 4 SYSTEMPATH\Common.php(1180): CodeIgniter\View\View->render('Penjual/tambah_barang', [], true)
 5 APPPATH\Controllers\Barang.php(70): view('Penjual/tambah_barang')
 6 SYSTEMPATH\CodeIgniter.php(932): App\Controllers\Barang->tambah_barang()
 7 SYSTEMPATH\CodeIgniter.php(497): CodeIgniter\CodeIgniter->runController(Object(App\Controllers\Barang))
 8 SYSTEMPATH\CodeIgniter.php(366): CodeIgniter\CodeIgniter->handleRequest(null, Object(Config\Cache), false)
 9 FCPATH\index.php(67): CodeIgniter\CodeIgniter->run()
10 SYSTEMPATH\Commands\Server\rewrite.php(47): require_once('D:\\PW2\\WP\\public\\index.php')
CRITICAL - 2023-06-25 13:34:53 --> Undefined variable $validation
in APPPATH\Views\Penjual\tambah_barang.php on line 13.
 1 APPPATH\Views\Penjual\tambah_barang.php(13): CodeIgniter\Debug\Exceptions->errorHandler(2, 'Undefined variable $validation', 'D:\\PW2\\WP\\app\\Views\\Penjual\\tambah_barang.php', 13)
 2 SYSTEMPATH\View\View.php(224): include('D:\\PW2\\WP\\app\\Views\\Penjual\\tambah_barang.php')
 3 SYSTEMPATH\View\View.php(227): CodeIgniter\View\View->CodeIgniter\View\{closure}()
 4 SYSTEMPATH\Common.php(1180): CodeIgniter\View\View->render('Penjual/tambah_barang', [], true)
 5 APPPATH\Controllers\Barang.php(70): view('Penjual/tambah_barang')
 6 SYSTEMPATH\CodeIgniter.php(932): App\Controllers\Barang->tambah_barang()
 7 SYSTEMPATH\CodeIgniter.php(497): CodeIgniter\CodeIgniter->runController(Object(App\Controllers\Barang))
 8 SYSTEMPATH\CodeIgniter.php(366): CodeIgniter\CodeIgniter->handleRequest(null, Object(Config\Cache), false)
 9 FCPATH\index.php(67): CodeIgniter\CodeIgniter->run()
10 SYSTEMPATH\Commands\Server\rewrite.php(47): require_once('D:\\PW2\\WP\\public\\index.php')
CRITICAL - 2023-06-25 13:34:53 --> Undefined variable $validation
in APPPATH\Views\Penjual\tambah_barang.php on line 13.
 1 APPPATH\Views\Penjual\tambah_barang.php(13): CodeIgniter\Debug\Exceptions->errorHandler(2, 'Undefined variable $validation', 'D:\\PW2\\WP\\app\\Views\\Penjual\\tambah_barang.php', 13)
 2 SYSTEMPATH\View\View.php(224): include('D:\\PW2\\WP\\app\\Views\\Penjual\\tambah_barang.php')
 3 SYSTEMPATH\View\View.php(227): CodeIgniter\View\View->CodeIgniter\View\{closure}()
 4 SYSTEMPATH\Common.php(1180): CodeIgniter\View\View->render('Penjual/tambah_barang', [], true)
 5 APPPATH\Controllers\Barang.php(70): view('Penjual/tambah_barang')
 6 SYSTEMPATH\CodeIgniter.php(932): App\Controllers\Barang->tambah_barang()
 7 SYSTEMPATH\CodeIgniter.php(497): CodeIgniter\CodeIgniter->runController(Object(App\Controllers\Barang))
 8 SYSTEMPATH\CodeIgniter.php(366): CodeIgniter\CodeIgniter->handleRequest(null, Object(Config\Cache), false)
 9 FCPATH\index.php(67): CodeIgniter\CodeIgniter->run()
10 SYSTEMPATH\Commands\Server\rewrite.php(47): require_once('D:\\PW2\\WP\\public\\index.php')
CRITICAL - 2023-06-25 13:34:54 --> Undefined variable $validation
in APPPATH\Views\Penjual\tambah_barang.php on line 13.
 1 APPPATH\Views\Penjual\tambah_barang.php(13): CodeIgniter\Debug\Exceptions->errorHandler(2, 'Undefined variable $validation', 'D:\\PW2\\WP\\app\\Views\\Penjual\\tambah_barang.php', 13)
 2 SYSTEMPATH\View\View.php(224): include('D:\\PW2\\WP\\app\\Views\\Penjual\\tambah_barang.php')
 3 SYSTEMPATH\View\View.php(227): CodeIgniter\View\View->CodeIgniter\View\{closure}()
 4 SYSTEMPATH\Common.php(1180): CodeIgniter\View\View->render('Penjual/tambah_barang', [], true)
 5 APPPATH\Controllers\Barang.php(70): view('Penjual/tambah_barang')
 6 SYSTEMPATH\CodeIgniter.php(932): App\Controllers\Barang->tambah_barang()
 7 SYSTEMPATH\CodeIgniter.php(497): CodeIgniter\CodeIgniter->runController(Object(App\Controllers\Barang))
 8 SYSTEMPATH\CodeIgniter.php(366): CodeIgniter\CodeIgniter->handleRequest(null, Object(Config\Cache), false)
 9 FCPATH\index.php(67): CodeIgniter\CodeIgniter->run()
10 SYSTEMPATH\Commands\Server\rewrite.php(47): require_once('D:\\PW2\\WP\\public\\index.php')
CRITICAL - 2023-06-25 13:40:49 --> Undefined variable $validation
in APPPATH\Views\Penjual\tambah_barang.php on line 13.
 1 APPPATH\Views\Penjual\tambah_barang.php(13): CodeIgniter\Debug\Exceptions->errorHandler(2, 'Undefined variable $validation', 'D:\\PW2\\WP\\app\\Views\\Penjual\\tambah_barang.php', 13)
 2 SYSTEMPATH\View\View.php(224): include('D:\\PW2\\WP\\app\\Views\\Penjual\\tambah_barang.php')
 3 SYSTEMPATH\View\View.php(227): CodeIgniter\View\View->CodeIgniter\View\{closure}()
 4 SYSTEMPATH\Common.php(1180): CodeIgniter\View\View->render('Penjual/tambah_barang', [], true)
 5 APPPATH\Controllers\Barang.php(70): view('Penjual/tambah_barang')
 6 SYSTEMPATH\CodeIgniter.php(932): App\Controllers\Barang->tambah_barang()
 7 SYSTEMPATH\CodeIgniter.php(497): CodeIgniter\CodeIgniter->runController(Object(App\Controllers\Barang))
 8 SYSTEMPATH\CodeIgniter.php(366): CodeIgniter\CodeIgniter->handleRequest(null, Object(Config\Cache), false)
 9 FCPATH\index.php(67): CodeIgniter\CodeIgniter->run()
10 SYSTEMPATH\Commands\Server\rewrite.php(47): require_once('D:\\PW2\\WP\\public\\index.php')
CRITICAL - 2023-06-25 13:40:50 --> Undefined variable $validation
in APPPATH\Views\Penjual\tambah_barang.php on line 13.
 1 APPPATH\Views\Penjual\tambah_barang.php(13): CodeIgniter\Debug\Exceptions->errorHandler(2, 'Undefined variable $validation', 'D:\\PW2\\WP\\app\\Views\\Penjual\\tambah_barang.php', 13)
 2 SYSTEMPATH\View\View.php(224): include('D:\\PW2\\WP\\app\\Views\\Penjual\\tambah_barang.php')
 3 SYSTEMPATH\View\View.php(227): CodeIgniter\View\View->CodeIgniter\View\{closure}()
 4 SYSTEMPATH\Common.php(1180): CodeIgniter\View\View->render('Penjual/tambah_barang', [], true)
 5 APPPATH\Controllers\Barang.php(70): view('Penjual/tambah_barang')
 6 SYSTEMPATH\CodeIgniter.php(932): App\Controllers\Barang->tambah_barang()
 7 SYSTEMPATH\CodeIgniter.php(497): CodeIgniter\CodeIgniter->runController(Object(App\Controllers\Barang))
 8 SYSTEMPATH\CodeIgniter.php(366): CodeIgniter\CodeIgniter->handleRequest(null, Object(Config\Cache), false)
 9 FCPATH\index.php(67): CodeIgniter\CodeIgniter->run()
10 SYSTEMPATH\Commands\Server\rewrite.php(47): require_once('D:\\PW2\\WP\\public\\index.php')
CRITICAL - 2023-06-25 13:40:51 --> Undefined variable $validation
in APPPATH\Views\Penjual\tambah_barang.php on line 13.
 1 APPPATH\Views\Penjual\tambah_barang.php(13): CodeIgniter\Debug\Exceptions->errorHandler(2, 'Undefined variable $validation', 'D:\\PW2\\WP\\app\\Views\\Penjual\\tambah_barang.php', 13)
 2 SYSTEMPATH\View\View.php(224): include('D:\\PW2\\WP\\app\\Views\\Penjual\\tambah_barang.php')
 3 SYSTEMPATH\View\View.php(227): CodeIgniter\View\View->CodeIgniter\View\{closure}()
 4 SYSTEMPATH\Common.php(1180): CodeIgniter\View\View->render('Penjual/tambah_barang', [], true)
 5 APPPATH\Controllers\Barang.php(70): view('Penjual/tambah_barang')
 6 SYSTEMPATH\CodeIgniter.php(932): App\Controllers\Barang->tambah_barang()
 7 SYSTEMPATH\CodeIgniter.php(497): CodeIgniter\CodeIgniter->runController(Object(App\Controllers\Barang))
 8 SYSTEMPATH\CodeIgniter.php(366): CodeIgniter\CodeIgniter->handleRequest(null, Object(Config\Cache), false)
 9 FCPATH\index.php(67): CodeIgniter\CodeIgniter->run()
10 SYSTEMPATH\Commands\Server\rewrite.php(47): require_once('D:\\PW2\\WP\\public\\index.php')
CRITICAL - 2023-06-25 14:12:53 --> Undefined variable $validation
in APPPATH\Views\Penjual\tambah_barang.php on line 13.
 1 APPPATH\Views\Penjual\tambah_barang.php(13): CodeIgniter\Debug\Exceptions->errorHandler(2, 'Undefined variable $validation', 'D:\\PW2\\WP\\app\\Views\\Penjual\\tambah_barang.php', 13)
 2 SYSTEMPATH\View\View.php(224): include('D:\\PW2\\WP\\app\\Views\\Penjual\\tambah_barang.php')
 3 SYSTEMPATH\View\View.php(227): CodeIgniter\View\View->CodeIgniter\View\{closure}()
 4 SYSTEMPATH\Common.php(1180): CodeIgniter\View\View->render('Penjual/tambah_barang', [], true)
 5 APPPATH\Controllers\Barang.php(65): view('Penjual/tambah_barang')
 6 SYSTEMPATH\CodeIgniter.php(932): App\Controllers\Barang->tambah_barang()
 7 SYSTEMPATH\CodeIgniter.php(497): CodeIgniter\CodeIgniter->runController(Object(App\Controllers\Barang))
 8 SYSTEMPATH\CodeIgniter.php(366): CodeIgniter\CodeIgniter->handleRequest(null, Object(Config\Cache), false)
 9 FCPATH\index.php(67): CodeIgniter\CodeIgniter->run()
10 SYSTEMPATH\Commands\Server\rewrite.php(47): require_once('D:\\PW2\\WP\\public\\index.php')
CRITICAL - 2023-06-25 14:12:54 --> Undefined variable $validation
in APPPATH\Views\Penjual\tambah_barang.php on line 13.
 1 APPPATH\Views\Penjual\tambah_barang.php(13): CodeIgniter\Debug\Exceptions->errorHandler(2, 'Undefined variable $validation', 'D:\\PW2\\WP\\app\\Views\\Penjual\\tambah_barang.php', 13)
 2 SYSTEMPATH\View\View.php(224): include('D:\\PW2\\WP\\app\\Views\\Penjual\\tambah_barang.php')
 3 SYSTEMPATH\View\View.php(227): CodeIgniter\View\View->CodeIgniter\View\{closure}()
 4 SYSTEMPATH\Common.php(1180): CodeIgniter\View\View->render('Penjual/tambah_barang', [], true)
 5 APPPATH\Controllers\Barang.php(65): view('Penjual/tambah_barang')
 6 SYSTEMPATH\CodeIgniter.php(932): App\Controllers\Barang->tambah_barang()
 7 SYSTEMPATH\CodeIgniter.php(497): CodeIgniter\CodeIgniter->runController(Object(App\Controllers\Barang))
 8 SYSTEMPATH\CodeIgniter.php(366): CodeIgniter\CodeIgniter->handleRequest(null, Object(Config\Cache), false)
 9 FCPATH\index.php(67): CodeIgniter\CodeIgniter->run()
10 SYSTEMPATH\Commands\Server\rewrite.php(47): require_once('D:\\PW2\\WP\\public\\index.php')
CRITICAL - 2023-06-25 14:12:54 --> Undefined variable $validation
in APPPATH\Views\Penjual\tambah_barang.php on line 13.
 1 APPPATH\Views\Penjual\tambah_barang.php(13): CodeIgniter\Debug\Exceptions->errorHandler(2, 'Undefined variable $validation', 'D:\\PW2\\WP\\app\\Views\\Penjual\\tambah_barang.php', 13)
 2 SYSTEMPATH\View\View.php(224): include('D:\\PW2\\WP\\app\\Views\\Penjual\\tambah_barang.php')
 3 SYSTEMPATH\View\View.php(227): CodeIgniter\View\View->CodeIgniter\View\{closure}()
 4 SYSTEMPATH\Common.php(1180): CodeIgniter\View\View->render('Penjual/tambah_barang', [], true)
 5 APPPATH\Controllers\Barang.php(65): view('Penjual/tambah_barang')
 6 SYSTEMPATH\CodeIgniter.php(932): App\Controllers\Barang->tambah_barang()
 7 SYSTEMPATH\CodeIgniter.php(497): CodeIgniter\CodeIgniter->runController(Object(App\Controllers\Barang))
 8 SYSTEMPATH\CodeIgniter.php(366): CodeIgniter\CodeIgniter->handleRequest(null, Object(Config\Cache), false)
 9 FCPATH\index.php(67): CodeIgniter\CodeIgniter->run()
10 SYSTEMPATH\Commands\Server\rewrite.php(47): require_once('D:\\PW2\\WP\\public\\index.php')
CRITICAL - 2023-06-25 14:12:54 --> Undefined variable $validation
in APPPATH\Views\Penjual\tambah_barang.php on line 13.
 1 APPPATH\Views\Penjual\tambah_barang.php(13): CodeIgniter\Debug\Exceptions->errorHandler(2, 'Undefined variable $validation', 'D:\\PW2\\WP\\app\\Views\\Penjual\\tambah_barang.php', 13)
 2 SYSTEMPATH\View\View.php(224): include('D:\\PW2\\WP\\app\\Views\\Penjual\\tambah_barang.php')
 3 SYSTEMPATH\View\View.php(227): CodeIgniter\View\View->CodeIgniter\View\{closure}()
 4 SYSTEMPATH\Common.php(1180): CodeIgniter\View\View->render('Penjual/tambah_barang', [], true)
 5 APPPATH\Controllers\Barang.php(65): view('Penjual/tambah_barang')
 6 SYSTEMPATH\CodeIgniter.php(932): App\Controllers\Barang->tambah_barang()
 7 SYSTEMPATH\CodeIgniter.php(497): CodeIgniter\CodeIgniter->runController(Object(App\Controllers\Barang))
 8 SYSTEMPATH\CodeIgniter.php(366): CodeIgniter\CodeIgniter->handleRequest(null, Object(Config\Cache), false)
 9 FCPATH\index.php(67): CodeIgniter\CodeIgniter->run()
10 SYSTEMPATH\Commands\Server\rewrite.php(47): require_once('D:\\PW2\\WP\\public\\index.php')
CRITICAL - 2023-06-25 14:12:54 --> Undefined variable $validation
in APPPATH\Views\Penjual\tambah_barang.php on line 13.
 1 APPPATH\Views\Penjual\tambah_barang.php(13): CodeIgniter\Debug\Exceptions->errorHandler(2, 'Undefined variable $validation', 'D:\\PW2\\WP\\app\\Views\\Penjual\\tambah_barang.php', 13)
 2 SYSTEMPATH\View\View.php(224): include('D:\\PW2\\WP\\app\\Views\\Penjual\\tambah_barang.php')
 3 SYSTEMPATH\View\View.php(227): CodeIgniter\View\View->CodeIgniter\View\{closure}()
 4 SYSTEMPATH\Common.php(1180): CodeIgniter\View\View->render('Penjual/tambah_barang', [], true)
 5 APPPATH\Controllers\Barang.php(65): view('Penjual/tambah_barang')
 6 SYSTEMPATH\CodeIgniter.php(932): App\Controllers\Barang->tambah_barang()
 7 SYSTEMPATH\CodeIgniter.php(497): CodeIgniter\CodeIgniter->runController(Object(App\Controllers\Barang))
 8 SYSTEMPATH\CodeIgniter.php(366): CodeIgniter\CodeIgniter->handleRequest(null, Object(Config\Cache), false)
 9 FCPATH\index.php(67): CodeIgniter\CodeIgniter->run()
10 SYSTEMPATH\Commands\Server\rewrite.php(47): require_once('D:\\PW2\\WP\\public\\index.php')
CRITICAL - 2023-06-25 14:12:55 --> Undefined variable $validation
in APPPATH\Views\Penjual\tambah_barang.php on line 13.
 1 APPPATH\Views\Penjual\tambah_barang.php(13): CodeIgniter\Debug\Exceptions->errorHandler(2, 'Undefined variable $validation', 'D:\\PW2\\WP\\app\\Views\\Penjual\\tambah_barang.php', 13)
 2 SYSTEMPATH\View\View.php(224): include('D:\\PW2\\WP\\app\\Views\\Penjual\\tambah_barang.php')
 3 SYSTEMPATH\View\View.php(227): CodeIgniter\View\View->CodeIgniter\View\{closure}()
 4 SYSTEMPATH\Common.php(1180): CodeIgniter\View\View->render('Penjual/tambah_barang', [], true)
 5 APPPATH\Controllers\Barang.php(65): view('Penjual/tambah_barang')
 6 SYSTEMPATH\CodeIgniter.php(932): App\Controllers\Barang->tambah_barang()
 7 SYSTEMPATH\CodeIgniter.php(497): CodeIgniter\CodeIgniter->runController(Object(App\Controllers\Barang))
 8 SYSTEMPATH\CodeIgniter.php(366): CodeIgniter\CodeIgniter->handleRequest(null, Object(Config\Cache), false)
 9 FCPATH\index.php(67): CodeIgniter\CodeIgniter->run()
10 SYSTEMPATH\Commands\Server\rewrite.php(47): require_once('D:\\PW2\\WP\\public\\index.php')
CRITICAL - 2023-06-25 14:12:55 --> Undefined variable $validation
in APPPATH\Views\Penjual\tambah_barang.php on line 13.
 1 APPPATH\Views\Penjual\tambah_barang.php(13): CodeIgniter\Debug\Exceptions->errorHandler(2, 'Undefined variable $validation', 'D:\\PW2\\WP\\app\\Views\\Penjual\\tambah_barang.php', 13)
 2 SYSTEMPATH\View\View.php(224): include('D:\\PW2\\WP\\app\\Views\\Penjual\\tambah_barang.php')
 3 SYSTEMPATH\View\View.php(227): CodeIgniter\View\View->CodeIgniter\View\{closure}()
 4 SYSTEMPATH\Common.php(1180): CodeIgniter\View\View->render('Penjual/tambah_barang', [], true)
 5 APPPATH\Controllers\Barang.php(65): view('Penjual/tambah_barang')
 6 SYSTEMPATH\CodeIgniter.php(932): App\Controllers\Barang->tambah_barang()
 7 SYSTEMPATH\CodeIgniter.php(497): CodeIgniter\CodeIgniter->runController(Object(App\Controllers\Barang))
 8 SYSTEMPATH\CodeIgniter.php(366): CodeIgniter\CodeIgniter->handleRequest(null, Object(Config\Cache), false)
 9 FCPATH\index.php(67): CodeIgniter\CodeIgniter->run()
10 SYSTEMPATH\Commands\Server\rewrite.php(47): require_once('D:\\PW2\\WP\\public\\index.php')
INFO - 2023-06-25 14:17:02 --> Session: Class initialized using 'CodeIgniter\Session\Handlers\FileHandler' driver.
CRITICAL - 2023-06-25 14:17:02 --> Undefined variable $validation
in APPPATH\Views\Penjual\tambah_barang.php on line 32.
 1 APPPATH\Views\Penjual\tambah_barang.php(32): CodeIgniter\Debug\Exceptions->errorHandler(2, 'Undefined variable $validation', 'D:\\PW2\\WP\\app\\Views\\Penjual\\tambah_barang.php', 32)
 2 SYSTEMPATH\View\View.php(224): include('D:\\PW2\\WP\\app\\Views\\Penjual\\tambah_barang.php')
 3 SYSTEMPATH\View\View.php(227): CodeIgniter\View\View->CodeIgniter\View\{closure}()
 4 SYSTEMPATH\Common.php(1180): CodeIgniter\View\View->render('Penjual/tambah_barang', [], true)
 5 APPPATH\Controllers\Barang.php(65): view('Penjual/tambah_barang')
 6 SYSTEMPATH\CodeIgniter.php(932): App\Controllers\Barang->tambah_barang()
 7 SYSTEMPATH\CodeIgniter.php(497): CodeIgniter\CodeIgniter->runController(Object(App\Controllers\Barang))
 8 SYSTEMPATH\CodeIgniter.php(366): CodeIgniter\CodeIgniter->handleRequest(null, Object(Config\Cache), false)
 9 FCPATH\index.php(67): CodeIgniter\CodeIgniter->run()
10 SYSTEMPATH\Commands\Server\rewrite.php(47): require_once('D:\\PW2\\WP\\public\\index.php')
INFO - 2023-06-25 14:17:04 --> Session: Class initialized using 'CodeIgniter\Session\Handlers\FileHandler' driver.
CRITICAL - 2023-06-25 14:17:04 --> Undefined variable $validation
in APPPATH\Views\Penjual\tambah_barang.php on line 32.
 1 APPPATH\Views\Penjual\tambah_barang.php(32): CodeIgniter\Debug\Exceptions->errorHandler(2, 'Undefined variable $validation', 'D:\\PW2\\WP\\app\\Views\\Penjual\\tambah_barang.php', 32)
 2 SYSTEMPATH\View\View.php(224): include('D:\\PW2\\WP\\app\\Views\\Penjual\\tambah_barang.php')
 3 SYSTEMPATH\View\View.php(227): CodeIgniter\View\View->CodeIgniter\View\{closure}()
 4 SYSTEMPATH\Common.php(1180): CodeIgniter\View\View->render('Penjual/tambah_barang', [], true)
 5 APPPATH\Controllers\Barang.php(65): view('Penjual/tambah_barang')
 6 SYSTEMPATH\CodeIgniter.php(932): App\Controllers\Barang->tambah_barang()
 7 SYSTEMPATH\CodeIgniter.php(497): CodeIgniter\CodeIgniter->runController(Object(App\Controllers\Barang))
 8 SYSTEMPATH\CodeIgniter.php(366): CodeIgniter\CodeIgniter->handleRequest(null, Object(Config\Cache), false)
 9 FCPATH\index.php(67): CodeIgniter\CodeIgniter->run()
10 SYSTEMPATH\Commands\Server\rewrite.php(47): require_once('D:\\PW2\\WP\\public\\index.php')
INFO - 2023-06-25 14:17:04 --> Session: Class initialized using 'CodeIgniter\Session\Handlers\FileHandler' driver.
CRITICAL - 2023-06-25 14:17:04 --> Undefined variable $validation
in APPPATH\Views\Penjual\tambah_barang.php on line 32.
 1 APPPATH\Views\Penjual\tambah_barang.php(32): CodeIgniter\Debug\Exceptions->errorHandler(2, 'Undefined variable $validation', 'D:\\PW2\\WP\\app\\Views\\Penjual\\tambah_barang.php', 32)
 2 SYSTEMPATH\View\View.php(224): include('D:\\PW2\\WP\\app\\Views\\Penjual\\tambah_barang.php')
 3 SYSTEMPATH\View\View.php(227): CodeIgniter\View\View->CodeIgniter\View\{closure}()
 4 SYSTEMPATH\Common.php(1180): CodeIgniter\View\View->render('Penjual/tambah_barang', [], true)
 5 APPPATH\Controllers\Barang.php(65): view('Penjual/tambah_barang')
 6 SYSTEMPATH\CodeIgniter.php(932): App\Controllers\Barang->tambah_barang()
 7 SYSTEMPATH\CodeIgniter.php(497): CodeIgniter\CodeIgniter->runController(Object(App\Controllers\Barang))
 8 SYSTEMPATH\CodeIgniter.php(366): CodeIgniter\CodeIgniter->handleRequest(null, Object(Config\Cache), false)
 9 FCPATH\index.php(67): CodeIgniter\CodeIgniter->run()
10 SYSTEMPATH\Commands\Server\rewrite.php(47): require_once('D:\\PW2\\WP\\public\\index.php')
INFO - 2023-06-25 14:17:05 --> Session: Class initialized using 'CodeIgniter\Session\Handlers\FileHandler' driver.
CRITICAL - 2023-06-25 14:17:05 --> Undefined variable $validation
in APPPATH\Views\Penjual\tambah_barang.php on line 32.
 1 APPPATH\Views\Penjual\tambah_barang.php(32): CodeIgniter\Debug\Exceptions->errorHandler(2, 'Undefined variable $validation', 'D:\\PW2\\WP\\app\\Views\\Penjual\\tambah_barang.php', 32)
 2 SYSTEMPATH\View\View.php(224): include('D:\\PW2\\WP\\app\\Views\\Penjual\\tambah_barang.php')
 3 SYSTEMPATH\View\View.php(227): CodeIgniter\View\View->CodeIgniter\View\{closure}()
 4 SYSTEMPATH\Common.php(1180): CodeIgniter\View\View->render('Penjual/tambah_barang', [], true)
 5 APPPATH\Controllers\Barang.php(65): view('Penjual/tambah_barang')
 6 SYSTEMPATH\CodeIgniter.php(932): App\Controllers\Barang->tambah_barang()
 7 SYSTEMPATH\CodeIgniter.php(497): CodeIgniter\CodeIgniter->runController(Object(App\Controllers\Barang))
 8 SYSTEMPATH\CodeIgniter.php(366): CodeIgniter\CodeIgniter->handleRequest(null, Object(Config\Cache), false)
 9 FCPATH\index.php(67): CodeIgniter\CodeIgniter->run()
10 SYSTEMPATH\Commands\Server\rewrite.php(47): require_once('D:\\PW2\\WP\\public\\index.php')
INFO - 2023-06-25 14:20:15 --> Session: Class initialized using 'CodeIgniter\Session\Handlers\FileHandler' driver.
INFO - 2023-06-25 14:21:01 --> Session: Class initialized using 'CodeIgniter\Session\Handlers\FileHandler' driver.
INFO - 2023-06-25 14:21:03 --> Session: Class initialized using 'CodeIgniter\Session\Handlers\FileHandler' driver.
INFO - 2023-06-25 14:21:19 --> Session: Class initialized using 'CodeIgniter\Session\Handlers\FileHandler' driver.
INFO - 2023-06-25 14:25:16 --> Session: Class initialized using 'CodeIgniter\Session\Handlers\FileHandler' driver.
INFO - 2023-06-25 14:25:46 --> Session: Class initialized using 'CodeIgniter\Session\Handlers\FileHandler' driver.
INFO - 2023-06-25 14:27:33 --> Session: Class initialized using 'CodeIgniter\Session\Handlers\FileHandler' driver.
INFO - 2023-06-25 14:27:35 --> Session: Class initialized using 'CodeIgniter\Session\Handlers\FileHandler' driver.
INFO - 2023-06-25 14:28:25 --> Session: Class initialized using 'CodeIgniter\Session\Handlers\FileHandler' driver.
INFO - 2023-06-25 14:28:37 --> Session: Class initialized using 'CodeIgniter\Session\Handlers\FileHandler' driver.
INFO - 2023-06-25 14:28:45 --> Session: Class initialized using 'CodeIgniter\Session\Handlers\FileHandler' driver.
INFO - 2023-06-25 14:28:54 --> Session: Class initialized using 'CodeIgniter\Session\Handlers\FileHandler' driver.
INFO - 2023-06-25 14:29:04 --> Session: Class initialized using 'CodeIgniter\Session\Handlers\FileHandler' driver.
INFO - 2023-06-25 14:29:10 --> Session: Class initialized using 'CodeIgniter\Session\Handlers\FileHandler' driver.
INFO - 2023-06-25 14:29:18 --> Session: Class initialized using 'CodeIgniter\Session\Handlers\FileHandler' driver.
INFO - 2023-06-25 14:31:11 --> Session: Class initialized using 'CodeIgniter\Session\Handlers\FileHandler' driver.
INFO - 2023-06-25 14:31:59 --> Session: Class initialized using 'CodeIgniter\Session\Handlers\FileHandler' driver.
INFO - 2023-06-25 14:35:27 --> Session: Class initialized using 'CodeIgniter\Session\Handlers\FileHandler' driver.
INFO - 2023-06-25 14:35:55 --> Session: Class initialized using 'CodeIgniter\Session\Handlers\FileHandler' driver.
INFO - 2023-06-25 14:36:12 --> Session: Class initialized using 'CodeIgniter\Session\Handlers\FileHandler' driver.
INFO - 2023-06-25 14:36:13 --> Session: Class initialized using 'CodeIgniter\Session\Handlers\FileHandler' driver.
INFO - 2023-06-25 14:36:14 --> Session: Class initialized using 'CodeIgniter\Session\Handlers\FileHandler' driver.
INFO - 2023-06-25 14:36:32 --> Session: Class initialized using 'CodeIgniter\Session\Handlers\FileHandler' driver.
INFO - 2023-06-25 14:36:46 --> Session: Class initialized using 'CodeIgniter\Session\Handlers\FileHandler' driver.
INFO - 2023-06-25 14:37:12 --> Session: Class initialized using 'CodeIgniter\Session\Handlers\FileHandler' driver.
INFO - 2023-06-25 14:37:24 --> Session: Class initialized using 'CodeIgniter\Session\Handlers\FileHandler' driver.
INFO - 2023-06-25 14:37:33 --> Session: Class initialized using 'CodeIgniter\Session\Handlers\FileHandler' driver.
INFO - 2023-06-25 14:37:44 --> Session: Class initialized using 'CodeIgniter\Session\Handlers\FileHandler' driver.
INFO - 2023-06-25 14:37:56 --> Session: Class initialized using 'CodeIgniter\Session\Handlers\FileHandler' driver.
INFO - 2023-06-25 14:38:04 --> Session: Class initialized using 'CodeIgniter\Session\Handlers\FileHandler' driver.
INFO - 2023-06-25 14:38:10 --> Session: Class initialized using 'CodeIgniter\Session\Handlers\FileHandler' driver.
INFO - 2023-06-25 14:38:41 --> Session: Class initialized using 'CodeIgniter\Session\Handlers\FileHandler' driver.
INFO - 2023-06-25 14:39:34 --> Session: Class initialized using 'CodeIgniter\Session\Handlers\FileHandler' driver.
INFO - 2023-06-25 15:00:18 --> Session: Class initialized using 'CodeIgniter\Session\Handlers\FileHandler' driver.
INFO - 2023-06-25 15:00:37 --> Session: Class initialized using 'CodeIgniter\Session\Handlers\FileHandler' driver.
INFO - 2023-06-25 15:00:54 --> Session: Class initialized using 'CodeIgniter\Session\Handlers\FileHandler' driver.
INFO - 2023-06-25 17:11:56 --> Session: Class initialized using 'CodeIgniter\Session\Handlers\FileHandler' driver.
INFO - 2023-06-25 17:14:22 --> Session: Class initialized using 'CodeIgniter\Session\Handlers\FileHandler' driver.
INFO - 2023-06-25 17:18:11 --> Session: Class initialized using 'CodeIgniter\Session\Handlers\FileHandler' driver.
INFO - 2023-06-25 17:18:13 --> Session: Class initialized using 'CodeIgniter\Session\Handlers\FileHandler' driver.
INFO - 2023-06-25 17:18:28 --> Session: Class initialized using 'CodeIgniter\Session\Handlers\FileHandler' driver.
INFO - 2023-06-25 17:18:43 --> Session: Class initialized using 'CodeIgniter\Session\Handlers\FileHandler' driver.
INFO - 2023-06-25 17:19:55 --> Session: Class initialized using 'CodeIgniter\Session\Handlers\FileHandler' driver.
INFO - 2023-06-25 17:20:50 --> Session: Class initialized using 'CodeIgniter\Session\Handlers\FileHandler' driver.
INFO - 2023-06-25 17:26:42 --> Session: Class initialized using 'CodeIgniter\Session\Handlers\FileHandler' driver.
INFO - 2023-06-25 17:26:52 --> Session: Class initialized using 'CodeIgniter\Session\Handlers\FileHandler' driver.
INFO - 2023-06-25 17:27:03 --> Session: Class initialized using 'CodeIgniter\Session\Handlers\FileHandler' driver.
INFO - 2023-06-25 17:27:24 --> Session: Class initialized using 'CodeIgniter\Session\Handlers\FileHandler' driver.
