INFO - 2023-07-12 03:27:48 --> Session: Class initialized using 'CodeIgniter\Session\Handlers\FileHandler' driver.
INFO - 2023-07-12 03:28:10 --> Session: Class initialized using 'CodeIgniter\Session\Handlers\FileHandler' driver.
INFO - 2023-07-12 03:28:22 --> Session: Class initialized using 'CodeIgniter\Session\Handlers\FileHandler' driver.
INFO - 2023-07-12 03:28:22 --> Session: Class initialized using 'CodeIgniter\Session\Handlers\FileHandler' driver.
INFO - 2023-07-12 03:28:31 --> Session: Class initialized using 'CodeIgniter\Session\Handlers\FileHandler' driver.
INFO - 2023-07-12 05:17:47 --> Session: Class initialized using 'CodeIgniter\Session\Handlers\FileHandler' driver.
INFO - 2023-07-12 05:17:52 --> Session: Class initialized using 'CodeIgniter\Session\Handlers\FileHandler' driver.
INFO - 2023-07-12 05:17:54 --> Session: Class initialized using 'CodeIgniter\Session\Handlers\FileHandler' driver.
INFO - 2023-07-12 05:18:19 --> Session: Class initialized using 'CodeIgniter\Session\Handlers\FileHandler' driver.
INFO - 2023-07-12 05:18:21 --> Session: Class initialized using 'CodeIgniter\Session\Handlers\FileHandler' driver.
INFO - 2023-07-12 05:19:06 --> Session: Class initialized using 'CodeIgniter\Session\Handlers\FileHandler' driver.
INFO - 2023-07-12 05:19:24 --> Session: Class initialized using 'CodeIgniter\Session\Handlers\FileHandler' driver.
INFO - 2023-07-12 05:19:26 --> Session: Class initialized using 'CodeIgniter\Session\Handlers\FileHandler' driver.
INFO - 2023-07-12 05:21:27 --> Session: Class initialized using 'CodeIgniter\Session\Handlers\FileHandler' driver.
INFO - 2023-07-12 05:21:28 --> Session: Class initialized using 'CodeIgniter\Session\Handlers\FileHandler' driver.
CRITICAL - 2023-07-12 05:21:28 --> Undefined variable $kategori
in APPPATH\Views\Penjual\edit_barang.php on line 56.
 1 APPPATH\Views\Penjual\edit_barang.php(56): CodeIgniter\Debug\Exceptions->errorHandler(2, 'Undefined variable $kategori', 'D:\\PW2\\WP\\app\\Views\\Penjual\\edit_barang.php', 56)
 2 SYSTEMPATH\View\View.php(224): include('D:\\PW2\\WP\\app\\Views\\Penjual\\edit_barang.php')
 3 SYSTEMPATH\View\View.php(227): CodeIgniter\View\View->CodeIgniter\View\{closure}()
 4 SYSTEMPATH\Common.php(1180): CodeIgniter\View\View->render('Penjual/edit_barang', [], true)
 5 APPPATH\Controllers\Barang.php(222): view('Penjual/edit_barang', [...])
 6 SYSTEMPATH\CodeIgniter.php(932): App\Controllers\Barang->edit_barang('indomie-mi-goreng')
 7 SYSTEMPATH\CodeIgniter.php(497): CodeIgniter\CodeIgniter->runController(Object(App\Controllers\Barang))
 8 SYSTEMPATH\CodeIgniter.php(366): CodeIgniter\CodeIgniter->handleRequest(null, Object(Config\Cache), false)
 9 FCPATH\index.php(67): CodeIgniter\CodeIgniter->run()
10 SYSTEMPATH\Commands\Server\rewrite.php(47): require_once('D:\\PW2\\WP\\public\\index.php')
INFO - 2023-07-12 05:23:19 --> Session: Class initialized using 'CodeIgniter\Session\Handlers\FileHandler' driver.
CRITICAL - 2023-07-12 05:23:19 --> Undefined variable $kategori
in APPPATH\Views\Penjual\edit_barang.php on line 56.
 1 APPPATH\Views\Penjual\edit_barang.php(56): CodeIgniter\Debug\Exceptions->errorHandler(2, 'Undefined variable $kategori', 'D:\\PW2\\WP\\app\\Views\\Penjual\\edit_barang.php', 56)
 2 SYSTEMPATH\View\View.php(224): include('D:\\PW2\\WP\\app\\Views\\Penjual\\edit_barang.php')
 3 SYSTEMPATH\View\View.php(227): CodeIgniter\View\View->CodeIgniter\View\{closure}()
 4 SYSTEMPATH\Common.php(1180): CodeIgniter\View\View->render('Penjual/edit_barang', [], true)
 5 APPPATH\Controllers\Barang.php(222): view('Penjual/edit_barang', [...])
 6 SYSTEMPATH\CodeIgniter.php(932): App\Controllers\Barang->edit_barang('indomie-mi-goreng')
 7 SYSTEMPATH\CodeIgniter.php(497): CodeIgniter\CodeIgniter->runController(Object(App\Controllers\Barang))
 8 SYSTEMPATH\CodeIgniter.php(366): CodeIgniter\CodeIgniter->handleRequest(null, Object(Config\Cache), false)
 9 FCPATH\index.php(67): CodeIgniter\CodeIgniter->run()
10 SYSTEMPATH\Commands\Server\rewrite.php(47): require_once('D:\\PW2\\WP\\public\\index.php')
INFO - 2023-07-12 05:23:33 --> Session: Class initialized using 'CodeIgniter\Session\Handlers\FileHandler' driver.
CRITICAL - 2023-07-12 05:23:33 --> Undefined variable $kategori
in APPPATH\Views\Penjual\edit_barang.php on line 56.
 1 APPPATH\Views\Penjual\edit_barang.php(56): CodeIgniter\Debug\Exceptions->errorHandler(2, 'Undefined variable $kategori', 'D:\\PW2\\WP\\app\\Views\\Penjual\\edit_barang.php', 56)
 2 SYSTEMPATH\View\View.php(224): include('D:\\PW2\\WP\\app\\Views\\Penjual\\edit_barang.php')
 3 SYSTEMPATH\View\View.php(227): CodeIgniter\View\View->CodeIgniter\View\{closure}()
 4 SYSTEMPATH\Common.php(1180): CodeIgniter\View\View->render('Penjual/edit_barang', [], true)
 5 APPPATH\Controllers\Barang.php(222): view('Penjual/edit_barang', [...])
 6 SYSTEMPATH\CodeIgniter.php(932): App\Controllers\Barang->edit_barang('indomie-mi-goreng')
 7 SYSTEMPATH\CodeIgniter.php(497): CodeIgniter\CodeIgniter->runController(Object(App\Controllers\Barang))
 8 SYSTEMPATH\CodeIgniter.php(366): CodeIgniter\CodeIgniter->handleRequest(null, Object(Config\Cache), false)
 9 FCPATH\index.php(67): CodeIgniter\CodeIgniter->run()
10 SYSTEMPATH\Commands\Server\rewrite.php(47): require_once('D:\\PW2\\WP\\public\\index.php')
INFO - 2023-07-12 05:24:22 --> Session: Class initialized using 'CodeIgniter\Session\Handlers\FileHandler' driver.
INFO - 2023-07-12 16:52:12 --> Session: Class initialized using 'CodeIgniter\Session\Handlers\FileHandler' driver.
INFO - 2023-07-12 16:52:12 --> Session: Class initialized using 'CodeIgniter\Session\Handlers\FileHandler' driver.
INFO - 2023-07-12 16:52:13 --> Session: Class initialized using 'CodeIgniter\Session\Handlers\FileHandler' driver.
INFO - 2023-07-12 16:52:13 --> Session: Class initialized using 'CodeIgniter\Session\Handlers\FileHandler' driver.
INFO - 2023-07-12 16:52:20 --> Session: Class initialized using 'CodeIgniter\Session\Handlers\FileHandler' driver.
INFO - 2023-07-12 16:52:20 --> Session: Class initialized using 'CodeIgniter\Session\Handlers\FileHandler' driver.
INFO - 2023-07-12 16:52:28 --> Session: Class initialized using 'CodeIgniter\Session\Handlers\FileHandler' driver.
INFO - 2023-07-12 16:52:28 --> Session: Class initialized using 'CodeIgniter\Session\Handlers\FileHandler' driver.
INFO - 2023-07-12 16:52:32 --> Session: Class initialized using 'CodeIgniter\Session\Handlers\FileHandler' driver.
INFO - 2023-07-12 16:52:50 --> Session: Class initialized using 'CodeIgniter\Session\Handlers\FileHandler' driver.
INFO - 2023-07-12 16:52:51 --> Session: Class initialized using 'CodeIgniter\Session\Handlers\FileHandler' driver.
INFO - 2023-07-12 16:52:54 --> Session: Class initialized using 'CodeIgniter\Session\Handlers\FileHandler' driver.
INFO - 2023-07-12 16:52:57 --> Session: Class initialized using 'CodeIgniter\Session\Handlers\FileHandler' driver.
INFO - 2023-07-12 16:53:02 --> Session: Class initialized using 'CodeIgniter\Session\Handlers\FileHandler' driver.
INFO - 2023-07-12 16:53:27 --> Session: Class initialized using 'CodeIgniter\Session\Handlers\FileHandler' driver.
INFO - 2023-07-12 16:53:29 --> Session: Class initialized using 'CodeIgniter\Session\Handlers\FileHandler' driver.
INFO - 2023-07-12 16:53:35 --> Session: Class initialized using 'CodeIgniter\Session\Handlers\FileHandler' driver.
INFO - 2023-07-12 16:53:51 --> Session: Class initialized using 'CodeIgniter\Session\Handlers\FileHandler' driver.
INFO - 2023-07-12 16:53:54 --> Session: Class initialized using 'CodeIgniter\Session\Handlers\FileHandler' driver.
INFO - 2023-07-12 16:54:20 --> Session: Class initialized using 'CodeIgniter\Session\Handlers\FileHandler' driver.
INFO - 2023-07-12 16:54:23 --> Session: Class initialized using 'CodeIgniter\Session\Handlers\FileHandler' driver.
INFO - 2023-07-12 16:54:27 --> Session: Class initialized using 'CodeIgniter\Session\Handlers\FileHandler' driver.
INFO - 2023-07-12 16:54:28 --> Session: Class initialized using 'CodeIgniter\Session\Handlers\FileHandler' driver.
INFO - 2023-07-12 17:01:05 --> Session: Class initialized using 'CodeIgniter\Session\Handlers\FileHandler' driver.
INFO - 2023-07-12 17:02:00 --> Session: Class initialized using 'CodeIgniter\Session\Handlers\FileHandler' driver.
INFO - 2023-07-12 17:04:12 --> Session: Class initialized using 'CodeIgniter\Session\Handlers\FileHandler' driver.
INFO - 2023-07-12 17:05:31 --> Session: Class initialized using 'CodeIgniter\Session\Handlers\FileHandler' driver.
INFO - 2023-07-12 17:05:36 --> Session: Class initialized using 'CodeIgniter\Session\Handlers\FileHandler' driver.
INFO - 2023-07-12 17:06:34 --> Session: Class initialized using 'CodeIgniter\Session\Handlers\FileHandler' driver.
INFO - 2023-07-12 17:06:34 --> Session: Class initialized using 'CodeIgniter\Session\Handlers\FileHandler' driver.
INFO - 2023-07-12 17:06:42 --> Session: Class initialized using 'CodeIgniter\Session\Handlers\FileHandler' driver.
INFO - 2023-07-12 17:06:44 --> Session: Class initialized using 'CodeIgniter\Session\Handlers\FileHandler' driver.
INFO - 2023-07-12 17:06:58 --> Session: Class initialized using 'CodeIgniter\Session\Handlers\FileHandler' driver.
INFO - 2023-07-12 17:07:00 --> Session: Class initialized using 'CodeIgniter\Session\Handlers\FileHandler' driver.
INFO - 2023-07-12 17:07:02 --> Session: Class initialized using 'CodeIgniter\Session\Handlers\FileHandler' driver.
INFO - 2023-07-12 17:14:36 --> Session: Class initialized using 'CodeIgniter\Session\Handlers\FileHandler' driver.
INFO - 2023-07-12 17:15:14 --> Session: Class initialized using 'CodeIgniter\Session\Handlers\FileHandler' driver.
INFO - 2023-07-12 17:15:32 --> Session: Class initialized using 'CodeIgniter\Session\Handlers\FileHandler' driver.
INFO - 2023-07-12 17:15:57 --> Session: Class initialized using 'CodeIgniter\Session\Handlers\FileHandler' driver.
INFO - 2023-07-12 17:18:27 --> Session: Class initialized using 'CodeIgniter\Session\Handlers\FileHandler' driver.
INFO - 2023-07-12 17:19:13 --> Session: Class initialized using 'CodeIgniter\Session\Handlers\FileHandler' driver.
INFO - 2023-07-12 17:19:46 --> Session: Class initialized using 'CodeIgniter\Session\Handlers\FileHandler' driver.
INFO - 2023-07-12 17:20:11 --> Session: Class initialized using 'CodeIgniter\Session\Handlers\FileHandler' driver.
INFO - 2023-07-12 17:20:38 --> Session: Class initialized using 'CodeIgniter\Session\Handlers\FileHandler' driver.
INFO - 2023-07-12 17:20:52 --> Session: Class initialized using 'CodeIgniter\Session\Handlers\FileHandler' driver.
INFO - 2023-07-12 17:29:20 --> Session: Class initialized using 'CodeIgniter\Session\Handlers\FileHandler' driver.
INFO - 2023-07-12 17:29:21 --> Session: Class initialized using 'CodeIgniter\Session\Handlers\FileHandler' driver.
INFO - 2023-07-12 17:29:23 --> Session: Class initialized using 'CodeIgniter\Session\Handlers\FileHandler' driver.
INFO - 2023-07-12 17:30:22 --> Session: Class initialized using 'CodeIgniter\Session\Handlers\FileHandler' driver.
INFO - 2023-07-12 17:30:27 --> Session: Class initialized using 'CodeIgniter\Session\Handlers\FileHandler' driver.
INFO - 2023-07-12 17:31:49 --> Session: Class initialized using 'CodeIgniter\Session\Handlers\FileHandler' driver.
INFO - 2023-07-12 17:32:01 --> Session: Class initialized using 'CodeIgniter\Session\Handlers\FileHandler' driver.
INFO - 2023-07-12 17:33:16 --> Session: Class initialized using 'CodeIgniter\Session\Handlers\FileHandler' driver.
INFO - 2023-07-12 17:33:44 --> Session: Class initialized using 'CodeIgniter\Session\Handlers\FileHandler' driver.
INFO - 2023-07-12 17:33:54 --> Session: Class initialized using 'CodeIgniter\Session\Handlers\FileHandler' driver.
INFO - 2023-07-12 17:34:25 --> Session: Class initialized using 'CodeIgniter\Session\Handlers\FileHandler' driver.
INFO - 2023-07-12 17:34:36 --> Session: Class initialized using 'CodeIgniter\Session\Handlers\FileHandler' driver.
INFO - 2023-07-12 17:35:23 --> Session: Class initialized using 'CodeIgniter\Session\Handlers\FileHandler' driver.
INFO - 2023-07-12 17:35:29 --> Session: Class initialized using 'CodeIgniter\Session\Handlers\FileHandler' driver.
INFO - 2023-07-12 17:36:04 --> Session: Class initialized using 'CodeIgniter\Session\Handlers\FileHandler' driver.
INFO - 2023-07-12 17:36:36 --> Session: Class initialized using 'CodeIgniter\Session\Handlers\FileHandler' driver.
INFO - 2023-07-12 17:36:54 --> Session: Class initialized using 'CodeIgniter\Session\Handlers\FileHandler' driver.
INFO - 2023-07-12 17:37:04 --> Session: Class initialized using 'CodeIgniter\Session\Handlers\FileHandler' driver.
INFO - 2023-07-12 17:37:38 --> Session: Class initialized using 'CodeIgniter\Session\Handlers\FileHandler' driver.
INFO - 2023-07-12 17:37:58 --> Session: Class initialized using 'CodeIgniter\Session\Handlers\FileHandler' driver.
INFO - 2023-07-12 17:38:24 --> Session: Class initialized using 'CodeIgniter\Session\Handlers\FileHandler' driver.
INFO - 2023-07-12 17:38:36 --> Session: Class initialized using 'CodeIgniter\Session\Handlers\FileHandler' driver.
INFO - 2023-07-12 17:38:56 --> Session: Class initialized using 'CodeIgniter\Session\Handlers\FileHandler' driver.
INFO - 2023-07-12 17:39:11 --> Session: Class initialized using 'CodeIgniter\Session\Handlers\FileHandler' driver.
INFO - 2023-07-12 17:39:32 --> Session: Class initialized using 'CodeIgniter\Session\Handlers\FileHandler' driver.
INFO - 2023-07-12 17:40:08 --> Session: Class initialized using 'CodeIgniter\Session\Handlers\FileHandler' driver.
INFO - 2023-07-12 17:40:41 --> Session: Class initialized using 'CodeIgniter\Session\Handlers\FileHandler' driver.
INFO - 2023-07-12 17:40:55 --> Session: Class initialized using 'CodeIgniter\Session\Handlers\FileHandler' driver.
INFO - 2023-07-12 17:40:56 --> Session: Class initialized using 'CodeIgniter\Session\Handlers\FileHandler' driver.
INFO - 2023-07-12 17:41:01 --> Session: Class initialized using 'CodeIgniter\Session\Handlers\FileHandler' driver.
INFO - 2023-07-12 17:43:17 --> Session: Class initialized using 'CodeIgniter\Session\Handlers\FileHandler' driver.
INFO - 2023-07-12 17:43:25 --> Session: Class initialized using 'CodeIgniter\Session\Handlers\FileHandler' driver.
INFO - 2023-07-12 17:44:33 --> Session: Class initialized using 'CodeIgniter\Session\Handlers\FileHandler' driver.
INFO - 2023-07-12 17:44:44 --> Session: Class initialized using 'CodeIgniter\Session\Handlers\FileHandler' driver.
INFO - 2023-07-12 17:46:07 --> Session: Class initialized using 'CodeIgniter\Session\Handlers\FileHandler' driver.
INFO - 2023-07-12 17:46:46 --> Session: Class initialized using 'CodeIgniter\Session\Handlers\FileHandler' driver.
INFO - 2023-07-12 17:47:02 --> Session: Class initialized using 'CodeIgniter\Session\Handlers\FileHandler' driver.
INFO - 2023-07-12 17:47:15 --> Session: Class initialized using 'CodeIgniter\Session\Handlers\FileHandler' driver.
INFO - 2023-07-12 17:53:06 --> Session: Class initialized using 'CodeIgniter\Session\Handlers\FileHandler' driver.
INFO - 2023-07-12 17:53:09 --> Session: Class initialized using 'CodeIgniter\Session\Handlers\FileHandler' driver.
INFO - 2023-07-12 17:53:50 --> Session: Class initialized using 'CodeIgniter\Session\Handlers\FileHandler' driver.
INFO - 2023-07-12 17:55:12 --> Session: Class initialized using 'CodeIgniter\Session\Handlers\FileHandler' driver.
INFO - 2023-07-12 17:55:13 --> Session: Class initialized using 'CodeIgniter\Session\Handlers\FileHandler' driver.
ERROR - 2023-07-12 17:55:15 --> mysqli_sql_exception: Unknown column 'nama_toko' in 'where clause' in D:\PW2\WP\vendor\codeigniter4\framework\system\Database\MySQLi\Connection.php:295
Stack trace:
#0 D:\PW2\WP\vendor\codeigniter4\framework\system\Database\MySQLi\Connection.php(295): mysqli->query('SELECT *\nFROM `...', 0)
#1 D:\PW2\WP\vendor\codeigniter4\framework\system\Database\BaseConnection.php(692): CodeIgniter\Database\MySQLi\Connection->execute('SELECT *\nFROM `...')
#2 D:\PW2\WP\vendor\codeigniter4\framework\system\Database\BaseConnection.php(606): CodeIgniter\Database\BaseConnection->simpleQuery('SELECT *\nFROM `...')
#3 D:\PW2\WP\vendor\codeigniter4\framework\system\Database\BaseBuilder.php(1616): CodeIgniter\Database\BaseConnection->query('SELECT *\nFROM `...', Array, false)
#4 D:\PW2\WP\vendor\codeigniter4\framework\system\Model.php(241): CodeIgniter\Database\BaseBuilder->get()
#5 D:\PW2\WP\vendor\codeigniter4\framework\system\BaseModel.php(618): CodeIgniter\Model->doFindAll(0, 0)
#6 D:\PW2\WP\app\Models\BarangModel.php(53): CodeIgniter\BaseModel->findAll()
#7 D:\PW2\WP\app\Controllers\Barang.php(386): App\Models\BarangModel->searchBarang('Mie')
#8 D:\PW2\WP\vendor\codeigniter4\framework\system\CodeIgniter.php(932): App\Controllers\Barang->search()
#9 D:\PW2\WP\vendor\codeigniter4\framework\system\CodeIgniter.php(497): CodeIgniter\CodeIgniter->runController(Object(App\Controllers\Barang))
#10 D:\PW2\WP\vendor\codeigniter4\framework\system\CodeIgniter.php(366): CodeIgniter\CodeIgniter->handleRequest(NULL, Object(Config\Cache), false)
#11 D:\PW2\WP\public\index.php(67): CodeIgniter\CodeIgniter->run()
#12 D:\PW2\WP\vendor\codeigniter4\framework\system\Commands\Server\rewrite.php(47): require_once('D:\\PW2\\WP\\publi...')
#13 {main}
CRITICAL - 2023-07-12 17:55:15 --> Unknown column 'nama_toko' in 'where clause'
in SYSTEMPATH\Database\MySQLi\Connection.php on line 295.
 1 SYSTEMPATH\Database\MySQLi\Connection.php(295): mysqli->query('SELECT *
FROM `barang`
WHERE `nama_barang` LIKE \'%Mie%\' ESCAPE \'!\'
OR  `nama_toko` LIKE \'%Mie%\' ESCAPE \'!\'', 0)
 2 SYSTEMPATH\Database\BaseConnection.php(692): CodeIgniter\Database\MySQLi\Connection->execute('SELECT *
FROM `barang`
WHERE `nama_barang` LIKE \'%Mie%\' ESCAPE \'!\'
OR  `nama_toko` LIKE \'%Mie%\' ESCAPE \'!\'')
 3 SYSTEMPATH\Database\BaseConnection.php(606): CodeIgniter\Database\BaseConnection->simpleQuery('SELECT *
FROM `barang`
WHERE `nama_barang` LIKE \'%Mie%\' ESCAPE \'!\'
OR  `nama_toko` LIKE \'%Mie%\' ESCAPE \'!\'')
 4 SYSTEMPATH\Database\BaseBuilder.php(1616): CodeIgniter\Database\BaseConnection->query('SELECT *
FROM `barang`
WHERE `nama_barang` LIKE :nama_barang: ESCAPE \'!\'
OR  `nama_toko` LIKE :nama_toko: ESCAPE \'!\'', [...], false)
 5 SYSTEMPATH\Model.php(241): CodeIgniter\Database\BaseBuilder->get()
 6 SYSTEMPATH\BaseModel.php(618): CodeIgniter\Model->doFindAll(0, 0)
 7 APPPATH\Models\BarangModel.php(53): CodeIgniter\BaseModel->findAll()
 8 APPPATH\Controllers\Barang.php(386): App\Models\BarangModel->searchBarang('Mie')
 9 SYSTEMPATH\CodeIgniter.php(932): App\Controllers\Barang->search()
10 SYSTEMPATH\CodeIgniter.php(497): CodeIgniter\CodeIgniter->runController(Object(App\Controllers\Barang))
11 SYSTEMPATH\CodeIgniter.php(366): CodeIgniter\CodeIgniter->handleRequest(null, Object(Config\Cache), false)
12 FCPATH\index.php(67): CodeIgniter\CodeIgniter->run()
13 SYSTEMPATH\Commands\Server\rewrite.php(47): require_once('D:\\PW2\\WP\\public\\index.php')
CRITICAL - 2023-07-12 17:58:55 --> Invalid file: "barang/index.php"
in SYSTEMPATH\Exceptions\FrameworkException.php on line 33.
 1 SYSTEMPATH\View\View.php(212): CodeIgniter\Exceptions\FrameworkException::forInvalidFile('barang/index.php')
 2 SYSTEMPATH\Common.php(1180): CodeIgniter\View\View->render('barang/index', [], true)
 3 APPPATH\Controllers\Barang.php(396): view('barang/index', [...])
 4 SYSTEMPATH\CodeIgniter.php(932): App\Controllers\Barang->search()
 5 SYSTEMPATH\CodeIgniter.php(497): CodeIgniter\CodeIgniter->runController(Object(App\Controllers\Barang))
 6 SYSTEMPATH\CodeIgniter.php(366): CodeIgniter\CodeIgniter->handleRequest(null, Object(Config\Cache), false)
 7 FCPATH\index.php(67): CodeIgniter\CodeIgniter->run()
 8 SYSTEMPATH\Commands\Server\rewrite.php(47): require_once('D:\\PW2\\WP\\public\\index.php')
INFO - 2023-07-12 17:58:57 --> Session: Class initialized using 'CodeIgniter\Session\Handlers\FileHandler' driver.
INFO - 2023-07-12 17:59:00 --> Session: Class initialized using 'CodeIgniter\Session\Handlers\FileHandler' driver.
CRITICAL - 2023-07-12 17:59:02 --> Invalid file: "barang/index.php"
in SYSTEMPATH\Exceptions\FrameworkException.php on line 33.
 1 SYSTEMPATH\View\View.php(212): CodeIgniter\Exceptions\FrameworkException::forInvalidFile('barang/index.php')
 2 SYSTEMPATH\Common.php(1180): CodeIgniter\View\View->render('barang/index', [], true)
 3 APPPATH\Controllers\Barang.php(396): view('barang/index', [...])
 4 SYSTEMPATH\CodeIgniter.php(932): App\Controllers\Barang->search()
 5 SYSTEMPATH\CodeIgniter.php(497): CodeIgniter\CodeIgniter->runController(Object(App\Controllers\Barang))
 6 SYSTEMPATH\CodeIgniter.php(366): CodeIgniter\CodeIgniter->handleRequest(null, Object(Config\Cache), false)
 7 FCPATH\index.php(67): CodeIgniter\CodeIgniter->run()
 8 SYSTEMPATH\Commands\Server\rewrite.php(47): require_once('D:\\PW2\\WP\\public\\index.php')
CRITICAL - 2023-07-12 17:59:18 --> Invalid file: "barang.php"
in SYSTEMPATH\Exceptions\FrameworkException.php on line 33.
 1 SYSTEMPATH\View\View.php(212): CodeIgniter\Exceptions\FrameworkException::forInvalidFile('barang.php')
 2 SYSTEMPATH\Common.php(1180): CodeIgniter\View\View->render('barang', [], true)
 3 APPPATH\Controllers\Barang.php(396): view('barang', [...])
 4 SYSTEMPATH\CodeIgniter.php(932): App\Controllers\Barang->search()
 5 SYSTEMPATH\CodeIgniter.php(497): CodeIgniter\CodeIgniter->runController(Object(App\Controllers\Barang))
 6 SYSTEMPATH\CodeIgniter.php(366): CodeIgniter\CodeIgniter->handleRequest(null, Object(Config\Cache), false)
 7 FCPATH\index.php(67): CodeIgniter\CodeIgniter->run()
 8 SYSTEMPATH\Commands\Server\rewrite.php(47): require_once('D:\\PW2\\WP\\public\\index.php')
INFO - 2023-07-12 17:59:19 --> Session: Class initialized using 'CodeIgniter\Session\Handlers\FileHandler' driver.
INFO - 2023-07-12 17:59:22 --> Session: Class initialized using 'CodeIgniter\Session\Handlers\FileHandler' driver.
CRITICAL - 2023-07-12 17:59:24 --> Invalid file: "barang.php"
in SYSTEMPATH\Exceptions\FrameworkException.php on line 33.
 1 SYSTEMPATH\View\View.php(212): CodeIgniter\Exceptions\FrameworkException::forInvalidFile('barang.php')
 2 SYSTEMPATH\Common.php(1180): CodeIgniter\View\View->render('barang', [], true)
 3 APPPATH\Controllers\Barang.php(396): view('barang', [...])
 4 SYSTEMPATH\CodeIgniter.php(932): App\Controllers\Barang->search()
 5 SYSTEMPATH\CodeIgniter.php(497): CodeIgniter\CodeIgniter->runController(Object(App\Controllers\Barang))
 6 SYSTEMPATH\CodeIgniter.php(366): CodeIgniter\CodeIgniter->handleRequest(null, Object(Config\Cache), false)
 7 FCPATH\index.php(67): CodeIgniter\CodeIgniter->run()
 8 SYSTEMPATH\Commands\Server\rewrite.php(47): require_once('D:\\PW2\\WP\\public\\index.php')
CRITICAL - 2023-07-12 17:59:46 --> Invalid file: "daftar_barang.php"
in SYSTEMPATH\Exceptions\FrameworkException.php on line 33.
 1 SYSTEMPATH\View\View.php(212): CodeIgniter\Exceptions\FrameworkException::forInvalidFile('daftar_barang.php')
 2 SYSTEMPATH\Common.php(1180): CodeIgniter\View\View->render('daftar_barang', [], true)
 3 APPPATH\Controllers\Barang.php(396): view('daftar_barang', [...])
 4 SYSTEMPATH\CodeIgniter.php(932): App\Controllers\Barang->search()
 5 SYSTEMPATH\CodeIgniter.php(497): CodeIgniter\CodeIgniter->runController(Object(App\Controllers\Barang))
 6 SYSTEMPATH\CodeIgniter.php(366): CodeIgniter\CodeIgniter->handleRequest(null, Object(Config\Cache), false)
 7 FCPATH\index.php(67): CodeIgniter\CodeIgniter->run()
 8 SYSTEMPATH\Commands\Server\rewrite.php(47): require_once('D:\\PW2\\WP\\public\\index.php')
CRITICAL - 2023-07-12 18:00:07 --> Undefined variable $title
in APPPATH\Views\Layout\template.php on line 10.
 1 APPPATH\Views\Layout\template.php(10): CodeIgniter\Debug\Exceptions->errorHandler(2, 'Undefined variable $title', 'D:\\PW2\\WP\\app\\Views\\Layout\\template.php', 10)
 2 SYSTEMPATH\View\View.php(224): include('D:\\PW2\\WP\\app\\Views\\Layout\\template.php')
 3 SYSTEMPATH\View\View.php(227): CodeIgniter\View\View->CodeIgniter\View\{closure}()
 4 SYSTEMPATH\View\View.php(240): CodeIgniter\View\View->render('Layout/template', [], true)
 5 SYSTEMPATH\Common.php(1180): CodeIgniter\View\View->render('pembeli/daftar_barang', [], true)
 6 APPPATH\Controllers\Barang.php(396): view('pembeli/daftar_barang', [...])
 7 SYSTEMPATH\CodeIgniter.php(932): App\Controllers\Barang->search()
 8 SYSTEMPATH\CodeIgniter.php(497): CodeIgniter\CodeIgniter->runController(Object(App\Controllers\Barang))
 9 SYSTEMPATH\CodeIgniter.php(366): CodeIgniter\CodeIgniter->handleRequest(null, Object(Config\Cache), false)
10 FCPATH\index.php(67): CodeIgniter\CodeIgniter->run()
11 SYSTEMPATH\Commands\Server\rewrite.php(47): require_once('D:\\PW2\\WP\\public\\index.php')
INFO - 2023-07-12 18:02:48 --> Session: Class initialized using 'CodeIgniter\Session\Handlers\FileHandler' driver.
INFO - 2023-07-12 18:02:51 --> Session: Class initialized using 'CodeIgniter\Session\Handlers\FileHandler' driver.
CRITICAL - 2023-07-12 18:02:51 --> Undefined array key "nama_toko"
in APPPATH\Views\Pembeli\daftar_barang.php on line 41.
 1 APPPATH\Views\Pembeli\daftar_barang.php(41): CodeIgniter\Debug\Exceptions->errorHandler(2, 'Undefined array key "nama_toko"', 'D:\\PW2\\WP\\app\\Views\\Pembeli\\daftar_barang.php', 41)
 2 SYSTEMPATH\View\View.php(224): include('D:\\PW2\\WP\\app\\Views\\Pembeli\\daftar_barang.php')
 3 SYSTEMPATH\View\View.php(227): CodeIgniter\View\View->CodeIgniter\View\{closure}()
 4 SYSTEMPATH\Common.php(1180): CodeIgniter\View\View->render('pembeli/daftar_barang', [], true)
 5 APPPATH\Controllers\Barang.php(400): view('pembeli/daftar_barang', [...])
 6 SYSTEMPATH\CodeIgniter.php(932): App\Controllers\Barang->search()
 7 SYSTEMPATH\CodeIgniter.php(497): CodeIgniter\CodeIgniter->runController(Object(App\Controllers\Barang))
 8 SYSTEMPATH\CodeIgniter.php(366): CodeIgniter\CodeIgniter->handleRequest(null, Object(Config\Cache), false)
 9 FCPATH\index.php(67): CodeIgniter\CodeIgniter->run()
10 SYSTEMPATH\Commands\Server\rewrite.php(47): require_once('D:\\PW2\\WP\\public\\index.php')
INFO - 2023-07-12 18:10:01 --> Session: Class initialized using 'CodeIgniter\Session\Handlers\FileHandler' driver.
INFO - 2023-07-12 18:10:02 --> Session: Class initialized using 'CodeIgniter\Session\Handlers\FileHandler' driver.
INFO - 2023-07-12 18:10:04 --> Session: Class initialized using 'CodeIgniter\Session\Handlers\FileHandler' driver.
INFO - 2023-07-12 18:10:06 --> Session: Class initialized using 'CodeIgniter\Session\Handlers\FileHandler' driver.
INFO - 2023-07-12 18:10:43 --> Session: Class initialized using 'CodeIgniter\Session\Handlers\FileHandler' driver.
INFO - 2023-07-12 18:10:45 --> Session: Class initialized using 'CodeIgniter\Session\Handlers\FileHandler' driver.
CRITICAL - 2023-07-12 18:10:45 --> Undefined array key "nama_toko"
in APPPATH\Views\Pembeli\daftar_barang.php on line 41.
 1 APPPATH\Views\Pembeli\daftar_barang.php(41): CodeIgniter\Debug\Exceptions->errorHandler(2, 'Undefined array key "nama_toko"', 'D:\\PW2\\WP\\app\\Views\\Pembeli\\daftar_barang.php', 41)
 2 SYSTEMPATH\View\View.php(224): include('D:\\PW2\\WP\\app\\Views\\Pembeli\\daftar_barang.php')
 3 SYSTEMPATH\View\View.php(227): CodeIgniter\View\View->CodeIgniter\View\{closure}()
 4 SYSTEMPATH\Common.php(1180): CodeIgniter\View\View->render('pembeli/daftar_barang', [], true)
 5 APPPATH\Controllers\Barang.php(400): view('pembeli/daftar_barang', [...])
 6 SYSTEMPATH\CodeIgniter.php(932): App\Controllers\Barang->search()
 7 SYSTEMPATH\CodeIgniter.php(497): CodeIgniter\CodeIgniter->runController(Object(App\Controllers\Barang))
 8 SYSTEMPATH\CodeIgniter.php(366): CodeIgniter\CodeIgniter->handleRequest(null, Object(Config\Cache), false)
 9 FCPATH\index.php(67): CodeIgniter\CodeIgniter->run()
10 SYSTEMPATH\Commands\Server\rewrite.php(47): require_once('D:\\PW2\\WP\\public\\index.php')
INFO - 2023-07-12 18:10:55 --> Session: Class initialized using 'CodeIgniter\Session\Handlers\FileHandler' driver.
INFO - 2023-07-12 18:12:38 --> Session: Class initialized using 'CodeIgniter\Session\Handlers\FileHandler' driver.
CRITICAL - 2023-07-12 18:12:38 --> Undefined array key "nama_toko"
in APPPATH\Views\Pembeli\daftar_barang.php on line 41.
 1 APPPATH\Views\Pembeli\daftar_barang.php(41): CodeIgniter\Debug\Exceptions->errorHandler(2, 'Undefined array key "nama_toko"', 'D:\\PW2\\WP\\app\\Views\\Pembeli\\daftar_barang.php', 41)
 2 SYSTEMPATH\View\View.php(224): include('D:\\PW2\\WP\\app\\Views\\Pembeli\\daftar_barang.php')
 3 SYSTEMPATH\View\View.php(227): CodeIgniter\View\View->CodeIgniter\View\{closure}()
 4 SYSTEMPATH\Common.php(1180): CodeIgniter\View\View->render('pembeli/daftar_barang', [], true)
 5 APPPATH\Controllers\Barang.php(400): view('pembeli/daftar_barang', [...])
 6 SYSTEMPATH\CodeIgniter.php(932): App\Controllers\Barang->search()
 7 SYSTEMPATH\CodeIgniter.php(497): CodeIgniter\CodeIgniter->runController(Object(App\Controllers\Barang))
 8 SYSTEMPATH\CodeIgniter.php(366): CodeIgniter\CodeIgniter->handleRequest(null, Object(Config\Cache), false)
 9 FCPATH\index.php(67): CodeIgniter\CodeIgniter->run()
10 SYSTEMPATH\Commands\Server\rewrite.php(47): require_once('D:\\PW2\\WP\\public\\index.php')
CRITICAL - 2023-07-12 18:13:43 --> Invalid file: "daftar_barang.php"
in SYSTEMPATH\Exceptions\FrameworkException.php on line 33.
 1 SYSTEMPATH\View\View.php(212): CodeIgniter\Exceptions\FrameworkException::forInvalidFile('daftar_barang.php')
 2 SYSTEMPATH\Common.php(1180): CodeIgniter\View\View->render('daftar_barang', [], true)
 3 APPPATH\Controllers\Barang.php(396): view('daftar_barang', [...])
 4 SYSTEMPATH\CodeIgniter.php(932): App\Controllers\Barang->search()
 5 SYSTEMPATH\CodeIgniter.php(497): CodeIgniter\CodeIgniter->runController(Object(App\Controllers\Barang))
 6 SYSTEMPATH\CodeIgniter.php(366): CodeIgniter\CodeIgniter->handleRequest(null, Object(Config\Cache), false)
 7 FCPATH\index.php(67): CodeIgniter\CodeIgniter->run()
 8 SYSTEMPATH\Commands\Server\rewrite.php(47): require_once('D:\\PW2\\WP\\public\\index.php')
CRITICAL - 2023-07-12 18:13:45 --> Invalid file: "daftar_barang.php"
in SYSTEMPATH\Exceptions\FrameworkException.php on line 33.
 1 SYSTEMPATH\View\View.php(212): CodeIgniter\Exceptions\FrameworkException::forInvalidFile('daftar_barang.php')
 2 SYSTEMPATH\Common.php(1180): CodeIgniter\View\View->render('daftar_barang', [], true)
 3 APPPATH\Controllers\Barang.php(396): view('daftar_barang', [...])
 4 SYSTEMPATH\CodeIgniter.php(932): App\Controllers\Barang->search()
 5 SYSTEMPATH\CodeIgniter.php(497): CodeIgniter\CodeIgniter->runController(Object(App\Controllers\Barang))
 6 SYSTEMPATH\CodeIgniter.php(366): CodeIgniter\CodeIgniter->handleRequest(null, Object(Config\Cache), false)
 7 FCPATH\index.php(67): CodeIgniter\CodeIgniter->run()
 8 SYSTEMPATH\Commands\Server\rewrite.php(47): require_once('D:\\PW2\\WP\\public\\index.php')
CRITICAL - 2023-07-12 18:13:46 --> Invalid file: "daftar_barang.php"
in SYSTEMPATH\Exceptions\FrameworkException.php on line 33.
 1 SYSTEMPATH\View\View.php(212): CodeIgniter\Exceptions\FrameworkException::forInvalidFile('daftar_barang.php')
 2 SYSTEMPATH\Common.php(1180): CodeIgniter\View\View->render('daftar_barang', [], true)
 3 APPPATH\Controllers\Barang.php(396): view('daftar_barang', [...])
 4 SYSTEMPATH\CodeIgniter.php(932): App\Controllers\Barang->search()
 5 SYSTEMPATH\CodeIgniter.php(497): CodeIgniter\CodeIgniter->runController(Object(App\Controllers\Barang))
 6 SYSTEMPATH\CodeIgniter.php(366): CodeIgniter\CodeIgniter->handleRequest(null, Object(Config\Cache), false)
 7 FCPATH\index.php(67): CodeIgniter\CodeIgniter->run()
 8 SYSTEMPATH\Commands\Server\rewrite.php(47): require_once('D:\\PW2\\WP\\public\\index.php')
CRITICAL - 2023-07-12 18:13:56 --> Invalid file: "penjual/daftar_barang.php"
in SYSTEMPATH\Exceptions\FrameworkException.php on line 33.
 1 SYSTEMPATH\View\View.php(212): CodeIgniter\Exceptions\FrameworkException::forInvalidFile('penjual/daftar_barang.php')
 2 SYSTEMPATH\Common.php(1180): CodeIgniter\View\View->render('penjual/daftar_barang', [], true)
 3 APPPATH\Controllers\Barang.php(396): view('penjual/daftar_barang', [...])
 4 SYSTEMPATH\CodeIgniter.php(932): App\Controllers\Barang->search()
 5 SYSTEMPATH\CodeIgniter.php(497): CodeIgniter\CodeIgniter->runController(Object(App\Controllers\Barang))
 6 SYSTEMPATH\CodeIgniter.php(366): CodeIgniter\CodeIgniter->handleRequest(null, Object(Config\Cache), false)
 7 FCPATH\index.php(67): CodeIgniter\CodeIgniter->run()
 8 SYSTEMPATH\Commands\Server\rewrite.php(47): require_once('D:\\PW2\\WP\\public\\index.php')
INFO - 2023-07-12 18:14:08 --> Session: Class initialized using 'CodeIgniter\Session\Handlers\FileHandler' driver.
CRITICAL - 2023-07-12 18:14:11 --> Undefined array key "nama_toko"
in APPPATH\Views\Pembeli\daftar_barang.php on line 41.
 1 APPPATH\Views\Pembeli\daftar_barang.php(41): CodeIgniter\Debug\Exceptions->errorHandler(2, 'Undefined array key "nama_toko"', 'D:\\PW2\\WP\\app\\Views\\Pembeli\\daftar_barang.php', 41)
 2 SYSTEMPATH\View\View.php(224): include('D:\\PW2\\WP\\app\\Views\\Pembeli\\daftar_barang.php')
 3 SYSTEMPATH\View\View.php(227): CodeIgniter\View\View->CodeIgniter\View\{closure}()
 4 SYSTEMPATH\Common.php(1180): CodeIgniter\View\View->render('pembeli/daftar_barang', [], true)
 5 APPPATH\Controllers\Barang.php(396): view('pembeli/daftar_barang', [...])
 6 SYSTEMPATH\CodeIgniter.php(932): App\Controllers\Barang->search()
 7 SYSTEMPATH\CodeIgniter.php(497): CodeIgniter\CodeIgniter->runController(Object(App\Controllers\Barang))
 8 SYSTEMPATH\CodeIgniter.php(366): CodeIgniter\CodeIgniter->handleRequest(null, Object(Config\Cache), false)
 9 FCPATH\index.php(67): CodeIgniter\CodeIgniter->run()
10 SYSTEMPATH\Commands\Server\rewrite.php(47): require_once('D:\\PW2\\WP\\public\\index.php')
INFO - 2023-07-12 18:14:13 --> Session: Class initialized using 'CodeIgniter\Session\Handlers\FileHandler' driver.
INFO - 2023-07-12 18:14:18 --> Session: Class initialized using 'CodeIgniter\Session\Handlers\FileHandler' driver.
INFO - 2023-07-12 18:14:27 --> Session: Class initialized using 'CodeIgniter\Session\Handlers\FileHandler' driver.
INFO - 2023-07-12 18:14:56 --> Session: Class initialized using 'CodeIgniter\Session\Handlers\FileHandler' driver.
INFO - 2023-07-12 18:15:49 --> Session: Class initialized using 'CodeIgniter\Session\Handlers\FileHandler' driver.
INFO - 2023-07-12 18:21:31 --> Session: Class initialized using 'CodeIgniter\Session\Handlers\FileHandler' driver.
INFO - 2023-07-12 18:21:34 --> Session: Class initialized using 'CodeIgniter\Session\Handlers\FileHandler' driver.
INFO - 2023-07-12 18:22:04 --> Session: Class initialized using 'CodeIgniter\Session\Handlers\FileHandler' driver.
INFO - 2023-07-12 18:23:19 --> Session: Class initialized using 'CodeIgniter\Session\Handlers\FileHandler' driver.
CRITICAL - 2023-07-12 18:28:02 --> Undefined array key "nama_toko"
in APPPATH\Views\Pembeli\daftar_barang.php on line 49.
 1 APPPATH\Views\Pembeli\daftar_barang.php(49): CodeIgniter\Debug\Exceptions->errorHandler(2, 'Undefined array key "nama_toko"', 'D:\\PW2\\WP\\app\\Views\\Pembeli\\daftar_barang.php', 49)
 2 SYSTEMPATH\View\View.php(224): include('D:\\PW2\\WP\\app\\Views\\Pembeli\\daftar_barang.php')
 3 SYSTEMPATH\View\View.php(227): CodeIgniter\View\View->CodeIgniter\View\{closure}()
 4 SYSTEMPATH\Common.php(1180): CodeIgniter\View\View->render('pembeli/daftar_barang', [], true)
 5 APPPATH\Controllers\Barang.php(401): view('pembeli/daftar_barang', [...])
 6 SYSTEMPATH\CodeIgniter.php(932): App\Controllers\Barang->search()
 7 SYSTEMPATH\CodeIgniter.php(497): CodeIgniter\CodeIgniter->runController(Object(App\Controllers\Barang))
 8 SYSTEMPATH\CodeIgniter.php(366): CodeIgniter\CodeIgniter->handleRequest(null, Object(Config\Cache), false)
 9 FCPATH\index.php(67): CodeIgniter\CodeIgniter->run()
10 SYSTEMPATH\Commands\Server\rewrite.php(47): require_once('D:\\PW2\\WP\\public\\index.php')
INFO - 2023-07-12 18:28:09 --> Session: Class initialized using 'CodeIgniter\Session\Handlers\FileHandler' driver.
INFO - 2023-07-12 18:28:12 --> Session: Class initialized using 'CodeIgniter\Session\Handlers\FileHandler' driver.
INFO - 2023-07-12 18:28:14 --> Session: Class initialized using 'CodeIgniter\Session\Handlers\FileHandler' driver.
CRITICAL - 2023-07-12 18:28:16 --> Undefined array key "nama_toko"
in APPPATH\Views\Pembeli\daftar_barang.php on line 49.
 1 APPPATH\Views\Pembeli\daftar_barang.php(49): CodeIgniter\Debug\Exceptions->errorHandler(2, 'Undefined array key "nama_toko"', 'D:\\PW2\\WP\\app\\Views\\Pembeli\\daftar_barang.php', 49)
 2 SYSTEMPATH\View\View.php(224): include('D:\\PW2\\WP\\app\\Views\\Pembeli\\daftar_barang.php')
 3 SYSTEMPATH\View\View.php(227): CodeIgniter\View\View->CodeIgniter\View\{closure}()
 4 SYSTEMPATH\Common.php(1180): CodeIgniter\View\View->render('pembeli/daftar_barang', [], true)
 5 APPPATH\Controllers\Barang.php(401): view('pembeli/daftar_barang', [...])
 6 SYSTEMPATH\CodeIgniter.php(932): App\Controllers\Barang->search()
 7 SYSTEMPATH\CodeIgniter.php(497): CodeIgniter\CodeIgniter->runController(Object(App\Controllers\Barang))
 8 SYSTEMPATH\CodeIgniter.php(366): CodeIgniter\CodeIgniter->handleRequest(null, Object(Config\Cache), false)
 9 FCPATH\index.php(67): CodeIgniter\CodeIgniter->run()
10 SYSTEMPATH\Commands\Server\rewrite.php(47): require_once('D:\\PW2\\WP\\public\\index.php')
CRITICAL - 2023-07-12 18:31:06 --> Undefined array key "nama_toko"
in APPPATH\Views\Pembeli\daftar_barang.php on line 49.
 1 APPPATH\Views\Pembeli\daftar_barang.php(49): CodeIgniter\Debug\Exceptions->errorHandler(2, 'Undefined array key "nama_toko"', 'D:\\PW2\\WP\\app\\Views\\Pembeli\\daftar_barang.php', 49)
 2 SYSTEMPATH\View\View.php(224): include('D:\\PW2\\WP\\app\\Views\\Pembeli\\daftar_barang.php')
 3 SYSTEMPATH\View\View.php(227): CodeIgniter\View\View->CodeIgniter\View\{closure}()
 4 SYSTEMPATH\Common.php(1180): CodeIgniter\View\View->render('pembeli/daftar_barang', [], true)
 5 APPPATH\Controllers\Barang.php(401): view('pembeli/daftar_barang', [...])
 6 SYSTEMPATH\CodeIgniter.php(932): App\Controllers\Barang->search()
 7 SYSTEMPATH\CodeIgniter.php(497): CodeIgniter\CodeIgniter->runController(Object(App\Controllers\Barang))
 8 SYSTEMPATH\CodeIgniter.php(366): CodeIgniter\CodeIgniter->handleRequest(null, Object(Config\Cache), false)
 9 FCPATH\index.php(67): CodeIgniter\CodeIgniter->run()
10 SYSTEMPATH\Commands\Server\rewrite.php(47): require_once('D:\\PW2\\WP\\public\\index.php')
CRITICAL - 2023-07-12 18:31:07 --> Undefined array key "nama_toko"
in APPPATH\Views\Pembeli\daftar_barang.php on line 49.
 1 APPPATH\Views\Pembeli\daftar_barang.php(49): CodeIgniter\Debug\Exceptions->errorHandler(2, 'Undefined array key "nama_toko"', 'D:\\PW2\\WP\\app\\Views\\Pembeli\\daftar_barang.php', 49)
 2 SYSTEMPATH\View\View.php(224): include('D:\\PW2\\WP\\app\\Views\\Pembeli\\daftar_barang.php')
 3 SYSTEMPATH\View\View.php(227): CodeIgniter\View\View->CodeIgniter\View\{closure}()
 4 SYSTEMPATH\Common.php(1180): CodeIgniter\View\View->render('pembeli/daftar_barang', [], true)
 5 APPPATH\Controllers\Barang.php(401): view('pembeli/daftar_barang', [...])
 6 SYSTEMPATH\CodeIgniter.php(932): App\Controllers\Barang->search()
 7 SYSTEMPATH\CodeIgniter.php(497): CodeIgniter\CodeIgniter->runController(Object(App\Controllers\Barang))
 8 SYSTEMPATH\CodeIgniter.php(366): CodeIgniter\CodeIgniter->handleRequest(null, Object(Config\Cache), false)
 9 FCPATH\index.php(67): CodeIgniter\CodeIgniter->run()
10 SYSTEMPATH\Commands\Server\rewrite.php(47): require_once('D:\\PW2\\WP\\public\\index.php')
INFO - 2023-07-12 18:31:09 --> Session: Class initialized using 'CodeIgniter\Session\Handlers\FileHandler' driver.
CRITICAL - 2023-07-12 18:31:12 --> Undefined array key "nama_toko"
in APPPATH\Views\Pembeli\daftar_barang.php on line 49.
 1 APPPATH\Views\Pembeli\daftar_barang.php(49): CodeIgniter\Debug\Exceptions->errorHandler(2, 'Undefined array key "nama_toko"', 'D:\\PW2\\WP\\app\\Views\\Pembeli\\daftar_barang.php', 49)
 2 SYSTEMPATH\View\View.php(224): include('D:\\PW2\\WP\\app\\Views\\Pembeli\\daftar_barang.php')
 3 SYSTEMPATH\View\View.php(227): CodeIgniter\View\View->CodeIgniter\View\{closure}()
 4 SYSTEMPATH\Common.php(1180): CodeIgniter\View\View->render('pembeli/daftar_barang', [], true)
 5 APPPATH\Controllers\Barang.php(401): view('pembeli/daftar_barang', [...])
 6 SYSTEMPATH\CodeIgniter.php(932): App\Controllers\Barang->search()
 7 SYSTEMPATH\CodeIgniter.php(497): CodeIgniter\CodeIgniter->runController(Object(App\Controllers\Barang))
 8 SYSTEMPATH\CodeIgniter.php(366): CodeIgniter\CodeIgniter->handleRequest(null, Object(Config\Cache), false)
 9 FCPATH\index.php(67): CodeIgniter\CodeIgniter->run()
10 SYSTEMPATH\Commands\Server\rewrite.php(47): require_once('D:\\PW2\\WP\\public\\index.php')
INFO - 2023-07-12 18:34:03 --> Session: Class initialized using 'CodeIgniter\Session\Handlers\FileHandler' driver.
INFO - 2023-07-12 18:34:06 --> Session: Class initialized using 'CodeIgniter\Session\Handlers\FileHandler' driver.
INFO - 2023-07-12 18:34:09 --> Session: Class initialized using 'CodeIgniter\Session\Handlers\FileHandler' driver.
CRITICAL - 2023-07-12 18:34:46 --> Undefined array key "nama_toko"
in APPPATH\Views\Pembeli\daftar_barang.php on line 49.
 1 APPPATH\Views\Pembeli\daftar_barang.php(49): CodeIgniter\Debug\Exceptions->errorHandler(2, 'Undefined array key "nama_toko"', 'D:\\PW2\\WP\\app\\Views\\Pembeli\\daftar_barang.php', 49)
 2 SYSTEMPATH\View\View.php(224): include('D:\\PW2\\WP\\app\\Views\\Pembeli\\daftar_barang.php')
 3 SYSTEMPATH\View\View.php(227): CodeIgniter\View\View->CodeIgniter\View\{closure}()
 4 SYSTEMPATH\Common.php(1180): CodeIgniter\View\View->render('pembeli/daftar_barang', [], true)
 5 APPPATH\Controllers\Barang.php(404): view('pembeli/daftar_barang', [...])
 6 SYSTEMPATH\CodeIgniter.php(932): App\Controllers\Barang->search()
 7 SYSTEMPATH\CodeIgniter.php(497): CodeIgniter\CodeIgniter->runController(Object(App\Controllers\Barang))
 8 SYSTEMPATH\CodeIgniter.php(366): CodeIgniter\CodeIgniter->handleRequest(null, Object(Config\Cache), false)
 9 FCPATH\index.php(67): CodeIgniter\CodeIgniter->run()
10 SYSTEMPATH\Commands\Server\rewrite.php(47): require_once('D:\\PW2\\WP\\public\\index.php')
INFO - 2023-07-12 18:36:49 --> Session: Class initialized using 'CodeIgniter\Session\Handlers\FileHandler' driver.
INFO - 2023-07-12 18:36:51 --> Session: Class initialized using 'CodeIgniter\Session\Handlers\FileHandler' driver.
INFO - 2023-07-12 18:37:12 --> Session: Class initialized using 'CodeIgniter\Session\Handlers\FileHandler' driver.
INFO - 2023-07-12 18:37:15 --> Session: Class initialized using 'CodeIgniter\Session\Handlers\FileHandler' driver.
INFO - 2023-07-12 18:37:37 --> Session: Class initialized using 'CodeIgniter\Session\Handlers\FileHandler' driver.
INFO - 2023-07-12 18:37:40 --> Session: Class initialized using 'CodeIgniter\Session\Handlers\FileHandler' driver.
INFO - 2023-07-12 18:37:48 --> Session: Class initialized using 'CodeIgniter\Session\Handlers\FileHandler' driver.
